Start testing: Apr 29 06:41 UTC
----------------------------------------------------------
1/21 Testing: HashTable.LinearProberFailureCheck
1/21 Test: HashTable.LinearProberFailureCheck
Command: "/usr/bin/valgrind" "--tool=memcheck" "--leak-check=yes" "--trace-children=no" "/work/hw-alamgir/hw6/hw6_stu_tests/hashtable_tests/hashtable_tests" "--gtest_filter=HashTable.LinearProberFailureCheck"
Directory: /work/hw-alamgir/hw6/hw6_stu_tests/hashtable_tests
"HashTable.LinearProberFailureCheck" start time: Apr 29 06:41 UTC
Output:
----------------------------------------------------------
==9786== Memcheck, a memory error detector
==9786== Copyright (C) 2002-2017, and GNU GPL'd, by Julian Seward et al.
==9786== Using Valgrind-3.15.0 and LibVEX; rerun with -h for copyright info
==9786== Command: /work/hw-alamgir/hw6/hw6_stu_tests/hashtable_tests/hashtable_tests --gtest_filter=HashTable.LinearProberFailureCheck
==9786== 
Running main() from /build/googletest-K1TalW/googletest-1.10.0/googletest/src/gtest_main.cc
Note: Google Test filter = HashTable.LinearProberFailureCheck
[==========] Running 1 test from 1 test suite.
[----------] Global test environment set-up.
[----------] 1 test from HashTable
[ RUN      ] HashTable.LinearProberFailureCheck
[       OK ] HashTable.LinearProberFailureCheck (2 ms)
[----------] 1 test from HashTable (5 ms total)

[----------] Global test environment tear-down
[==========] 1 test from 1 test suite ran. (12 ms total)
[  PASSED  ] 1 test.
==9786== 
==9786== HEAP SUMMARY:
==9786==     in use at exit: 0 bytes in 0 blocks
==9786==   total heap usage: 379 allocs, 379 frees, 129,444 bytes allocated
==9786== 
==9786== All heap blocks were freed -- no leaks are possible
==9786== 
==9786== For lists of detected and suppressed errors, rerun with: -s
==9786== ERROR SUMMARY: 0 errors from 0 contexts (suppressed: 0 from 0)
<end of output>
Test time =   0.51 sec
----------------------------------------------------------
Test Passed.
"HashTable.LinearProberFailureCheck" end time: Apr 29 06:41 UTC
"HashTable.LinearProberFailureCheck" time elapsed: 00:00:00
----------------------------------------------------------

2/21 Testing: HashTable.DoubleHashProberSequenceCheck
2/21 Test: HashTable.DoubleHashProberSequenceCheck
Command: "/usr/bin/valgrind" "--tool=memcheck" "--leak-check=yes" "--trace-children=no" "/work/hw-alamgir/hw6/hw6_stu_tests/hashtable_tests/hashtable_tests" "--gtest_filter=HashTable.DoubleHashProberSequenceCheck"
Directory: /work/hw-alamgir/hw6/hw6_stu_tests/hashtable_tests
"HashTable.DoubleHashProberSequenceCheck" start time: Apr 29 06:41 UTC
Output:
----------------------------------------------------------
==9787== Memcheck, a memory error detector
==9787== Copyright (C) 2002-2017, and GNU GPL'd, by Julian Seward et al.
==9787== Using Valgrind-3.15.0 and LibVEX; rerun with -h for copyright info
==9787== Command: /work/hw-alamgir/hw6/hw6_stu_tests/hashtable_tests/hashtable_tests --gtest_filter=HashTable.DoubleHashProberSequenceCheck
==9787== 
Running main() from /build/googletest-K1TalW/googletest-1.10.0/googletest/src/gtest_main.cc
Note: Google Test filter = HashTable.DoubleHashProberSequenceCheck
[==========] Running 1 test from 1 test suite.
[----------] Global test environment set-up.
[----------] 1 test from HashTable
[ RUN      ] HashTable.DoubleHashProberSequenceCheck
[       OK ] HashTable.DoubleHashProberSequenceCheck (5 ms)
[----------] 1 test from HashTable (7 ms total)

[----------] Global test environment tear-down
[==========] 1 test from 1 test suite ran. (14 ms total)
[  PASSED  ] 1 test.
==9787== 
==9787== HEAP SUMMARY:
==9787==     in use at exit: 0 bytes in 0 blocks
==9787==   total heap usage: 381 allocs, 381 frees, 129,738 bytes allocated
==9787== 
==9787== All heap blocks were freed -- no leaks are possible
==9787== 
==9787== For lists of detected and suppressed errors, rerun with: -s
==9787== ERROR SUMMARY: 0 errors from 0 contexts (suppressed: 0 from 0)
<end of output>
Test time =   0.42 sec
----------------------------------------------------------
Test Passed.
"HashTable.DoubleHashProberSequenceCheck" end time: Apr 29 06:41 UTC
"HashTable.DoubleHashProberSequenceCheck" time elapsed: 00:00:00
----------------------------------------------------------

3/21 Testing: HashTable.DoubleHashProberFailureCheck
3/21 Test: HashTable.DoubleHashProberFailureCheck
Command: "/usr/bin/valgrind" "--tool=memcheck" "--leak-check=yes" "--trace-children=no" "/work/hw-alamgir/hw6/hw6_stu_tests/hashtable_tests/hashtable_tests" "--gtest_filter=HashTable.DoubleHashProberFailureCheck"
Directory: /work/hw-alamgir/hw6/hw6_stu_tests/hashtable_tests
"HashTable.DoubleHashProberFailureCheck" start time: Apr 29 06:41 UTC
Output:
----------------------------------------------------------
==9788== Memcheck, a memory error detector
==9788== Copyright (C) 2002-2017, and GNU GPL'd, by Julian Seward et al.
==9788== Using Valgrind-3.15.0 and LibVEX; rerun with -h for copyright info
==9788== Command: /work/hw-alamgir/hw6/hw6_stu_tests/hashtable_tests/hashtable_tests --gtest_filter=HashTable.DoubleHashProberFailureCheck
==9788== 
Running main() from /build/googletest-K1TalW/googletest-1.10.0/googletest/src/gtest_main.cc
Note: Google Test filter = HashTable.DoubleHashProberFailureCheck
[==========] Running 1 test from 1 test suite.
[----------] Global test environment set-up.
[----------] 1 test from HashTable
[ RUN      ] HashTable.DoubleHashProberFailureCheck
[       OK ] HashTable.DoubleHashProberFailureCheck (3 ms)
[----------] 1 test from HashTable (4 ms total)

[----------] Global test environment tear-down
[==========] 1 test from 1 test suite ran. (11 ms total)
[  PASSED  ] 1 test.
==9788== 
==9788== HEAP SUMMARY:
==9788==     in use at exit: 0 bytes in 0 blocks
==9788==   total heap usage: 379 allocs, 379 frees, 129,564 bytes allocated
==9788== 
==9788== All heap blocks were freed -- no leaks are possible
==9788== 
==9788== For lists of detected and suppressed errors, rerun with: -s
==9788== ERROR SUMMARY: 0 errors from 0 contexts (suppressed: 0 from 0)
<end of output>
Test time =   0.41 sec
----------------------------------------------------------
Test Passed.
"HashTable.DoubleHashProberFailureCheck" end time: Apr 29 06:41 UTC
"HashTable.DoubleHashProberFailureCheck" time elapsed: 00:00:00
----------------------------------------------------------

4/21 Testing: HashTable.Constructor
4/21 Test: HashTable.Constructor
Command: "/usr/bin/valgrind" "--tool=memcheck" "--leak-check=yes" "--trace-children=no" "/work/hw-alamgir/hw6/hw6_stu_tests/hashtable_tests/hashtable_tests" "--gtest_filter=HashTable.Constructor"
Directory: /work/hw-alamgir/hw6/hw6_stu_tests/hashtable_tests
"HashTable.Constructor" start time: Apr 29 06:41 UTC
Output:
----------------------------------------------------------
==9789== Memcheck, a memory error detector
==9789== Copyright (C) 2002-2017, and GNU GPL'd, by Julian Seward et al.
==9789== Using Valgrind-3.15.0 and LibVEX; rerun with -h for copyright info
==9789== Command: /work/hw-alamgir/hw6/hw6_stu_tests/hashtable_tests/hashtable_tests --gtest_filter=HashTable.Constructor
==9789== 
Running main() from /build/googletest-K1TalW/googletest-1.10.0/googletest/src/gtest_main.cc
Note: Google Test filter = HashTable.Constructor
[==========] Running 1 test from 1 test suite.
[----------] Global test environment set-up.
[----------] 1 test from HashTable
[ RUN      ] HashTable.Constructor
==9789== Invalid free() / delete / delete[] / realloc()
==9789==    at 0x484B420: operator delete(void*) (in /usr/lib/aarch64-linux-gnu/valgrind/vgpreload_memcheck-arm64-linux.so)
==9789==    by 0x11D3F3: HashTable<int, std::__cxx11::basic_string<char, std::char_traits<char>, std::allocator<char> >, DoubleHashProber<std::__cxx11::basic_string<char, std::char_traits<char>, std::allocator<char> >, TestHash2>, std::hash<int>, std::equal_to<int> >::~HashTable() (ht.h:331)
==9789==    by 0x113A0F: HashTable_Constructor_Test::TestBody() (hashtable_tests.cpp:64)
==9789==    by 0x164017: void testing::internal::HandleExceptionsInMethodIfSupported<testing::Test, void>(testing::Test*, void (testing::Test::*)(), char const*) (in /work/hw-alamgir/hw6/hw6_stu_tests/hashtable_tests/hashtable_tests)
==9789==    by 0x157197: testing::Test::Run() (in /work/hw-alamgir/hw6/hw6_stu_tests/hashtable_tests/hashtable_tests)
==9789==    by 0x1572EB: testing::TestInfo::Run() (in /work/hw-alamgir/hw6/hw6_stu_tests/hashtable_tests/hashtable_tests)
==9789==    by 0x1573C7: testing::TestSuite::Run() (in /work/hw-alamgir/hw6/hw6_stu_tests/hashtable_tests/hashtable_tests)
==9789==    by 0x157913: testing::internal::UnitTestImpl::RunAllTests() (in /work/hw-alamgir/hw6/hw6_stu_tests/hashtable_tests/hashtable_tests)
==9789==    by 0x1645AF: bool testing::internal::HandleExceptionsInMethodIfSupported<testing::internal::UnitTestImpl, bool>(testing::internal::UnitTestImpl*, bool (testing::internal::UnitTestImpl::*)(), char const*) (in /work/hw-alamgir/hw6/hw6_stu_tests/hashtable_tests/hashtable_tests)
==9789==    by 0x157B5B: testing::UnitTest::Run() (in /work/hw-alamgir/hw6/hw6_stu_tests/hashtable_tests/hashtable_tests)
==9789==    by 0x112C27: main (in /work/hw-alamgir/hw6/hw6_stu_tests/hashtable_tests/hashtable_tests)
==9789==  Address 0x1fff0006a0 is on thread 1's stack
==9789==  in frame #2, created by HashTable_Constructor_Test::TestBody() (hashtable_tests.cpp:62)
==9789== 
==9789== Invalid free() / delete / delete[] / realloc()
==9789==    at 0x484B420: operator delete(void*) (in /usr/lib/aarch64-linux-gnu/valgrind/vgpreload_memcheck-arm64-linux.so)
==9789==    by 0x12D4B7: __gnu_cxx::new_allocator<HashTable<int, std::__cxx11::basic_string<char, std::char_traits<char>, std::allocator<char> >, DoubleHashProber<std::__cxx11::basic_string<char, std::char_traits<char>, std::allocator<char> >, TestHash2>, std::hash<int>, std::equal_to<int> >::HashItem*>::deallocate(HashTable<int, std::__cxx11::basic_string<char, std::char_traits<char>, std::allocator<char> >, DoubleHashProber<std::__cxx11::basic_string<char, std::char_traits<char>, std::allocator<char> >, TestHash2>, std::hash<int>, std::equal_to<int> >::HashItem**, unsigned long) (new_allocator.h:128)
==9789==    by 0x1296CF: std::allocator_traits<std::allocator<HashTable<int, std::__cxx11::basic_string<char, std::char_traits<char>, std::allocator<char> >, DoubleHashProber<std::__cxx11::basic_string<char, std::char_traits<char>, std::allocator<char> >, TestHash2>, std::hash<int>, std::equal_to<int> >::HashItem*> >::deallocate(std::allocator<HashTable<int, std::__cxx11::basic_string<char, std::char_traits<char>, std::allocator<char> >, DoubleHashProber<std::__cxx11::basic_string<char, std::char_traits<char>, std::allocator<char> >, TestHash2>, std::hash<int>, std::equal_to<int> >::HashItem*>&, HashTable<int, std::__cxx11::basic_string<char, std::char_traits<char>, std::allocator<char> >, DoubleHashProber<std::__cxx11::basic_string<char, std::char_traits<char>, std::allocator<char> >, TestHash2>, std::hash<int>, std::equal_to<int> >::HashItem**, unsigned long) (alloc_traits.h:470)
==9789==    by 0x1250C3: std::_Vector_base<HashTable<int, std::__cxx11::basic_string<char, std::char_traits<char>, std::allocator<char> >, DoubleHashProber<std::__cxx11::basic_string<char, std::char_traits<char>, std::allocator<char> >, TestHash2>, std::hash<int>, std::equal_to<int> >::HashItem*, std::allocator<HashTable<int, std::__cxx11::basic_string<char, std::char_traits<char>, std::allocator<char> >, DoubleHashProber<std::__cxx11::basic_string<char, std::char_traits<char>, std::allocator<char> >, TestHash2>, std::hash<int>, std::equal_to<int> >::HashItem*> >::_M_deallocate(HashTable<int, std::__cxx11::basic_string<char, std::char_traits<char>, std::allocator<char> >, DoubleHashProber<std::__cxx11::basic_string<char, std::char_traits<char>, std::allocator<char> >, TestHash2>, std::hash<int>, std::equal_to<int> >::HashItem**, unsigned long) (stl_vector.h:351)
==9789==    by 0x120DF7: std::_Vector_base<HashTable<int, std::__cxx11::basic_string<char, std::char_traits<char>, std::allocator<char> >, DoubleHashProber<std::__cxx11::basic_string<char, std::char_traits<char>, std::allocator<char> >, TestHash2>, std::hash<int>, std::equal_to<int> >::HashItem*, std::allocator<HashTable<int, std::__cxx11::basic_string<char, std::char_traits<char>, std::allocator<char> >, DoubleHashProber<std::__cxx11::basic_string<char, std::char_traits<char>, std::allocator<char> >, TestHash2>, std::hash<int>, std::equal_to<int> >::HashItem*> >::~_Vector_base() (stl_vector.h:332)
==9789==    by 0x120E4B: std::vector<HashTable<int, std::__cxx11::basic_string<char, std::char_traits<char>, std::allocator<char> >, DoubleHashProber<std::__cxx11::basic_string<char, std::char_traits<char>, std::allocator<char> >, TestHash2>, std::hash<int>, std::equal_to<int> >::HashItem*, std::allocator<HashTable<int, std::__cxx11::basic_string<char, std::char_traits<char>, std::allocator<char> >, DoubleHashProber<std::__cxx11::basic_string<char, std::char_traits<char>, std::allocator<char> >, TestHash2>, std::hash<int>, std::equal_to<int> >::HashItem*> >::~vector() (stl_vector.h:680)
==9789==    by 0x11D3FB: HashTable<int, std::__cxx11::basic_string<char, std::char_traits<char>, std::allocator<char> >, DoubleHashProber<std::__cxx11::basic_string<char, std::char_traits<char>, std::allocator<char> >, TestHash2>, std::hash<int>, std::equal_to<int> >::~HashTable() (ht.h:332)
==9789==    by 0x113A0F: HashTable_Constructor_Test::TestBody() (hashtable_tests.cpp:64)
==9789==    by 0x164017: void testing::internal::HandleExceptionsInMethodIfSupported<testing::Test, void>(testing::Test*, void (testing::Test::*)(), char const*) (in /work/hw-alamgir/hw6/hw6_stu_tests/hashtable_tests/hashtable_tests)
==9789==    by 0x157197: testing::Test::Run() (in /work/hw-alamgir/hw6/hw6_stu_tests/hashtable_tests/hashtable_tests)
==9789==    by 0x1572EB: testing::TestInfo::Run() (in /work/hw-alamgir/hw6/hw6_stu_tests/hashtable_tests/hashtable_tests)
==9789==    by 0x1573C7: testing::TestSuite::Run() (in /work/hw-alamgir/hw6/hw6_stu_tests/hashtable_tests/hashtable_tests)
==9789==  Address 0x4ce4630 is 0 bytes inside a block of size 88 free'd
==9789==    at 0x484B420: operator delete(void*) (in /usr/lib/aarch64-linux-gnu/valgrind/vgpreload_memcheck-arm64-linux.so)
==9789==    by 0x12D4B7: __gnu_cxx::new_allocator<HashTable<int, std::__cxx11::basic_string<char, std::char_traits<char>, std::allocator<char> >, DoubleHashProber<std::__cxx11::basic_string<char, std::char_traits<char>, std::allocator<char> >, TestHash2>, std::hash<int>, std::equal_to<int> >::HashItem*>::deallocate(HashTable<int, std::__cxx11::basic_string<char, std::char_traits<char>, std::allocator<char> >, DoubleHashProber<std::__cxx11::basic_string<char, std::char_traits<char>, std::allocator<char> >, TestHash2>, std::hash<int>, std::equal_to<int> >::HashItem**, unsigned long) (new_allocator.h:128)
==9789==    by 0x1296CF: std::allocator_traits<std::allocator<HashTable<int, std::__cxx11::basic_string<char, std::char_traits<char>, std::allocator<char> >, DoubleHashProber<std::__cxx11::basic_string<char, std::char_traits<char>, std::allocator<char> >, TestHash2>, std::hash<int>, std::equal_to<int> >::HashItem*> >::deallocate(std::allocator<HashTable<int, std::__cxx11::basic_string<char, std::char_traits<char>, std::allocator<char> >, DoubleHashProber<std::__cxx11::basic_string<char, std::char_traits<char>, std::allocator<char> >, TestHash2>, std::hash<int>, std::equal_to<int> >::HashItem*>&, HashTable<int, std::__cxx11::basic_string<char, std::char_traits<char>, std::allocator<char> >, DoubleHashProber<std::__cxx11::basic_string<char, std::char_traits<char>, std::allocator<char> >, TestHash2>, std::hash<int>, std::equal_to<int> >::HashItem**, unsigned long) (alloc_traits.h:470)
==9789==    by 0x1250C3: std::_Vector_base<HashTable<int, std::__cxx11::basic_string<char, std::char_traits<char>, std::allocator<char> >, DoubleHashProber<std::__cxx11::basic_string<char, std::char_traits<char>, std::allocator<char> >, TestHash2>, std::hash<int>, std::equal_to<int> >::HashItem*, std::allocator<HashTable<int, std::__cxx11::basic_string<char, std::char_traits<char>, std::allocator<char> >, DoubleHashProber<std::__cxx11::basic_string<char, std::char_traits<char>, std::allocator<char> >, TestHash2>, std::hash<int>, std::equal_to<int> >::HashItem*> >::_M_deallocate(HashTable<int, std::__cxx11::basic_string<char, std::char_traits<char>, std::allocator<char> >, DoubleHashProber<std::__cxx11::basic_string<char, std::char_traits<char>, std::allocator<char> >, TestHash2>, std::hash<int>, std::equal_to<int> >::HashItem**, unsigned long) (stl_vector.h:351)
==9789==    by 0x120DF7: std::_Vector_base<HashTable<int, std::__cxx11::basic_string<char, std::char_traits<char>, std::allocator<char> >, DoubleHashProber<std::__cxx11::basic_string<char, std::char_traits<char>, std::allocator<char> >, TestHash2>, std::hash<int>, std::equal_to<int> >::HashItem*, std::allocator<HashTable<int, std::__cxx11::basic_string<char, std::char_traits<char>, std::allocator<char> >, DoubleHashProber<std::__cxx11::basic_string<char, std::char_traits<char>, std::allocator<char> >, TestHash2>, std::hash<int>, std::equal_to<int> >::HashItem*> >::~_Vector_base() (stl_vector.h:332)
==9789==    by 0x120E4B: std::vector<HashTable<int, std::__cxx11::basic_string<char, std::char_traits<char>, std::allocator<char> >, DoubleHashProber<std::__cxx11::basic_string<char, std::char_traits<char>, std::allocator<char> >, TestHash2>, std::hash<int>, std::equal_to<int> >::HashItem*, std::allocator<HashTable<int, std::__cxx11::basic_string<char, std::char_traits<char>, std::allocator<char> >, DoubleHashProber<std::__cxx11::basic_string<char, std::char_traits<char>, std::allocator<char> >, TestHash2>, std::hash<int>, std::equal_to<int> >::HashItem*> >::~vector() (stl_vector.h:680)
==9789==    by 0x11D3EB: HashTable<int, std::__cxx11::basic_string<char, std::char_traits<char>, std::allocator<char> >, DoubleHashProber<std::__cxx11::basic_string<char, std::char_traits<char>, std::allocator<char> >, TestHash2>, std::hash<int>, std::equal_to<int> >::~HashTable() (ht.h:331)
==9789==    by 0x113A0F: HashTable_Constructor_Test::TestBody() (hashtable_tests.cpp:64)
==9789==    by 0x164017: void testing::internal::HandleExceptionsInMethodIfSupported<testing::Test, void>(testing::Test*, void (testing::Test::*)(), char const*) (in /work/hw-alamgir/hw6/hw6_stu_tests/hashtable_tests/hashtable_tests)
==9789==    by 0x157197: testing::Test::Run() (in /work/hw-alamgir/hw6/hw6_stu_tests/hashtable_tests/hashtable_tests)
==9789==    by 0x1572EB: testing::TestInfo::Run() (in /work/hw-alamgir/hw6/hw6_stu_tests/hashtable_tests/hashtable_tests)
==9789==    by 0x1573C7: testing::TestSuite::Run() (in /work/hw-alamgir/hw6/hw6_stu_tests/hashtable_tests/hashtable_tests)
==9789==  Block was alloc'd at
==9789==    at 0x484A3C4: operator new(unsigned long) (in /usr/lib/aarch64-linux-gnu/valgrind/vgpreload_memcheck-arm64-linux.so)
==9789==    by 0x12F377: __gnu_cxx::new_allocator<HashTable<int, std::__cxx11::basic_string<char, std::char_traits<char>, std::allocator<char> >, DoubleHashProber<std::__cxx11::basic_string<char, std::char_traits<char>, std::allocator<char> >, TestHash2>, std::hash<int>, std::equal_to<int> >::HashItem*>::allocate(unsigned long, void const*) (new_allocator.h:114)
==9789==    by 0x12D747: std::allocator_traits<std::allocator<HashTable<int, std::__cxx11::basic_string<char, std::char_traits<char>, std::allocator<char> >, DoubleHashProber<std::__cxx11::basic_string<char, std::char_traits<char>, std::allocator<char> >, TestHash2>, std::hash<int>, std::equal_to<int> >::HashItem*> >::allocate(std::allocator<HashTable<int, std::__cxx11::basic_string<char, std::char_traits<char>, std::allocator<char> >, DoubleHashProber<std::__cxx11::basic_string<char, std::char_traits<char>, std::allocator<char> >, TestHash2>, std::hash<int>, std::equal_to<int> >::HashItem*>&, unsigned long) (alloc_traits.h:444)
==9789==    by 0x129A47: std::_Vector_base<HashTable<int, std::__cxx11::basic_string<char, std::char_traits<char>, std::allocator<char> >, DoubleHashProber<std::__cxx11::basic_string<char, std::char_traits<char>, std::allocator<char> >, TestHash2>, std::hash<int>, std::equal_to<int> >::HashItem*, std::allocator<HashTable<int, std::__cxx11::basic_string<char, std::char_traits<char>, std::allocator<char> >, DoubleHashProber<std::__cxx11::basic_string<char, std::char_traits<char>, std::allocator<char> >, TestHash2>, std::hash<int>, std::equal_to<int> >::HashItem*> >::_M_allocate(unsigned long) (stl_vector.h:343)
==9789==    by 0x1253A7: std::vector<HashTable<int, std::__cxx11::basic_string<char, std::char_traits<char>, std::allocator<char> >, DoubleHashProber<std::__cxx11::basic_string<char, std::char_traits<char>, std::allocator<char> >, TestHash2>, std::hash<int>, std::equal_to<int> >::HashItem*, std::allocator<HashTable<int, std::__cxx11::basic_string<char, std::char_traits<char>, std::allocator<char> >, DoubleHashProber<std::__cxx11::basic_string<char, std::char_traits<char>, std::allocator<char> >, TestHash2>, std::hash<int>, std::equal_to<int> >::HashItem*> >::_M_fill_insert(__gnu_cxx::__normal_iterator<HashTable<int, std::__cxx11::basic_string<char, std::char_traits<char>, std::allocator<char> >, DoubleHashProber<std::__cxx11::basic_string<char, std::char_traits<char>, std::allocator<char> >, TestHash2>, std::hash<int>, std::equal_to<int> >::HashItem**, std::vector<HashTable<int, std::__cxx11::basic_string<char, std::char_traits<char>, std::allocator<char> >, DoubleHashProber<std::__cxx11::basic_string<char, std::char_traits<char>, std::allocator<char> >, TestHash2>, std::hash<int>, std::equal_to<int> >::HashItem*, std::allocator<HashTable<int, std::__cxx11::basic_string<char, std::char_traits<char>, std::allocator<char> >, DoubleHashProber<std::__cxx11::basic_string<char, std::char_traits<char>, std::allocator<char> >, TestHash2>, std::hash<int>, std::equal_to<int> >::HashItem*> > >, unsigned long, HashTable<int, std::__cxx11::basic_string<char, std::char_traits<char>, std::allocator<char> >, DoubleHashProber<std::__cxx11::basic_string<char, std::char_traits<char>, std::allocator<char> >, TestHash2>, std::hash<int>, std::equal_to<int> >::HashItem* const&) (vector.tcc:561)
==9789==    by 0x120ECB: std::vector<HashTable<int, std::__cxx11::basic_string<char, std::char_traits<char>, std::allocator<char> >, DoubleHashProber<std::__cxx11::basic_string<char, std::char_traits<char>, std::allocator<char> >, TestHash2>, std::hash<int>, std::equal_to<int> >::HashItem*, std::allocator<HashTable<int, std::__cxx11::basic_string<char, std::char_traits<char>, std::allocator<char> >, DoubleHashProber<std::__cxx11::basic_string<char, std::char_traits<char>, std::allocator<char> >, TestHash2>, std::hash<int>, std::equal_to<int> >::HashItem*> >::resize(unsigned long, HashTable<int, std::__cxx11::basic_string<char, std::char_traits<char>, std::allocator<char> >, DoubleHashProber<std::__cxx11::basic_string<char, std::char_traits<char>, std::allocator<char> >, TestHash2>, std::hash<int>, std::equal_to<int> >::HashItem* const&) (stl_vector.h:957)
==9789==    by 0x11D2BB: HashTable<int, std::__cxx11::basic_string<char, std::char_traits<char>, std::allocator<char> >, DoubleHashProber<std::__cxx11::basic_string<char, std::char_traits<char>, std::allocator<char> >, TestHash2>, std::hash<int>, std::equal_to<int> >::HashTable(double, DoubleHashProber<std::__cxx11::basic_string<char, std::char_traits<char>, std::allocator<char> >, TestHash2> const&, std::hash<int> const&, std::equal_to<int> const&) (ht.h:317)
==9789==    by 0x113A07: HashTable_Constructor_Test::TestBody() (hashtable_tests.cpp:64)
==9789==    by 0x164017: void testing::internal::HandleExceptionsInMethodIfSupported<testing::Test, void>(testing::Test*, void (testing::Test::*)(), char const*) (in /work/hw-alamgir/hw6/hw6_stu_tests/hashtable_tests/hashtable_tests)
==9789==    by 0x157197: testing::Test::Run() (in /work/hw-alamgir/hw6/hw6_stu_tests/hashtable_tests/hashtable_tests)
==9789==    by 0x1572EB: testing::TestInfo::Run() (in /work/hw-alamgir/hw6/hw6_stu_tests/hashtable_tests/hashtable_tests)
==9789==    by 0x1573C7: testing::TestSuite::Run() (in /work/hw-alamgir/hw6/hw6_stu_tests/hashtable_tests/hashtable_tests)
==9789== 
==9789== Invalid free() / delete / delete[] / realloc()
==9789==    at 0x484B420: operator delete(void*) (in /usr/lib/aarch64-linux-gnu/valgrind/vgpreload_memcheck-arm64-linux.so)
==9789==    by 0x11D157: HashTable<std::__cxx11::basic_string<char, std::char_traits<char>, std::allocator<char> >, int, LinearProber<std::__cxx11::basic_string<char, std::char_traits<char>, std::allocator<char> > >, std::hash<std::__cxx11::basic_string<char, std::char_traits<char>, std::allocator<char> > >, std::equal_to<std::__cxx11::basic_string<char, std::char_traits<char>, std::allocator<char> > > >::~HashTable() (ht.h:331)
==9789==    by 0x113A17: HashTable_Constructor_Test::TestBody() (hashtable_tests.cpp:63)
==9789==    by 0x164017: void testing::internal::HandleExceptionsInMethodIfSupported<testing::Test, void>(testing::Test*, void (testing::Test::*)(), char const*) (in /work/hw-alamgir/hw6/hw6_stu_tests/hashtable_tests/hashtable_tests)
==9789==    by 0x157197: testing::Test::Run() (in /work/hw-alamgir/hw6/hw6_stu_tests/hashtable_tests/hashtable_tests)
==9789==    by 0x1572EB: testing::TestInfo::Run() (in /work/hw-alamgir/hw6/hw6_stu_tests/hashtable_tests/hashtable_tests)
==9789==    by 0x1573C7: testing::TestSuite::Run() (in /work/hw-alamgir/hw6/hw6_stu_tests/hashtable_tests/hashtable_tests)
==9789==    by 0x157913: testing::internal::UnitTestImpl::RunAllTests() (in /work/hw-alamgir/hw6/hw6_stu_tests/hashtable_tests/hashtable_tests)
==9789==    by 0x1645AF: bool testing::internal::HandleExceptionsInMethodIfSupported<testing::internal::UnitTestImpl, bool>(testing::internal::UnitTestImpl*, bool (testing::internal::UnitTestImpl::*)(), char const*) (in /work/hw-alamgir/hw6/hw6_stu_tests/hashtable_tests/hashtable_tests)
==9789==    by 0x157B5B: testing::UnitTest::Run() (in /work/hw-alamgir/hw6/hw6_stu_tests/hashtable_tests/hashtable_tests)
==9789==    by 0x112C27: main (in /work/hw-alamgir/hw6/hw6_stu_tests/hashtable_tests/hashtable_tests)
==9789==  Address 0x1fff000648 is on thread 1's stack
==9789==  in frame #2, created by HashTable_Constructor_Test::TestBody() (hashtable_tests.cpp:62)
==9789== 
==9789== Invalid free() / delete / delete[] / realloc()
==9789==    at 0x484B420: operator delete(void*) (in /usr/lib/aarch64-linux-gnu/valgrind/vgpreload_memcheck-arm64-linux.so)
==9789==    by 0x12D1A3: __gnu_cxx::new_allocator<HashTable<std::__cxx11::basic_string<char, std::char_traits<char>, std::allocator<char> >, int, LinearProber<std::__cxx11::basic_string<char, std::char_traits<char>, std::allocator<char> > >, std::hash<std::__cxx11::basic_string<char, std::char_traits<char>, std::allocator<char> > >, std::equal_to<std::__cxx11::basic_string<char, std::char_traits<char>, std::allocator<char> > > >::HashItem*>::deallocate(HashTable<std::__cxx11::basic_string<char, std::char_traits<char>, std::allocator<char> >, int, LinearProber<std::__cxx11::basic_string<char, std::char_traits<char>, std::allocator<char> > >, std::hash<std::__cxx11::basic_string<char, std::char_traits<char>, std::allocator<char> > >, std::equal_to<std::__cxx11::basic_string<char, std::char_traits<char>, std::allocator<char> > > >::HashItem**, unsigned long) (new_allocator.h:128)
==9789==    by 0x1292BF: std::allocator_traits<std::allocator<HashTable<std::__cxx11::basic_string<char, std::char_traits<char>, std::allocator<char> >, int, LinearProber<std::__cxx11::basic_string<char, std::char_traits<char>, std::allocator<char> > >, std::hash<std::__cxx11::basic_string<char, std::char_traits<char>, std::allocator<char> > >, std::equal_to<std::__cxx11::basic_string<char, std::char_traits<char>, std::allocator<char> > > >::HashItem*> >::deallocate(std::allocator<HashTable<std::__cxx11::basic_string<char, std::char_traits<char>, std::allocator<char> >, int, LinearProber<std::__cxx11::basic_string<char, std::char_traits<char>, std::allocator<char> > >, std::hash<std::__cxx11::basic_string<char, std::char_traits<char>, std::allocator<char> > >, std::equal_to<std::__cxx11::basic_string<char, std::char_traits<char>, std::allocator<char> > > >::HashItem*>&, HashTable<std::__cxx11::basic_string<char, std::char_traits<char>, std::allocator<char> >, int, LinearProber<std::__cxx11::basic_string<char, std::char_traits<char>, std::allocator<char> > >, std::hash<std::__cxx11::basic_string<char, std::char_traits<char>, std::allocator<char> > >, std::equal_to<std::__cxx11::basic_string<char, std::char_traits<char>, std::allocator<char> > > >::HashItem**, unsigned long) (alloc_traits.h:470)
==9789==    by 0x124AA7: std::_Vector_base<HashTable<std::__cxx11::basic_string<char, std::char_traits<char>, std::allocator<char> >, int, LinearProber<std::__cxx11::basic_string<char, std::char_traits<char>, std::allocator<char> > >, std::hash<std::__cxx11::basic_string<char, std::char_traits<char>, std::allocator<char> > >, std::equal_to<std::__cxx11::basic_string<char, std::char_traits<char>, std::allocator<char> > > >::HashItem*, std::allocator<HashTable<std::__cxx11::basic_string<char, std::char_traits<char>, std::allocator<char> >, int, LinearProber<std::__cxx11::basic_string<char, std::char_traits<char>, std::allocator<char> > >, std::hash<std::__cxx11::basic_string<char, std::char_traits<char>, std::allocator<char> > >, std::equal_to<std::__cxx11::basic_string<char, std::char_traits<char>, std::allocator<char> > > >::HashItem*> >::_M_deallocate(HashTable<std::__cxx11::basic_string<char, std::char_traits<char>, std::allocator<char> >, int, LinearProber<std::__cxx11::basic_string<char, std::char_traits<char>, std::allocator<char> > >, std::hash<std::__cxx11::basic_string<char, std::char_traits<char>, std::allocator<char> > >, std::equal_to<std::__cxx11::basic_string<char, std::char_traits<char>, std::allocator<char> > > >::HashItem**, unsigned long) (stl_vector.h:351)
==9789==    by 0x120AFF: std::_Vector_base<HashTable<std::__cxx11::basic_string<char, std::char_traits<char>, std::allocator<char> >, int, LinearProber<std::__cxx11::basic_string<char, std::char_traits<char>, std::allocator<char> > >, std::hash<std::__cxx11::basic_string<char, std::char_traits<char>, std::allocator<char> > >, std::equal_to<std::__cxx11::basic_string<char, std::char_traits<char>, std::allocator<char> > > >::HashItem*, std::allocator<HashTable<std::__cxx11::basic_string<char, std::char_traits<char>, std::allocator<char> >, int, LinearProber<std::__cxx11::basic_string<char, std::char_traits<char>, std::allocator<char> > >, std::hash<std::__cxx11::basic_string<char, std::char_traits<char>, std::allocator<char> > >, std::equal_to<std::__cxx11::basic_string<char, std::char_traits<char>, std::allocator<char> > > >::HashItem*> >::~_Vector_base() (stl_vector.h:332)
==9789==    by 0x120B53: std::vector<HashTable<std::__cxx11::basic_string<char, std::char_traits<char>, std::allocator<char> >, int, LinearProber<std::__cxx11::basic_string<char, std::char_traits<char>, std::allocator<char> > >, std::hash<std::__cxx11::basic_string<char, std::char_traits<char>, std::allocator<char> > >, std::equal_to<std::__cxx11::basic_string<char, std::char_traits<char>, std::allocator<char> > > >::HashItem*, std::allocator<HashTable<std::__cxx11::basic_string<char, std::char_traits<char>, std::allocator<char> >, int, LinearProber<std::__cxx11::basic_string<char, std::char_traits<char>, std::allocator<char> > >, std::hash<std::__cxx11::basic_string<char, std::char_traits<char>, std::allocator<char> > >, std::equal_to<std::__cxx11::basic_string<char, std::char_traits<char>, std::allocator<char> > > >::HashItem*> >::~vector() (stl_vector.h:680)
==9789==    by 0x11D15F: HashTable<std::__cxx11::basic_string<char, std::char_traits<char>, std::allocator<char> >, int, LinearProber<std::__cxx11::basic_string<char, std::char_traits<char>, std::allocator<char> > >, std::hash<std::__cxx11::basic_string<char, std::char_traits<char>, std::allocator<char> > >, std::equal_to<std::__cxx11::basic_string<char, std::char_traits<char>, std::allocator<char> > > >::~HashTable() (ht.h:332)
==9789==    by 0x113A17: HashTable_Constructor_Test::TestBody() (hashtable_tests.cpp:63)
==9789==    by 0x164017: void testing::internal::HandleExceptionsInMethodIfSupported<testing::Test, void>(testing::Test*, void (testing::Test::*)(), char const*) (in /work/hw-alamgir/hw6/hw6_stu_tests/hashtable_tests/hashtable_tests)
==9789==    by 0x157197: testing::Test::Run() (in /work/hw-alamgir/hw6/hw6_stu_tests/hashtable_tests/hashtable_tests)
==9789==    by 0x1572EB: testing::TestInfo::Run() (in /work/hw-alamgir/hw6/hw6_stu_tests/hashtable_tests/hashtable_tests)
==9789==    by 0x1573C7: testing::TestSuite::Run() (in /work/hw-alamgir/hw6/hw6_stu_tests/hashtable_tests/hashtable_tests)
==9789==  Address 0x4ce4590 is 0 bytes inside a block of size 88 free'd
==9789==    at 0x484B420: operator delete(void*) (in /usr/lib/aarch64-linux-gnu/valgrind/vgpreload_memcheck-arm64-linux.so)
==9789==    by 0x12D1A3: __gnu_cxx::new_allocator<HashTable<std::__cxx11::basic_string<char, std::char_traits<char>, std::allocator<char> >, int, LinearProber<std::__cxx11::basic_string<char, std::char_traits<char>, std::allocator<char> > >, std::hash<std::__cxx11::basic_string<char, std::char_traits<char>, std::allocator<char> > >, std::equal_to<std::__cxx11::basic_string<char, std::char_traits<char>, std::allocator<char> > > >::HashItem*>::deallocate(HashTable<std::__cxx11::basic_string<char, std::char_traits<char>, std::allocator<char> >, int, LinearProber<std::__cxx11::basic_string<char, std::char_traits<char>, std::allocator<char> > >, std::hash<std::__cxx11::basic_string<char, std::char_traits<char>, std::allocator<char> > >, std::equal_to<std::__cxx11::basic_string<char, std::char_traits<char>, std::allocator<char> > > >::HashItem**, unsigned long) (new_allocator.h:128)
==9789==    by 0x1292BF: std::allocator_traits<std::allocator<HashTable<std::__cxx11::basic_string<char, std::char_traits<char>, std::allocator<char> >, int, LinearProber<std::__cxx11::basic_string<char, std::char_traits<char>, std::allocator<char> > >, std::hash<std::__cxx11::basic_string<char, std::char_traits<char>, std::allocator<char> > >, std::equal_to<std::__cxx11::basic_string<char, std::char_traits<char>, std::allocator<char> > > >::HashItem*> >::deallocate(std::allocator<HashTable<std::__cxx11::basic_string<char, std::char_traits<char>, std::allocator<char> >, int, LinearProber<std::__cxx11::basic_string<char, std::char_traits<char>, std::allocator<char> > >, std::hash<std::__cxx11::basic_string<char, std::char_traits<char>, std::allocator<char> > >, std::equal_to<std::__cxx11::basic_string<char, std::char_traits<char>, std::allocator<char> > > >::HashItem*>&, HashTable<std::__cxx11::basic_string<char, std::char_traits<char>, std::allocator<char> >, int, LinearProber<std::__cxx11::basic_string<char, std::char_traits<char>, std::allocator<char> > >, std::hash<std::__cxx11::basic_string<char, std::char_traits<char>, std::allocator<char> > >, std::equal_to<std::__cxx11::basic_string<char, std::char_traits<char>, std::allocator<char> > > >::HashItem**, unsigned long) (alloc_traits.h:470)
==9789==    by 0x124AA7: std::_Vector_base<HashTable<std::__cxx11::basic_string<char, std::char_traits<char>, std::allocator<char> >, int, LinearProber<std::__cxx11::basic_string<char, std::char_traits<char>, std::allocator<char> > >, std::hash<std::__cxx11::basic_string<char, std::char_traits<char>, std::allocator<char> > >, std::equal_to<std::__cxx11::basic_string<char, std::char_traits<char>, std::allocator<char> > > >::HashItem*, std::allocator<HashTable<std::__cxx11::basic_string<char, std::char_traits<char>, std::allocator<char> >, int, LinearProber<std::__cxx11::basic_string<char, std::char_traits<char>, std::allocator<char> > >, std::hash<std::__cxx11::basic_string<char, std::char_traits<char>, std::allocator<char> > >, std::equal_to<std::__cxx11::basic_string<char, std::char_traits<char>, std::allocator<char> > > >::HashItem*> >::_M_deallocate(HashTable<std::__cxx11::basic_string<char, std::char_traits<char>, std::allocator<char> >, int, LinearProber<std::__cxx11::basic_string<char, std::char_traits<char>, std::allocator<char> > >, std::hash<std::__cxx11::basic_string<char, std::char_traits<char>, std::allocator<char> > >, std::equal_to<std::__cxx11::basic_string<char, std::char_traits<char>, std::allocator<char> > > >::HashItem**, unsigned long) (stl_vector.h:351)
==9789==    by 0x120AFF: std::_Vector_base<HashTable<std::__cxx11::basic_string<char, std::char_traits<char>, std::allocator<char> >, int, LinearProber<std::__cxx11::basic_string<char, std::char_traits<char>, std::allocator<char> > >, std::hash<std::__cxx11::basic_string<char, std::char_traits<char>, std::allocator<char> > >, std::equal_to<std::__cxx11::basic_string<char, std::char_traits<char>, std::allocator<char> > > >::HashItem*, std::allocator<HashTable<std::__cxx11::basic_string<char, std::char_traits<char>, std::allocator<char> >, int, LinearProber<std::__cxx11::basic_string<char, std::char_traits<char>, std::allocator<char> > >, std::hash<std::__cxx11::basic_string<char, std::char_traits<char>, std::allocator<char> > >, std::equal_to<std::__cxx11::basic_string<char, std::char_traits<char>, std::allocator<char> > > >::HashItem*> >::~_Vector_base() (stl_vector.h:332)
==9789==    by 0x120B53: std::vector<HashTable<std::__cxx11::basic_string<char, std::char_traits<char>, std::allocator<char> >, int, LinearProber<std::__cxx11::basic_string<char, std::char_traits<char>, std::allocator<char> > >, std::hash<std::__cxx11::basic_string<char, std::char_traits<char>, std::allocator<char> > >, std::equal_to<std::__cxx11::basic_string<char, std::char_traits<char>, std::allocator<char> > > >::HashItem*, std::allocator<HashTable<std::__cxx11::basic_string<char, std::char_traits<char>, std::allocator<char> >, int, LinearProber<std::__cxx11::basic_string<char, std::char_traits<char>, std::allocator<char> > >, std::hash<std::__cxx11::basic_string<char, std::char_traits<char>, std::allocator<char> > >, std::equal_to<std::__cxx11::basic_string<char, std::char_traits<char>, std::allocator<char> > > >::HashItem*> >::~vector() (stl_vector.h:680)
==9789==    by 0x11D14F: HashTable<std::__cxx11::basic_string<char, std::char_traits<char>, std::allocator<char> >, int, LinearProber<std::__cxx11::basic_string<char, std::char_traits<char>, std::allocator<char> > >, std::hash<std::__cxx11::basic_string<char, std::char_traits<char>, std::allocator<char> > >, std::equal_to<std::__cxx11::basic_string<char, std::char_traits<char>, std::allocator<char> > > >::~HashTable() (ht.h:331)
==9789==    by 0x113A17: HashTable_Constructor_Test::TestBody() (hashtable_tests.cpp:63)
==9789==    by 0x164017: void testing::internal::HandleExceptionsInMethodIfSupported<testing::Test, void>(testing::Test*, void (testing::Test::*)(), char const*) (in /work/hw-alamgir/hw6/hw6_stu_tests/hashtable_tests/hashtable_tests)
==9789==    by 0x157197: testing::Test::Run() (in /work/hw-alamgir/hw6/hw6_stu_tests/hashtable_tests/hashtable_tests)
==9789==    by 0x1572EB: testing::TestInfo::Run() (in /work/hw-alamgir/hw6/hw6_stu_tests/hashtable_tests/hashtable_tests)
==9789==    by 0x1573C7: testing::TestSuite::Run() (in /work/hw-alamgir/hw6/hw6_stu_tests/hashtable_tests/hashtable_tests)
==9789==  Block was alloc'd at
==9789==    at 0x484A3C4: operator new(unsigned long) (in /usr/lib/aarch64-linux-gnu/valgrind/vgpreload_memcheck-arm64-linux.so)
==9789==    by 0x12F16F: __gnu_cxx::new_allocator<HashTable<std::__cxx11::basic_string<char, std::char_traits<char>, std::allocator<char> >, int, LinearProber<std::__cxx11::basic_string<char, std::char_traits<char>, std::allocator<char> > >, std::hash<std::__cxx11::basic_string<char, std::char_traits<char>, std::allocator<char> > >, std::equal_to<std::__cxx11::basic_string<char, std::char_traits<char>, std::allocator<char> > > >::HashItem*>::allocate(unsigned long, void const*) (new_allocator.h:114)
==9789==    by 0x12D433: std::allocator_traits<std::allocator<HashTable<std::__cxx11::basic_string<char, std::char_traits<char>, std::allocator<char> >, int, LinearProber<std::__cxx11::basic_string<char, std::char_traits<char>, std::allocator<char> > >, std::hash<std::__cxx11::basic_string<char, std::char_traits<char>, std::allocator<char> > >, std::equal_to<std::__cxx11::basic_string<char, std::char_traits<char>, std::allocator<char> > > >::HashItem*> >::allocate(std::allocator<HashTable<std::__cxx11::basic_string<char, std::char_traits<char>, std::allocator<char> >, int, LinearProber<std::__cxx11::basic_string<char, std::char_traits<char>, std::allocator<char> > >, std::hash<std::__cxx11::basic_string<char, std::char_traits<char>, std::allocator<char> > >, std::equal_to<std::__cxx11::basic_string<char, std::char_traits<char>, std::allocator<char> > > >::HashItem*>&, unsigned long) (alloc_traits.h:444)
==9789==    by 0x129637: std::_Vector_base<HashTable<std::__cxx11::basic_string<char, std::char_traits<char>, std::allocator<char> >, int, LinearProber<std::__cxx11::basic_string<char, std::char_traits<char>, std::allocator<char> > >, std::hash<std::__cxx11::basic_string<char, std::char_traits<char>, std::allocator<char> > >, std::equal_to<std::__cxx11::basic_string<char, std::char_traits<char>, std::allocator<char> > > >::HashItem*, std::allocator<HashTable<std::__cxx11::basic_string<char, std::char_traits<char>, std::allocator<char> >, int, LinearProber<std::__cxx11::basic_string<char, std::char_traits<char>, std::allocator<char> > >, std::hash<std::__cxx11::basic_string<char, std::char_traits<char>, std::allocator<char> > >, std::equal_to<std::__cxx11::basic_string<char, std::char_traits<char>, std::allocator<char> > > >::HashItem*> >::_M_allocate(unsigned long) (stl_vector.h:343)
==9789==    by 0x124D63: std::vector<HashTable<std::__cxx11::basic_string<char, std::char_traits<char>, std::allocator<char> >, int, LinearProber<std::__cxx11::basic_string<char, std::char_traits<char>, std::allocator<char> > >, std::hash<std::__cxx11::basic_string<char, std::char_traits<char>, std::allocator<char> > >, std::equal_to<std::__cxx11::basic_string<char, std::char_traits<char>, std::allocator<char> > > >::HashItem*, std::allocator<HashTable<std::__cxx11::basic_string<char, std::char_traits<char>, std::allocator<char> >, int, LinearProber<std::__cxx11::basic_string<char, std::char_traits<char>, std::allocator<char> > >, std::hash<std::__cxx11::basic_string<char, std::char_traits<char>, std::allocator<char> > >, std::equal_to<std::__cxx11::basic_string<char, std::char_traits<char>, std::allocator<char> > > >::HashItem*> >::_M_fill_insert(__gnu_cxx::__normal_iterator<HashTable<std::__cxx11::basic_string<char, std::char_traits<char>, std::allocator<char> >, int, LinearProber<std::__cxx11::basic_string<char, std::char_traits<char>, std::allocator<char> > >, std::hash<std::__cxx11::basic_string<char, std::char_traits<char>, std::allocator<char> > >, std::equal_to<std::__cxx11::basic_string<char, std::char_traits<char>, std::allocator<char> > > >::HashItem**, std::vector<HashTable<std::__cxx11::basic_string<char, std::char_traits<char>, std::allocator<char> >, int, LinearProber<std::__cxx11::basic_string<char, std::char_traits<char>, std::allocator<char> > >, std::hash<std::__cxx11::basic_string<char, std::char_traits<char>, std::allocator<char> > >, std::equal_to<std::__cxx11::basic_string<char, std::char_traits<char>, std::allocator<char> > > >::HashItem*, std::allocator<HashTable<std::__cxx11::basic_string<char, std::char_traits<char>, std::allocator<char> >, int, LinearProber<std::__cxx11::basic_string<char, std::char_traits<char>, std::allocator<char> > >, std::hash<std::__cxx11::basic_string<char, std::char_traits<char>, std::allocator<char> > >, std::equal_to<std::__cxx11::basic_string<char, std::char_traits<char>, std::allocator<char> > > >::HashItem*> > >, unsigned long, HashTable<std::__cxx11::basic_string<char, std::char_traits<char>, std::allocator<char> >, int, LinearProber<std::__cxx11::basic_string<char, std::char_traits<char>, std::allocator<char> > >, std::hash<std::__cxx11::basic_string<char, std::char_traits<char>, std::allocator<char> > >, std::equal_to<std::__cxx11::basic_string<char, std::char_traits<char>, std::allocator<char> > > >::HashItem* const&) (vector.tcc:561)
==9789==    by 0x120BD3: std::vector<HashTable<std::__cxx11::basic_string<char, std::char_traits<char>, std::allocator<char> >, int, LinearProber<std::__cxx11::basic_string<char, std::char_traits<char>, std::allocator<char> > >, std::hash<std::__cxx11::basic_string<char, std::char_traits<char>, std::allocator<char> > >, std::equal_to<std::__cxx11::basic_string<char, std::char_traits<char>, std::allocator<char> > > >::HashItem*, std::allocator<HashTable<std::__cxx11::basic_string<char, std::char_traits<char>, std::allocator<char> >, int, LinearProber<std::__cxx11::basic_string<char, std::char_traits<char>, std::allocator<char> > >, std::hash<std::__cxx11::basic_string<char, std::char_traits<char>, std::allocator<char> > >, std::equal_to<std::__cxx11::basic_string<char, std::char_traits<char>, std::allocator<char> > > >::HashItem*> >::resize(unsigned long, HashTable<std::__cxx11::basic_string<char, std::char_traits<char>, std::allocator<char> >, int, LinearProber<std::__cxx11::basic_string<char, std::char_traits<char>, std::allocator<char> > >, std::hash<std::__cxx11::basic_string<char, std::char_traits<char>, std::allocator<char> > >, std::equal_to<std::__cxx11::basic_string<char, std::char_traits<char>, std::allocator<char> > > >::HashItem* const&) (stl_vector.h:957)
==9789==    by 0x11D043: HashTable<std::__cxx11::basic_string<char, std::char_traits<char>, std::allocator<char> >, int, LinearProber<std::__cxx11::basic_string<char, std::char_traits<char>, std::allocator<char> > >, std::hash<std::__cxx11::basic_string<char, std::char_traits<char>, std::allocator<char> > >, std::equal_to<std::__cxx11::basic_string<char, std::char_traits<char>, std::allocator<char> > > >::HashTable(double, LinearProber<std::__cxx11::basic_string<char, std::char_traits<char>, std::allocator<char> > > const&, std::hash<std::__cxx11::basic_string<char, std::char_traits<char>, std::allocator<char> > > const&, std::equal_to<std::__cxx11::basic_string<char, std::char_traits<char>, std::allocator<char> > > const&) (ht.h:317)
==9789==    by 0x1139DF: HashTable_Constructor_Test::TestBody() (hashtable_tests.cpp:63)
==9789==    by 0x164017: void testing::internal::HandleExceptionsInMethodIfSupported<testing::Test, void>(testing::Test*, void (testing::Test::*)(), char const*) (in /work/hw-alamgir/hw6/hw6_stu_tests/hashtable_tests/hashtable_tests)
==9789==    by 0x157197: testing::Test::Run() (in /work/hw-alamgir/hw6/hw6_stu_tests/hashtable_tests/hashtable_tests)
==9789==    by 0x1572EB: testing::TestInfo::Run() (in /work/hw-alamgir/hw6/hw6_stu_tests/hashtable_tests/hashtable_tests)
==9789==    by 0x1573C7: testing::TestSuite::Run() (in /work/hw-alamgir/hw6/hw6_stu_tests/hashtable_tests/hashtable_tests)
==9789== 
[       OK ] HashTable.Constructor (9 ms)
[----------] 1 test from HashTable (11 ms total)

[----------] Global test environment tear-down
[==========] 1 test from 1 test suite ran. (18 ms total)
[  PASSED  ] 1 test.
==9789== 
==9789== HEAP SUMMARY:
==9789==     in use at exit: 0 bytes in 0 blocks
==9789==   total heap usage: 381 allocs, 385 frees, 129,437 bytes allocated
==9789== 
==9789== All heap blocks were freed -- no leaks are possible
==9789== 
==9789== For lists of detected and suppressed errors, rerun with: -s
==9789== ERROR SUMMARY: 4 errors from 4 contexts (suppressed: 0 from 0)
<end of output>
Test time =   0.42 sec
----------------------------------------------------------
Test Passed.
"HashTable.Constructor" end time: Apr 29 06:41 UTC
"HashTable.Constructor" time elapsed: 00:00:00
----------------------------------------------------------

5/21 Testing: HashTable.Insert
5/21 Test: HashTable.Insert
Command: "/usr/bin/valgrind" "--tool=memcheck" "--leak-check=yes" "--trace-children=no" "/work/hw-alamgir/hw6/hw6_stu_tests/hashtable_tests/hashtable_tests" "--gtest_filter=HashTable.Insert"
Directory: /work/hw-alamgir/hw6/hw6_stu_tests/hashtable_tests
"HashTable.Insert" start time: Apr 29 06:41 UTC
Output:
----------------------------------------------------------
==9790== Memcheck, a memory error detector
==9790== Copyright (C) 2002-2017, and GNU GPL'd, by Julian Seward et al.
==9790== Using Valgrind-3.15.0 and LibVEX; rerun with -h for copyright info
==9790== Command: /work/hw-alamgir/hw6/hw6_stu_tests/hashtable_tests/hashtable_tests --gtest_filter=HashTable.Insert
==9790== 
Running main() from /build/googletest-K1TalW/googletest-1.10.0/googletest/src/gtest_main.cc
Note: Google Test filter = HashTable.Insert
[==========] Running 1 test from 1 test suite.
[----------] Global test environment set-up.
[----------] 1 test from HashTable
[ RUN      ] HashTable.Insert
==9790== Conditional jump or move depends on uninitialised value(s)
==9790==    at 0x11D524: HashTable<std::__cxx11::basic_string<char, std::char_traits<char>, std::allocator<char> >, int, LinearProber<std::__cxx11::basic_string<char, std::char_traits<char>, std::allocator<char> > >, std::hash<std::__cxx11::basic_string<char, std::char_traits<char>, std::allocator<char> > >, std::equal_to<std::__cxx11::basic_string<char, std::char_traits<char>, std::allocator<char> > > >::insert(std::pair<std::__cxx11::basic_string<char, std::char_traits<char>, std::allocator<char> >, int> const&) (ht.h:360)
==9790==    by 0x113AE3: HashTable_Insert_Test::TestBody() (hashtable_tests.cpp:72)
==9790==    by 0x164017: void testing::internal::HandleExceptionsInMethodIfSupported<testing::Test, void>(testing::Test*, void (testing::Test::*)(), char const*) (in /work/hw-alamgir/hw6/hw6_stu_tests/hashtable_tests/hashtable_tests)
==9790==    by 0x157197: testing::Test::Run() (in /work/hw-alamgir/hw6/hw6_stu_tests/hashtable_tests/hashtable_tests)
==9790==    by 0x1572EB: testing::TestInfo::Run() (in /work/hw-alamgir/hw6/hw6_stu_tests/hashtable_tests/hashtable_tests)
==9790==    by 0x1573C7: testing::TestSuite::Run() (in /work/hw-alamgir/hw6/hw6_stu_tests/hashtable_tests/hashtable_tests)
==9790==    by 0x157913: testing::internal::UnitTestImpl::RunAllTests() (in /work/hw-alamgir/hw6/hw6_stu_tests/hashtable_tests/hashtable_tests)
==9790==    by 0x1645AF: bool testing::internal::HandleExceptionsInMethodIfSupported<testing::internal::UnitTestImpl, bool>(testing::internal::UnitTestImpl*, bool (testing::internal::UnitTestImpl::*)(), char const*) (in /work/hw-alamgir/hw6/hw6_stu_tests/hashtable_tests/hashtable_tests)
==9790==    by 0x157B5B: testing::UnitTest::Run() (in /work/hw-alamgir/hw6/hw6_stu_tests/hashtable_tests/hashtable_tests)
==9790==    by 0x112C27: main (in /work/hw-alamgir/hw6/hw6_stu_tests/hashtable_tests/hashtable_tests)
==9790== 
==9790== Conditional jump or move depends on uninitialised value(s)
==9790==    at 0x11D524: HashTable<std::__cxx11::basic_string<char, std::char_traits<char>, std::allocator<char> >, int, LinearProber<std::__cxx11::basic_string<char, std::char_traits<char>, std::allocator<char> > >, std::hash<std::__cxx11::basic_string<char, std::char_traits<char>, std::allocator<char> > >, std::equal_to<std::__cxx11::basic_string<char, std::char_traits<char>, std::allocator<char> > > >::insert(std::pair<std::__cxx11::basic_string<char, std::char_traits<char>, std::allocator<char> >, int> const&) (ht.h:360)
==9790==    by 0x113BCF: HashTable_Insert_Test::TestBody() (hashtable_tests.cpp:77)
==9790==    by 0x164017: void testing::internal::HandleExceptionsInMethodIfSupported<testing::Test, void>(testing::Test*, void (testing::Test::*)(), char const*) (in /work/hw-alamgir/hw6/hw6_stu_tests/hashtable_tests/hashtable_tests)
==9790==    by 0x157197: testing::Test::Run() (in /work/hw-alamgir/hw6/hw6_stu_tests/hashtable_tests/hashtable_tests)
==9790==    by 0x1572EB: testing::TestInfo::Run() (in /work/hw-alamgir/hw6/hw6_stu_tests/hashtable_tests/hashtable_tests)
==9790==    by 0x1573C7: testing::TestSuite::Run() (in /work/hw-alamgir/hw6/hw6_stu_tests/hashtable_tests/hashtable_tests)
==9790==    by 0x157913: testing::internal::UnitTestImpl::RunAllTests() (in /work/hw-alamgir/hw6/hw6_stu_tests/hashtable_tests/hashtable_tests)
==9790==    by 0x1645AF: bool testing::internal::HandleExceptionsInMethodIfSupported<testing::internal::UnitTestImpl, bool>(testing::internal::UnitTestImpl*, bool (testing::internal::UnitTestImpl::*)(), char const*) (in /work/hw-alamgir/hw6/hw6_stu_tests/hashtable_tests/hashtable_tests)
==9790==    by 0x157B5B: testing::UnitTest::Run() (in /work/hw-alamgir/hw6/hw6_stu_tests/hashtable_tests/hashtable_tests)
==9790==    by 0x112C27: main (in /work/hw-alamgir/hw6/hw6_stu_tests/hashtable_tests/hashtable_tests)
==9790== 
==9790== Conditional jump or move depends on uninitialised value(s)
==9790==    at 0x11D524: HashTable<std::__cxx11::basic_string<char, std::char_traits<char>, std::allocator<char> >, int, LinearProber<std::__cxx11::basic_string<char, std::char_traits<char>, std::allocator<char> > >, std::hash<std::__cxx11::basic_string<char, std::char_traits<char>, std::allocator<char> > >, std::equal_to<std::__cxx11::basic_string<char, std::char_traits<char>, std::allocator<char> > > >::insert(std::pair<std::__cxx11::basic_string<char, std::char_traits<char>, std::allocator<char> >, int> const&) (ht.h:360)
==9790==    by 0x113CBB: HashTable_Insert_Test::TestBody() (hashtable_tests.cpp:82)
==9790==    by 0x164017: void testing::internal::HandleExceptionsInMethodIfSupported<testing::Test, void>(testing::Test*, void (testing::Test::*)(), char const*) (in /work/hw-alamgir/hw6/hw6_stu_tests/hashtable_tests/hashtable_tests)
==9790==    by 0x157197: testing::Test::Run() (in /work/hw-alamgir/hw6/hw6_stu_tests/hashtable_tests/hashtable_tests)
==9790==    by 0x1572EB: testing::TestInfo::Run() (in /work/hw-alamgir/hw6/hw6_stu_tests/hashtable_tests/hashtable_tests)
==9790==    by 0x1573C7: testing::TestSuite::Run() (in /work/hw-alamgir/hw6/hw6_stu_tests/hashtable_tests/hashtable_tests)
==9790==    by 0x157913: testing::internal::UnitTestImpl::RunAllTests() (in /work/hw-alamgir/hw6/hw6_stu_tests/hashtable_tests/hashtable_tests)
==9790==    by 0x1645AF: bool testing::internal::HandleExceptionsInMethodIfSupported<testing::internal::UnitTestImpl, bool>(testing::internal::UnitTestImpl*, bool (testing::internal::UnitTestImpl::*)(), char const*) (in /work/hw-alamgir/hw6/hw6_stu_tests/hashtable_tests/hashtable_tests)
==9790==    by 0x157B5B: testing::UnitTest::Run() (in /work/hw-alamgir/hw6/hw6_stu_tests/hashtable_tests/hashtable_tests)
==9790==    by 0x112C27: main (in /work/hw-alamgir/hw6/hw6_stu_tests/hashtable_tests/hashtable_tests)
==9790== 
==9790== Invalid free() / delete / delete[] / realloc()
==9790==    at 0x484B420: operator delete(void*) (in /usr/lib/aarch64-linux-gnu/valgrind/vgpreload_memcheck-arm64-linux.so)
==9790==    by 0x11D157: HashTable<std::__cxx11::basic_string<char, std::char_traits<char>, std::allocator<char> >, int, LinearProber<std::__cxx11::basic_string<char, std::char_traits<char>, std::allocator<char> > >, std::hash<std::__cxx11::basic_string<char, std::char_traits<char>, std::allocator<char> > >, std::equal_to<std::__cxx11::basic_string<char, std::char_traits<char>, std::allocator<char> > > >::~HashTable() (ht.h:331)
==9790==    by 0x113D9F: HashTable_Insert_Test::TestBody() (hashtable_tests.cpp:68)
==9790==    by 0x164017: void testing::internal::HandleExceptionsInMethodIfSupported<testing::Test, void>(testing::Test*, void (testing::Test::*)(), char const*) (in /work/hw-alamgir/hw6/hw6_stu_tests/hashtable_tests/hashtable_tests)
==9790==    by 0x157197: testing::Test::Run() (in /work/hw-alamgir/hw6/hw6_stu_tests/hashtable_tests/hashtable_tests)
==9790==    by 0x1572EB: testing::TestInfo::Run() (in /work/hw-alamgir/hw6/hw6_stu_tests/hashtable_tests/hashtable_tests)
==9790==    by 0x1573C7: testing::TestSuite::Run() (in /work/hw-alamgir/hw6/hw6_stu_tests/hashtable_tests/hashtable_tests)
==9790==    by 0x157913: testing::internal::UnitTestImpl::RunAllTests() (in /work/hw-alamgir/hw6/hw6_stu_tests/hashtable_tests/hashtable_tests)
==9790==    by 0x1645AF: bool testing::internal::HandleExceptionsInMethodIfSupported<testing::internal::UnitTestImpl, bool>(testing::internal::UnitTestImpl*, bool (testing::internal::UnitTestImpl::*)(), char const*) (in /work/hw-alamgir/hw6/hw6_stu_tests/hashtable_tests/hashtable_tests)
==9790==    by 0x157B5B: testing::UnitTest::Run() (in /work/hw-alamgir/hw6/hw6_stu_tests/hashtable_tests/hashtable_tests)
==9790==    by 0x112C27: main (in /work/hw-alamgir/hw6/hw6_stu_tests/hashtable_tests/hashtable_tests)
==9790==  Address 0x1fff000618 is on thread 1's stack
==9790==  in frame #2, created by HashTable_Insert_Test::TestBody() (hashtable_tests.cpp:67)
==9790== 
==9790== Invalid free() / delete / delete[] / realloc()
==9790==    at 0x484B420: operator delete(void*) (in /usr/lib/aarch64-linux-gnu/valgrind/vgpreload_memcheck-arm64-linux.so)
==9790==    by 0x12D1A3: __gnu_cxx::new_allocator<HashTable<std::__cxx11::basic_string<char, std::char_traits<char>, std::allocator<char> >, int, LinearProber<std::__cxx11::basic_string<char, std::char_traits<char>, std::allocator<char> > >, std::hash<std::__cxx11::basic_string<char, std::char_traits<char>, std::allocator<char> > >, std::equal_to<std::__cxx11::basic_string<char, std::char_traits<char>, std::allocator<char> > > >::HashItem*>::deallocate(HashTable<std::__cxx11::basic_string<char, std::char_traits<char>, std::allocator<char> >, int, LinearProber<std::__cxx11::basic_string<char, std::char_traits<char>, std::allocator<char> > >, std::hash<std::__cxx11::basic_string<char, std::char_traits<char>, std::allocator<char> > >, std::equal_to<std::__cxx11::basic_string<char, std::char_traits<char>, std::allocator<char> > > >::HashItem**, unsigned long) (new_allocator.h:128)
==9790==    by 0x1292BF: std::allocator_traits<std::allocator<HashTable<std::__cxx11::basic_string<char, std::char_traits<char>, std::allocator<char> >, int, LinearProber<std::__cxx11::basic_string<char, std::char_traits<char>, std::allocator<char> > >, std::hash<std::__cxx11::basic_string<char, std::char_traits<char>, std::allocator<char> > >, std::equal_to<std::__cxx11::basic_string<char, std::char_traits<char>, std::allocator<char> > > >::HashItem*> >::deallocate(std::allocator<HashTable<std::__cxx11::basic_string<char, std::char_traits<char>, std::allocator<char> >, int, LinearProber<std::__cxx11::basic_string<char, std::char_traits<char>, std::allocator<char> > >, std::hash<std::__cxx11::basic_string<char, std::char_traits<char>, std::allocator<char> > >, std::equal_to<std::__cxx11::basic_string<char, std::char_traits<char>, std::allocator<char> > > >::HashItem*>&, HashTable<std::__cxx11::basic_string<char, std::char_traits<char>, std::allocator<char> >, int, LinearProber<std::__cxx11::basic_string<char, std::char_traits<char>, std::allocator<char> > >, std::hash<std::__cxx11::basic_string<char, std::char_traits<char>, std::allocator<char> > >, std::equal_to<std::__cxx11::basic_string<char, std::char_traits<char>, std::allocator<char> > > >::HashItem**, unsigned long) (alloc_traits.h:470)
==9790==    by 0x124AA7: std::_Vector_base<HashTable<std::__cxx11::basic_string<char, std::char_traits<char>, std::allocator<char> >, int, LinearProber<std::__cxx11::basic_string<char, std::char_traits<char>, std::allocator<char> > >, std::hash<std::__cxx11::basic_string<char, std::char_traits<char>, std::allocator<char> > >, std::equal_to<std::__cxx11::basic_string<char, std::char_traits<char>, std::allocator<char> > > >::HashItem*, std::allocator<HashTable<std::__cxx11::basic_string<char, std::char_traits<char>, std::allocator<char> >, int, LinearProber<std::__cxx11::basic_string<char, std::char_traits<char>, std::allocator<char> > >, std::hash<std::__cxx11::basic_string<char, std::char_traits<char>, std::allocator<char> > >, std::equal_to<std::__cxx11::basic_string<char, std::char_traits<char>, std::allocator<char> > > >::HashItem*> >::_M_deallocate(HashTable<std::__cxx11::basic_string<char, std::char_traits<char>, std::allocator<char> >, int, LinearProber<std::__cxx11::basic_string<char, std::char_traits<char>, std::allocator<char> > >, std::hash<std::__cxx11::basic_string<char, std::char_traits<char>, std::allocator<char> > >, std::equal_to<std::__cxx11::basic_string<char, std::char_traits<char>, std::allocator<char> > > >::HashItem**, unsigned long) (stl_vector.h:351)
==9790==    by 0x120AFF: std::_Vector_base<HashTable<std::__cxx11::basic_string<char, std::char_traits<char>, std::allocator<char> >, int, LinearProber<std::__cxx11::basic_string<char, std::char_traits<char>, std::allocator<char> > >, std::hash<std::__cxx11::basic_string<char, std::char_traits<char>, std::allocator<char> > >, std::equal_to<std::__cxx11::basic_string<char, std::char_traits<char>, std::allocator<char> > > >::HashItem*, std::allocator<HashTable<std::__cxx11::basic_string<char, std::char_traits<char>, std::allocator<char> >, int, LinearProber<std::__cxx11::basic_string<char, std::char_traits<char>, std::allocator<char> > >, std::hash<std::__cxx11::basic_string<char, std::char_traits<char>, std::allocator<char> > >, std::equal_to<std::__cxx11::basic_string<char, std::char_traits<char>, std::allocator<char> > > >::HashItem*> >::~_Vector_base() (stl_vector.h:332)
==9790==    by 0x120B53: std::vector<HashTable<std::__cxx11::basic_string<char, std::char_traits<char>, std::allocator<char> >, int, LinearProber<std::__cxx11::basic_string<char, std::char_traits<char>, std::allocator<char> > >, std::hash<std::__cxx11::basic_string<char, std::char_traits<char>, std::allocator<char> > >, std::equal_to<std::__cxx11::basic_string<char, std::char_traits<char>, std::allocator<char> > > >::HashItem*, std::allocator<HashTable<std::__cxx11::basic_string<char, std::char_traits<char>, std::allocator<char> >, int, LinearProber<std::__cxx11::basic_string<char, std::char_traits<char>, std::allocator<char> > >, std::hash<std::__cxx11::basic_string<char, std::char_traits<char>, std::allocator<char> > >, std::equal_to<std::__cxx11::basic_string<char, std::char_traits<char>, std::allocator<char> > > >::HashItem*> >::~vector() (stl_vector.h:680)
==9790==    by 0x11D15F: HashTable<std::__cxx11::basic_string<char, std::char_traits<char>, std::allocator<char> >, int, LinearProber<std::__cxx11::basic_string<char, std::char_traits<char>, std::allocator<char> > >, std::hash<std::__cxx11::basic_string<char, std::char_traits<char>, std::allocator<char> > >, std::equal_to<std::__cxx11::basic_string<char, std::char_traits<char>, std::allocator<char> > > >::~HashTable() (ht.h:332)
==9790==    by 0x113D9F: HashTable_Insert_Test::TestBody() (hashtable_tests.cpp:68)
==9790==    by 0x164017: void testing::internal::HandleExceptionsInMethodIfSupported<testing::Test, void>(testing::Test*, void (testing::Test::*)(), char const*) (in /work/hw-alamgir/hw6/hw6_stu_tests/hashtable_tests/hashtable_tests)
==9790==    by 0x157197: testing::Test::Run() (in /work/hw-alamgir/hw6/hw6_stu_tests/hashtable_tests/hashtable_tests)
==9790==    by 0x1572EB: testing::TestInfo::Run() (in /work/hw-alamgir/hw6/hw6_stu_tests/hashtable_tests/hashtable_tests)
==9790==    by 0x1573C7: testing::TestSuite::Run() (in /work/hw-alamgir/hw6/hw6_stu_tests/hashtable_tests/hashtable_tests)
==9790==  Address 0x4ce4540 is 0 bytes inside a block of size 88 free'd
==9790==    at 0x484B420: operator delete(void*) (in /usr/lib/aarch64-linux-gnu/valgrind/vgpreload_memcheck-arm64-linux.so)
==9790==    by 0x12D1A3: __gnu_cxx::new_allocator<HashTable<std::__cxx11::basic_string<char, std::char_traits<char>, std::allocator<char> >, int, LinearProber<std::__cxx11::basic_string<char, std::char_traits<char>, std::allocator<char> > >, std::hash<std::__cxx11::basic_string<char, std::char_traits<char>, std::allocator<char> > >, std::equal_to<std::__cxx11::basic_string<char, std::char_traits<char>, std::allocator<char> > > >::HashItem*>::deallocate(HashTable<std::__cxx11::basic_string<char, std::char_traits<char>, std::allocator<char> >, int, LinearProber<std::__cxx11::basic_string<char, std::char_traits<char>, std::allocator<char> > >, std::hash<std::__cxx11::basic_string<char, std::char_traits<char>, std::allocator<char> > >, std::equal_to<std::__cxx11::basic_string<char, std::char_traits<char>, std::allocator<char> > > >::HashItem**, unsigned long) (new_allocator.h:128)
==9790==    by 0x1292BF: std::allocator_traits<std::allocator<HashTable<std::__cxx11::basic_string<char, std::char_traits<char>, std::allocator<char> >, int, LinearProber<std::__cxx11::basic_string<char, std::char_traits<char>, std::allocator<char> > >, std::hash<std::__cxx11::basic_string<char, std::char_traits<char>, std::allocator<char> > >, std::equal_to<std::__cxx11::basic_string<char, std::char_traits<char>, std::allocator<char> > > >::HashItem*> >::deallocate(std::allocator<HashTable<std::__cxx11::basic_string<char, std::char_traits<char>, std::allocator<char> >, int, LinearProber<std::__cxx11::basic_string<char, std::char_traits<char>, std::allocator<char> > >, std::hash<std::__cxx11::basic_string<char, std::char_traits<char>, std::allocator<char> > >, std::equal_to<std::__cxx11::basic_string<char, std::char_traits<char>, std::allocator<char> > > >::HashItem*>&, HashTable<std::__cxx11::basic_string<char, std::char_traits<char>, std::allocator<char> >, int, LinearProber<std::__cxx11::basic_string<char, std::char_traits<char>, std::allocator<char> > >, std::hash<std::__cxx11::basic_string<char, std::char_traits<char>, std::allocator<char> > >, std::equal_to<std::__cxx11::basic_string<char, std::char_traits<char>, std::allocator<char> > > >::HashItem**, unsigned long) (alloc_traits.h:470)
==9790==    by 0x124AA7: std::_Vector_base<HashTable<std::__cxx11::basic_string<char, std::char_traits<char>, std::allocator<char> >, int, LinearProber<std::__cxx11::basic_string<char, std::char_traits<char>, std::allocator<char> > >, std::hash<std::__cxx11::basic_string<char, std::char_traits<char>, std::allocator<char> > >, std::equal_to<std::__cxx11::basic_string<char, std::char_traits<char>, std::allocator<char> > > >::HashItem*, std::allocator<HashTable<std::__cxx11::basic_string<char, std::char_traits<char>, std::allocator<char> >, int, LinearProber<std::__cxx11::basic_string<char, std::char_traits<char>, std::allocator<char> > >, std::hash<std::__cxx11::basic_string<char, std::char_traits<char>, std::allocator<char> > >, std::equal_to<std::__cxx11::basic_string<char, std::char_traits<char>, std::allocator<char> > > >::HashItem*> >::_M_deallocate(HashTable<std::__cxx11::basic_string<char, std::char_traits<char>, std::allocator<char> >, int, LinearProber<std::__cxx11::basic_string<char, std::char_traits<char>, std::allocator<char> > >, std::hash<std::__cxx11::basic_string<char, std::char_traits<char>, std::allocator<char> > >, std::equal_to<std::__cxx11::basic_string<char, std::char_traits<char>, std::allocator<char> > > >::HashItem**, unsigned long) (stl_vector.h:351)
==9790==    by 0x120AFF: std::_Vector_base<HashTable<std::__cxx11::basic_string<char, std::char_traits<char>, std::allocator<char> >, int, LinearProber<std::__cxx11::basic_string<char, std::char_traits<char>, std::allocator<char> > >, std::hash<std::__cxx11::basic_string<char, std::char_traits<char>, std::allocator<char> > >, std::equal_to<std::__cxx11::basic_string<char, std::char_traits<char>, std::allocator<char> > > >::HashItem*, std::allocator<HashTable<std::__cxx11::basic_string<char, std::char_traits<char>, std::allocator<char> >, int, LinearProber<std::__cxx11::basic_string<char, std::char_traits<char>, std::allocator<char> > >, std::hash<std::__cxx11::basic_string<char, std::char_traits<char>, std::allocator<char> > >, std::equal_to<std::__cxx11::basic_string<char, std::char_traits<char>, std::allocator<char> > > >::HashItem*> >::~_Vector_base() (stl_vector.h:332)
==9790==    by 0x120B53: std::vector<HashTable<std::__cxx11::basic_string<char, std::char_traits<char>, std::allocator<char> >, int, LinearProber<std::__cxx11::basic_string<char, std::char_traits<char>, std::allocator<char> > >, std::hash<std::__cxx11::basic_string<char, std::char_traits<char>, std::allocator<char> > >, std::equal_to<std::__cxx11::basic_string<char, std::char_traits<char>, std::allocator<char> > > >::HashItem*, std::allocator<HashTable<std::__cxx11::basic_string<char, std::char_traits<char>, std::allocator<char> >, int, LinearProber<std::__cxx11::basic_string<char, std::char_traits<char>, std::allocator<char> > >, std::hash<std::__cxx11::basic_string<char, std::char_traits<char>, std::allocator<char> > >, std::equal_to<std::__cxx11::basic_string<char, std::char_traits<char>, std::allocator<char> > > >::HashItem*> >::~vector() (stl_vector.h:680)
==9790==    by 0x11D14F: HashTable<std::__cxx11::basic_string<char, std::char_traits<char>, std::allocator<char> >, int, LinearProber<std::__cxx11::basic_string<char, std::char_traits<char>, std::allocator<char> > >, std::hash<std::__cxx11::basic_string<char, std::char_traits<char>, std::allocator<char> > >, std::equal_to<std::__cxx11::basic_string<char, std::char_traits<char>, std::allocator<char> > > >::~HashTable() (ht.h:331)
==9790==    by 0x113D9F: HashTable_Insert_Test::TestBody() (hashtable_tests.cpp:68)
==9790==    by 0x164017: void testing::internal::HandleExceptionsInMethodIfSupported<testing::Test, void>(testing::Test*, void (testing::Test::*)(), char const*) (in /work/hw-alamgir/hw6/hw6_stu_tests/hashtable_tests/hashtable_tests)
==9790==    by 0x157197: testing::Test::Run() (in /work/hw-alamgir/hw6/hw6_stu_tests/hashtable_tests/hashtable_tests)
==9790==    by 0x1572EB: testing::TestInfo::Run() (in /work/hw-alamgir/hw6/hw6_stu_tests/hashtable_tests/hashtable_tests)
==9790==    by 0x1573C7: testing::TestSuite::Run() (in /work/hw-alamgir/hw6/hw6_stu_tests/hashtable_tests/hashtable_tests)
==9790==  Block was alloc'd at
==9790==    at 0x484A3C4: operator new(unsigned long) (in /usr/lib/aarch64-linux-gnu/valgrind/vgpreload_memcheck-arm64-linux.so)
==9790==    by 0x12F16F: __gnu_cxx::new_allocator<HashTable<std::__cxx11::basic_string<char, std::char_traits<char>, std::allocator<char> >, int, LinearProber<std::__cxx11::basic_string<char, std::char_traits<char>, std::allocator<char> > >, std::hash<std::__cxx11::basic_string<char, std::char_traits<char>, std::allocator<char> > >, std::equal_to<std::__cxx11::basic_string<char, std::char_traits<char>, std::allocator<char> > > >::HashItem*>::allocate(unsigned long, void const*) (new_allocator.h:114)
==9790==    by 0x12D433: std::allocator_traits<std::allocator<HashTable<std::__cxx11::basic_string<char, std::char_traits<char>, std::allocator<char> >, int, LinearProber<std::__cxx11::basic_string<char, std::char_traits<char>, std::allocator<char> > >, std::hash<std::__cxx11::basic_string<char, std::char_traits<char>, std::allocator<char> > >, std::equal_to<std::__cxx11::basic_string<char, std::char_traits<char>, std::allocator<char> > > >::HashItem*> >::allocate(std::allocator<HashTable<std::__cxx11::basic_string<char, std::char_traits<char>, std::allocator<char> >, int, LinearProber<std::__cxx11::basic_string<char, std::char_traits<char>, std::allocator<char> > >, std::hash<std::__cxx11::basic_string<char, std::char_traits<char>, std::allocator<char> > >, std::equal_to<std::__cxx11::basic_string<char, std::char_traits<char>, std::allocator<char> > > >::HashItem*>&, unsigned long) (alloc_traits.h:444)
==9790==    by 0x129637: std::_Vector_base<HashTable<std::__cxx11::basic_string<char, std::char_traits<char>, std::allocator<char> >, int, LinearProber<std::__cxx11::basic_string<char, std::char_traits<char>, std::allocator<char> > >, std::hash<std::__cxx11::basic_string<char, std::char_traits<char>, std::allocator<char> > >, std::equal_to<std::__cxx11::basic_string<char, std::char_traits<char>, std::allocator<char> > > >::HashItem*, std::allocator<HashTable<std::__cxx11::basic_string<char, std::char_traits<char>, std::allocator<char> >, int, LinearProber<std::__cxx11::basic_string<char, std::char_traits<char>, std::allocator<char> > >, std::hash<std::__cxx11::basic_string<char, std::char_traits<char>, std::allocator<char> > >, std::equal_to<std::__cxx11::basic_string<char, std::char_traits<char>, std::allocator<char> > > >::HashItem*> >::_M_allocate(unsigned long) (stl_vector.h:343)
==9790==    by 0x124D63: std::vector<HashTable<std::__cxx11::basic_string<char, std::char_traits<char>, std::allocator<char> >, int, LinearProber<std::__cxx11::basic_string<char, std::char_traits<char>, std::allocator<char> > >, std::hash<std::__cxx11::basic_string<char, std::char_traits<char>, std::allocator<char> > >, std::equal_to<std::__cxx11::basic_string<char, std::char_traits<char>, std::allocator<char> > > >::HashItem*, std::allocator<HashTable<std::__cxx11::basic_string<char, std::char_traits<char>, std::allocator<char> >, int, LinearProber<std::__cxx11::basic_string<char, std::char_traits<char>, std::allocator<char> > >, std::hash<std::__cxx11::basic_string<char, std::char_traits<char>, std::allocator<char> > >, std::equal_to<std::__cxx11::basic_string<char, std::char_traits<char>, std::allocator<char> > > >::HashItem*> >::_M_fill_insert(__gnu_cxx::__normal_iterator<HashTable<std::__cxx11::basic_string<char, std::char_traits<char>, std::allocator<char> >, int, LinearProber<std::__cxx11::basic_string<char, std::char_traits<char>, std::allocator<char> > >, std::hash<std::__cxx11::basic_string<char, std::char_traits<char>, std::allocator<char> > >, std::equal_to<std::__cxx11::basic_string<char, std::char_traits<char>, std::allocator<char> > > >::HashItem**, std::vector<HashTable<std::__cxx11::basic_string<char, std::char_traits<char>, std::allocator<char> >, int, LinearProber<std::__cxx11::basic_string<char, std::char_traits<char>, std::allocator<char> > >, std::hash<std::__cxx11::basic_string<char, std::char_traits<char>, std::allocator<char> > >, std::equal_to<std::__cxx11::basic_string<char, std::char_traits<char>, std::allocator<char> > > >::HashItem*, std::allocator<HashTable<std::__cxx11::basic_string<char, std::char_traits<char>, std::allocator<char> >, int, LinearProber<std::__cxx11::basic_string<char, std::char_traits<char>, std::allocator<char> > >, std::hash<std::__cxx11::basic_string<char, std::char_traits<char>, std::allocator<char> > >, std::equal_to<std::__cxx11::basic_string<char, std::char_traits<char>, std::allocator<char> > > >::HashItem*> > >, unsigned long, HashTable<std::__cxx11::basic_string<char, std::char_traits<char>, std::allocator<char> >, int, LinearProber<std::__cxx11::basic_string<char, std::char_traits<char>, std::allocator<char> > >, std::hash<std::__cxx11::basic_string<char, std::char_traits<char>, std::allocator<char> > >, std::equal_to<std::__cxx11::basic_string<char, std::char_traits<char>, std::allocator<char> > > >::HashItem* const&) (vector.tcc:561)
==9790==    by 0x120BD3: std::vector<HashTable<std::__cxx11::basic_string<char, std::char_traits<char>, std::allocator<char> >, int, LinearProber<std::__cxx11::basic_string<char, std::char_traits<char>, std::allocator<char> > >, std::hash<std::__cxx11::basic_string<char, std::char_traits<char>, std::allocator<char> > >, std::equal_to<std::__cxx11::basic_string<char, std::char_traits<char>, std::allocator<char> > > >::HashItem*, std::allocator<HashTable<std::__cxx11::basic_string<char, std::char_traits<char>, std::allocator<char> >, int, LinearProber<std::__cxx11::basic_string<char, std::char_traits<char>, std::allocator<char> > >, std::hash<std::__cxx11::basic_string<char, std::char_traits<char>, std::allocator<char> > >, std::equal_to<std::__cxx11::basic_string<char, std::char_traits<char>, std::allocator<char> > > >::HashItem*> >::resize(unsigned long, HashTable<std::__cxx11::basic_string<char, std::char_traits<char>, std::allocator<char> >, int, LinearProber<std::__cxx11::basic_string<char, std::char_traits<char>, std::allocator<char> > >, std::hash<std::__cxx11::basic_string<char, std::char_traits<char>, std::allocator<char> > >, std::equal_to<std::__cxx11::basic_string<char, std::char_traits<char>, std::allocator<char> > > >::HashItem* const&) (stl_vector.h:957)
==9790==    by 0x11D043: HashTable<std::__cxx11::basic_string<char, std::char_traits<char>, std::allocator<char> >, int, LinearProber<std::__cxx11::basic_string<char, std::char_traits<char>, std::allocator<char> > >, std::hash<std::__cxx11::basic_string<char, std::char_traits<char>, std::allocator<char> > >, std::equal_to<std::__cxx11::basic_string<char, std::char_traits<char>, std::allocator<char> > > >::HashTable(double, LinearProber<std::__cxx11::basic_string<char, std::char_traits<char>, std::allocator<char> > > const&, std::hash<std::__cxx11::basic_string<char, std::char_traits<char>, std::allocator<char> > > const&, std::equal_to<std::__cxx11::basic_string<char, std::char_traits<char>, std::allocator<char> > > const&) (ht.h:317)
==9790==    by 0x113AAB: HashTable_Insert_Test::TestBody() (hashtable_tests.cpp:68)
==9790==    by 0x164017: void testing::internal::HandleExceptionsInMethodIfSupported<testing::Test, void>(testing::Test*, void (testing::Test::*)(), char const*) (in /work/hw-alamgir/hw6/hw6_stu_tests/hashtable_tests/hashtable_tests)
==9790==    by 0x157197: testing::Test::Run() (in /work/hw-alamgir/hw6/hw6_stu_tests/hashtable_tests/hashtable_tests)
==9790==    by 0x1572EB: testing::TestInfo::Run() (in /work/hw-alamgir/hw6/hw6_stu_tests/hashtable_tests/hashtable_tests)
==9790==    by 0x1573C7: testing::TestSuite::Run() (in /work/hw-alamgir/hw6/hw6_stu_tests/hashtable_tests/hashtable_tests)
==9790== 
[       OK ] HashTable.Insert (13 ms)
[----------] 1 test from HashTable (14 ms total)

[----------] Global test environment tear-down
[==========] 1 test from 1 test suite ran. (21 ms total)
[  PASSED  ] 1 test.
==9790== 
==9790== HEAP SUMMARY:
==9790==     in use at exit: 0 bytes in 0 blocks
==9790==   total heap usage: 386 allocs, 388 frees, 129,674 bytes allocated
==9790== 
==9790== All heap blocks were freed -- no leaks are possible
==9790== 
==9790== Use --track-origins=yes to see where uninitialised values come from
==9790== For lists of detected and suppressed errors, rerun with: -s
==9790== ERROR SUMMARY: 5 errors from 5 contexts (suppressed: 0 from 0)
<end of output>
Test time =   0.42 sec
----------------------------------------------------------
Test Passed.
"HashTable.Insert" end time: Apr 29 06:41 UTC
"HashTable.Insert" time elapsed: 00:00:00
----------------------------------------------------------

6/21 Testing: HashTable.InsertDuplicate
6/21 Test: HashTable.InsertDuplicate
Command: "/usr/bin/valgrind" "--tool=memcheck" "--leak-check=yes" "--trace-children=no" "/work/hw-alamgir/hw6/hw6_stu_tests/hashtable_tests/hashtable_tests" "--gtest_filter=HashTable.InsertDuplicate"
Directory: /work/hw-alamgir/hw6/hw6_stu_tests/hashtable_tests
"HashTable.InsertDuplicate" start time: Apr 29 06:41 UTC
Output:
----------------------------------------------------------
==9791== Memcheck, a memory error detector
==9791== Copyright (C) 2002-2017, and GNU GPL'd, by Julian Seward et al.
==9791== Using Valgrind-3.15.0 and LibVEX; rerun with -h for copyright info
==9791== Command: /work/hw-alamgir/hw6/hw6_stu_tests/hashtable_tests/hashtable_tests --gtest_filter=HashTable.InsertDuplicate
==9791== 
Running main() from /build/googletest-K1TalW/googletest-1.10.0/googletest/src/gtest_main.cc
[...]
==9806==    by 0x157197: testing::Test::Run() (in /work/hw-alamgir/hw6/hw6_stu_tests/hashtable_tests/hashtable_tests)
==9806==    by 0x1572EB: testing::TestInfo::Run() (in /work/hw-alamgir/hw6/hw6_stu_tests/hashtable_tests/hashtable_tests)
==9806==    by 0x1573C7: testing::TestSuite::Run() (in /work/hw-alamgir/hw6/hw6_stu_tests/hashtable_tests/hashtable_tests)
==9806==    by 0x157913: testing::internal::UnitTestImpl::RunAllTests() (in /work/hw-alamgir/hw6/hw6_stu_tests/hashtable_tests/hashtable_tests)
==9806==    by 0x1645AF: bool testing::internal::HandleExceptionsInMethodIfSupported<testing::internal::UnitTestImpl, bool>(testing::internal::UnitTestImpl*, bool (testing::internal::UnitTestImpl::*)(), char const*) (in /work/hw-alamgir/hw6/hw6_stu_tests/hashtable_tests/hashtable_tests)
==9806==    by 0x157B5B: testing::UnitTest::Run() (in /work/hw-alamgir/hw6/hw6_stu_tests/hashtable_tests/hashtable_tests)
==9806==  Address 0x4ce49c0 is 0 bytes inside a block of size 12 free'd
==9806==    at 0x484B420: operator delete(void*) (in /usr/lib/aarch64-linux-gnu/valgrind/vgpreload_memcheck-arm64-linux.so)
==9806==    by 0x123793: HashTable<int, int, LinearProber<int>, IntHash2, std::equal_to<int> >::resize() (ht.h:483)
==9806==    by 0x11F343: HashTable<int, int, LinearProber<int>, IntHash2, std::equal_to<int> >::insert(std::pair<int, int> const&) (ht.h:363)
==9806==    by 0x1193AB: HashTable_StressInsertRemoveResizeLinear_Test::TestBody() (hashtable_tests.cpp:463)
==9806==    by 0x164017: void testing::internal::HandleExceptionsInMethodIfSupported<testing::Test, void>(testing::Test*, void (testing::Test::*)(), char const*) (in /work/hw-alamgir/hw6/hw6_stu_tests/hashtable_tests/hashtable_tests)
==9806==    by 0x157197: testing::Test::Run() (in /work/hw-alamgir/hw6/hw6_stu_tests/hashtable_tests/hashtable_tests)
==9806==    by 0x1572EB: testing::TestInfo::Run() (in /work/hw-alamgir/hw6/hw6_stu_tests/hashtable_tests/hashtable_tests)
==9806==    by 0x1573C7: testing::TestSuite::Run() (in /work/hw-alamgir/hw6/hw6_stu_tests/hashtable_tests/hashtable_tests)
==9806==    by 0x157913: testing::internal::UnitTestImpl::RunAllTests() (in /work/hw-alamgir/hw6/hw6_stu_tests/hashtable_tests/hashtable_tests)
==9806==    by 0x1645AF: bool testing::internal::HandleExceptionsInMethodIfSupported<testing::internal::UnitTestImpl, bool>(testing::internal::UnitTestImpl*, bool (testing::internal::UnitTestImpl::*)(), char const*) (in /work/hw-alamgir/hw6/hw6_stu_tests/hashtable_tests/hashtable_tests)
==9806==    by 0x157B5B: testing::UnitTest::Run() (in /work/hw-alamgir/hw6/hw6_stu_tests/hashtable_tests/hashtable_tests)
==9806==    by 0x112C27: main (in /work/hw-alamgir/hw6/hw6_stu_tests/hashtable_tests/hashtable_tests)
==9806==  Block was alloc'd at
==9806==    at 0x484A3C4: operator new(unsigned long) (in /usr/lib/aarch64-linux-gnu/valgrind/vgpreload_memcheck-arm64-linux.so)
==9806==    by 0x11F36B: HashTable<int, int, LinearProber<int>, IntHash2, std::equal_to<int> >::insert(std::pair<int, int> const&) (ht.h:369)
==9806==    by 0x11957F: HashTable_StressInsertRemoveResizeLinear_Test::TestBody() (hashtable_tests.cpp:472)
==9806==    by 0x164017: void testing::internal::HandleExceptionsInMethodIfSupported<testing::Test, void>(testing::Test*, void (testing::Test::*)(), char const*) (in /work/hw-alamgir/hw6/hw6_stu_tests/hashtable_tests/hashtable_tests)
==9806==    by 0x157197: testing::Test::Run() (in /work/hw-alamgir/hw6/hw6_stu_tests/hashtable_tests/hashtable_tests)
==9806==    by 0x1572EB: testing::TestInfo::Run() (in /work/hw-alamgir/hw6/hw6_stu_tests/hashtable_tests/hashtable_tests)
==9806==    by 0x1573C7: testing::TestSuite::Run() (in /work/hw-alamgir/hw6/hw6_stu_tests/hashtable_tests/hashtable_tests)
==9806==    by 0x157913: testing::internal::UnitTestImpl::RunAllTests() (in /work/hw-alamgir/hw6/hw6_stu_tests/hashtable_tests/hashtable_tests)
==9806==    by 0x1645AF: bool testing::internal::HandleExceptionsInMethodIfSupported<testing::internal::UnitTestImpl, bool>(testing::internal::UnitTestImpl*, bool (testing::internal::UnitTestImpl::*)(), char const*) (in /work/hw-alamgir/hw6/hw6_stu_tests/hashtable_tests/hashtable_tests)
==9806==    by 0x157B5B: testing::UnitTest::Run() (in /work/hw-alamgir/hw6/hw6_stu_tests/hashtable_tests/hashtable_tests)
==9806==    by 0x112C27: main (in /work/hw-alamgir/hw6/hw6_stu_tests/hashtable_tests/hashtable_tests)
==9806== 
==9806== Invalid free() / delete / delete[] / realloc()
==9806==    at 0x484B420: operator delete(void*) (in /usr/lib/aarch64-linux-gnu/valgrind/vgpreload_memcheck-arm64-linux.so)
==9806==    by 0x123993: HashTable<int, int, LinearProber<int>, IntHash2, std::equal_to<int> >::resize() (ht.h:509)
==9806==    by 0x11F343: HashTable<int, int, LinearProber<int>, IntHash2, std::equal_to<int> >::insert(std::pair<int, int> const&) (ht.h:363)
==9806==    by 0x1193AB: HashTable_StressInsertRemoveResizeLinear_Test::TestBody() (hashtable_tests.cpp:463)
==9806==    by 0x164017: void testing::internal::HandleExceptionsInMethodIfSupported<testing::Test, void>(testing::Test*, void (testing::Test::*)(), char const*) (in /work/hw-alamgir/hw6/hw6_stu_tests/hashtable_tests/hashtable_tests)
==9806==    by 0x157197: testing::Test::Run() (in /work/hw-alamgir/hw6/hw6_stu_tests/hashtable_tests/hashtable_tests)
==9806==    by 0x1572EB: testing::TestInfo::Run() (in /work/hw-alamgir/hw6/hw6_stu_tests/hashtable_tests/hashtable_tests)
==9806==    by 0x1573C7: testing::TestSuite::Run() (in /work/hw-alamgir/hw6/hw6_stu_tests/hashtable_tests/hashtable_tests)
==9806==    by 0x157913: testing::internal::UnitTestImpl::RunAllTests() (in /work/hw-alamgir/hw6/hw6_stu_tests/hashtable_tests/hashtable_tests)
==9806==    by 0x1645AF: bool testing::internal::HandleExceptionsInMethodIfSupported<testing::internal::UnitTestImpl, bool>(testing::internal::UnitTestImpl*, bool (testing::internal::UnitTestImpl::*)(), char const*) (in /work/hw-alamgir/hw6/hw6_stu_tests/hashtable_tests/hashtable_tests)
==9806==    by 0x157B5B: testing::UnitTest::Run() (in /work/hw-alamgir/hw6/hw6_stu_tests/hashtable_tests/hashtable_tests)
==9806==    by 0x112C27: main (in /work/hw-alamgir/hw6/hw6_stu_tests/hashtable_tests/hashtable_tests)
==9806==  Address 0x4ce49c0 is 0 bytes inside a block of size 12 free'd
==9806==    at 0x484B420: operator delete(void*) (in /usr/lib/aarch64-linux-gnu/valgrind/vgpreload_memcheck-arm64-linux.so)
==9806==    by 0x123793: HashTable<int, int, LinearProber<int>, IntHash2, std::equal_to<int> >::resize() (ht.h:483)
==9806==    by 0x11F343: HashTable<int, int, LinearProber<int>, IntHash2, std::equal_to<int> >::insert(std::pair<int, int> const&) (ht.h:363)
==9806==    by 0x1193AB: HashTable_StressInsertRemoveResizeLinear_Test::TestBody() (hashtable_tests.cpp:463)
==9806==    by 0x164017: void testing::internal::HandleExceptionsInMethodIfSupported<testing::Test, void>(testing::Test*, void (testing::Test::*)(), char const*) (in /work/hw-alamgir/hw6/hw6_stu_tests/hashtable_tests/hashtable_tests)
==9806==    by 0x157197: testing::Test::Run() (in /work/hw-alamgir/hw6/hw6_stu_tests/hashtable_tests/hashtable_tests)
==9806==    by 0x1572EB: testing::TestInfo::Run() (in /work/hw-alamgir/hw6/hw6_stu_tests/hashtable_tests/hashtable_tests)
==9806==    by 0x1573C7: testing::TestSuite::Run() (in /work/hw-alamgir/hw6/hw6_stu_tests/hashtable_tests/hashtable_tests)
==9806==    by 0x157913: testing::internal::UnitTestImpl::RunAllTests() (in /work/hw-alamgir/hw6/hw6_stu_tests/hashtable_tests/hashtable_tests)
==9806==    by 0x1645AF: bool testing::internal::HandleExceptionsInMethodIfSupported<testing::internal::UnitTestImpl, bool>(testing::internal::UnitTestImpl*, bool (testing::internal::UnitTestImpl::*)(), char const*) (in /work/hw-alamgir/hw6/hw6_stu_tests/hashtable_tests/hashtable_tests)
==9806==    by 0x157B5B: testing::UnitTest::Run() (in /work/hw-alamgir/hw6/hw6_stu_tests/hashtable_tests/hashtable_tests)
==9806==    by 0x112C27: main (in /work/hw-alamgir/hw6/hw6_stu_tests/hashtable_tests/hashtable_tests)
==9806==  Block was alloc'd at
==9806==    at 0x484A3C4: operator new(unsigned long) (in /usr/lib/aarch64-linux-gnu/valgrind/vgpreload_memcheck-arm64-linux.so)
==9806==    by 0x11F36B: HashTable<int, int, LinearProber<int>, IntHash2, std::equal_to<int> >::insert(std::pair<int, int> const&) (ht.h:369)
==9806==    by 0x11957F: HashTable_StressInsertRemoveResizeLinear_Test::TestBody() (hashtable_tests.cpp:472)
==9806==    by 0x164017: void testing::internal::HandleExceptionsInMethodIfSupported<testing::Test, void>(testing::Test*, void (testing::Test::*)(), char const*) (in /work/hw-alamgir/hw6/hw6_stu_tests/hashtable_tests/hashtable_tests)
==9806==    by 0x157197: testing::Test::Run() (in /work/hw-alamgir/hw6/hw6_stu_tests/hashtable_tests/hashtable_tests)
==9806==    by 0x1572EB: testing::TestInfo::Run() (in /work/hw-alamgir/hw6/hw6_stu_tests/hashtable_tests/hashtable_tests)
==9806==    by 0x1573C7: testing::TestSuite::Run() (in /work/hw-alamgir/hw6/hw6_stu_tests/hashtable_tests/hashtable_tests)
==9806==    by 0x157913: testing::internal::UnitTestImpl::RunAllTests() (in /work/hw-alamgir/hw6/hw6_stu_tests/hashtable_tests/hashtable_tests)
==9806==    by 0x1645AF: bool testing::internal::HandleExceptionsInMethodIfSupported<testing::internal::UnitTestImpl, bool>(testing::internal::UnitTestImpl*, bool (testing::internal::UnitTestImpl::*)(), char const*) (in /work/hw-alamgir/hw6/hw6_stu_tests/hashtable_tests/hashtable_tests)
==9806==    by 0x157B5B: testing::UnitTest::Run() (in /work/hw-alamgir/hw6/hw6_stu_tests/hashtable_tests/hashtable_tests)
==9806==    by 0x112C27: main (in /work/hw-alamgir/hw6/hw6_stu_tests/hashtable_tests/hashtable_tests)
==9806== 
==9806== Invalid read of size 1
==9806==    at 0x120464: HashTable<int, int, LinearProber<int>, IntHash2, std::equal_to<int> >::probe(int const&) const (ht.h:541)
==9806==    by 0x1238E3: HashTable<int, int, LinearProber<int>, IntHash2, std::equal_to<int> >::resize() (ht.h:501)
==9806==    by 0x11F343: HashTable<int, int, LinearProber<int>, IntHash2, std::equal_to<int> >::insert(std::pair<int, int> const&) (ht.h:363)
==9806==    by 0x1193AB: HashTable_StressInsertRemoveResizeLinear_Test::TestBody() (hashtable_tests.cpp:463)
==9806==    by 0x164017: void testing::internal::HandleExceptionsInMethodIfSupported<testing::Test, void>(testing::Test*, void (testing::Test::*)(), char const*) (in /work/hw-alamgir/hw6/hw6_stu_tests/hashtable_tests/hashtable_tests)
==9806==    by 0x157197: testing::Test::Run() (in /work/hw-alamgir/hw6/hw6_stu_tests/hashtable_tests/hashtable_tests)
==9806==    by 0x1572EB: testing::TestInfo::Run() (in /work/hw-alamgir/hw6/hw6_stu_tests/hashtable_tests/hashtable_tests)
==9806==    by 0x1573C7: testing::TestSuite::Run() (in /work/hw-alamgir/hw6/hw6_stu_tests/hashtable_tests/hashtable_tests)
==9806==    by 0x157913: testing::internal::UnitTestImpl::RunAllTests() (in /work/hw-alamgir/hw6/hw6_stu_tests/hashtable_tests/hashtable_tests)
==9806==    by 0x1645AF: bool testing::internal::HandleExceptionsInMethodIfSupported<testing::internal::UnitTestImpl, bool>(testing::internal::UnitTestImpl*, bool (testing::internal::UnitTestImpl::*)(), char const*) (in /work/hw-alamgir/hw6/hw6_stu_tests/hashtable_tests/hashtable_tests)
==9806==    by 0x157B5B: testing::UnitTest::Run() (in /work/hw-alamgir/hw6/hw6_stu_tests/hashtable_tests/hashtable_tests)
==9806==    by 0x112C27: main (in /work/hw-alamgir/hw6/hw6_stu_tests/hashtable_tests/hashtable_tests)
==9806==  Address 0x4ce49c8 is 8 bytes inside a block of size 12 free'd
==9806==    at 0x484B420: operator delete(void*) (in /usr/lib/aarch64-linux-gnu/valgrind/vgpreload_memcheck-arm64-linux.so)
==9806==    by 0x123793: HashTable<int, int, LinearProber<int>, IntHash2, std::equal_to<int> >::resize() (ht.h:483)
==9806==    by 0x11F343: HashTable<int, int, LinearProber<int>, IntHash2, std::equal_to<int> >::insert(std::pair<int, int> const&) (ht.h:363)
==9806==    by 0x1193AB: HashTable_StressInsertRemoveResizeLinear_Test::TestBody() (hashtable_tests.cpp:463)
==9806==    by 0x164017: void testing::internal::HandleExceptionsInMethodIfSupported<testing::Test, void>(testing::Test*, void (testing::Test::*)(), char const*) (in /work/hw-alamgir/hw6/hw6_stu_tests/hashtable_tests/hashtable_tests)
==9806==    by 0x157197: testing::Test::Run() (in /work/hw-alamgir/hw6/hw6_stu_tests/hashtable_tests/hashtable_tests)
==9806==    by 0x1572EB: testing::TestInfo::Run() (in /work/hw-alamgir/hw6/hw6_stu_tests/hashtable_tests/hashtable_tests)
==9806==    by 0x1573C7: testing::TestSuite::Run() (in /work/hw-alamgir/hw6/hw6_stu_tests/hashtable_tests/hashtable_tests)
==9806==    by 0x157913: testing::internal::UnitTestImpl::RunAllTests() (in /work/hw-alamgir/hw6/hw6_stu_tests/hashtable_tests/hashtable_tests)
==9806==    by 0x1645AF: bool testing::internal::HandleExceptionsInMethodIfSupported<testing::internal::UnitTestImpl, bool>(testing::internal::UnitTestImpl*, bool (testing::internal::UnitTestImpl::*)(), char const*) (in /work/hw-alamgir/hw6/hw6_stu_tests/hashtable_tests/hashtable_tests)
==9806==    by 0x157B5B: testing::UnitTest::Run() (in /work/hw-alamgir/hw6/hw6_stu_tests/hashtable_tests/hashtable_tests)
==9806==    by 0x112C27: main (in /work/hw-alamgir/hw6/hw6_stu_tests/hashtable_tests/hashtable_tests)
==9806==  Block was alloc'd at
==9806==    at 0x484A3C4: operator new(unsigned long) (in /usr/lib/aarch64-linux-gnu/valgrind/vgpreload_memcheck-arm64-linux.so)
==9806==    by 0x11F36B: HashTable<int, int, LinearProber<int>, IntHash2, std::equal_to<int> >::insert(std::pair<int, int> const&) (ht.h:369)
==9806==    by 0x11957F: HashTable_StressInsertRemoveResizeLinear_Test::TestBody() (hashtable_tests.cpp:472)
==9806==    by 0x164017: void testing::internal::HandleExceptionsInMethodIfSupported<testing::Test, void>(testing::Test*, void (testing::Test::*)(), char const*) (in /work/hw-alamgir/hw6/hw6_stu_tests/hashtable_tests/hashtable_tests)
==9806==    by 0x157197: testing::Test::Run() (in /work/hw-alamgir/hw6/hw6_stu_tests/hashtable_tests/hashtable_tests)
==9806==    by 0x1572EB: testing::TestInfo::Run() (in /work/hw-alamgir/hw6/hw6_stu_tests/hashtable_tests/hashtable_tests)
==9806==    by 0x1573C7: testing::TestSuite::Run() (in /work/hw-alamgir/hw6/hw6_stu_tests/hashtable_tests/hashtable_tests)
==9806==    by 0x157913: testing::internal::UnitTestImpl::RunAllTests() (in /work/hw-alamgir/hw6/hw6_stu_tests/hashtable_tests/hashtable_tests)
==9806==    by 0x1645AF: bool testing::internal::HandleExceptionsInMethodIfSupported<testing::internal::UnitTestImpl, bool>(testing::internal::UnitTestImpl*, bool (testing::internal::UnitTestImpl::*)(), char const*) (in /work/hw-alamgir/hw6/hw6_stu_tests/hashtable_tests/hashtable_tests)
==9806==    by 0x157B5B: testing::UnitTest::Run() (in /work/hw-alamgir/hw6/hw6_stu_tests/hashtable_tests/hashtable_tests)
==9806==    by 0x112C27: main (in /work/hw-alamgir/hw6/hw6_stu_tests/hashtable_tests/hashtable_tests)
==9806== 
==9806== 
==9806== Process terminating with default action of signal 11 (SIGSEGV)
==9806==  Access not within mapped region at address 0x8
==9806==    at 0x123838: HashTable<int, int, LinearProber<int>, IntHash2, std::equal_to<int> >::resize() (ht.h:494)
==9806==    by 0x11F343: HashTable<int, int, LinearProber<int>, IntHash2, std::equal_to<int> >::insert(std::pair<int, int> const&) (ht.h:363)
==9806==    by 0x1193AB: HashTable_StressInsertRemoveResizeLinear_Test::TestBody() (hashtable_tests.cpp:463)
==9806==    by 0x164017: void testing::internal::HandleExceptionsInMethodIfSupported<testing::Test, void>(testing::Test*, void (testing::Test::*)(), char const*) (in /work/hw-alamgir/hw6/hw6_stu_tests/hashtable_tests/hashtable_tests)
==9806==    by 0x157197: testing::Test::Run() (in /work/hw-alamgir/hw6/hw6_stu_tests/hashtable_tests/hashtable_tests)
==9806==    by 0x1572EB: testing::TestInfo::Run() (in /work/hw-alamgir/hw6/hw6_stu_tests/hashtable_tests/hashtable_tests)
==9806==    by 0x1573C7: testing::TestSuite::Run() (in /work/hw-alamgir/hw6/hw6_stu_tests/hashtable_tests/hashtable_tests)
==9806==    by 0x157913: testing::internal::UnitTestImpl::RunAllTests() (in /work/hw-alamgir/hw6/hw6_stu_tests/hashtable_tests/hashtable_tests)
==9806==    by 0x1645AF: bool testing::internal::HandleExceptionsInMethodIfSupported<testing::internal::UnitTestImpl, bool>(testing::internal::UnitTestImpl*, bool (testing::internal::UnitTestImpl::*)(), char const*) (in /work/hw-alamgir/hw6/hw6_stu_tests/hashtable_tests/hashtable_tests)
==9806==    by 0x157B5B: testing::UnitTest::Run() (in /work/hw-alamgir/hw6/hw6_stu_tests/hashtable_tests/hashtable_tests)
==9806==    by 0x112C27: main (in /work/hw-alamgir/hw6/hw6_stu_tests/hashtable_tests/hashtable_tests)
==9806==  If you believe this happened as a result of a stack
==9806==  overflow in your program's main thread (unlikely but
==9806==  possible), you can try to increase the size of the
==9806==  main thread stack using the --main-stacksize= flag.
==9806==  The main thread stack size used in this run was 8388608.
==9806== 
==9806== HEAP SUMMARY:
==9806==     in use at exit: 14,760 bytes in 131 blocks
==9806==   total heap usage: 728 allocs, 608 frees, 195,501 bytes allocated
==9806== 
==9806== 12 bytes in 1 blocks are definitely lost in loss record 29 of 116
==9806==    at 0x484A3C4: operator new(unsigned long) (in /usr/lib/aarch64-linux-gnu/valgrind/vgpreload_memcheck-arm64-linux.so)
==9806==    by 0x11F36B: HashTable<int, int, LinearProber<int>, IntHash2, std::equal_to<int> >::insert(std::pair<int, int> const&) (ht.h:369)
==9806==    by 0x119803: HashTable_StressInsertRemoveResizeLinear_Test::TestBody() (hashtable_tests.cpp:480)
==9806==    by 0x164017: void testing::internal::HandleExceptionsInMethodIfSupported<testing::Test, void>(testing::Test*, void (testing::Test::*)(), char const*) (in /work/hw-alamgir/hw6/hw6_stu_tests/hashtable_tests/hashtable_tests)
==9806==    by 0x157197: testing::Test::Run() (in /work/hw-alamgir/hw6/hw6_stu_tests/hashtable_tests/hashtable_tests)
==9806==    by 0x1572EB: testing::TestInfo::Run() (in /work/hw-alamgir/hw6/hw6_stu_tests/hashtable_tests/hashtable_tests)
==9806==    by 0x1573C7: testing::TestSuite::Run() (in /work/hw-alamgir/hw6/hw6_stu_tests/hashtable_tests/hashtable_tests)
==9806==    by 0x157913: testing::internal::UnitTestImpl::RunAllTests() (in /work/hw-alamgir/hw6/hw6_stu_tests/hashtable_tests/hashtable_tests)
==9806==    by 0x1645AF: bool testing::internal::HandleExceptionsInMethodIfSupported<testing::internal::UnitTestImpl, bool>(testing::internal::UnitTestImpl*, bool (testing::internal::UnitTestImpl::*)(), char const*) (in /work/hw-alamgir/hw6/hw6_stu_tests/hashtable_tests/hashtable_tests)
==9806==    by 0x157B5B: testing::UnitTest::Run() (in /work/hw-alamgir/hw6/hw6_stu_tests/hashtable_tests/hashtable_tests)
==9806==    by 0x112C27: main (in /work/hw-alamgir/hw6/hw6_stu_tests/hashtable_tests/hashtable_tests)
==9806== 
==9806== LEAK SUMMARY:
==9806==    definitely lost: 12 bytes in 1 blocks
==9806==    indirectly lost: 0 bytes in 0 blocks
==9806==      possibly lost: 0 bytes in 0 blocks
==9806==    still reachable: 14,748 bytes in 130 blocks
==9806==         suppressed: 0 bytes in 0 blocks
==9806== Reachable blocks (those to which a pointer was found) are not shown.
==9806== To see them, rerun with: --leak-check=full --show-leak-kinds=all
==9806== 
==9806== Use --track-origins=yes to see where uninitialised values come from
==9806== For lists of detected and suppressed errors, rerun with: -s
==9806== ERROR SUMMARY: 64 errors from 12 contexts (suppressed: 0 from 0)
<end of output>
Test time =   0.42 sec
----------------------------------------------------------
Test Failed.
"HashTable.StressInsertRemoveResizeLinear" end time: Apr 29 06:41 UTC
"HashTable.StressInsertRemoveResizeLinear" time elapsed: 00:00:00
----------------------------------------------------------

End testing: Apr 29 06:41 UTC
