Start testing: Apr 14 11:10 UTC
----------------------------------------------------------
1/21 Testing: Wordle.Empty
1/21 Test: Wordle.Empty
Command: "/usr/bin/valgrind" "--tool=memcheck" "--leak-check=yes" "--trace-children=no" "/work/hw-alamgir/hw5/hw5_stu_tests/wordle_tests/wordle_tests" "--gtest_filter=Wordle.Empty"
Directory: /work/hw-alamgir/hw5/hw5_stu_tests/wordle_tests
"Wordle.Empty" start time: Apr 14 11:10 UTC
Output:
----------------------------------------------------------
==2568== Memcheck, a memory error detector
==2568== Copyright (C) 2002-2017, and GNU GPL'd, by Julian Seward et al.
==2568== Using Valgrind-3.15.0 and LibVEX; rerun with -h for copyright info
==2568== Command: /work/hw-alamgir/hw5/hw5_stu_tests/wordle_tests/wordle_tests --gtest_filter=Wordle.Empty
==2568== 
Read 63247 words into dictionary.
Running main() from /build/googletest-K1TalW/googletest-1.10.0/googletest/src/gtest_main.cc
Note: Google Test filter = Wordle.Empty
[==========] Running 1 test from 1 test suite.
[----------] Global test environment set-up.
[----------] 1 test from Wordle
[ RUN      ] Wordle.Empty
[       OK ] Wordle.Empty (4 ms)
[----------] 1 test from Wordle (6 ms total)

[----------] Global test environment tear-down
[==========] 1 test from 1 test suite ran. (12 ms total)
[  PASSED  ] 1 test.
==2568== 
==2568== HEAP SUMMARY:
==2568==     in use at exit: 0 bytes in 0 blocks
==2568==   total heap usage: 63,758 allocs, 63,758 frees, 4,182,333 bytes allocated
==2568== 
==2568== All heap blocks were freed -- no leaks are possible
==2568== 
==2568== For lists of detected and suppressed errors, rerun with: -s
==2568== ERROR SUMMARY: 0 errors from 0 contexts (suppressed: 0 from 0)
<end of output>
Test time =   2.79 sec
----------------------------------------------------------
Test Passed.
"Wordle.Empty" end time: Apr 14 11:11 UTC
"Wordle.Empty" time elapsed: 00:00:02
----------------------------------------------------------

2/21 Testing: Wordle.NoSolutions
2/21 Test: Wordle.NoSolutions
Command: "/usr/bin/valgrind" "--tool=memcheck" "--leak-check=yes" "--trace-children=no" "/work/hw-alamgir/hw5/hw5_stu_tests/wordle_tests/wordle_tests" "--gtest_filter=Wordle.NoSolutions"
Directory: /work/hw-alamgir/hw5/hw5_stu_tests/wordle_tests
"Wordle.NoSolutions" start time: Apr 14 11:11 UTC
Output:
----------------------------------------------------------
==2569== Memcheck, a memory error detector
==2569== Copyright (C) 2002-2017, and GNU GPL'd, by Julian Seward et al.
==2569== Using Valgrind-3.15.0 and LibVEX; rerun with -h for copyright info
==2569== Command: /work/hw-alamgir/hw5/hw5_stu_tests/wordle_tests/wordle_tests --gtest_filter=Wordle.NoSolutions
==2569== 
Read 63247 words into dictionary.
Running main() from /build/googletest-K1TalW/googletest-1.10.0/googletest/src/gtest_main.cc
Note: Google Test filter = Wordle.NoSolutions
[==========] Running 1 test from 1 test suite.
[----------] Global test environment set-up.
[----------] 1 test from Wordle
[ RUN      ] Wordle.NoSolutions
[       OK ] Wordle.NoSolutions (9 ms)
[----------] 1 test from Wordle (11 ms total)

[----------] Global test environment tear-down
[==========] 1 test from 1 test suite ran. (17 ms total)
[  PASSED  ] 1 test.
==2569== 
==2569== HEAP SUMMARY:
==2569==     in use at exit: 0 bytes in 0 blocks
==2569==   total heap usage: 63,776 allocs, 63,776 frees, 4,182,809 bytes allocated
==2569== 
==2569== All heap blocks were freed -- no leaks are possible
==2569== 
==2569== For lists of detected and suppressed errors, rerun with: -s
==2569== ERROR SUMMARY: 0 errors from 0 contexts (suppressed: 0 from 0)
<end of output>
Test time =   2.80 sec
----------------------------------------------------------
Test Passed.
"Wordle.NoSolutions" end time: Apr 14 11:11 UTC
"Wordle.NoSolutions" time elapsed: 00:00:02
----------------------------------------------------------

3/21 Testing: Wordle.OneLetterUnconstrained
3/21 Test: Wordle.OneLetterUnconstrained
Command: "/usr/bin/valgrind" "--tool=memcheck" "--leak-check=yes" "--trace-children=no" "/work/hw-alamgir/hw5/hw5_stu_tests/wordle_tests/wordle_tests" "--gtest_filter=Wordle.OneLetterUnconstrained"
Directory: /work/hw-alamgir/hw5/hw5_stu_tests/wordle_tests
"Wordle.OneLetterUnconstrained" start time: Apr 14 11:11 UTC
Output:
----------------------------------------------------------
==2570== Memcheck, a memory error detector
==2570== Copyright (C) 2002-2017, and GNU GPL'd, by Julian Seward et al.
==2570== Using Valgrind-3.15.0 and LibVEX; rerun with -h for copyright info
==2570== Command: /work/hw-alamgir/hw5/hw5_stu_tests/wordle_tests/wordle_tests --gtest_filter=Wordle.OneLetterUnconstrained
==2570== 
Read 63247 words into dictionary.
Running main() from /build/googletest-K1TalW/googletest-1.10.0/googletest/src/gtest_main.cc
Note: Google Test filter = Wordle.OneLetterUnconstrained
[==========] Running 1 test from 1 test suite.
[----------] Global test environment set-up.
[----------] 1 test from Wordle
[ RUN      ] Wordle.OneLetterUnconstrained
/work/hw-alamgir/hw5/hw5_stu_tests/wordle_tests/wordle-tests.cpp:91: Failure
Value of: result
  Actual: false (
Did not find: a in actual results.
Did not find: b in actual results.
Did not find: c in actual results.
Did not find: d in actual results.
Did not find: e in actual results.
Did not find: f in actual results.
Did not find: g in actual results.
Did not find: h in actual results.
Did not find: i in actual results.
Did not find: j in actual results.
Did not find: k in actual results.
Did not find: l in actual results.
Did not find: m in actual results.
Did not find: n in actual results.
Did not find: o in actual results.
Did not find: p in actual results.
Did not find: q in actual results.
Did not find: r in actual results.
Did not find: s in actual results.
Did not find: t in actual results.
Did not find: u in actual results.
Did not find: v in actual results.
Did not find: w in actual results.
Did not find: x in actual results.
Did not find: y in actual results.
Did not find: z in actual results.
)
Expected: true
[  FAILED  ] Wordle.OneLetterUnconstrained (15 ms)
[----------] 1 test from Wordle (18 ms total)

[----------] Global test environment tear-down
[==========] 1 test from 1 test suite ran. (24 ms total)
[  PASSED  ] 0 tests.
[  FAILED  ] 1 test, listed below:
[  FAILED  ] Wordle.OneLetterUnconstrained

 1 FAILED TEST
==2570== 
==2570== HEAP SUMMARY:
==2570==     in use at exit: 0 bytes in 0 blocks
==2570==   total heap usage: 63,848 allocs, 63,848 frees, 4,220,977 bytes allocated
==2570== 
==2570== All heap blocks were freed -- no leaks are possible
==2570== 
==2570== For lists of detected and suppressed errors, rerun with: -s
==2570== ERROR SUMMARY: 0 errors from 0 contexts (suppressed: 0 from 0)
<end of output>
Test time =   2.85 sec
----------------------------------------------------------
Test Failed.
"Wordle.OneLetterUnconstrained" end time: Apr 14 11:11 UTC
"Wordle.OneLetterUnconstrained" time elapsed: 00:00:02
----------------------------------------------------------

4/21 Testing: Wordle.OneLetterConstrained
4/21 Test: Wordle.OneLetterConstrained
Command: "/usr/bin/valgrind" "--tool=memcheck" "--leak-check=yes" "--trace-children=no" "/work/hw-alamgir/hw5/hw5_stu_tests/wordle_tests/wordle_tests" "--gtest_filter=Wordle.OneLetterConstrained"
Directory: /work/hw-alamgir/hw5/hw5_stu_tests/wordle_tests
"Wordle.OneLetterConstrained" start time: Apr 14 11:11 UTC
Output:
----------------------------------------------------------
==2571== Memcheck, a memory error detector
==2571== Copyright (C) 2002-2017, and GNU GPL'd, by Julian Seward et al.
==2571== Using Valgrind-3.15.0 and LibVEX; rerun with -h for copyright info
==2571== Command: /work/hw-alamgir/hw5/hw5_stu_tests/wordle_tests/wordle_tests --gtest_filter=Wordle.OneLetterConstrained
==2571== 
Read 63247 words into dictionary.
Running main() from /build/googletest-K1TalW/googletest-1.10.0/googletest/src/gtest_main.cc
Note: Google Test filter = Wordle.OneLetterConstrained
[==========] Running 1 test from 1 test suite.
[----------] Global test environment set-up.
[----------] 1 test from Wordle
[ RUN      ] Wordle.OneLetterConstrained
/work/hw-alamgir/hw5/hw5_stu_tests/wordle_tests/wordle-tests.cpp:102: Failure
Value of: result
  Actual: false (
Did not find: i in actual results.
)
Expected: true
[  FAILED  ] Wordle.OneLetterConstrained (17 ms)
[----------] 1 test from Wordle (20 ms total)

[----------] Global test environment tear-down
[==========] 1 test from 1 test suite ran. (26 ms total)
[  PASSED  ] 0 tests.
[  FAILED  ] 1 test, listed below:
[  FAILED  ] Wordle.OneLetterConstrained

 1 FAILED TEST
==2571== 
==2571== HEAP SUMMARY:
==2571==     in use at exit: 0 bytes in 0 blocks
==2571==   total heap usage: 63,819 allocs, 63,819 frees, 4,191,194 bytes allocated
==2571== 
==2571== All heap blocks were freed -- no leaks are possible
==2571== 
==2571== For lists of detected and suppressed errors, rerun with: -s
==2571== ERROR SUMMARY: 0 errors from 0 contexts (suppressed: 0 from 0)
<end of output>
Test time =   2.90 sec
----------------------------------------------------------
Test Failed.
"Wordle.OneLetterConstrained" end time: Apr 14 11:11 UTC
"Wordle.OneLetterConstrained" time elapsed: 00:00:02
----------------------------------------------------------

5/21 Testing: Wordle.TwoLetterUnconstrained
5/21 Test: Wordle.TwoLetterUnconstrained
Command: "/usr/bin/valgrind" "--tool=memcheck" "--leak-check=yes" "--trace-children=no" "/work/hw-alamgir/hw5/hw5_stu_tests/wordle_tests/wordle_tests" "--gtest_filter=Wordle.TwoLetterUnconstrained"
Directory: /work/hw-alamgir/hw5/hw5_stu_tests/wordle_tests
"Wordle.TwoLetterUnconstrained" start time: Apr 14 11:11 UTC
Output:
----------------------------------------------------------
==2572== Memcheck, a memory error detector
==2572== Copyright (C) 2002-2017, and GNU GPL'd, by Julian Seward et al.
==2572== Using Valgrind-3.15.0 and LibVEX; rerun with -h for copyright info
==2572== Command: /work/hw-alamgir/hw5/hw5_stu_tests/wordle_tests/wordle_tests --gtest_filter=Wordle.TwoLetterUnconstrained
==2572== 
Read 63247 words into dictionary.
Running main() from /build/googletest-K1TalW/googletest-1.10.0/googletest/src/gtest_main.cc
Note: Google Test filter = Wordle.TwoLetterUnconstrained
[==========] Running 1 test from 1 test suite.
[----------] Global test environment set-up.
[----------] 1 test from Wordle
[ RUN      ] Wordle.TwoLetterUnconstrained
/work/hw-alamgir/hw5/hw5_stu_tests/wordle_tests/wordle-tests.cpp:125: Failure
Value of: result
  Actual: false (
Did not find: ad in actual results.
Did not find: ah in actual results.
Did not find: am in actual results.
Did not find: an in actual results.
Did not find: as in actual results.
Did not find: at in actual results.
Did not find: ax in actual results.
Did not find: ay in actual results.
Did not find: be in actual results.
Did not find: by in actual results.
Did not find: cs in actual results.
Did not find: do in actual results.
Did not find: eh in actual results.
Did not find: em in actual results.
Did not find: es in actual results.
Did not find: ex in actual results.
Did not find: fa in actual results.
Did not find: go in actual results.
Did not find: gs in actual results.
Did not find: ha in actual results.
Did not find: he in actual results.
Did not find: hi in actual results.
Did not find: ho in actual results.
Did not find: id in actual results.
Did not find: if in actual results.
Did not find: in in actual results.
Did not find: is in actual results.
Did not find: it in actual results.
Did not find: ks in actual results.
Did not find: la in actual results.
Did not find: lo in actual results.
Did not find: ls in actual results.
Did not find: ma in actual results.
Did not find: me in actual results.
Did not find: mi in actual results.
Did not find: ms in actual results.
Did not find: mu in actual results.
Did not find: my in actual results.
Did not find: no in actual results.
Did not find: nu in actual results.
Did not find: of in actual results.
Did not find: oh in actual results.
Did not find: on in actual results.
Did not find: or in actual results.
Did not find: ow in actual results.
Did not find: ox in actual results.
Did not find: pa in actual results.
Did not find: pi in actual results.
Did not find: re in actual results.
Did not find: rs in actual results.
Did not find: sh in actual results.
Did not find: so in actual results.
Did not find: ti in actual results.
Did not find: to in actual results.
Did not find: ts in actual results.
Did not find: uh in actual results.
Did not find: um in actual results.
Did not find: up in actual results.
Did not find: us in actual results.
Did not find: we in actual results.
Did not find: ye in actual results.
Did not find: yo in actual results.
)
Expected: true
[  FAILED  ] Wordle.TwoLetterUnconstrained (29 ms)
[----------] 1 test from Wordle (31 ms total)

[----------] Global test environment tear-down
[==========] 1 test from 1 test suite ran. (37 ms total)
[  PASSED  ] 0 tests.
[  FAILED  ] 1 test, listed below:
[  FAILED  ] Wordle.TwoLetterUnconstrained

 1 FAILED TEST
==2572== 
==2572== HEAP SUMMARY:
==2572==     in use at exit: 0 bytes in 0 blocks
==2572==   total heap usage: 63,893 allocs, 63,893 frees, 4,283,693 bytes allocated
==2572== 
==2572== All heap blocks were freed -- no leaks are possible
==2572== 
==2572== For lists of detected and suppressed errors, rerun with: -s
==2572== ERROR SUMMARY: 0 errors from 0 contexts (suppressed: 0 from 0)
<end of output>
Test time =   2.92 sec
----------------------------------------------------------
Test Failed.
"Wordle.TwoLetterUnconstrained" end time: Apr 14 11:11 UTC
"Wordle.TwoLetterUnconstrained" time elapsed: 00:00:02
----------------------------------------------------------

6/21 Testing: Wordle.TwoLetterConstrained
6/21 Test: Wordle.TwoLetterConstrained
Command: "/usr/bin/valgrind" "--tool=memcheck" "--leak-check=yes" "--trace-children=no" "/work/hw-alamgir/hw5/hw5_stu_tests/wordle_tests/wordle_tests" "--gtest_filter=Wordle.TwoLetterConstrained"
Directory: /work/hw-alamgir/hw5/hw5_stu_tests/wordle_tests
"Wordle.TwoLetterConstrained" start time: Apr 14 11:11 UTC
Output:
----------------------------------------------------------
==2573== Memcheck, a memory error detector
==2573== Copyright (C) 2002-2017, and GNU GPL'd, by Julian Seward et al.
==2573== Using Valgrind-3.15.0 and LibVEX; rerun with -h for copyright info
==2573== Command: /work/hw-alamgir/hw5/hw5_stu_tests/wordle_tests/wordle_tests --gtest_filter=Wordle.TwoLetterConstrained
==2573== 
Read 63247 words into dictionary.
Running main() from /build/googletest-K1TalW/googletest-1.10.0/googletest/src/gtest_main.cc
Note: Google Test filter = Wordle.TwoLetterConstrained
[==========] Running 1 test from 1 test suite.
[----------] Global test environment set-up.
[----------] 1 test from Wordle
[ RUN      ] Wordle.TwoLetterConstrained
/work/hw-alamgir/hw5/hw5_stu_tests/wordle_tests/wordle-tests.cpp:148: Failure
Value of: result
  Actual: false (
Did not find: ad in actual results.
Did not find: ah in actual results.
Did not find: am in actual results.
Did not find: an in actual results.
Did not find: as in actual results.
Did not find: at in actual results.
Did not find: ax in actual results.
Did not find: ay in actual results.
Did not find: fa in actual results.
Did not find: ha in actual results.
Did not find: la in actual results.
Did not find: ma in actual results.
Did not find: pa in actual results.
)
Expected: true
[  FAILED  ] Wordle.TwoLetterConstrained (19 ms)
[----------] 1 test from Wordle (21 ms total)

[----------] Global test environment tear-down
[==========] 1 test from 1 test suite ran. (28 ms total)
[  PASSED  ] 0 tests.
[  FAILED  ] 1 test, listed below:
[  FAILED  ] Wordle.TwoLetterConstrained

 1 FAILED TEST
==2573== 
==2573== HEAP SUMMARY:
==2573==     in use at exit: 0 bytes in 0 blocks
==2573==   total heap usage: 63,834 allocs, 63,834 frees, 4,205,429 bytes allocated
==2573== 
==2573== All heap blocks were freed -- no leaks are possible
==2573== 
==2573== For lists of detected and suppressed errors, rerun with: -s
==2573== ERROR SUMMARY: 0 errors from 0 contexts (suppressed: 0 from 0)
<end of output>
Test time =   2.91 sec
----------------------------------------------------------
Test Failed.
"Wordle.TwoLetterConstrained" end time: Apr 14 11:11 UTC
"Wordle.TwoLetterConstrained" time elapsed: 00:00:02
----------------------------------------------------------

7/21 Testing: Wordle.ThreeLetterFull
7/21 Test: Wordle.ThreeLetterFull
Command: "/usr/bin/valgrind" "--tool=memcheck" "--leak-check=yes" "--trace-children=no" "/work/hw-alamgir/hw5/hw5_stu_tests/wordle_tests/wordle_tests" "--gtest_filter=Wordle.ThreeLetterFull"
Directory: /work/hw-alamgir/hw5/hw5_stu_tests/wordle_tests
"Wordle.ThreeLetterFull" start time: Apr 14 11:11 UTC
Output:
----------------------------------------------------------
==2574== Memcheck, a memory error detector
==2574== Copyright (C) 2002-2017, and GNU GPL'd, by Julian Seward et al.
==2574== Using Valgrind-3.15.0 and LibVEX; rerun with -h for copyright info
==2574== Command: /work/hw-alamgir/hw5/hw5_stu_tests/wordle_tests/wordle_tests --gtest_filter=Wordle.ThreeLetterFull
==2574== 
Read 63247 words into dictionary.
Running main() from /build/googletest-K1TalW/googletest-1.10.0/googletest/src/gtest_main.cc
Note: Google Test filter = Wordle.ThreeLetterFull
[==========] Running 1 test from 1 test suite.
[----------] Global test environment set-up.
[----------] 1 test from Wordle
[ RUN      ] Wordle.ThreeLetterFull
/work/hw-alamgir/hw5/hw5_stu_tests/wordle_tests/wordle-tests.cpp:159: Failure
Value of: result
  Actual: false (
Did not find: her in actual results.
)
Expected: true
[  FAILED  ] Wordle.ThreeLetterFull (15 ms)
[----------] 1 test from Wordle (16 ms total)

[----------] Global test environment tear-down
[==========] 1 test from 1 test suite ran. (22 ms total)
[  PASSED  ] 0 tests.
[  FAILED  ] 1 test, listed below:
[  FAILED  ] Wordle.ThreeLetterFull

 1 FAILED TEST
==2574== 
==2574== HEAP SUMMARY:
==2574==     in use at exit: 0 bytes in 0 blocks
==2574==   total heap usage: 63,817 allocs, 63,817 frees, 4,191,205 bytes allocated
==2574== 
==2574== All heap blocks were freed -- no leaks are possible
==2574== 
==2574== For lists of detected and suppressed errors, rerun with: -s
==2574== ERROR SUMMARY: 0 errors from 0 contexts (suppressed: 0 from 0)
<end of output>
Test time =   2.88 sec
----------------------------------------------------------
Test Failed.
"Wordle.ThreeLetterFull" end time: Apr 14 11:11 UTC
"Wordle.ThreeLetterFull" time elapsed: 00:00:02
----------------------------------------------------------

8/21 Testing: Wordle.OneOption
8/21 Test: Wordle.OneOption
Command: "/usr/bin/valgrind" "--tool=memcheck" "--leak-check=yes" "--trace-children=no" "/work/hw-alamgir/hw5/hw5_stu_tests/wordle_tests/wordle_tests" "--gtest_filter=Wordle.OneOption"
Directory: /work/hw-alamgir/hw5/hw5_stu_tests/wordle_tests
"Wordle.OneOption" start time: Apr 14 11:11 UTC
Output:
----------------------------------------------------------
==2575== Memcheck, a memory error detector
==2575== Copyright (C) 2002-2017, and GNU GPL'd, by Julian Seward et al.
==2575== Using Valgrind-3.15.0 and LibVEX; rerun with -h for copyright info
==2575== Command: /work/hw-alamgir/hw5/hw5_stu_tests/wordle_tests/wordle_tests --gtest_filter=Wordle.OneOption
==2575== 
Read 63247 words into dictionary.
Running main() from /build/googletest-K1TalW/googletest-1.10.0/googletest/src/gtest_main.cc
Note: Google Test filter = Wordle.OneOption
[==========] Running 1 test from 1 test suite.
[----------] Global test environment set-up.
[----------] 1 test from Wordle
[ RUN      ] Wordle.OneOption
/work/hw-alamgir/hw5/hw5_stu_tests/wordle_tests/wordle-tests.cpp:170: Failure
Value of: result
  Actual: false (
Did not find: her in actual results.
)
Expected: true
[  FAILED  ] Wordle.OneOption (18 ms)
[----------] 1 test from Wordle (20 ms total)

[----------] Global test environment tear-down
[==========] 1 test from 1 test suite ran. (27 ms total)
[  PASSED  ] 0 tests.
[  FAILED  ] 1 test, listed below:
[  FAILED  ] Wordle.OneOption

 1 FAILED TEST
==2575== 
==2575== HEAP SUMMARY:
==2575==     in use at exit: 0 bytes in 0 blocks
==2575==   total heap usage: 63,819 allocs, 63,819 frees, 4,191,165 bytes allocated
==2575== 
==2575== All heap blocks were freed -- no leaks are possible
==2575== 
==2575== For lists of detected and suppressed errors, rerun with: -s
==2575== ERROR SUMMARY: 0 errors from 0 contexts (suppressed: 0 from 0)
<end of output>
Test time =   3.09 sec
----------------------------------------------------------
Test Failed.
"Wordle.OneOption" end time: Apr 14 11:11 UTC
"Wordle.OneOption" time elapsed: 00:00:03
----------------------------------------------------------

9/21 Testing: Wordle.Nominal1
9/21 Test: Wordle.Nominal1
Command: "/usr/bin/valgrind" "--tool=memcheck" "--leak-check=yes" "--trace-children=no" "/work/hw-alamgir/hw5/hw5_stu_tests/wordle_tests/wordle_tests" "--gtest_filter=Wordle.Nominal1"
Directory: /work/hw-alamgir/hw5/hw5_stu_tests/wordle_tests
"Wordle.Nominal1" start time: Apr 14 11:11 UTC
Output:
----------------------------------------------------------
==2576== Memcheck, a memory error detector
==2576== Copyright (C) 2002-2017, and GNU GPL'd, by Julian Seward et al.
==2576== Using Valgrind-3.15.0 and LibVEX; rerun with -h for copyright info
==2576== Command: /work/hw-alamgir/hw5/hw5_stu_tests/wordle_tests/wordle_tests --gtest_filter=Wordle.Nominal1
==2576== 
Read 63247 words into dictionary.
Running main() from /build/googletest-K1TalW/googletest-1.10.0/googletest/src/gtest_main.cc
Note: Google Test filter = Wordle.Nominal1
[==========] Running 1 test from 1 test suite.
[----------] Global test environment set-up.
[----------] 1 test from Wordle
[ RUN      ] Wordle.Nominal1
/work/hw-alamgir/hw5/hw5_stu_tests/wordle_tests/wordle-tests.cpp:181: Failure
Value of: result
  Actual: false (
Did not find: corrosion in actual results.
Did not find: recursion in actual results.
)
Expected: true
[  FAILED  ] Wordle.Nominal1 (32845 ms)
[----------] 1 test from Wordle (32846 ms total)

[----------] Global test environment tear-down
[==========] 1 test from 1 test suite ran. (32852 ms total)
[  PASSED  ] 0 tests.
[  FAILED  ] 1 test, listed below:
[  FAILED  ] Wordle.Nominal1

 1 FAILED TEST
==2576== 
==2576== HEAP SUMMARY:
==2576==     in use at exit: 0 bytes in 0 blocks
==2576==   total heap usage: 213,945 allocs, 213,945 frees, 4,347,270 bytes allocated
==2576== 
==2576== All heap blocks were freed -- no leaks are possible
==2576== 
==2576== For lists of detected and suppressed errors, rerun with: -s
==2576== ERROR SUMMARY: 0 errors from 0 contexts (suppressed: 0 from 0)
<end of output>
Test time =  35.76 sec
----------------------------------------------------------
Test Failed.
"Wordle.Nominal1" end time: Apr 14 11:11 UTC
"Wordle.Nominal1" time elapsed: 00:00:35
----------------------------------------------------------

10/21 Testing: Wordle.Nominal2
10/21 Test: Wordle.Nominal2
Command: "/usr/bin/valgrind" "--tool=memcheck" "--leak-check=yes" "--trace-children=no" "/work/hw-alamgir/hw5/hw5_stu_tests/wordle_tests/wordle_tests" "--gtest_filter=Wordle.Nominal2"
Directory: /work/hw-alamgir/hw5/hw5_stu_tests/wordle_tests
"Wordle.Nominal2" start time: Apr 14 11:11 UTC
Output:
----------------------------------------------------------
==2577== Memcheck, a memory error detector
==2577== Copyright (C) 2002-2017, and GNU GPL'd, by Julian Seward et al.
==2577== Using Valgrind-3.15.0 and LibVEX; rerun with -h for copyright info
==2577== Command: /work/hw-alamgir/hw5/hw5_stu_tests/wordle_tests/wordle_tests --gtest_filter=Wordle.Nominal2
==2577== 
Read 63247 words into dictionary.
Running main() from /build/googletest-K1TalW/googletest-1.10.0/googletest/src/gtest_main.cc
Note: Google Test filter = Wordle.Nominal2
[==========] Running 1 test from 1 test suite.
[----------] Global test environment set-up.
[----------] 1 test from Wordle
[ RUN      ] Wordle.Nominal2
/work/hw-alamgir/hw5/hw5_stu_tests/wordle_tests/wordle-tests.cpp:193: Failure
Value of: result
  Actual: false (
Did not find: patent in actual results.
Did not find: patted in actual results.
Did not find: patter in actual results.
)
Expected: true
[  FAILED  ] Wordle.Nominal2 (6658 ms)
[----------] 1 test from Wordle (6660 ms total)

[----------] Global test environment tear-down
[==========] 1 test from 1 test suite ran. (6666 ms total)
[  PASSED  ] 0 tests.
[  FAILED  ] 1 test, listed below:
[  FAILED  ] Wordle.Nominal2

 1 FAILED TEST
==2577== 
==2577== HEAP SUMMARY:
==2577==     in use at exit: 0 bytes in 0 blocks
==2577==   total heap usage: 229,799 allocs, 229,799 frees, 4,366,077 bytes allocated
==2577== 
==2577== All heap blocks were freed -- no leaks are possible
==2577== 
==2577== For lists of detected and suppressed errors, rerun with: -s
==2577== ERROR SUMMARY: 0 errors from 0 contexts (suppressed: 0 from 0)
<end of output>
Test time =   9.49 sec
----------------------------------------------------------
Test Failed.
"Wordle.Nominal2" end time: Apr 14 11:12 UTC
"Wordle.Nominal2" time elapsed: 00:00:09
----------------------------------------------------------

11/21 Testing: Wordle.Nominal3
11/21 Test: Wordle.Nominal3
Command: "/usr/bin/valgrind" "--tool=memcheck" "--leak-check=yes" "--trace-children=no" "/work/hw-alamgir/hw5/hw5_stu_tests/wordle_tests/wordle_tests" "--gtest_filter=Wordle.Nominal3"
Directory: /work/hw-alamgir/hw5/hw5_stu_tests/wordle_tests
"Wordle.Nominal3" start time: Apr 14 11:12 UTC
Output:
----------------------------------------------------------
==2578== Memcheck, a memory error detector
==2578== Copyright (C) 2002-2017, and GNU GPL'd, by Julian Seward et al.
==2578== Using Valgrind-3.15.0 and LibVEX; rerun with -h for copyright info
==2578== Command: /work/hw-alamgir/hw5/hw5_stu_tests/wordle_tests/wordle_tests --gtest_filter=Wordle.Nominal3
==2578== 
Read 63247 words into dictionary.
Running main() from /build/googletest-K1TalW/googletest-1.10.0/googletest/src/gtest_main.cc
Note: Google Test filter = Wordle.Nominal3
[==========] Running 1 test from 1 test suite.
[----------] Global test environment set-up.
[----------] 1 test from Wordle
[ RUN      ] Wordle.Nominal3
/work/hw-alamgir/hw5/hw5_stu_tests/wordle_tests/wordle-tests.cpp:231: Failure
Value of: result
  Actual: false (
Did not find: boars in actual results.
Did not find: boast in actual results.
Did not find: boats in actual results.
Did not find: coals in actual results.
Did not find: coast in actual results.
Did not find: coats in actual results.
Did not find: foals in actual results.
Did not find: foams in actual results.
Did not find: goads in actual results.
Did not find: goals in actual results.
Did not find: goats in actual results.
Did not find: loads in actual results.
Did not find: loafs in actual results.
Did not find: loans in actual results.
Did not find: moans in actual results.
Did not find: moats in actual results.
Did not find: roads in actual results.
Did not find: roams in actual results.
Did not find: roans in actual results.
Did not find: roars in actual results.
Did not find: roast in actual results.
Did not find: soaks in actual results.
Did not find: soaps in actual results.
Did not find: soapy in actual results.
Did not find: soars in actual results.
Did not find: toads in actual results.
Did not find: toast in actual results.
)
Expected: true
[  FAILED  ] Wordle.Nominal3 (9747 ms)
[----------] 1 test from Wordle (9749 ms total)

[----------] Global test environment tear-down
[==========] 1 test from 1 test suite ran. (9755 ms total)
[  PASSED  ] 0 tests.
[  FAILED  ] 1 test, listed below:
[  FAILED  ] Wordle.Nominal3

 1 FAILED TEST
==2578== 
==2578== HEAP SUMMARY:
==2578==     in use at exit: 0 bytes in 0 blocks
==2578==   total heap usage: 174,991 allocs, 174,991 frees, 4,343,292 bytes allocated
==2578== 
==2578== All heap blocks were freed -- no leaks are possible
==2578== 
==2578== For lists of detected and suppressed errors, rerun with: -s
==2578== ERROR SUMMARY: 0 errors from 0 contexts (suppressed: 0 from 0)
<end of output>
Test time =  12.56 sec
----------------------------------------------------------
Test Failed.
"Wordle.Nominal3" end time: Apr 14 11:12 UTC
"Wordle.Nominal3" time elapsed: 00:00:12
----------------------------------------------------------

12/21 Testing: Wordle.Long
12/21 Test: Wordle.Long
Command: "/usr/bin/valgrind" "--tool=memcheck" "--leak-check=yes" "--trace-children=no" "/work/hw-alamgir/hw5/hw5_stu_tests/wordle_tests/wordle_tests" "--gtest_filter=Wordle.Long"
Directory: /work/hw-alamgir/hw5/hw5_stu_tests/wordle_tests
"Wordle.Long" start time: Apr 14 11:12 UTC
Output:
----------------------------------------------------------
==2579== Memcheck, a memory error detector
==2579== Copyright (C) 2002-2017, and GNU GPL'd, by Julian Seward et al.
==2579== Using Valgrind-3.15.0 and LibVEX; rerun with -h for copyright info
==2579== Command: /work/hw-alamgir/hw5/hw5_stu_tests/wordle_tests/wordle_tests --gtest_filter=Wordle.Long
==2579== 
Read 63247 words into dictionary.
Running main() from /build/googletest-K1TalW/googletest-1.10.0/googletest/src/gtest_main.cc
Note: Google Test filter = Wordle.Long
[==========] Running 1 test from 1 test suite.
[----------] Global test environment set-up.
[----------] 1 test from Wordle
[ RUN      ] Wordle.Long
<end of output>
Test time = 100.02 sec
----------------------------------------------------------
Test Failed.
"Wordle.Long" end time: Apr 14 11:14 UTC
"Wordle.Long" time elapsed: 00:01:40
----------------------------------------------------------

13/21 Testing: Schedule.SimpleSol1
13/21 Test: Schedule.SimpleSol1
Command: "/usr/bin/valgrind" "--tool=memcheck" "--leak-check=yes" "--trace-children=no" "/work/hw-alamgir/hw5/hw5_stu_tests/schedwork_tests/schedwork_tests" "--gtest_filter=Schedule.SimpleSol1"
Directory: /work/hw-alamgir/hw5/hw5_stu_tests/schedwork_tests
"Schedule.SimpleSol1" start time: Apr 14 11:14 UTC
Output:
----------------------------------------------------------
==2580== Memcheck, a memory error detector
==2580== Copyright (C) 2002-2017, and GNU GPL'd, by Julian Seward et al.
==2580== Using Valgrind-3.15.0 and LibVEX; rerun with -h for copyright info
==2580== Command: /work/hw-alamgir/hw5/hw5_stu_tests/schedwork_tests/schedwork_tests --gtest_filter=Schedule.SimpleSol1
==2580== 
Running main() from /build/googletest-K1TalW/googletest-1.10.0/googletest/src/gtest_main.cc
Note: Google Test filter = Schedule.SimpleSol1
[==========] Running 1 test from 1 test suite.
[----------] Global test environment set-up.
[----------] 1 test from Schedule
[ RUN      ] Schedule.SimpleSol1
/work/hw-alamgir/hw5/hw5_stu_tests/schedwork_tests/schedwork-tests.cpp:130: Failure
Value of: result
  Actual: false (For availability:
1 
1 
1 

Error in schedule:

Mismatch with boolean return result (expected: 1 / actual: 0)
)
Expected: true
[  FAILED  ] Schedule.SimpleSol1 (20 ms)
[----------] 1 test from Schedule (22 ms total)

[----------] Global test environment tear-down
[==========] 1 test from 1 test suite ran. (30 ms total)
[  PASSED  ] 0 tests.
[  FAILED  ] 1 test, listed below:
[  FAILED  ] Schedule.SimpleSol1

 1 FAILED TEST
==2580== 
==2580== HEAP SUMMARY:
==2580==     in use at exit: 0 bytes in 0 blocks
==2580==   total heap usage: 318 allocs, 318 frees, 130,944 bytes allocated
==2580== 
==2580== All heap blocks were freed -- no leaks are possible
==2580== 
==2580== For lists of detected and suppressed errors, rerun with: -s
==2580== ERROR SUMMARY: 0 errors from 0 contexts (suppressed: 0 from 0)
<end of output>
Test time =   0.50 sec
----------------------------------------------------------
Test Failed.
"Schedule.SimpleSol1" end time: Apr 14 11:14 UTC
"Schedule.SimpleSol1" time elapsed: 00:00:00
----------------------------------------------------------

14/21 Testing: Schedule.SimpleNoSolMaxShifts
14/21 Test: Schedule.SimpleNoSolMaxShifts
Command: "/usr/bin/valgrind" "--tool=memcheck" "--leak-check=yes" "--trace-children=no" "/work/hw-alamgir/hw5/hw5_stu_tests/schedwork_tests/schedwork_tests" "--gtest_filter=Schedule.SimpleNoSolMaxShifts"
Directory: /work/hw-alamgir/hw5/hw5_stu_tests/schedwork_tests
"Schedule.SimpleNoSolMaxShifts" start time: Apr 14 11:14 UTC
Output:
----------------------------------------------------------
==2581== Memcheck, a memory error detector
==2581== Copyright (C) 2002-2017, and GNU GPL'd, by Julian Seward et al.
==2581== Using Valgrind-3.15.0 and LibVEX; rerun with -h for copyright info
==2581== Command: /work/hw-alamgir/hw5/hw5_stu_tests/schedwork_tests/schedwork_tests --gtest_filter=Schedule.SimpleNoSolMaxShifts
==2581== 
Running main() from /build/googletest-K1TalW/googletest-1.10.0/googletest/src/gtest_main.cc
Note: Google Test filter = Schedule.SimpleNoSolMaxShifts
[==========] Running 1 test from 1 test suite.
[----------] Global test environment set-up.
[----------] 1 test from Schedule
[ RUN      ] Schedule.SimpleNoSolMaxShifts
[       OK ] Schedule.SimpleNoSolMaxShifts (11 ms)
[----------] 1 test from Schedule (13 ms total)

[----------] Global test environment tear-down
[==========] 1 test from 1 test suite ran. (21 ms total)
[  PASSED  ] 1 test.
==2581== 
==2581== HEAP SUMMARY:
==2581==     in use at exit: 0 bytes in 0 blocks
==2581==   total heap usage: 274 allocs, 274 frees, 120,922 bytes allocated
==2581== 
==2581== All heap blocks were freed -- no leaks are possible
==2581== 
==2581== For lists of detected and suppressed errors, rerun with: -s
==2581== ERROR SUMMARY: 0 errors from 0 contexts (suppressed: 0 from 0)
<end of output>
Test time =   0.43 sec
----------------------------------------------------------
Test Passed.
"Schedule.SimpleNoSolMaxShifts" end time: Apr 14 11:14 UTC
"Schedule.SimpleNoSolMaxShifts" time elapsed: 00:00:00
----------------------------------------------------------

15/21 Testing: Schedule.SimpleNoSolNoAvail1
15/21 Test: Schedule.SimpleNoSolNoAvail1
Command: "/usr/bin/valgrind" "--tool=memcheck" "--leak-check=yes" "--trace-children=no" "/work/hw-alamgir/hw5/hw5_stu_tests/schedwork_tests/schedwork_tests" "--gtest_filter=Schedule.SimpleNoSolNoAvail1"
Directory: /work/hw-alamgir/hw5/hw5_stu_tests/schedwork_tests
"Schedule.SimpleNoSolNoAvail1" start time: Apr 14 11:14 UTC
Output:
----------------------------------------------------------
==2582== Memcheck, a memory error detector
==2582== Copyright (C) 2002-2017, and GNU GPL'd, by Julian Seward et al.
==2582== Using Valgrind-3.15.0 and LibVEX; rerun with -h for copyright info
==2582== Command: /work/hw-alamgir/hw5/hw5_stu_tests/schedwork_tests/schedwork_tests --gtest_filter=Schedule.SimpleNoSolNoAvail1
==2582== 
Running main() from /build/googletest-K1TalW/googletest-1.10.0/googletest/src/gtest_main.cc
Note: Google Test filter = Schedule.SimpleNoSolNoAvail1
[==========] Running 1 test from 1 test suite.
[----------] Global test environment set-up.
[----------] 1 test from Schedule
[ RUN      ] Schedule.SimpleNoSolNoAvail1
[       OK ] Schedule.SimpleNoSolNoAvail1 (11 ms)
[----------] 1 test from Schedule (13 ms total)

[----------] Global test environment tear-down
[==========] 1 test from 1 test suite ran. (21 ms total)
[  PASSED  ] 1 test.
==2582== 
==2582== HEAP SUMMARY:
==2582==     in use at exit: 0 bytes in 0 blocks
==2582==   total heap usage: 274 allocs, 274 frees, 120,915 bytes allocated
==2582== 
==2582== All heap blocks were freed -- no leaks are possible
==2582== 
==2582== For lists of detected and suppressed errors, rerun with: -s
==2582== ERROR SUMMARY: 0 errors from 0 contexts (suppressed: 0 from 0)
<end of output>
Test time =   0.43 sec
----------------------------------------------------------
Test Passed.
"Schedule.SimpleNoSolNoAvail1" end time: Apr 14 11:14 UTC
"Schedule.SimpleNoSolNoAvail1" time elapsed: 00:00:00
----------------------------------------------------------

16/21 Testing: Schedule.SimpleNoSolNoAvail2
16/21 Test: Schedule.SimpleNoSolNoAvail2
Command: "/usr/bin/valgrind" "--tool=memcheck" "--leak-check=yes" "--trace-children=no" "/work/hw-alamgir/hw5/hw5_stu_tests/schedwork_tests/schedwork_tests" "--gtest_filter=Schedule.SimpleNoSolNoAvail2"
Directory: /work/hw-alamgir/hw5/hw5_stu_tests/schedwork_tests
"Schedule.SimpleNoSolNoAvail2" start time: Apr 14 11:14 UTC
Output:
----------------------------------------------------------
==2583== Memcheck, a memory error detector
==2583== Copyright (C) 2002-2017, and GNU GPL'd, by Julian Seward et al.
==2583== Using Valgrind-3.15.0 and LibVEX; rerun with -h for copyright info
==2583== Command: /work/hw-alamgir/hw5/hw5_stu_tests/schedwork_tests/schedwork_tests --gtest_filter=Schedule.SimpleNoSolNoAvail2
==2583== 
Running main() from /build/googletest-K1TalW/googletest-1.10.0/googletest/src/gtest_main.cc
Note: Google Test filter = Schedule.SimpleNoSolNoAvail2
[==========] Running 1 test from 1 test suite.
[----------] Global test environment set-up.
[----------] 1 test from Schedule
[ RUN      ] Schedule.SimpleNoSolNoAvail2
[       OK ] Schedule.SimpleNoSolNoAvail2 (11 ms)
[----------] 1 test from Schedule (12 ms total)

[----------] Global test environment tear-down
[==========] 1 test from 1 test suite ran. (20 ms total)
[  PASSED  ] 1 test.
==2583== 
==2583== HEAP SUMMARY:
==2583==     in use at exit: 0 bytes in 0 blocks
==2583==   total heap usage: 274 allocs, 274 frees, 120,915 bytes allocated
==2583== 
==2583== All heap blocks were freed -- no leaks are possible
==2583== 
==2583== For lists of detected and suppressed errors, rerun with: -s
==2583== ERROR SUMMARY: 0 errors from 0 contexts (suppressed: 0 from 0)
<end of output>
Test time =   0.42 sec
----------------------------------------------------------
Test Passed.
"Schedule.SimpleNoSolNoAvail2" end time: Apr 14 11:14 UTC
"Schedule.SimpleNoSolNoAvail2" time elapsed: 00:00:00
----------------------------------------------------------

17/21 Testing: Schedule.SimpleNoSolNoAvail3
17/21 Test: Schedule.SimpleNoSolNoAvail3
Command: "/usr/bin/valgrind" "--tool=memcheck" "--leak-check=yes" "--trace-children=no" "/work/hw-alamgir/hw5/hw5_stu_tests/schedwork_tests/schedwork_tests" "--gtest_filter=Schedule.SimpleNoSolNoAvail3"
Directory: /work/hw-alamgir/hw5/hw5_stu_tests/schedwork_tests
"Schedule.SimpleNoSolNoAvail3" start time: Apr 14 11:14 UTC
Output:
----------------------------------------------------------
==2584== Memcheck, a memory error detector
==2584== Copyright (C) 2002-2017, and GNU GPL'd, by Julian Seward et al.
==2584== Using Valgrind-3.15.0 and LibVEX; rerun with -h for copyright info
==2584== Command: /work/hw-alamgir/hw5/hw5_stu_tests/schedwork_tests/schedwork_tests --gtest_filter=Schedule.SimpleNoSolNoAvail3
==2584== 
Running main() from /build/googletest-K1TalW/googletest-1.10.0/googletest/src/gtest_main.cc
Note: Google Test filter = Schedule.SimpleNoSolNoAvail3
[==========] Running 1 test from 1 test suite.
[----------] Global test environment set-up.
[----------] 1 test from Schedule
[ RUN      ] Schedule.SimpleNoSolNoAvail3
[       OK ] Schedule.SimpleNoSolNoAvail3 (11 ms)
[----------] 1 test from Schedule (12 ms total)

[----------] Global test environment tear-down
[==========] 1 test from 1 test suite ran. (19 ms total)
[  PASSED  ] 1 test.
==2584== 
==2584== HEAP SUMMARY:
==2584==     in use at exit: 0 bytes in 0 blocks
==2584==   total heap usage: 274 allocs, 274 frees, 120,915 bytes allocated
==2584== 
==2584== All heap blocks were freed -- no leaks are possible
==2584== 
==2584== For lists of detected and suppressed errors, rerun with: -s
==2584== ERROR SUMMARY: 0 errors from 0 contexts (suppressed: 0 from 0)
<end of output>
Test time =   0.43 sec
----------------------------------------------------------
Test Passed.
"Schedule.SimpleNoSolNoAvail3" end time: Apr 14 11:14 UTC
"Schedule.SimpleNoSolNoAvail3" time elapsed: 00:00:00
----------------------------------------------------------

18/21 Testing: Schedule.Nominal1
18/21 Test: Schedule.Nominal1
Command: "/usr/bin/valgrind" "--tool=memcheck" "--leak-check=yes" "--trace-children=no" "/work/hw-alamgir/hw5/hw5_stu_tests/schedwork_tests/schedwork_tests" "--gtest_filter=Schedule.Nominal1"
Directory: /work/hw-alamgir/hw5/hw5_stu_tests/schedwork_tests
"Schedule.Nominal1" start time: Apr 14 11:14 UTC
Output:
----------------------------------------------------------
==2585== Memcheck, a memory error detector
==2585== Copyright (C) 2002-2017, and GNU GPL'd, by Julian Seward et al.
==2585== Using Valgrind-3.15.0 and LibVEX; rerun with -h for copyright info
==2585== Command: /work/hw-alamgir/hw5/hw5_stu_tests/schedwork_tests/schedwork_tests --gtest_filter=Schedule.Nominal1
==2585== 
Running main() from /build/googletest-K1TalW/googletest-1.10.0/googletest/src/gtest_main.cc
Note: Google Test filter = Schedule.Nominal1
[==========] Running 1 test from 1 test suite.
[----------] Global test environment set-up.
[----------] 1 test from Schedule
[ RUN      ] Schedule.Nominal1
/work/hw-alamgir/hw5/hw5_stu_tests/schedwork_tests/schedwork-tests.cpp:211: Failure
Value of: result
  Actual: false (For availability:
1 1 1 1 
1 0 1 0 
1 1 0 1 
1 0 0 1 

Error in schedule:

Mismatch with boolean return result (expected: 1 / actual: 0)
)
Expected: true
[  FAILED  ] Schedule.Nominal1 (20 ms)
[----------] 1 test from Schedule (21 ms total)

[----------] Global test environment tear-down
[==========] 1 test from 1 test suite ran. (28 ms total)
[  PASSED  ] 0 tests.
[  FAILED  ] 1 test, listed below:
[  FAILED  ] Schedule.Nominal1

 1 FAILED TEST
==2585== 
==2585== HEAP SUMMARY:
==2585==     in use at exit: 0 bytes in 0 blocks
==2585==   total heap usage: 320 allocs, 320 frees, 131,634 bytes allocated
==2585== 
==2585== All heap blocks were freed -- no leaks are possible
==2585== 
==2585== For lists of detected and suppressed errors, rerun with: -s
==2585== ERROR SUMMARY: 0 errors from 0 contexts (suppressed: 0 from 0)
<end of output>
Test time =   0.43 sec
----------------------------------------------------------
Test Failed.
"Schedule.Nominal1" end time: Apr 14 11:14 UTC
"Schedule.Nominal1" time elapsed: 00:00:00
----------------------------------------------------------

19/21 Testing: Schedule.Nominal1NoSol1
19/21 Test: Schedule.Nominal1NoSol1
Command: "/usr/bin/valgrind" "--tool=memcheck" "--leak-check=yes" "--trace-children=no" "/work/hw-alamgir/hw5/hw5_stu_tests/schedwork_tests/schedwork_tests" "--gtest_filter=Schedule.Nominal1NoSol1"
Directory: /work/hw-alamgir/hw5/hw5_stu_tests/schedwork_tests
"Schedule.Nominal1NoSol1" start time: Apr 14 11:14 UTC
Output:
----------------------------------------------------------
==2586== Memcheck, a memory error detector
==2586== Copyright (C) 2002-2017, and GNU GPL'd, by Julian Seward et al.
==2586== Using Valgrind-3.15.0 and LibVEX; rerun with -h for copyright info
==2586== Command: /work/hw-alamgir/hw5/hw5_stu_tests/schedwork_tests/schedwork_tests --gtest_filter=Schedule.Nominal1NoSol1
==2586== 
Running main() from /build/googletest-K1TalW/googletest-1.10.0/googletest/src/gtest_main.cc
Note: Google Test filter = Schedule.Nominal1NoSol1
[==========] Running 1 test from 1 test suite.
[----------] Global test environment set-up.
[----------] 1 test from Schedule
[ RUN      ] Schedule.Nominal1NoSol1
[       OK ] Schedule.Nominal1NoSol1 (10 ms)
[----------] 1 test from Schedule (13 ms total)

[----------] Global test environment tear-down
[==========] 1 test from 1 test suite ran. (20 ms total)
[  PASSED  ] 1 test.
==2586== 
==2586== HEAP SUMMARY:
==2586==     in use at exit: 0 bytes in 0 blocks
==2586==   total heap usage: 276 allocs, 276 frees, 120,936 bytes allocated
==2586== 
==2586== All heap blocks were freed -- no leaks are possible
==2586== 
==2586== For lists of detected and suppressed errors, rerun with: -s
==2586== ERROR SUMMARY: 0 errors from 0 contexts (suppressed: 0 from 0)
<end of output>
Test time =   0.41 sec
----------------------------------------------------------
Test Passed.
"Schedule.Nominal1NoSol1" end time: Apr 14 11:14 UTC
"Schedule.Nominal1NoSol1" time elapsed: 00:00:00
----------------------------------------------------------

20/21 Testing: Schedule.Nominal1NoSol2
20/21 Test: Schedule.Nominal1NoSol2
Command: "/usr/bin/valgrind" "--tool=memcheck" "--leak-check=yes" "--trace-children=no" "/work/hw-alamgir/hw5/hw5_stu_tests/schedwork_tests/schedwork_tests" "--gtest_filter=Schedule.Nominal1NoSol2"
Directory: /work/hw-alamgir/hw5/hw5_stu_tests/schedwork_tests
"Schedule.Nominal1NoSol2" start time: Apr 14 11:14 UTC
Output:
----------------------------------------------------------
==2587== Memcheck, a memory error detector
==2587== Copyright (C) 2002-2017, and GNU GPL'd, by Julian Seward et al.
==2587== Using Valgrind-3.15.0 and LibVEX; rerun with -h for copyright info
==2587== Command: /work/hw-alamgir/hw5/hw5_stu_tests/schedwork_tests/schedwork_tests --gtest_filter=Schedule.Nominal1NoSol2
==2587== 
Running main() from /build/googletest-K1TalW/googletest-1.10.0/googletest/src/gtest_main.cc
Note: Google Test filter = Schedule.Nominal1NoSol2
[==========] Running 1 test from 1 test suite.
[----------] Global test environment set-up.
[----------] 1 test from Schedule
[ RUN      ] Schedule.Nominal1NoSol2
[       OK ] Schedule.Nominal1NoSol2 (11 ms)
[----------] 1 test from Schedule (14 ms total)

[----------] Global test environment tear-down
[==========] 1 test from 1 test suite ran. (22 ms total)
[  PASSED  ] 1 test.
==2587== 
==2587== HEAP SUMMARY:
==2587==     in use at exit: 0 bytes in 0 blocks
==2587==   total heap usage: 276 allocs, 276 frees, 120,936 bytes allocated
==2587== 
==2587== All heap blocks were freed -- no leaks are possible
==2587== 
==2587== For lists of detected and suppressed errors, rerun with: -s
==2587== ERROR SUMMARY: 0 errors from 0 contexts (suppressed: 0 from 0)
<end of output>
Test time =   0.45 sec
----------------------------------------------------------
Test Passed.
"Schedule.Nominal1NoSol2" end time: Apr 14 11:14 UTC
"Schedule.Nominal1NoSol2" time elapsed: 00:00:00
----------------------------------------------------------

21/21 Testing: Schedule.Nominal2
21/21 Test: Schedule.Nominal2
Command: "/usr/bin/valgrind" "--tool=memcheck" "--leak-check=yes" "--trace-children=no" "/work/hw-alamgir/hw5/hw5_stu_tests/schedwork_tests/schedwork_tests" "--gtest_filter=Schedule.Nominal2"
Directory: /work/hw-alamgir/hw5/hw5_stu_tests/schedwork_tests
"Schedule.Nominal2" start time: Apr 14 11:14 UTC
Output:
----------------------------------------------------------
==2588== Memcheck, a memory error detector
==2588== Copyright (C) 2002-2017, and GNU GPL'd, by Julian Seward et al.
==2588== Using Valgrind-3.15.0 and LibVEX; rerun with -h for copyright info
==2588== Command: /work/hw-alamgir/hw5/hw5_stu_tests/schedwork_tests/schedwork_tests --gtest_filter=Schedule.Nominal2
==2588== 
Running main() from /build/googletest-K1TalW/googletest-1.10.0/googletest/src/gtest_main.cc
Note: Google Test filter = Schedule.Nominal2
[==========] Running 1 test from 1 test suite.
[----------] Global test environment set-up.
[----------] 1 test from Schedule
[ RUN      ] Schedule.Nominal2
/work/hw-alamgir/hw5/hw5_stu_tests/schedwork_tests/schedwork-tests.cpp:274: Failure
Value of: result
  Actual: false (For availability:
0 1 0 1 1 0 1 
0 1 1 0 1 0 0 
1 0 0 1 1 0 0 
1 1 0 0 0 0 1 
1 0 1 0 1 1 0 
1 1 1 0 1 1 1 
1 0 0 1 1 1 0 

Error in schedule:

Mismatch with boolean return result (expected: 1 / actual: 0)
)
Expected: true
[  FAILED  ] Schedule.Nominal2 (20 ms)
[----------] 1 test from Schedule (22 ms total)

[----------] Global test environment tear-down
[==========] 1 test from 1 test suite ran. (29 ms total)
[  PASSED  ] 0 tests.
[  FAILED  ] 1 test, listed below:
[  FAILED  ] Schedule.Nominal2

 1 FAILED TEST
==2588== 
==2588== HEAP SUMMARY:
==2588==     in use at exit: 0 bytes in 0 blocks
==2588==   total heap usage: 326 allocs, 326 frees, 133,458 bytes allocated
==2588== 
==2588== All heap blocks were freed -- no leaks are possible
==2588== 
==2588== For lists of detected and suppressed errors, rerun with: -s
==2588== ERROR SUMMARY: 0 errors from 0 contexts (suppressed: 0 from 0)
<end of output>
Test time =   0.45 sec
----------------------------------------------------------
Test Failed.
"Schedule.Nominal2" end time: Apr 14 11:14 UTC
"Schedule.Nominal2" time elapsed: 00:00:00
----------------------------------------------------------

End testing: Apr 14 11:14 UTC
