Start testing: Apr 17 05:57 UTC
----------------------------------------------------------
1/21 Testing: Wordle.Empty
1/21 Test: Wordle.Empty
Command: "/usr/bin/valgrind" "--tool=memcheck" "--leak-check=yes" "--trace-children=no" "/work/hw-alamgir/hw5/hw5_stu_tests/wordle_tests/wordle_tests" "--gtest_filter=Wordle.Empty"
Directory: /work/hw-alamgir/hw5/hw5_stu_tests/wordle_tests
"Wordle.Empty" start time: Apr 17 05:57 UTC
Output:
----------------------------------------------------------
==6772== Memcheck, a memory error detector
==6772== Copyright (C) 2002-2017, and GNU GPL'd, by Julian Seward et al.
==6772== Using Valgrind-3.15.0 and LibVEX; rerun with -h for copyright info
==6772== Command: /work/hw-alamgir/hw5/hw5_stu_tests/wordle_tests/wordle_tests --gtest_filter=Wordle.Empty
==6772== 
Read 63247 words into dictionary.
Running main() from /build/googletest-K1TalW/googletest-1.10.0/googletest/src/gtest_main.cc
Note: Google Test filter = Wordle.Empty
[==========] Running 1 test from 1 test suite.
[----------] Global test environment set-up.
[----------] 1 test from Wordle
[ RUN      ] Wordle.Empty
[       OK ] Wordle.Empty (4 ms)
[----------] 1 test from Wordle (6 ms total)

[----------] Global test environment tear-down
[==========] 1 test from 1 test suite ran. (12 ms total)
[  PASSED  ] 1 test.
==6772== 
==6772== HEAP SUMMARY:
==6772==     in use at exit: 0 bytes in 0 blocks
==6772==   total heap usage: 63,758 allocs, 63,758 frees, 4,182,333 bytes allocated
==6772== 
==6772== All heap blocks were freed -- no leaks are possible
==6772== 
==6772== For lists of detected and suppressed errors, rerun with: -s
==6772== ERROR SUMMARY: 0 errors from 0 contexts (suppressed: 0 from 0)
<end of output>
Test time =   2.80 sec
----------------------------------------------------------
Test Passed.
"Wordle.Empty" end time: Apr 17 05:57 UTC
"Wordle.Empty" time elapsed: 00:00:02
----------------------------------------------------------

2/21 Testing: Wordle.NoSolutions
2/21 Test: Wordle.NoSolutions
Command: "/usr/bin/valgrind" "--tool=memcheck" "--leak-check=yes" "--trace-children=no" "/work/hw-alamgir/hw5/hw5_stu_tests/wordle_tests/wordle_tests" "--gtest_filter=Wordle.NoSolutions"
Directory: /work/hw-alamgir/hw5/hw5_stu_tests/wordle_tests
"Wordle.NoSolutions" start time: Apr 17 05:57 UTC
Output:
----------------------------------------------------------
==6773== Memcheck, a memory error detector
==6773== Copyright (C) 2002-2017, and GNU GPL'd, by Julian Seward et al.
==6773== Using Valgrind-3.15.0 and LibVEX; rerun with -h for copyright info
==6773== Command: /work/hw-alamgir/hw5/hw5_stu_tests/wordle_tests/wordle_tests --gtest_filter=Wordle.NoSolutions
==6773== 
Read 63247 words into dictionary.
Running main() from /build/googletest-K1TalW/googletest-1.10.0/googletest/src/gtest_main.cc
Note: Google Test filter = Wordle.NoSolutions
[==========] Running 1 test from 1 test suite.
[----------] Global test environment set-up.
[----------] 1 test from Wordle
[ RUN      ] Wordle.NoSolutions
==6773== Conditional jump or move depends on uninitialised value(s)
==6773==    at 0x11ADB0: traversal(std::vector<char, std::allocator<char> >, std::set<std::__cxx11::basic_string<char, std::char_traits<char>, std::allocator<char> >, std::less<std::__cxx11::basic_string<char, std::char_traits<char>, std::allocator<char> > >, std::allocator<std::__cxx11::basic_string<char, std::char_traits<char>, std::allocator<char> > > > const&, std::set<std::__cxx11::basic_string<char, std::char_traits<char>, std::allocator<char> >, std::less<std::__cxx11::basic_string<char, std::char_traits<char>, std::allocator<char> > >, std::allocator<std::__cxx11::basic_string<char, std::char_traits<char>, std::allocator<char> > > >&, unsigned long, std::__cxx11::basic_string<char, std::char_traits<char>, std::allocator<char> >, std::__cxx11::basic_string<char, std::char_traits<char>, std::allocator<char> >&, unsigned long&) (wordle.cpp:76)
==6773==    by 0x11ADF7: traversal(std::vector<char, std::allocator<char> >, std::set<std::__cxx11::basic_string<char, std::char_traits<char>, std::allocator<char> >, std::less<std::__cxx11::basic_string<char, std::char_traits<char>, std::allocator<char> > >, std::allocator<std::__cxx11::basic_string<char, std::char_traits<char>, std::allocator<char> > > > const&, std::set<std::__cxx11::basic_string<char, std::char_traits<char>, std::allocator<char> >, std::less<std::__cxx11::basic_string<char, std::char_traits<char>, std::allocator<char> > >, std::allocator<std::__cxx11::basic_string<char, std::char_traits<char>, std::allocator<char> > > >&, unsigned long, std::__cxx11::basic_string<char, std::char_traits<char>, std::allocator<char> >, std::__cxx11::basic_string<char, std::char_traits<char>, std::allocator<char> >&, unsigned long&) (wordle.cpp:79)
==6773==    by 0x11AF4B: traversal(std::vector<char, std::allocator<char> >, std::set<std::__cxx11::basic_string<char, std::char_traits<char>, std::allocator<char> >, std::less<std::__cxx11::basic_string<char, std::char_traits<char>, std::allocator<char> > >, std::allocator<std::__cxx11::basic_string<char, std::char_traits<char>, std::allocator<char> > > > const&, std::set<std::__cxx11::basic_string<char, std::char_traits<char>, std::allocator<char> >, std::less<std::__cxx11::basic_string<char, std::char_traits<char>, std::allocator<char> > >, std::allocator<std::__cxx11::basic_string<char, std::char_traits<char>, std::allocator<char> > > >&, unsigned long, std::__cxx11::basic_string<char, std::char_traits<char>, std::allocator<char> >, std::__cxx11::basic_string<char, std::char_traits<char>, std::allocator<char> >&, unsigned long&) (wordle.cpp:105)
==6773==    by 0x11AF4B: traversal(std::vector<char, std::allocator<char> >, std::set<std::__cxx11::basic_string<char, std::char_traits<char>, std::allocator<char> >, std::less<std::__cxx11::basic_string<char, std::char_traits<char>, std::allocator<char> > >, std::allocator<std::__cxx11::basic_string<char, std::char_traits<char>, std::allocator<char> > > > const&, std::set<std::__cxx11::basic_string<char, std::char_traits<char>, std::allocator<char> >, std::less<std::__cxx11::basic_string<char, std::char_traits<char>, std::allocator<char> > >, std::allocator<std::__cxx11::basic_string<char, std::char_traits<char>, std::allocator<char> > > >&, unsigned long, std::__cxx11::basic_string<char, std::char_traits<char>, std::allocator<char> >, std::__cxx11::basic_string<char, std::char_traits<char>, std::allocator<char> >&, unsigned long&) (wordle.cpp:105)
==6773==    by 0x11ABF3: wordle(std::__cxx11::basic_string<char, std::char_traits<char>, std::allocator<char> > const&, std::__cxx11::basic_string<char, std::char_traits<char>, std::allocator<char> > const&, std::set<std::__cxx11::basic_string<char, std::char_traits<char>, std::allocator<char> >, std::less<std::__cxx11::basic_string<char, std::char_traits<char>, std::allocator<char> > >, std::allocator<std::__cxx11::basic_string<char, std::char_traits<char>, std::allocator<char> > > > const&) (wordle.cpp:50)
==6773==    by 0x112783: Wordle_NoSolutions_Test::TestBody() (wordle-tests.cpp:72)
==6773==    by 0x14CC3F: void testing::internal::HandleExceptionsInMethodIfSupported<testing::Test, void>(testing::Test*, void (testing::Test::*)(), char const*) (in /work/hw-alamgir/hw5/hw5_stu_tests/wordle_tests/wordle_tests)
==6773==    by 0x14119F: testing::Test::Run() (in /work/hw-alamgir/hw5/hw5_stu_tests/wordle_tests/wordle_tests)
==6773==    by 0x1412F3: testing::TestInfo::Run() (in /work/hw-alamgir/hw5/hw5_stu_tests/wordle_tests/wordle_tests)
==6773==    by 0x1413CF: testing::TestSuite::Run() (in /work/hw-alamgir/hw5/hw5_stu_tests/wordle_tests/wordle_tests)
==6773==    by 0x14191B: testing::internal::UnitTestImpl::RunAllTests() (in /work/hw-alamgir/hw5/hw5_stu_tests/wordle_tests/wordle_tests)
==6773==    by 0x14D1D7: bool testing::internal::HandleExceptionsInMethodIfSupported<testing::internal::UnitTestImpl, bool>(testing::internal::UnitTestImpl*, bool (testing::internal::UnitTestImpl::*)(), char const*) (in /work/hw-alamgir/hw5/hw5_stu_tests/wordle_tests/wordle_tests)
==6773== 
==6773== Conditional jump or move depends on uninitialised value(s)
==6773==    at 0x11ADB0: traversal(std::vector<char, std::allocator<char> >, std::set<std::__cxx11::basic_string<char, std::char_traits<char>, std::allocator<char> >, std::less<std::__cxx11::basic_string<char, std::char_traits<char>, std::allocator<char> > >, std::allocator<std::__cxx11::basic_string<char, std::char_traits<char>, std::allocator<char> > > > const&, std::set<std::__cxx11::basic_string<char, std::char_traits<char>, std::allocator<char> >, std::less<std::__cxx11::basic_string<char, std::char_traits<char>, std::allocator<char> > >, std::allocator<std::__cxx11::basic_string<char, std::char_traits<char>, std::allocator<char> > > >&, unsigned long, std::__cxx11::basic_string<char, std::char_traits<char>, std::allocator<char> >, std::__cxx11::basic_string<char, std::char_traits<char>, std::allocator<char> >&, unsigned long&) (wordle.cpp:76)
==6773==    by 0x11ADF7: traversal(std::vector<char, std::allocator<char> >, std::set<std::__cxx11::basic_string<char, std::char_traits<char>, std::allocator<char> >, std::less<std::__cxx11::basic_string<char, std::char_traits<char>, std::allocator<char> > >, std::allocator<std::__cxx11::basic_string<char, std::char_traits<char>, std::allocator<char> > > > const&, std::set<std::__cxx11::basic_string<char, std::char_traits<char>, std::allocator<char> >, std::less<std::__cxx11::basic_string<char, std::char_traits<char>, std::allocator<char> > >, std::allocator<std::__cxx11::basic_string<char, std::char_traits<char>, std::allocator<char> > > >&, unsigned long, std::__cxx11::basic_string<char, std::char_traits<char>, std::allocator<char> >, std::__cxx11::basic_string<char, std::char_traits<char>, std::allocator<char> >&, unsigned long&) (wordle.cpp:79)
==6773==    by 0x11ADF7: traversal(std::vector<char, std::allocator<char> >, std::set<std::__cxx11::basic_string<char, std::char_traits<char>, std::allocator<char> >, std::less<std::__cxx11::basic_string<char, std::char_traits<char>, std::allocator<char> > >, std::allocator<std::__cxx11::basic_string<char, std::char_traits<char>, std::allocator<char> > > > const&, std::set<std::__cxx11::basic_string<char, std::char_traits<char>, std::allocator<char> >, std::less<std::__cxx11::basic_string<char, std::char_traits<char>, std::allocator<char> > >, std::allocator<std::__cxx11::basic_string<char, std::char_traits<char>, std::allocator<char> > > >&, unsigned long, std::__cxx11::basic_string<char, std::char_traits<char>, std::allocator<char> >, std::__cxx11::basic_string<char, std::char_traits<char>, std::allocator<char> >&, unsigned long&) (wordle.cpp:79)
==6773==    by 0x11AF4B: traversal(std::vector<char, std::allocator<char> >, std::set<std::__cxx11::basic_string<char, std::char_traits<char>, std::allocator<char> >, std::less<std::__cxx11::basic_string<char, std::char_traits<char>, std::allocator<char> > >, std::allocator<std::__cxx11::basic_string<char, std::char_traits<char>, std::allocator<char> > > > const&, std::set<std::__cxx11::basic_string<char, std::char_traits<char>, std::allocator<char> >, std::less<std::__cxx11::basic_string<char, std::char_traits<char>, std::allocator<char> > >, std::allocator<std::__cxx11::basic_string<char, std::char_traits<char>, std::allocator<char> > > >&, unsigned long, std::__cxx11::basic_string<char, std::char_traits<char>, std::allocator<char> >, std::__cxx11::basic_string<char, std::char_traits<char>, std::allocator<char> >&, unsigned long&) (wordle.cpp:105)
==6773==    by 0x11AF4B: traversal(std::vector<char, std::allocator<char> >, std::set<std::__cxx11::basic_string<char, std::char_traits<char>, std::allocator<char> >, std::less<std::__cxx11::basic_string<char, std::char_traits<char>, std::allocator<char> > >, std::allocator<std::__cxx11::basic_string<char, std::char_traits<char>, std::allocator<char> > > > const&, std::set<std::__cxx11::basic_string<char, std::char_traits<char>, std::allocator<char> >, std::less<std::__cxx11::basic_string<char, std::char_traits<char>, std::allocator<char> > >, std::allocator<std::__cxx11::basic_string<char, std::char_traits<char>, std::allocator<char> > > >&, unsigned long, std::__cxx11::basic_string<char, std::char_traits<char>, std::allocator<char> >, std::__cxx11::basic_string<char, std::char_traits<char>, std::allocator<char> >&, unsigned long&) (wordle.cpp:105)
==6773==    by 0x11ABF3: wordle(std::__cxx11::basic_string<char, std::char_traits<char>, std::allocator<char> > const&, std::__cxx11::basic_string<char, std::char_traits<char>, std::allocator<char> > const&, std::set<std::__cxx11::basic_string<char, std::char_traits<char>, std::allocator<char> >, std::less<std::__cxx11::basic_string<char, std::char_traits<char>, std::allocator<char> > >, std::allocator<std::__cxx11::basic_string<char, std::char_traits<char>, std::allocator<char> > > > const&) (wordle.cpp:50)
==6773==    by 0x112783: Wordle_NoSolutions_Test::TestBody() (wordle-tests.cpp:72)
==6773==    by 0x14CC3F: void testing::internal::HandleExceptionsInMethodIfSupported<testing::Test, void>(testing::Test*, void (testing::Test::*)(), char const*) (in /work/hw-alamgir/hw5/hw5_stu_tests/wordle_tests/wordle_tests)
==6773==    by 0x14119F: testing::Test::Run() (in /work/hw-alamgir/hw5/hw5_stu_tests/wordle_tests/wordle_tests)
==6773==    by 0x1412F3: testing::TestInfo::Run() (in /work/hw-alamgir/hw5/hw5_stu_tests/wordle_tests/wordle_tests)
==6773==    by 0x1413CF: testing::TestSuite::Run() (in /work/hw-alamgir/hw5/hw5_stu_tests/wordle_tests/wordle_tests)
==6773==    by 0x14191B: testing::internal::UnitTestImpl::RunAllTests() (in /work/hw-alamgir/hw5/hw5_stu_tests/wordle_tests/wordle_tests)
==6773== 
==6773== Conditional jump or move depends on uninitialised value(s)
==6773==    at 0x11ADB0: traversal(std::vector<char, std::allocator<char> >, std::set<std::__cxx11::basic_string<char, std::char_traits<char>, std::allocator<char> >, std::less<std::__cxx11::basic_string<char, std::char_traits<char>, std::allocator<char> > >, std::allocator<std::__cxx11::basic_string<char, std::char_traits<char>, std::allocator<char> > > > const&, std::set<std::__cxx11::basic_string<char, std::char_traits<char>, std::allocator<char> >, std::less<std::__cxx11::basic_string<char, std::char_traits<char>, std::allocator<char> > >, std::allocator<std::__cxx11::basic_string<char, std::char_traits<char>, std::allocator<char> > > >&, unsigned long, std::__cxx11::basic_string<char, std::char_traits<char>, std::allocator<char> >, std::__cxx11::basic_string<char, std::char_traits<char>, std::allocator<char> >&, unsigned long&) (wordle.cpp:76)
==6773==    by 0x11ADF7: traversal(std::vector<char, std::allocator<char> >, std::set<std::__cxx11::basic_string<char, std::char_traits<char>, std::allocator<char> >, std::less<std::__cxx11::basic_string<char, std::char_traits<char>, std::allocator<char> > >, std::allocator<std::__cxx11::basic_string<char, std::char_traits<char>, std::allocator<char> > > > const&, std::set<std::__cxx11::basic_string<char, std::char_traits<char>, std::allocator<char> >, std::less<std::__cxx11::basic_string<char, std::char_traits<char>, std::allocator<char> > >, std::allocator<std::__cxx11::basic_string<char, std::char_traits<char>, std::allocator<char> > > >&, unsigned long, std::__cxx11::basic_string<char, std::char_traits<char>, std::allocator<char> >, std::__cxx11::basic_string<char, std::char_traits<char>, std::allocator<char> >&, unsigned long&) (wordle.cpp:79)
==6773==    by 0x11ADF7: traversal(std::vector<char, std::allocator<char> >, std::set<std::__cxx11::basic_string<char, std::char_traits<char>, std::allocator<char> >, std::less<std::__cxx11::basic_string<char, std::char_traits<char>, std::allocator<char> > >, std::allocator<std::__cxx11::basic_string<char, std::char_traits<char>, std::allocator<char> > > > const&, std::set<std::__cxx11::basic_string<char, std::char_traits<char>, std::allocator<char> >, std::less<std::__cxx11::basic_string<char, std::char_traits<char>, std::allocator<char> > >, std::allocator<std::__cxx11::basic_string<char, std::char_traits<char>, std::allocator<char> > > >&, unsigned long, std::__cxx11::basic_string<char, std::char_traits<char>, std::allocator<char> >, std::__cxx11::basic_string<char, std::char_traits<char>, std::allocator<char> >&, unsigned long&) (wordle.cpp:79)
==6773==    by 0x11ADF7: traversal(std::vector<char, std::allocator<char> >, std::set<std::__cxx11::basic_string<char, std::char_traits<char>, std::allocator<char> >, std::less<std::__cxx11::basic_string<char, std::char_traits<char>, std::allocator<char> > >, std::allocator<std::__cxx11::basic_string<char, std::char_traits<char>, std::allocator<char> > > > const&, std::set<std::__cxx11::basic_string<char, std::char_traits<char>, std::allocator<char> >, std::less<std::__cxx11::basic_string<char, std::char_traits<char>, std::allocator<char> > >, std::allocator<std::__cxx11::basic_string<char, std::char_traits<char>, std::allocator<char> > > >&, unsigned long, std::__cxx11::basic_string<char, std::char_traits<char>, std::allocator<char> >, std::__cxx11::basic_string<char, std::char_traits<char>, std::allocator<char> >&, unsigned long&) (wordle.cpp:79)
==6773==    by 0x11AF4B: traversal(std::vector<char, std::allocator<char> >, std::set<std::__cxx11::basic_string<char, std::char_traits<char>, std::allocator<char> >, std::less<std::__cxx11::basic_string<char, std::char_traits<char>, std::allocator<char> > >, std::allocator<std::__cxx11::basic_string<char, std::char_traits<char>, std::allocator<char> > > > const&, std::set<std::__cxx11::basic_string<char, std::char_traits<char>, std::allocator<char> >, std::less<std::__cxx11::basic_string<char, std::char_traits<char>, std::allocator<char> > >, std::allocator<std::__cxx11::basic_string<char, std::char_traits<char>, std::allocator<char> > > >&, unsigned long, std::__cxx11::basic_string<char, std::char_traits<char>, std::allocator<char> >, std::__cxx11::basic_string<char, std::char_traits<char>, std::allocator<char> >&, unsigned long&) (wordle.cpp:105)
==6773==    by 0x11AF4B: traversal(std::vector<char, std::allocator<char> >, std::set<std::__cxx11::basic_string<char, std::char_traits<char>, std::allocator<char> >, std::less<std::__cxx11::basic_string<char, std::char_traits<char>, std::allocator<char> > >, std::allocator<std::__cxx11::basic_string<char, std::char_traits<char>, std::allocator<char> > > > const&, std::set<std::__cxx11::basic_string<char, std::char_traits<char>, std::allocator<char> >, std::less<std::__cxx11::basic_string<char, std::char_traits<char>, std::allocator<char> > >, std::allocator<std::__cxx11::basic_string<char, std::char_traits<char>, std::allocator<char> > > >&, unsigned long, std::__cxx11::basic_string<char, std::char_traits<char>, std::allocator<char> >, std::__cxx11::basic_string<char, std::char_traits<char>, std::allocator<char> >&, unsigned long&) (wordle.cpp:105)
==6773==    by 0x11ABF3: wordle(std::__cxx11::basic_string<char, std::char_traits<char>, std::allocator<char> > const&, std::__cxx11::basic_string<char, std::char_traits<char>, std::allocator<char> > const&, std::set<std::__cxx11::basic_string<char, std::char_traits<char>, std::allocator<char> >, std::less<std::__cxx11::basic_string<char, std::char_traits<char>, std::allocator<char> > >, std::allocator<std::__cxx11::basic_string<char, std::char_traits<char>, std::allocator<char> > > > const&) (wordle.cpp:50)
==6773==    by 0x112783: Wordle_NoSolutions_Test::TestBody() (wordle-tests.cpp:72)
==6773==    by 0x14CC3F: void testing::internal::HandleExceptionsInMethodIfSupported<testing::Test, void>(testing::Test*, void (testing::Test::*)(), char const*) (in /work/hw-alamgir/hw5/hw5_stu_tests/wordle_tests/wordle_tests)
==6773==    by 0x14119F: testing::Test::Run() (in /work/hw-alamgir/hw5/hw5_stu_tests/wordle_tests/wordle_tests)
==6773==    by 0x1412F3: testing::TestInfo::Run() (in /work/hw-alamgir/hw5/hw5_stu_tests/wordle_tests/wordle_tests)
==6773==    by 0x1413CF: testing::TestSuite::Run() (in /work/hw-alamgir/hw5/hw5_stu_tests/wordle_tests/wordle_tests)
==6773== 
[       OK ] Wordle.NoSolutions (13 ms)
[----------] 1 test from Wordle (14 ms total)

[----------] Global test environment tear-down
[==========] 1 test from 1 test suite ran. (20 ms total)
[  PASSED  ] 1 test.
==6773== 
==6773== HEAP SUMMARY:
==6773==     in use at exit: 0 bytes in 0 blocks
==6773==   total heap usage: 63,777 allocs, 63,777 frees, 4,182,810 bytes allocated
==6773== 
==6773== All heap blocks were freed -- no leaks are possible
==6773== 
==6773== Use --track-origins=yes to see where uninitialised values come from
==6773== For lists of detected and suppressed errors, rerun with: -s
==6773== ERROR SUMMARY: 196 errors from 3 contexts (suppressed: 0 from 0)
<end of output>
Test time =   2.79 sec
----------------------------------------------------------
Test Passed.
"Wordle.NoSolutions" end time: Apr 17 05:57 UTC
"Wordle.NoSolutions" time elapsed: 00:00:02
----------------------------------------------------------

3/21 Testing: Wordle.OneLetterUnconstrained
3/21 Test: Wordle.OneLetterUnconstrained
Command: "/usr/bin/valgrind" "--tool=memcheck" "--leak-check=yes" "--trace-children=no" "/work/hw-alamgir/hw5/hw5_stu_tests/wordle_tests/wordle_tests" "--gtest_filter=Wordle.OneLetterUnconstrained"
Directory: /work/hw-alamgir/hw5/hw5_stu_tests/wordle_tests
"Wordle.OneLetterUnconstrained" start time: Apr 17 05:57 UTC
Output:
----------------------------------------------------------
==6774== Memcheck, a memory error detector
==6774== Copyright (C) 2002-2017, and GNU GPL'd, by Julian Seward et al.
==6774== Using Valgrind-3.15.0 and LibVEX; rerun with -h for copyright info
==6774== Command: /work/hw-alamgir/hw5/hw5_stu_tests/wordle_tests/wordle_tests --gtest_filter=Wordle.OneLetterUnconstrained
==6774== 
Read 63247 words into dictionary.
Running main() from /build/googletest-K1TalW/googletest-1.10.0/googletest/src/gtest_main.cc
Note: Google Test filter = Wordle.OneLetterUnconstrained
[==========] Running 1 test from 1 test suite.
[----------] Global test environment set-up.
[----------] 1 test from Wordle
[ RUN      ] Wordle.OneLetterUnconstrained
==6774== Conditional jump or move depends on uninitialised value(s)
==6774==    at 0x11ADB0: traversal(std::vector<char, std::allocator<char> >, std::set<std::__cxx11::basic_string<char, std::char_traits<char>, std::allocator<char> >, std::less<std::__cxx11::basic_string<char, std::char_traits<char>, std::allocator<char> > >, std::allocator<std::__cxx11::basic_string<char, std::char_traits<char>, std::allocator<char> > > > const&, std::set<std::__cxx11::basic_string<char, std::char_traits<char>, std::allocator<char> >, std::less<std::__cxx11::basic_string<char, std::char_traits<char>, std::allocator<char> > >, std::allocator<std::__cxx11::basic_string<char, std::char_traits<char>, std::allocator<char> > > >&, unsigned long, std::__cxx11::basic_string<char, std::char_traits<char>, std::allocator<char> >, std::__cxx11::basic_string<char, std::char_traits<char>, std::allocator<char> >&, unsigned long&) (wordle.cpp:76)
==6774==    by 0x11ADF7: traversal(std::vector<char, std::allocator<char> >, std::set<std::__cxx11::basic_string<char, std::char_traits<char>, std::allocator<char> >, std::less<std::__cxx11::basic_string<char, std::char_traits<char>, std::allocator<char> > >, std::allocator<std::__cxx11::basic_string<char, std::char_traits<char>, std::allocator<char> > > > const&, std::set<std::__cxx11::basic_string<char, std::char_traits<char>, std::allocator<char> >, std::less<std::__cxx11::basic_string<char, std::char_traits<char>, std::allocator<char> > >, std::allocator<std::__cxx11::basic_string<char, std::char_traits<char>, std::allocator<char> > > >&, unsigned long, std::__cxx11::basic_string<char, std::char_traits<char>, std::allocator<char> >, std::__cxx11::basic_string<char, std::char_traits<char>, std::allocator<char> >&, unsigned long&) (wordle.cpp:79)
==6774==    by 0x11B0DF: traversal(std::vector<char, std::allocator<char> >, std::set<std::__cxx11::basic_string<char, std::char_traits<char>, std::allocator<char> >, std::less<std::__cxx11::basic_string<char, std::char_traits<char>, std::allocator<char> > >, std::allocator<std::__cxx11::basic_string<char, std::char_traits<char>, std::allocator<char> > > > const&, std::set<std::__cxx11::basic_string<char, std::char_traits<char>, std::allocator<char> >, std::less<std::__cxx11::basic_string<char, std::char_traits<char>, std::allocator<char> > >, std::allocator<std::__cxx11::basic_string<char, std::char_traits<char>, std::allocator<char> > > >&, unsigned long, std::__cxx11::basic_string<char, std::char_traits<char>, std::allocator<char> >, std::__cxx11::basic_string<char, std::char_traits<char>, std::allocator<char> >&, unsigned long&) (wordle.cpp:146)
==6774==    by 0x11ABF3: wordle(std::__cxx11::basic_string<char, std::char_traits<char>, std::allocator<char> > const&, std::__cxx11::basic_string<char, std::char_traits<char>, std::allocator<char> > const&, std::set<std::__cxx11::basic_string<char, std::char_traits<char>, std::allocator<char> >, std::less<std::__cxx11::basic_string<char, std::char_traits<char>, std::allocator<char> > >, std::allocator<std::__cxx11::basic_string<char, std::char_traits<char>, std::allocator<char> > > > const&) (wordle.cpp:50)
==6774==    by 0x112A67: Wordle_OneLetterUnconstrained_Test::TestBody() (wordle-tests.cpp:89)
==6774==    by 0x14CC3F: void testing::internal::HandleExceptionsInMethodIfSupported<testing::Test, void>(testing::Test*, void (testing::Test::*)(), char const*) (in /work/hw-alamgir/hw5/hw5_stu_tests/wordle_tests/wordle_tests)
==6774==    by 0x14119F: testing::Test::Run() (in /work/hw-alamgir/hw5/hw5_stu_tests/wordle_tests/wordle_tests)
==6774==    by 0x1412F3: testing::TestInfo::Run() (in /work/hw-alamgir/hw5/hw5_stu_tests/wordle_tests/wordle_tests)
==6774==    by 0x1413CF: testing::TestSuite::Run() (in /work/hw-alamgir/hw5/hw5_stu_tests/wordle_tests/wordle_tests)
==6774==    by 0x14191B: testing::internal::UnitTestImpl::RunAllTests() (in /work/hw-alamgir/hw5/hw5_stu_tests/wordle_tests/wordle_tests)
==6774==    by 0x14D1D7: bool testing::internal::HandleExceptionsInMethodIfSupported<testing::internal::UnitTestImpl, bool>(testing::internal::UnitTestImpl*, bool (testing::internal::UnitTestImpl::*)(), char const*) (in /work/hw-alamgir/hw5/hw5_stu_tests/wordle_tests/wordle_tests)
==6774==    by 0x141B63: testing::UnitTest::Run() (in /work/hw-alamgir/hw5/hw5_stu_tests/wordle_tests/wordle_tests)
==6774== 
==6774== Conditional jump or move depends on uninitialised value(s)
==6774==    at 0x11ADB0: traversal(std::vector<char, std::allocator<char> >, std::set<std::__cxx11::basic_string<char, std::char_traits<char>, std::allocator<char> >, std::less<std::__cxx11::basic_string<char, std::char_traits<char>, std::allocator<char> > >, std::allocator<std::__cxx11::basic_string<char, std::char_traits<char>, std::allocator<char> > > > const&, std::set<std::__cxx11::basic_string<char, std::char_traits<char>, std::allocator<char> >, std::less<std::__cxx11::basic_string<char, std::char_traits<char>, std::allocator<char> > >, std::allocator<std::__cxx11::basic_string<char, std::char_traits<char>, std::allocator<char> > > >&, unsigned long, std::__cxx11::basic_string<char, std::char_traits<char>, std::allocator<char> >, std::__cxx11::basic_string<char, std::char_traits<char>, std::allocator<char> >&, unsigned long&) (wordle.cpp:76)
==6774==    by 0x11ADF7: traversal(std::vector<char, std::allocator<char> >, std::set<std::__cxx11::basic_string<char, std::char_traits<char>, std::allocator<char> >, std::less<std::__cxx11::basic_string<char, std::char_traits<char>, std::allocator<char> > >, std::allocator<std::__cxx11::basic_string<char, std::char_traits<char>, std::allocator<char> > > > const&, std::set<std::__cxx11::basic_string<char, std::char_traits<char>, std::allocator<char> >, std::less<std::__cxx11::basic_string<char, std::char_traits<char>, std::allocator<char> > >, std::allocator<std::__cxx11::basic_string<char, std::char_traits<char>, std::allocator<char> > > >&, unsigned long, std::__cxx11::basic_string<char, std::char_traits<char>, std::allocator<char> >, std::__cxx11::basic_string<char, std::char_traits<char>, std::allocator<char> >&, unsigned long&) (wordle.cpp:79)
==6774==    by 0x11ADF7: traversal(std::vector<char, std::allocator<char> >, std::set<std::__cxx11::basic_string<char, std::char_traits<char>, std::allocator<char> >, std::less<std::__cxx11::basic_string<char, std::char_traits<char>, std::allocator<char> > >, std::allocator<std::__cxx11::basic_string<char, std::char_traits<char>, std::allocator<char> > > > const&, std::set<std::__cxx11::basic_string<char, std::char_traits<char>, std::allocator<char> >, std::less<std::__cxx11::basic_string<char, std::char_traits<char>, std::allocator<char> > >, std::allocator<std::__cxx11::basic_string<char, std::char_traits<char>, std::allocator<char> > > >&, unsigned long, std::__cxx11::basic_string<char, std::char_traits<char>, std::allocator<char> >, std::__cxx11::basic_string<char, std::char_traits<char>, std::allocator<char> >&, unsigned long&) (wordle.cpp:79)
==6774==    by 0x11B0DF: traversal(std::vector<char, std::allocator<char> >, std::set<std::__cxx11::basic_string<char, std::char_traits<char>, std::allocator<char> >, std::less<std::__cxx11::basic_string<char, std::char_traits<char>, std::allocator<char> > >, std::allocator<std::__cxx11::basic_string<char, std::char_traits<char>, std::allocator<char> > > > const&, std::set<std::__cxx11::basic_string<char, std::char_traits<char>, std::allocator<char> >, std::less<std::__cxx11::basic_string<char, std::char_traits<char>, std::allocator<char> > >, std::allocator<std::__cxx11::basic_string<char, std::char_traits<char>, std::allocator<char> > > >&, unsigned long, std::__cxx11::basic_string<char, std::char_traits<char>, std::allocator<char> >, std::__cxx11::basic_string<char, std::char_traits<char>, std::allocator<char> >&, unsigned long&) (wordle.cpp:146)
==6774==    by 0x11ABF3: wordle(std::__cxx11::basic_string<char, std::char_traits<char>, std::allocator<char> > const&, std::__cxx11::basic_string<char, std::char_traits<char>, std::allocator<char> > const&, std::set<std::__cxx11::basic_string<char, std::char_traits<char>, std::allocator<char> >, std::less<std::__cxx11::basic_string<char, std::char_traits<char>, std::allocator<char> > >, std::allocator<std::__cxx11::basic_string<char, std::char_traits<char>, std::allocator<char> > > > const&) (wordle.cpp:50)
==6774==    by 0x112A67: Wordle_OneLetterUnconstrained_Test::TestBody() (wordle-tests.cpp:89)
==6774==    by 0x14CC3F: void testing::internal::HandleExceptionsInMethodIfSupported<testing::Test, void>(testing::Test*, void (testing::Test::*)(), char const*) (in /work/hw-alamgir/hw5/hw5_stu_tests/wordle_tests/wordle_tests)
==6774==    by 0x14119F: testing::Test::Run() (in /work/hw-alamgir/hw5/hw5_stu_tests/wordle_tests/wordle_tests)
==6774==    by 0x1412F3: testing::TestInfo::Run() (in /work/hw-alamgir/hw5/hw5_stu_tests/wordle_tests/wordle_tests)
==6774==    by 0x1413CF: testing::TestSuite::Run() (in /work/hw-alamgir/hw5/hw5_stu_tests/wordle_tests/wordle_tests)
==6774==    by 0x14191B: testing::internal::UnitTestImpl::RunAllTests() (in /work/hw-alamgir/hw5/hw5_stu_tests/wordle_tests/wordle_tests)
==6774==    by 0x14D1D7: bool testing::internal::HandleExceptionsInMethodIfSupported<testing::internal::UnitTestImpl, bool>(testing::internal::UnitTestImpl*, bool (testing::internal::UnitTestImpl::*)(), char const*) (in /work/hw-alamgir/hw5/hw5_stu_tests/wordle_tests/wordle_tests)
==6774== 
==6774== Conditional jump or move depends on uninitialised value(s)
==6774==    at 0x11ADB0: traversal(std::vector<char, std::allocator<char> >, std::set<std::__cxx11::basic_string<char, std::char_traits<char>, std::allocator<char> >, std::less<std::__cxx11::basic_string<char, std::char_traits<char>, std::allocator<char> > >, std::allocator<std::__cxx11::basic_string<char, std::char_traits<char>, std::allocator<char> > > > const&, std::set<std::__cxx11::basic_string<char, std::char_traits<char>, std::allocator<char> >, std::less<std::__cxx11::basic_string<char, std::char_traits<char>, std::allocator<char> > >, std::allocator<std::__cxx11::basic_string<char, std::char_traits<char>, std::allocator<char> > > >&, unsigned long, std::__cxx11::basic_string<char, std::char_traits<char>, std::allocator<char> >, std::__cxx11::basic_string<char, std::char_traits<char>, std::allocator<char> >&, unsigned long&) (wordle.cpp:76)
==6774==    by 0x11ADF7: traversal(std::vector<char, std::allocator<char> >, std::set<std::__cxx11::basic_string<char, std::char_traits<char>, std::allocator<char> >, std::less<std::__cxx11::basic_string<char, std::char_traits<char>, std::allocator<char> > >, std::allocator<std::__cxx11::basic_string<char, std::char_traits<char>, std::allocator<char> > > > const&, std::set<std::__cxx11::basic_string<char, std::char_traits<char>, std::allocator<char> >, std::less<std::__cxx11::basic_string<char, std::char_traits<char>, std::allocator<char> > >, std::allocator<std::__cxx11::basic_string<char, std::char_traits<char>, std::allocator<char> > > >&, unsigned long, std::__cxx11::basic_string<char, std::char_traits<char>, std::allocator<char> >, std::__cxx11::basic_string<char, std::char_traits<char>, std::allocator<char> >&, unsigned long&) (wordle.cpp:79)
==6774==    by 0x11ADF7: traversal(std::vector<char, std::allocator<char> >, std::set<std::__cxx11::basic_string<char, std::char_traits<char>, std::allocator<char> >, std::less<std::__cxx11::basic_string<char, std::char_traits<char>, std::allocator<char> > >, std::allocator<std::__cxx11::basic_string<char, std::char_traits<char>, std::allocator<char> > > > const&, std::set<std::__cxx11::basic_string<char, std::char_traits<char>, std::allocator<char> >, std::less<std::__cxx11::basic_string<char, std::char_traits<char>, std::allocator<char> > >, std::allocator<std::__cxx11::basic_string<char, std::char_traits<char>, std::allocator<char> > > >&, unsigned long, std::__cxx11::basic_string<char, std::char_traits<char>, std::allocator<char> >, std::__cxx11::basic_string<char, std::char_traits<char>, std::allocator<char> >&, unsigned long&) (wordle.cpp:79)
==6774==    by 0x11ADF7: traversal(std::vector<char, std::allocator<char> >, std::set<std::__cxx11::basic_string<char, std::char_traits<char>, std::allocator<char> >, std::less<std::__cxx11::basic_string<char, std::char_traits<char>, std::allocator<char> > >, std::allocator<std::__cxx11::basic_string<char, std::char_traits<char>, std::allocator<char> > > > const&, std::set<std::__cxx11::basic_string<char, std::char_traits<char>, std::allocator<char> >, std::less<std::__cxx11::basic_string<char, std::char_traits<char>, std::allocator<char> > >, std::allocator<std::__cxx11::basic_string<char, std::char_traits<char>, std::allocator<char> > > >&, unsigned long, std::__cxx11::basic_string<char, std::char_traits<char>, std::allocator<char> >, std::__cxx11::basic_string<char, std::char_traits<char>, std::allocator<char> >&, unsigned long&) (wordle.cpp:79)
==6774==    by 0x11B0DF: traversal(std::vector<char, std::allocator<char> >, std::set<std::__cxx11::basic_string<char, std::char_traits<char>, std::allocator<char> >, std::less<std::__cxx11::basic_string<char, std::char_traits<char>, std::allocator<char> > >, std::allocator<std::__cxx11::basic_string<char, std::char_traits<char>, std::allocator<char> > > > const&, std::set<std::__cxx11::basic_string<char, std::char_traits<char>, std::allocator<char> >, std::less<std::__cxx11::basic_string<char, std::char_traits<char>, std::allocator<char> > >, std::allocator<std::__cxx11::basic_string<char, std::char_traits<char>, std::allocator<char> > > >&, unsigned long, std::__cxx11::basic_string<char, std::char_traits<char>, std::allocator<char> >, std::__cxx11::basic_string<char, std::char_traits<char>, std::allocator<char> >&, unsigned long&) (wordle.cpp:146)
==6774==    by 0x11ABF3: wordle(std::__cxx11::basic_string<char, std::char_traits<char>, std::allocator<char> > const&, std::__cxx11::basic_string<char, std::char_traits<char>, std::allocator<char> > const&, std::set<std::__cxx11::basic_string<char, std::char_traits<char>, std::allocator<char> >, std::less<std::__cxx11::basic_string<char, std::char_traits<char>, std::allocator<char> > >, std::allocator<std::__cxx11::basic_string<char, std::char_traits<char>, std::allocator<char> > > > const&) (wordle.cpp:50)
==6774==    by 0x112A67: Wordle_OneLetterUnconstrained_Test::TestBody() (wordle-tests.cpp:89)
==6774==    by 0x14CC3F: void testing::internal::HandleExceptionsInMethodIfSupported<testing::Test, void>(testing::Test*, void (testing::Test::*)(), char const*) (in /work/hw-alamgir/hw5/hw5_stu_tests/wordle_tests/wordle_tests)
==6774==    by 0x14119F: testing::Test::Run() (in /work/hw-alamgir/hw5/hw5_stu_tests/wordle_tests/wordle_tests)
==6774==    by 0x1412F3: testing::TestInfo::Run() (in /work/hw-alamgir/hw5/hw5_stu_tests/wordle_tests/wordle_tests)
==6774==    by 0x1413CF: testing::TestSuite::Run() (in /work/hw-alamgir/hw5/hw5_stu_tests/wordle_tests/wordle_tests)
==6774==    by 0x14191B: testing::internal::UnitTestImpl::RunAllTests() (in /work/hw-alamgir/hw5/hw5_stu_tests/wordle_tests/wordle_tests)
==6774== 
[       OK ] Wordle.OneLetterUnconstrained (39 ms)
[----------] 1 test from Wordle (40 ms total)

[----------] Global test environment tear-down
[==========] 1 test from 1 test suite ran. (46 ms total)
[  PASSED  ] 1 test.
==6774== 
==6774== HEAP SUMMARY:
==6774==     in use at exit: 0 bytes in 0 blocks
==6774==   total heap usage: 63,850 allocs, 63,850 frees, 4,187,872 bytes allocated
==6774== 
==6774== All heap blocks were freed -- no leaks are possible
==6774== 
==6774== Use --track-origins=yes to see where uninitialised values come from
==6774== For lists of detected and suppressed errors, rerun with: -s
==6774== ERROR SUMMARY: 2600 errors from 3 contexts (suppressed: 0 from 0)
<end of output>
Test time =   2.88 sec
----------------------------------------------------------
Test Passed.
"Wordle.OneLetterUnconstrained" end time: Apr 17 05:57 UTC
"Wordle.OneLetterUnconstrained" time elapsed: 00:00:02
----------------------------------------------------------

4/21 Testing: Wordle.OneLetterConstrained
4/21 Test: Wordle.OneLetterConstrained
Command: "/usr/bin/valgrind" "--tool=memcheck" "--leak-check=yes" "--trace-children=no" "/work/hw-alamgir/hw5/hw5_stu_tests/wordle_tests/wordle_tests" "--gtest_filter=Wordle.OneLetterConstrained"
Directory: /work/hw-alamgir/hw5/hw5_stu_tests/wordle_tests
"Wordle.OneLetterConstrained" start time: Apr 17 05:57 UTC
Output:
----------------------------------------------------------
==6775== Memcheck, a memory error detector
==6775== Copyright (C) 2002-2017, and GNU GPL'd, by Julian Seward et al.
==6775== Using Valgrind-3.15.0 and LibVEX; rerun with -h for copyright info
==6775== Command: /work/hw-alamgir/hw5/hw5_stu_tests/wordle_tests/wordle_tests --gtest_filter=Wordle.OneLetterConstrained
==6775== 
Read 63247 words into dictionary.
Running main() from /build/googletest-K1TalW/googletest-1.10.0/googletest/src/gtest_main.cc
Note: Google Test filter = Wordle.OneLetterConstrained
[==========] Running 1 test from 1 test suite.
[----------] Global test environment set-up.
[----------] 1 test from Wordle
[ RUN      ] Wordle.OneLetterConstrained
==6775== Conditional jump or move depends on uninitialised value(s)
==6775==    at 0x11ADB0: traversal(std::vector<char, std::allocator<char> >, std::set<std::__cxx11::basic_string<char, std::char_traits<char>, std::allocator<char> >, std::less<std::__cxx11::basic_string<char, std::char_traits<char>, std::allocator<char> > >, std::allocator<std::__cxx11::basic_string<char, std::char_traits<char>, std::allocator<char> > > > const&, std::set<std::__cxx11::basic_string<char, std::char_traits<char>, std::allocator<char> >, std::less<std::__cxx11::basic_string<char, std::char_traits<char>, std::allocator<char> > >, std::allocator<std::__cxx11::basic_string<char, std::char_traits<char>, std::allocator<char> > > >&, unsigned long, std::__cxx11::basic_string<char, std::char_traits<char>, std::allocator<char> >, std::__cxx11::basic_string<char, std::char_traits<char>, std::allocator<char> >&, unsigned long&) (wordle.cpp:76)
==6775==    by 0x11ADF7: traversal(std::vector<char, std::allocator<char> >, std::set<std::__cxx11::basic_string<char, std::char_traits<char>, std::allocator<char> >, std::less<std::__cxx11::basic_string<char, std::char_traits<char>, std::allocator<char> > >, std::allocator<std::__cxx11::basic_string<char, std::char_traits<char>, std::allocator<char> > > > const&, std::set<std::__cxx11::basic_string<char, std::char_traits<char>, std::allocator<char> >, std::less<std::__cxx11::basic_string<char, std::char_traits<char>, std::allocator<char> > >, std::allocator<std::__cxx11::basic_string<char, std::char_traits<char>, std::allocator<char> > > >&, unsigned long, std::__cxx11::basic_string<char, std::char_traits<char>, std::allocator<char> >, std::__cxx11::basic_string<char, std::char_traits<char>, std::allocator<char> >&, unsigned long&) (wordle.cpp:79)
==6775==    by 0x11AF4B: traversal(std::vector<char, std::allocator<char> >, std::set<std::__cxx11::basic_string<char, std::char_traits<char>, std::allocator<char> >, std::less<std::__cxx11::basic_string<char, std::char_traits<char>, std::allocator<char> > >, std::allocator<std::__cxx11::basic_string<char, std::char_traits<char>, std::allocator<char> > > > const&, std::set<std::__cxx11::basic_string<char, std::char_traits<char>, std::allocator<char> >, std::less<std::__cxx11::basic_string<char, std::char_traits<char>, std::allocator<char> > >, std::allocator<std::__cxx11::basic_string<char, std::char_traits<char>, std::allocator<char> > > >&, unsigned long, std::__cxx11::basic_string<char, std::char_traits<char>, std::allocator<char> >, std::__cxx11::basic_string<char, std::char_traits<char>, std::allocator<char> >&, unsigned long&) (wordle.cpp:105)
==6775==    by 0x11ABF3: wordle(std::__cxx11::basic_string<char, std::char_traits<char>, std::allocator<char> > const&, std::__cxx11::basic_string<char, std::char_traits<char>, std::allocator<char> > const&, std::set<std::__cxx11::basic_string<char, std::char_traits<char>, std::allocator<char> >, std::less<std::__cxx11::basic_string<char, std::char_traits<char>, std::allocator<char> > >, std::allocator<std::__cxx11::basic_string<char, std::char_traits<char>, std::allocator<char> > > > const&) (wordle.cpp:50)
==6775==    by 0x112D83: Wordle_OneLetterConstrained_Test::TestBody() (wordle-tests.cpp:100)
==6775==    by 0x14CC3F: void testing::internal::HandleExceptionsInMethodIfSupported<testing::Test, void>(testing::Test*, void (testing::Test::*)(), char const*) (in /work/hw-alamgir/hw5/hw5_stu_tests/wordle_tests/wordle_tests)
==6775==    by 0x14119F: testing::Test::Run() (in /work/hw-alamgir/hw5/hw5_stu_tests/wordle_tests/wordle_tests)
==6775==    by 0x1412F3: testing::TestInfo::Run() (in /work/hw-alamgir/hw5/hw5_stu_tests/wordle_tests/wordle_tests)
==6775==    by 0x1413CF: testing::TestSuite::Run() (in /work/hw-alamgir/hw5/hw5_stu_tests/wordle_tests/wordle_tests)
==6775==    by 0x14191B: testing::internal::UnitTestImpl::RunAllTests() (in /work/hw-alamgir/hw5/hw5_stu_tests/wordle_tests/wordle_tests)
==6775==    by 0x14D1D7: bool testing::internal::HandleExceptionsInMethodIfSupported<testing::internal::UnitTestImpl, bool>(testing::internal::UnitTestImpl*, bool (testing::internal::UnitTestImpl::*)(), char const*) (in /work/hw-alamgir/hw5/hw5_stu_tests/wordle_tests/wordle_tests)
==6775==    by 0x141B63: testing::UnitTest::Run() (in /work/hw-alamgir/hw5/hw5_stu_tests/wordle_tests/wordle_tests)
==6775== 
==6775== Conditional jump or move depends on uninitialised value(s)
==6775==    at 0x11ADB0: traversal(std::vector<char, std::allocator<char> >, std::set<std::__cxx11::basic_string<char, std::char_traits<char>, std::allocator<char> >, std::less<std::__cxx11::basic_string<char, std::char_traits<char>, std::allocator<char> > >, std::allocator<std::__cxx11::basic_string<char, std::char_traits<char>, std::allocator<char> > > > const&, std::set<std::__cxx11::basic_string<char, std::char_traits<char>, std::allocator<char> >, std::less<std::__cxx11::basic_string<char, std::char_traits<char>, std::allocator<char> > >, std::allocator<std::__cxx11::basic_string<char, std::char_traits<char>, std::allocator<char> > > >&, unsigned long, std::__cxx11::basic_string<char, std::char_traits<char>, std::allocator<char> >, std::__cxx11::basic_string<char, std::char_traits<char>, std::allocator<char> >&, unsigned long&) (wordle.cpp:76)
==6775==    by 0x11ADF7: traversal(std::vector<char, std::allocator<char> >, std::set<std::__cxx11::basic_string<char, std::char_traits<char>, std::allocator<char> >, std::less<std::__cxx11::basic_string<char, std::char_traits<char>, std::allocator<char> > >, std::allocator<std::__cxx11::basic_string<char, std::char_traits<char>, std::allocator<char> > > > const&, std::set<std::__cxx11::basic_string<char, std::char_traits<char>, std::allocator<char> >, std::less<std::__cxx11::basic_string<char, std::char_traits<char>, std::allocator<char> > >, std::allocator<std::__cxx11::basic_string<char, std::char_traits<char>, std::allocator<char> > > >&, unsigned long, std::__cxx11::basic_string<char, std::char_traits<char>, std::allocator<char> >, std::__cxx11::basic_string<char, std::char_traits<char>, std::allocator<char> >&, unsigned long&) (wordle.cpp:79)
==6775==    by 0x11ADF7: traversal(std::vector<char, std::allocator<char> >, std::set<std::__cxx11::basic_string<char, std::char_traits<char>, std::allocator<char> >, std::less<std::__cxx11::basic_string<char, std::char_traits<char>, std::allocator<char> > >, std::allocator<std::__cxx11::basic_string<char, std::char_traits<char>, std::allocator<char> > > > const&, std::set<std::__cxx11::basic_string<char, std::char_traits<char>, std::allocator<char> >, std::less<std::__cxx11::basic_string<char, std::char_traits<char>, std::allocator<char> > >, std::allocator<std::__cxx11::basic_string<char, std::char_traits<char>, std::allocator<char> > > >&, unsigned long, std::__cxx11::basic_string<char, std::char_traits<char>, std::allocator<char> >, std::__cxx11::basic_string<char, std::char_traits<char>, std::allocator<char> >&, unsigned long&) (wordle.cpp:79)
==6775==    by 0x11AF4B: traversal(std::vector<char, std::allocator<char> >, std::set<std::__cxx11::basic_string<char, std::char_traits<char>, std::allocator<char> >, std::less<std::__cxx11::basic_string<char, std::char_traits<char>, std::allocator<char> > >, std::allocator<std::__cxx11::basic_string<char, std::char_traits<char>, std::allocator<char> > > > const&, std::set<std::__cxx11::basic_string<char, std::char_traits<char>, std::allocator<char> >, std::less<std::__cxx11::basic_string<char, std::char_traits<char>, std::allocator<char> > >, std::allocator<std::__cxx11::basic_string<char, std::char_traits<char>, std::allocator<char> > > >&, unsigned long, std::__cxx11::basic_string<char, std::char_traits<char>, std::allocator<char> >, std::__cxx11::basic_string<char, std::char_traits<char>, std::allocator<char> >&, unsigned long&) (wordle.cpp:105)
==6775==    by 0x11ABF3: wordle(std::__cxx11::basic_string<char, std::char_traits<char>, std::allocator<char> > const&, std::__cxx11::basic_string<char, std::char_traits<char>, std::allocator<char> > const&, std::set<std::__cxx11::basic_string<char, std::char_traits<char>, std::allocator<char> >, std::less<std::__cxx11::basic_string<char, std::char_traits<char>, std::allocator<char> > >, std::allocator<std::__cxx11::basic_string<char, std::char_traits<char>, std::allocator<char> > > > const&) (wordle.cpp:50)
==6775==    by 0x112D83: Wordle_OneLetterConstrained_Test::TestBody() (wordle-tests.cpp:100)
==6775==    by 0x14CC3F: void testing::internal::HandleExceptionsInMethodIfSupported<testing::Test, void>(testing::Test*, void (testing::Test::*)(), char const*) (in /work/hw-alamgir/hw5/hw5_stu_tests/wordle_tests/wordle_tests)
==6775==    by 0x14119F: testing::Test::Run() (in /work/hw-alamgir/hw5/hw5_stu_tests/wordle_tests/wordle_tests)
==6775==    by 0x1412F3: testing::TestInfo::Run() (in /work/hw-alamgir/hw5/hw5_stu_tests/wordle_tests/wordle_tests)
==6775==    by 0x1413CF: testing::TestSuite::Run() (in /work/hw-alamgir/hw5/hw5_stu_tests/wordle_tests/wordle_tests)
==6775==    by 0x14191B: testing::internal::UnitTestImpl::RunAllTests() (in /work/hw-alamgir/hw5/hw5_stu_tests/wordle_tests/wordle_tests)
==6775==    by 0x14D1D7: bool testing::internal::HandleExceptionsInMethodIfSupported<testing::internal::UnitTestImpl, bool>(testing::internal::UnitTestImpl*, bool (testing::internal::UnitTestImpl::*)(), char const*) (in /work/hw-alamgir/hw5/hw5_stu_tests/wordle_tests/wordle_tests)
==6775== 
==6775== Conditional jump or move depends on uninitialised value(s)
==6775==    at 0x11ADB0: traversal(std::vector<char, std::allocator<char> >, std::set<std::__cxx11::basic_string<char, std::char_traits<char>, std::allocator<char> >, std::less<std::__cxx11::basic_string<char, std::char_traits<char>, std::allocator<char> > >, std::allocator<std::__cxx11::basic_string<char, std::char_traits<char>, std::allocator<char> > > > const&, std::set<std::__cxx11::basic_string<char, std::char_traits<char>, std::allocator<char> >, std::less<std::__cxx11::basic_string<char, std::char_traits<char>, std::allocator<char> > >, std::allocator<std::__cxx11::basic_string<char, std::char_traits<char>, std::allocator<char> > > >&, unsigned long, std::__cxx11::basic_string<char, std::char_traits<char>, std::allocator<char> >, std::__cxx11::basic_string<char, std::char_traits<char>, std::allocator<char> >&, unsigned long&) (wordle.cpp:76)
==6775==    by 0x11ADF7: traversal(std::vector<char, std::allocator<char> >, std::set<std::__cxx11::basic_string<char, std::char_traits<char>, std::allocator<char> >, std::less<std::__cxx11::basic_string<char, std::char_traits<char>, std::allocator<char> > >, std::allocator<std::__cxx11::basic_string<char, std::char_traits<char>, std::allocator<char> > > > const&, std::set<std::__cxx11::basic_string<char, std::char_traits<char>, std::allocator<char> >, std::less<std::__cxx11::basic_string<char, std::char_traits<char>, std::allocator<char> > >, std::allocator<std::__cxx11::basic_string<char, std::char_traits<char>, std::allocator<char> > > >&, unsigned long, std::__cxx11::basic_string<char, std::char_traits<char>, std::allocator<char> >, std::__cxx11::basic_string<char, std::char_traits<char>, std::allocator<char> >&, unsigned long&) (wordle.cpp:79)
==6775==    by 0x11ADF7: traversal(std::vector<char, std::allocator<char> >, std::set<std::__cxx11::basic_string<char, std::char_traits<char>, std::allocator<char> >, std::less<std::__cxx11::basic_string<char, std::char_traits<char>, std::allocator<char> > >, std::allocator<std::__cxx11::basic_string<char, std::char_traits<char>, std::allocator<char> > > > const&, std::set<std::__cxx11::basic_string<char, std::char_traits<char>, std::allocator<char> >, std::less<std::__cxx11::basic_string<char, std::char_traits<char>, std::allocator<char> > >, std::allocator<std::__cxx11::basic_string<char, std::char_traits<char>, std::allocator<char> > > >&, unsigned long, std::__cxx11::basic_string<char, std::char_traits<char>, std::allocator<char> >, std::__cxx11::basic_string<char, std::char_traits<char>, std::allocator<char> >&, unsigned long&) (wordle.cpp:79)
==6775==    by 0x11ADF7: traversal(std::vector<char, std::allocator<char> >, std::set<std::__cxx11::basic_string<char, std::char_traits<char>, std::allocator<char> >, std::less<std::__cxx11::basic_string<char, std::char_traits<char>, std::allocator<char> > >, std::allocator<std::__cxx11::basic_string<char, std::char_traits<char>, std::allocator<char> > > > const&, std::set<std::__cxx11::basic_string<char, std::char_traits<char>, std::allocator<char> >, std::less<std::__cxx11::basic_string<char, std::char_traits<char>, std::allocator<char> > >, std::allocator<std::__cxx11::basic_string<char, std::char_traits<char>, std::allocator<char> > > >&, unsigned long, std::__cxx11::basic_string<char, std::char_traits<char>, std::allocator<char> >, std::__cxx11::basic_string<char, std::char_traits<char>, std::allocator<char> >&, unsigned long&) (wordle.cpp:79)
==6775==    by 0x11AF4B: traversal(std::vector<char, std::allocator<char> >, std::set<std::__cxx11::basic_string<char, std::char_traits<char>, std::allocator<char> >, std::less<std::__cxx11::basic_string<char, std::char_traits<char>, std::allocator<char> > >, std::allocator<std::__cxx11::basic_string<char, std::char_traits<char>, std::allocator<char> > > > const&, std::set<std::__cxx11::basic_string<char, std::char_traits<char>, std::allocator<char> >, std::less<std::__cxx11::basic_string<char, std::char_traits<char>, std::allocator<char> > >, std::allocator<std::__cxx11::basic_string<char, std::char_traits<char>, std::allocator<char> > > >&, unsigned long, std::__cxx11::basic_string<char, std::char_traits<char>, std::allocator<char> >, std::__cxx11::basic_string<char, std::char_traits<char>, std::allocator<char> >&, unsigned long&) (wordle.cpp:105)
==6775==    by 0x11ABF3: wordle(std::__cxx11::basic_string<char, std::char_traits<char>, std::allocator<char> > const&, std::__cxx11::basic_string<char, std::char_traits<char>, std::allocator<char> > const&, std::set<std::__cxx11::basic_string<char, std::char_traits<char>, std::allocator<char> >, std::less<std::__cxx11::basic_string<char, std::char_traits<char>, std::allocator<char> > >, std::allocator<std::__cxx11::basic_string<char, std::char_traits<char>, std::allocator<char> > > > const&) (wordle.cpp:50)
==6775==    by 0x112D83: Wordle_OneLetterConstrained_Test::TestBody() (wordle-tests.cpp:100)
==6775==    by 0x14CC3F: void testing::internal::HandleExceptionsInMethodIfSupported<testing::Test, void>(testing::Test*, void (testing::Test::*)(), char const*) (in /work/hw-alamgir/hw5/hw5_stu_tests/wordle_tests/wordle_tests)
==6775==    by 0x14119F: testing::Test::Run() (in /work/hw-alamgir/hw5/hw5_stu_tests/wordle_tests/wordle_tests)
==6775==    by 0x1412F3: testing::TestInfo::Run() (in /work/hw-alamgir/hw5/hw5_stu_tests/wordle_tests/wordle_tests)
==6775==    by 0x1413CF: testing::TestSuite::Run() (in /work/hw-alamgir/hw5/hw5_stu_tests/wordle_tests/wordle_tests)
==6775==    by 0x14191B: testing::internal::UnitTestImpl::RunAllTests() (in /work/hw-alamgir/hw5/hw5_stu_tests/wordle_tests/wordle_tests)
==6775== 
[       OK ] Wordle.OneLetterConstrained (14 ms)
[----------] 1 test from Wordle (15 ms total)

[----------] Global test environment tear-down
[==========] 1 test from 1 test suite ran. (21 ms total)
[  PASSED  ] 1 test.
==6775== 
==6775== HEAP SUMMARY:
==6775==     in use at exit: 0 bytes in 0 blocks
==6775==   total heap usage: 63,777 allocs, 63,777 frees, 4,183,060 bytes allocated
==6775== 
==6775== All heap blocks were freed -- no leaks are possible
==6775== 
==6775== Use --track-origins=yes to see where uninitialised values come from
==6775== For lists of detected and suppressed errors, rerun with: -s
==6775== ERROR SUMMARY: 100 errors from 3 contexts (suppressed: 0 from 0)
<end of output>
Test time =   2.80 sec
----------------------------------------------------------
Test Passed.
"Wordle.OneLetterConstrained" end time: Apr 17 05:57 UTC
"Wordle.OneLetterConstrained" time elapsed: 00:00:02
----------------------------------------------------------

5/21 Testing: Wordle.TwoLetterUnconstrained
5/21 Test: Wordle.TwoLetterUnconstrained
Command: "/usr/bin/valgrind" "--tool=memcheck" "--leak-check=yes" "--trace-children=no" "/work/hw-alamgir/hw5/hw5_stu_tests/wordle_tests/wordle_tests" "--gtest_filter=Wordle.TwoLetterUnconstrained"
Directory: /work/hw-alamgir/hw5/hw5_stu_tests/wordle_tests
"Wordle.TwoLetterUnconstrained" start time: Apr 17 05:57 UTC
Output:
----------------------------------------------------------
==6776== Memcheck, a memory error detector
==6776== Copyright (C) 2002-2017, and GNU GPL'd, by Julian Seward et al.
==6776== Using Valgrind-3.15.0 and LibVEX; rerun with -h for copyright info
==6776== Command: /work/hw-alamgir/hw5/hw5_stu_tests/wordle_tests/wordle_tests --gtest_filter=Wordle.TwoLetterUnconstrained
==6776== 
Read 63247 words into dictionary.
Running main() from /build/googletest-K1TalW/googletest-1.10.0/googletest/src/gtest_main.cc
Note: Google Test filter = Wordle.TwoLetterUnconstrained
[==========] Running 1 test from 1 test suite.
[----------] Global test environment set-up.
[----------] 1 test from Wordle
[ RUN      ] Wordle.TwoLetterUnconstrained
==6776== Conditional jump or move depends on uninitialised value(s)
==6776==    at 0x11ADB0: traversal(std::vector<char, std::allocator<char> >, std::set<std::__cxx11::basic_string<char, std::char_traits<char>, std::allocator<char> >, std::less<std::__cxx11::basic_string<char, std::char_traits<char>, std::allocator<char> > >, std::allocator<std::__cxx11::basic_string<char, std::char_traits<char>, std::allocator<char> > > > const&, std::set<std::__cxx11::basic_string<char, std::char_traits<char>, std::allocator<char> >, std::less<std::__cxx11::basic_string<char, std::char_traits<char>, std::allocator<char> > >, std::allocator<std::__cxx11::basic_string<char, std::char_traits<char>, std::allocator<char> > > >&, unsigned long, std::__cxx11::basic_string<char, std::char_traits<char>, std::allocator<char> >, std::__cxx11::basic_string<char, std::char_traits<char>, std::allocator<char> >&, unsigned long&) (wordle.cpp:76)
==6776==    by 0x11ADF7: traversal(std::vector<char, std::allocator<char> >, std::set<std::__cxx11::basic_string<char, std::char_traits<char>, std::allocator<char> >, std::less<std::__cxx11::basic_string<char, std::char_traits<char>, std::allocator<char> > >, std::allocator<std::__cxx11::basic_string<char, std::char_traits<char>, std::allocator<char> > > > const&, std::set<std::__cxx11::basic_string<char, std::char_traits<char>, std::allocator<char> >, std::less<std::__cxx11::basic_string<char, std::char_traits<char>, std::allocator<char> > >, std::allocator<std::__cxx11::basic_string<char, std::char_traits<char>, std::allocator<char> > > >&, unsigned long, std::__cxx11::basic_string<char, std::char_traits<char>, std::allocator<char> >, std::__cxx11::basic_string<char, std::char_traits<char>, std::allocator<char> >&, unsigned long&) (wordle.cpp:79)
==6776==    by 0x11B0DF: traversal(std::vector<char, std::allocator<char> >, std::set<std::__cxx11::basic_string<char, std::char_traits<char>, std::allocator<char> >, std::less<std::__cxx11::basic_string<char, std::char_traits<char>, std::allocator<char> > >, std::allocator<std::__cxx11::basic_string<char, std::char_traits<char>, std::allocator<char> > > > const&, std::set<std::__cxx11::basic_string<char, std::char_traits<char>, std::allocator<char> >, std::less<std::__cxx11::basic_string<char, std::char_traits<char>, std::allocator<char> > >, std::allocator<std::__cxx11::basic_string<char, std::char_traits<char>, std::allocator<char> > > >&, unsigned long, std::__cxx11::basic_string<char, std::char_traits<char>, std::allocator<char> >, std::__cxx11::basic_string<char, std::char_traits<char>, std::allocator<char> >&, unsigned long&) (wordle.cpp:146)
==6776==    by 0x11B0DF: traversal(std::vector<char, std::allocator<char> >, std::set<std::__cxx11::basic_string<char, std::char_traits<char>, std::allocator<char> >, std::less<std::__cxx11::basic_string<char, std::char_traits<char>, std::allocator<char> > >, std::allocator<std::__cxx11::basic_string<char, std::char_traits<char>, std::allocator<char> > > > const&, std::set<std::__cxx11::basic_string<char, std::char_traits<char>, std::allocator<char> >, std::less<std::__cxx11::basic_string<char, std::char_traits<char>, std::allocator<char> > >, std::allocator<std::__cxx11::basic_string<char, std::char_traits<char>, std::allocator<char> > > >&, unsigned long, std::__cxx11::basic_string<char, std::char_traits<char>, std::allocator<char> >, std::__cxx11::basic_string<char, std::char_traits<char>, std::allocator<char> >&, unsigned long&) (wordle.cpp:146)
==6776==    by 0x11ABF3: wordle(std::__cxx11::basic_string<char, std::char_traits<char>, std::allocator<char> > const&, std::__cxx11::basic_string<char, std::char_traits<char>, std::allocator<char> > const&, std::set<std::__cxx11::basic_string<char, std::char_traits<char>, std::allocator<char> >, std::less<std::__cxx11::basic_string<char, std::char_traits<char>, std::allocator<char> > >, std::allocator<std::__cxx11::basic_string<char, std::char_traits<char>, std::allocator<char> > > > const&) (wordle.cpp:50)
==6776==    by 0x11312F: Wordle_TwoLetterUnconstrained_Test::TestBody() (wordle-tests.cpp:123)
==6776==    by 0x14CC3F: void testing::internal::HandleExceptionsInMethodIfSupported<testing::Test, void>(testing::Test*, void (testing::Test::*)(), char const*) (in /work/hw-alamgir/hw5/hw5_stu_tests/wordle_tests/wordle_tests)
==6776==    by 0x14119F: testing::Test::Run() (in /work/hw-alamgir/hw5/hw5_stu_tests/wordle_tests/wordle_tests)
==6776==    by 0x1412F3: testing::TestInfo::Run() (in /work/hw-alamgir/hw5/hw5_stu_tests/wordle_tests/wordle_tests)
==6776==    by 0x1413CF: testing::TestSuite::Run() (in /work/hw-alamgir/hw5/hw5_stu_tests/wordle_tests/wordle_tests)
==6776==    by 0x14191B: testing::internal::UnitTestImpl::RunAllTests() (in /work/hw-alamgir/hw5/hw5_stu_tests/wordle_tests/wordle_tests)
==6776==    by 0x14D1D7: bool testing::internal::HandleExceptionsInMethodIfSupported<testing::internal::UnitTestImpl, bool>(testing::internal::UnitTestImpl*, bool (testing::internal::UnitTestImpl::*)(), char const*) (in /work/hw-alamgir/hw5/hw5_stu_tests/wordle_tests/wordle_tests)
==6776== 
==6776== Conditional jump or move depends on uninitialised value(s)
==6776==    at 0x11ADB0: traversal(std::vector<char, std::allocator<char> >, std::set<std::__cxx11::basic_string<char, std::char_traits<char>, std::allocator<char> >, std::less<std::__cxx11::basic_string<char, std::char_traits<char>, std::allocator<char> > >, std::allocator<std::__cxx11::basic_string<char, std::char_traits<char>, std::allocator<char> > > > const&, std::set<std::__cxx11::basic_string<char, std::char_traits<char>, std::allocator<char> >, std::less<std::__cxx11::basic_string<char, std::char_traits<char>, std::allocator<char> > >, std::allocator<std::__cxx11::basic_string<char, std::char_traits<char>, std::allocator<char> > > >&, unsigned long, std::__cxx11::basic_string<char, std::char_traits<char>, std::allocator<char> >, std::__cxx11::basic_string<char, std::char_traits<char>, std::allocator<char> >&, unsigned long&) (wordle.cpp:76)
==6776==    by 0x11ADF7: traversal(std::vector<char, std::allocator<char> >, std::set<std::__cxx11::basic_string<char, std::char_traits<char>, std::allocator<char> >, std::less<std::__cxx11::basic_string<char, std::char_traits<char>, std::allocator<char> > >, std::allocator<std::__cxx11::basic_string<char, std::char_traits<char>, std::allocator<char> > > > const&, std::set<std::__cxx11::basic_string<char, std::char_traits<char>, std::allocator<char> >, std::less<std::__cxx11::basic_string<char, std::char_traits<char>, std::allocator<char> > >, std::allocator<std::__cxx11::basic_string<char, std::char_traits<char>, std::allocator<char> > > >&, unsigned long, std::__cxx11::basic_string<char, std::char_traits<char>, std::allocator<char> >, std::__cxx11::basic_string<char, std::char_traits<char>, std::allocator<char> >&, unsigned long&) (wordle.cpp:79)
==6776==    by 0x11ADF7: traversal(std::vector<char, std::allocator<char> >, std::set<std::__cxx11::basic_string<char, std::char_traits<char>, std::allocator<char> >, std::less<std::__cxx11::basic_string<char, std::char_traits<char>, std::allocator<char> > >, std::allocator<std::__cxx11::basic_string<char, std::char_traits<char>, std::allocator<char> > > > const&, std::set<std::__cxx11::basic_string<char, std::char_traits<char>, std::allocator<char> >, std::less<std::__cxx11::basic_string<char, std::char_traits<char>, std::allocator<char> > >, std::allocator<std::__cxx11::basic_string<char, std::char_traits<char>, std::allocator<char> > > >&, unsigned long, std::__cxx11::basic_string<char, std::char_traits<char>, std::allocator<char> >, std::__cxx11::basic_string<char, std::char_traits<char>, std::allocator<char> >&, unsigned long&) (wordle.cpp:79)
==6776==    by 0x11B0DF: traversal(std::vector<char, std::allocator<char> >, std::set<std::__cxx11::basic_string<char, std::char_traits<char>, std::allocator<char> >, std::less<std::__cxx11::basic_string<char, std::char_traits<char>, std::allocator<char> > >, std::allocator<std::__cxx11::basic_string<char, std::char_traits<char>, std::allocator<char> > > > const&, std::set<std::__cxx11::basic_string<char, std::char_traits<char>, std::allocator<char> >, std::less<std::__cxx11::basic_string<char, std::char_traits<char>, std::allocator<char> > >, std::allocator<std::__cxx11::basic_string<char, std::char_traits<char>, std::allocator<char> > > >&, unsigned long, std::__cxx11::basic_string<char, std::char_traits<char>, std::allocator<char> >, std::__cxx11::basic_string<char, std::char_traits<char>, std::allocator<char> >&, unsigned long&) (wordle.cpp:146)
==6776==    by 0x11B0DF: traversal(std::vector<char, std::allocator<char> >, std::set<std::__cxx11::basic_string<char, std::char_traits<char>, std::allocator<char> >, std::less<std::__cxx11::basic_string<char, std::char_traits<char>, std::allocator<char> > >, std::allocator<std::__cxx11::basic_string<char, std::char_traits<char>, std::allocator<char> > > > const&, std::set<std::__cxx11::basic_string<char, std::char_traits<char>, std::allocator<char> >, std::less<std::__cxx11::basic_string<char, std::char_traits<char>, std::allocator<char> > >, std::allocator<std::__cxx11::basic_string<char, std::char_traits<char>, std::allocator<char> > > >&, unsigned long, std::__cxx11::basic_string<char, std::char_traits<char>, std::allocator<char> >, std::__cxx11::basic_string<char, std::char_traits<char>, std::allocator<char> >&, unsigned long&) (wordle.cpp:146)
==6776==    by 0x11ABF3: wordle(std::__cxx11::basic_string<char, std::char_traits<char>, std::allocator<char> > const&, std::__cxx11::basic_string<char, std::char_traits<char>, std::allocator<char> > const&, std::set<std::__cxx11::basic_string<char, std::char_traits<char>, std::allocator<char> >, std::less<std::__cxx11::basic_string<char, std::char_traits<char>, std::allocator<char> > >, std::allocator<std::__cxx11::basic_string<char, std::char_traits<char>, std::allocator<char> > > > const&) (wordle.cpp:50)
==6776==    by 0x11312F: Wordle_TwoLetterUnconstrained_Test::TestBody() (wordle-tests.cpp:123)
==6776==    by 0x14CC3F: void testing::internal::HandleExceptionsInMethodIfSupported<testing::Test, void>(testing::Test*, void (testing::Test::*)(), char const*) (in /work/hw-alamgir/hw5/hw5_stu_tests/wordle_tests/wordle_tests)
==6776==    by 0x14119F: testing::Test::Run() (in /work/hw-alamgir/hw5/hw5_stu_tests/wordle_tests/wordle_tests)
==6776==    by 0x1412F3: testing::TestInfo::Run() (in /work/hw-alamgir/hw5/hw5_stu_tests/wordle_tests/wordle_tests)
==6776==    by 0x1413CF: testing::TestSuite::Run() (in /work/hw-alamgir/hw5/hw5_stu_tests/wordle_tests/wordle_tests)
==6776==    by 0x14191B: testing::internal::UnitTestImpl::RunAllTests() (in /work/hw-alamgir/hw5/hw5_stu_tests/wordle_tests/wordle_tests)
==6776== 
==6776== Conditional jump or move depends on uninitialised value(s)
==6776==    at 0x11ADB0: traversal(std::vector<char, std::allocator<char> >, std::set<std::__cxx11::basic_string<char, std::char_traits<char>, std::allocator<char> >, std::less<std::__cxx11::basic_string<char, std::char_traits<char>, std::allocator<char> > >, std::allocator<std::__cxx11::basic_string<char, std::char_traits<char>, std::allocator<char> > > > const&, std::set<std::__cxx11::basic_string<char, std::char_traits<char>, std::allocator<char> >, std::less<std::__cxx11::basic_string<char, std::char_traits<char>, std::allocator<char> > >, std::allocator<std::__cxx11::basic_string<char, std::char_traits<char>, std::allocator<char> > > >&, unsigned long, std::__cxx11::basic_string<char, std::char_traits<char>, std::allocator<char> >, std::__cxx11::basic_string<char, std::char_traits<char>, std::allocator<char> >&, unsigned long&) (wordle.cpp:76)
==6776==    by 0x11ADF7: traversal(std::vector<char, std::allocator<char> >, std::set<std::__cxx11::basic_string<char, std::char_traits<char>, std::allocator<char> >, std::less<std::__cxx11::basic_string<char, std::char_traits<char>, std::allocator<char> > >, std::allocator<std::__cxx11::basic_string<char, std::char_traits<char>, std::allocator<char> > > > const&, std::set<std::__cxx11::basic_string<char, std::char_traits<char>, std::allocator<char> >, std::less<std::__cxx11::basic_string<char, std::char_traits<char>, std::allocator<char> > >, std::allocator<std::__cxx11::basic_string<char, std::char_traits<char>, std::allocator<char> > > >&, unsigned long, std::__cxx11::basic_string<char, std::char_traits<char>, std::allocator<char> >, std::__cxx11::basic_string<char, std::char_traits<char>, std::allocator<char> >&, unsigned long&) (wordle.cpp:79)
==6776==    by 0x11ADF7: traversal(std::vector<char, std::allocator<char> >, std::set<std::__cxx11::basic_string<char, std::char_traits<char>, std::allocator<char> >, std::less<std::__cxx11::basic_string<char, std::char_traits<char>, std::allocator<char> > >, std::allocator<std::__cxx11::basic_string<char, std::char_traits<char>, std::allocator<char> > > > const&, std::set<std::__cxx11::basic_string<char, std::char_traits<char>, std::allocator<char> >, std::less<std::__cxx11::basic_string<char, std::char_traits<char>, std::allocator<char> > >, std::allocator<std::__cxx11::basic_string<char, std::char_traits<char>, std::allocator<char> > > >&, unsigned long, std::__cxx11::basic_string<char, std::char_traits<char>, std::allocator<char> >, std::__cxx11::basic_string<char, std::char_traits<char>, std::allocator<char> >&, unsigned long&) (wordle.cpp:79)
==6776==    by 0x11ADF7: traversal(std::vector<char, std::allocator<char> >, std::set<std::__cxx11::basic_string<char, std::char_traits<char>, std::allocator<char> >, std::less<std::__cxx11::basic_string<char, std::char_traits<char>, std::allocator<char> > >, std::allocator<std::__cxx11::basic_string<char, std::char_traits<char>, std::allocator<char> > > > const&, std::set<std::__cxx11::basic_string<char, std::char_traits<char>, std::allocator<char> >, std::less<std::__cxx11::basic_string<char, std::char_traits<char>, std::allocator<char> > >, std::allocator<std::__cxx11::basic_string<char, std::char_traits<char>, std::allocator<char> > > >&, unsigned long, std::__cxx11::basic_string<char, std::char_traits<char>, std::allocator<char> >, std::__cxx11::basic_string<char, std::char_traits<char>, std::allocator<char> >&, unsigned long&) (wordle.cpp:79)
==6776==    by 0x11B0DF: traversal(std::vector<char, std::allocator<char> >, std::set<std::__cxx11::basic_string<char, std::char_traits<char>, std::allocator<char> >, std::less<std::__cxx11::basic_string<char, std::char_traits<char>, std::allocator<char> > >, std::allocator<std::__cxx11::basic_string<char, std::char_traits<char>, std::allocator<char> > > > const&, std::set<std::__cxx11::basic_string<char, std::char_traits<char>, std::allocator<char> >, std::less<std::__cxx11::basic_string<char, std::char_traits<char>, std::allocator<char> > >, std::allocator<std::__cxx11::basic_string<char, std::char_traits<char>, std::allocator<char> > > >&, unsigned long, std::__cxx11::basic_string<char, std::char_traits<char>, std::allocator<char> >, std::__cxx11::basic_string<char, std::char_traits<char>, std::allocator<char> >&, unsigned long&) (wordle.cpp:146)
==6776==    by 0x11B0DF: traversal(std::vector<char, std::allocator<char> >, std::set<std::__cxx11::basic_string<char, std::char_traits<char>, std::allocator<char> >, std::less<std::__cxx11::basic_string<char, std::char_traits<char>, std::allocator<char> > >, std::allocator<std::__cxx11::basic_string<char, std::char_traits<char>, std::allocator<char> > > > const&, std::set<std::__cxx11::basic_string<char, std::char_traits<char>, std::allocator<char> >, std::less<std::__cxx11::basic_string<char, std::char_traits<char>, std::allocator<char> > >, std::allocator<std::__cxx11::basic_string<char, std::char_traits<char>, std::allocator<char> > > >&, unsigned long, std::__cxx11::basic_string<char, std::char_traits<char>, std::allocator<char> >, std::__cxx11::basic_string<char, std::char_traits<char>, std::allocator<char> >&, unsigned long&) (wordle.cpp:146)
==6776==    by 0x11ABF3: wordle(std::__cxx11::basic_string<char, std::char_traits<char>, std::allocator<char> > const&, std::__cxx11::basic_string<char, std::char_traits<char>, std::allocator<char> > const&, std::set<std::__cxx11::basic_string<char, std::char_traits<char>, std::allocator<char> >, std::less<std::__cxx11::basic_string<char, std::char_traits<char>, std::allocator<char> > >, std::allocator<std::__cxx11::basic_string<char, std::char_traits<char>, std::allocator<char> > > > const&) (wordle.cpp:50)
==6776==    by 0x11312F: Wordle_TwoLetterUnconstrained_Test::TestBody() (wordle-tests.cpp:123)
==6776==    by 0x14CC3F: void testing::internal::HandleExceptionsInMethodIfSupported<testing::Test, void>(testing::Test*, void (testing::Test::*)(), char const*) (in /work/hw-alamgir/hw5/hw5_stu_tests/wordle_tests/wordle_tests)
==6776==    by 0x14119F: testing::Test::Run() (in /work/hw-alamgir/hw5/hw5_stu_tests/wordle_tests/wordle_tests)
==6776==    by 0x1412F3: testing::TestInfo::Run() (in /work/hw-alamgir/hw5/hw5_stu_tests/wordle_tests/wordle_tests)
==6776==    by 0x1413CF: testing::TestSuite::Run() (in /work/hw-alamgir/hw5/hw5_stu_tests/wordle_tests/wordle_tests)
==6776== 
[       OK ] Wordle.TwoLetterUnconstrained (769 ms)
[----------] 1 test from Wordle (771 ms total)

[----------] Global test environment tear-down
[==========] 1 test from 1 test suite ran. (776 ms total)
[  PASSED  ] 1 test.
==6776== 
==6776== HEAP SUMMARY:
==6776==     in use at exit: 0 bytes in 0 blocks
==6776==   total heap usage: 63,958 allocs, 63,958 frees, 4,194,784 bytes allocated
==6776== 
==6776== All heap blocks were freed -- no leaks are possible
==6776== 
==6776== Use --track-origins=yes to see where uninitialised values come from
==6776== For lists of detected and suppressed errors, rerun with: -s
==6776== ERROR SUMMARY: 66248 errors from 3 contexts (suppressed: 0 from 0)
<end of output>
Test time =   3.56 sec
----------------------------------------------------------
Test Passed.
"Wordle.TwoLetterUnconstrained" end time: Apr 17 05:57 UTC
"Wordle.TwoLetterUnconstrained" time elapsed: 00:00:03
----------------------------------------------------------

6/21 Testing: Wordle.TwoLetterConstrained
6/21 Test: Wordle.TwoLetterConstrained
Command: "/usr/bin/valgrind" "--tool=memcheck" "--leak-check=yes" "--trace-children=no" "/work/hw-alamgir/hw5/hw5_stu_tests/wordle_tests/wordle_tests" "--gtest_filter=Wordle.TwoLetterConstrained"
Directory: /work/hw-alamgir/hw5/hw5_stu_tests/wordle_tests
"Wordle.TwoLetterConstrained" start time: Apr 17 05:57 UTC
Output:
----------------------------------------------------------
==6777== Memcheck, a memory error detector
==6777== Copyright (C) 2002-2017, and GNU GPL'd, by Julian Seward et al.
==6777== Using Valgrind-3.15.0 and LibVEX; rerun with -h for copyright info
==6777== Command: /work/hw-alamgir/hw5/hw5_stu_tests/wordle_tests/wordle_tests --gtest_filter=Wordle.TwoLetterConstrained
==6777== 
Read 63247 words into dictionary.
Running main() from /build/googletest-K1TalW/googletest-1.10.0/googletest/src/gtest_main.cc
Note: Google Test filter = Wordle.TwoLetterConstrained
[==========] Running 1 test from 1 test suite.
[----------] Global test environment set-up.
[----------] 1 test from Wordle
[ RUN      ] Wordle.TwoLetterConstrained
==6777== Conditional jump or move depends on uninitialised value(s)
==6777==    at 0x11ADB0: traversal(std::vector<char, std::allocator<char> >, std::set<std::__cxx11::basic_string<char, std::char_traits<char>, std::allocator<char> >, std::less<std::__cxx11::basic_string<char, std::char_traits<char>, std::allocator<char> > >, std::allocator<std::__cxx11::basic_string<char, std::char_traits<char>, std::allocator<char> > > > const&, std::set<std::__cxx11::basic_string<char, std::char_traits<char>, std::allocator<char> >, std::less<std::__cxx11::basic_string<char, std::char_traits<char>, std::allocator<char> > >, std::allocator<std::__cxx11::basic_string<char, std::char_traits<char>, std::allocator<char> > > >&, unsigned long, std::__cxx11::basic_string<char, std::char_traits<char>, std::allocator<char> >, std::__cxx11::basic_string<char, std::char_traits<char>, std::allocator<char> >&, unsigned long&) (wordle.cpp:76)
==6777==    by 0x11ADF7: traversal(std::vector<char, std::allocator<char> >, std::set<std::__cxx11::basic_string<char, std::char_traits<char>, std::allocator<char> >, std::less<std::__cxx11::basic_string<char, std::char_traits<char>, std::allocator<char> > >, std::allocator<std::__cxx11::basic_string<char, std::char_traits<char>, std::allocator<char> > > > const&, std::set<std::__cxx11::basic_string<char, std::char_traits<char>, std::allocator<char> >, std::less<std::__cxx11::basic_string<char, std::char_traits<char>, std::allocator<char> > >, std::allocator<std::__cxx11::basic_string<char, std::char_traits<char>, std::allocator<char> > > >&, unsigned long, std::__cxx11::basic_string<char, std::char_traits<char>, std::allocator<char> >, std::__cxx11::basic_string<char, std::char_traits<char>, std::allocator<char> >&, unsigned long&) (wordle.cpp:79)
==6777==    by 0x11B0DF: traversal(std::vector<char, std::allocator<char> >, std::set<std::__cxx11::basic_string<char, std::char_traits<char>, std::allocator<char> >, std::less<std::__cxx11::basic_string<char, std::char_traits<char>, std::allocator<char> > >, std::allocator<std::__cxx11::basic_string<char, std::char_traits<char>, std::allocator<char> > > > const&, std::set<std::__cxx11::basic_string<char, std::char_traits<char>, std::allocator<char> >, std::less<std::__cxx11::basic_string<char, std::char_traits<char>, std::allocator<char> > >, std::allocator<std::__cxx11::basic_string<char, std::char_traits<char>, std::allocator<char> > > >&, unsigned long, std::__cxx11::basic_string<char, std::char_traits<char>, std::allocator<char> >, std::__cxx11::basic_string<char, std::char_traits<char>, std::allocator<char> >&, unsigned long&) (wordle.cpp:146)
==6777==    by 0x11B0DF: traversal(std::vector<char, std::allocator<char> >, std::set<std::__cxx11::basic_string<char, std::char_traits<char>, std::allocator<char> >, std::less<std::__cxx11::basic_string<char, std::char_traits<char>, std::allocator<char> > >, std::allocator<std::__cxx11::basic_string<char, std::char_traits<char>, std::allocator<char> > > > const&, std::set<std::__cxx11::basic_string<char, std::char_traits<char>, std::allocator<char> >, std::less<std::__cxx11::basic_string<char, std::char_traits<char>, std::allocator<char> > >, std::allocator<std::__cxx11::basic_string<char, std::char_traits<char>, std::allocator<char> > > >&, unsigned long, std::__cxx11::basic_string<char, std::char_traits<char>, std::allocator<char> >, std::__cxx11::basic_string<char, std::char_traits<char>, std::allocator<char> >&, unsigned long&) (wordle.cpp:146)
[...]
==6787==    by 0x116D03: std::_Vector_base<unsigned int, std::allocator<unsigned int> >::_Vector_base(unsigned long, std::allocator<unsigned int> const&) (stl_vector.h:302)
==6787==    by 0x11BA7F: std::vector<unsigned int, std::allocator<unsigned int> >::vector(std::vector<unsigned int, std::allocator<unsigned int> > const&) (stl_vector.h:552)
==6787==    by 0x11B6B3: void std::_Construct<std::vector<unsigned int, std::allocator<unsigned int> >, std::vector<unsigned int, std::allocator<unsigned int> > const&>(std::vector<unsigned int, std::allocator<unsigned int> >*, std::vector<unsigned int, std::allocator<unsigned int> > const&) (stl_construct.h:75)
==6787==    by 0x11B31F: std::vector<unsigned int, std::allocator<unsigned int> >* std::__uninitialized_fill_n<false>::__uninit_fill_n<std::vector<unsigned int, std::allocator<unsigned int> >*, unsigned long, std::vector<unsigned int, std::allocator<unsigned int> > >(std::vector<unsigned int, std::allocator<unsigned int> >*, unsigned long, std::vector<unsigned int, std::allocator<unsigned int> > const&) (stl_uninitialized.h:222)
==6787==    by 0x11B06F: std::vector<unsigned int, std::allocator<unsigned int> >* std::uninitialized_fill_n<std::vector<unsigned int, std::allocator<unsigned int> >*, unsigned long, std::vector<unsigned int, std::allocator<unsigned int> > >(std::vector<unsigned int, std::allocator<unsigned int> >*, unsigned long, std::vector<unsigned int, std::allocator<unsigned int> > const&) (stl_uninitialized.h:273)
==6787==    by 0x11AE3F: std::vector<unsigned int, std::allocator<unsigned int> >* std::__uninitialized_fill_n_a<std::vector<unsigned int, std::allocator<unsigned int> >*, unsigned long, std::vector<unsigned int, std::allocator<unsigned int> >, std::vector<unsigned int, std::allocator<unsigned int> > >(std::vector<unsigned int, std::allocator<unsigned int> >*, unsigned long, std::vector<unsigned int, std::allocator<unsigned int> > const&, std::allocator<std::vector<unsigned int, std::allocator<unsigned int> > >&) (stl_uninitialized.h:384)
==6787==    by 0x11AA93: std::vector<std::vector<unsigned int, std::allocator<unsigned int> >, std::allocator<std::vector<unsigned int, std::allocator<unsigned int> > > >::_M_fill_initialize(unsigned long, std::vector<unsigned int, std::allocator<unsigned int> > const&) (stl_vector.h:1593)
==6787== 
The thing at position [1][1] is 0
The avail[0][0] is 1
[       OK ] Schedule.SimpleNoSolNoAvail2 (19 ms)
[----------] 1 test from Schedule (20 ms total)

[----------] Global test environment tear-down
[==========] 1 test from 1 test suite ran. (28 ms total)
[  PASSED  ] 1 test.
==6787== 
==6787== HEAP SUMMARY:
==6787==     in use at exit: 0 bytes in 0 blocks
==6787==   total heap usage: 283 allocs, 283 frees, 121,087 bytes allocated
==6787== 
==6787== All heap blocks were freed -- no leaks are possible
==6787== 
==6787== For lists of detected and suppressed errors, rerun with: -s
==6787== ERROR SUMMARY: 1 errors from 1 contexts (suppressed: 0 from 0)
<end of output>
Test time =   0.42 sec
----------------------------------------------------------
Test Passed.
"Schedule.SimpleNoSolNoAvail2" end time: Apr 17 06:00 UTC
"Schedule.SimpleNoSolNoAvail2" time elapsed: 00:00:00
----------------------------------------------------------

17/21 Testing: Schedule.SimpleNoSolNoAvail3
17/21 Test: Schedule.SimpleNoSolNoAvail3
Command: "/usr/bin/valgrind" "--tool=memcheck" "--leak-check=yes" "--trace-children=no" "/work/hw-alamgir/hw5/hw5_stu_tests/schedwork_tests/schedwork_tests" "--gtest_filter=Schedule.SimpleNoSolNoAvail3"
Directory: /work/hw-alamgir/hw5/hw5_stu_tests/schedwork_tests
"Schedule.SimpleNoSolNoAvail3" start time: Apr 17 06:00 UTC
Output:
----------------------------------------------------------
==6788== Memcheck, a memory error detector
==6788== Copyright (C) 2002-2017, and GNU GPL'd, by Julian Seward et al.
==6788== Using Valgrind-3.15.0 and LibVEX; rerun with -h for copyright info
==6788== Command: /work/hw-alamgir/hw5/hw5_stu_tests/schedwork_tests/schedwork_tests --gtest_filter=Schedule.SimpleNoSolNoAvail3
==6788== 
Running main() from /build/googletest-K1TalW/googletest-1.10.0/googletest/src/gtest_main.cc
Note: Google Test filter = Schedule.SimpleNoSolNoAvail3
[==========] Running 1 test from 1 test suite.
[----------] Global test environment set-up.
[----------] 1 test from Schedule
[ RUN      ] Schedule.SimpleNoSolNoAvail3
the sched[0][0] is 4294967295
the row size of sched is 3
the column size of sched is 1
==6788== Invalid read of size 4
==6788==    at 0x119C50: schedule(std::vector<std::vector<bool, std::allocator<bool> >, std::allocator<std::vector<bool, std::allocator<bool> > > > const&, unsigned long, unsigned long, std::vector<std::vector<unsigned int, std::allocator<unsigned int> >, std::allocator<std::vector<unsigned int, std::allocator<unsigned int> > > >&) (schedwork.cpp:72)
==6788==    by 0x111797: runAndVerifySolution(std::vector<std::vector<bool, std::allocator<bool> >, std::allocator<std::vector<bool, std::allocator<bool> > > > const&, unsigned long, unsigned long, bool) (schedwork-tests.cpp:46)
==6788==    by 0x112D6F: Schedule_SimpleNoSolNoAvail3_Test::TestBody() (schedwork-tests.cpp:193)
==6788==    by 0x14BA9F: void testing::internal::HandleExceptionsInMethodIfSupported<testing::Test, void>(testing::Test*, void (testing::Test::*)(), char const*) (in /work/hw-alamgir/hw5/hw5_stu_tests/schedwork_tests/schedwork_tests)
==6788==    by 0x13FC1F: testing::Test::Run() (in /work/hw-alamgir/hw5/hw5_stu_tests/schedwork_tests/schedwork_tests)
==6788==    by 0x13FD73: testing::TestInfo::Run() (in /work/hw-alamgir/hw5/hw5_stu_tests/schedwork_tests/schedwork_tests)
==6788==    by 0x13FE4F: testing::TestSuite::Run() (in /work/hw-alamgir/hw5/hw5_stu_tests/schedwork_tests/schedwork_tests)
==6788==    by 0x14039B: testing::internal::UnitTestImpl::RunAllTests() (in /work/hw-alamgir/hw5/hw5_stu_tests/schedwork_tests/schedwork_tests)
==6788==    by 0x14C037: bool testing::internal::HandleExceptionsInMethodIfSupported<testing::internal::UnitTestImpl, bool>(testing::internal::UnitTestImpl*, bool (testing::internal::UnitTestImpl::*)(), char const*) (in /work/hw-alamgir/hw5/hw5_stu_tests/schedwork_tests/schedwork_tests)
==6788==    by 0x1405E3: testing::UnitTest::Run() (in /work/hw-alamgir/hw5/hw5_stu_tests/schedwork_tests/schedwork_tests)
==6788==    by 0x110F37: main (in /work/hw-alamgir/hw5/hw5_stu_tests/schedwork_tests/schedwork_tests)
==6788==  Address 0x4ce0924 is 0 bytes after a block of size 4 alloc'd
==6788==    at 0x484A3C4: operator new(unsigned long) (in /usr/lib/aarch64-linux-gnu/valgrind/vgpreload_memcheck-arm64-linux.so)
==6788==    by 0x1186B3: __gnu_cxx::new_allocator<unsigned int>::allocate(unsigned long, void const*) (new_allocator.h:114)
==6788==    by 0x11829F: std::allocator_traits<std::allocator<unsigned int> >::allocate(std::allocator<unsigned int>&, unsigned long) (alloc_traits.h:444)
==6788==    by 0x117CFB: std::_Vector_base<unsigned int, std::allocator<unsigned int> >::_M_allocate(unsigned long) (stl_vector.h:343)
==6788==    by 0x117443: std::_Vector_base<unsigned int, std::allocator<unsigned int> >::_M_create_storage(unsigned long) (stl_vector.h:358)
==6788==    by 0x116D03: std::_Vector_base<unsigned int, std::allocator<unsigned int> >::_Vector_base(unsigned long, std::allocator<unsigned int> const&) (stl_vector.h:302)
==6788==    by 0x11BA7F: std::vector<unsigned int, std::allocator<unsigned int> >::vector(std::vector<unsigned int, std::allocator<unsigned int> > const&) (stl_vector.h:552)
==6788==    by 0x11B6B3: void std::_Construct<std::vector<unsigned int, std::allocator<unsigned int> >, std::vector<unsigned int, std::allocator<unsigned int> > const&>(std::vector<unsigned int, std::allocator<unsigned int> >*, std::vector<unsigned int, std::allocator<unsigned int> > const&) (stl_construct.h:75)
==6788==    by 0x11B31F: std::vector<unsigned int, std::allocator<unsigned int> >* std::__uninitialized_fill_n<false>::__uninit_fill_n<std::vector<unsigned int, std::allocator<unsigned int> >*, unsigned long, std::vector<unsigned int, std::allocator<unsigned int> > >(std::vector<unsigned int, std::allocator<unsigned int> >*, unsigned long, std::vector<unsigned int, std::allocator<unsigned int> > const&) (stl_uninitialized.h:222)
==6788==    by 0x11B06F: std::vector<unsigned int, std::allocator<unsigned int> >* std::uninitialized_fill_n<std::vector<unsigned int, std::allocator<unsigned int> >*, unsigned long, std::vector<unsigned int, std::allocator<unsigned int> > >(std::vector<unsigned int, std::allocator<unsigned int> >*, unsigned long, std::vector<unsigned int, std::allocator<unsigned int> > const&) (stl_uninitialized.h:273)
==6788==    by 0x11AE3F: std::vector<unsigned int, std::allocator<unsigned int> >* std::__uninitialized_fill_n_a<std::vector<unsigned int, std::allocator<unsigned int> >*, unsigned long, std::vector<unsigned int, std::allocator<unsigned int> >, std::vector<unsigned int, std::allocator<unsigned int> > >(std::vector<unsigned int, std::allocator<unsigned int> >*, unsigned long, std::vector<unsigned int, std::allocator<unsigned int> > const&, std::allocator<std::vector<unsigned int, std::allocator<unsigned int> > >&) (stl_uninitialized.h:384)
==6788==    by 0x11AA93: std::vector<std::vector<unsigned int, std::allocator<unsigned int> >, std::allocator<std::vector<unsigned int, std::allocator<unsigned int> > > >::_M_fill_initialize(unsigned long, std::vector<unsigned int, std::allocator<unsigned int> > const&) (stl_vector.h:1593)
==6788== 
The thing at position [1][1] is 0
The avail[0][0] is 1
[       OK ] Schedule.SimpleNoSolNoAvail3 (19 ms)
[----------] 1 test from Schedule (20 ms total)

[----------] Global test environment tear-down
[==========] 1 test from 1 test suite ran. (27 ms total)
[  PASSED  ] 1 test.
==6788== 
==6788== HEAP SUMMARY:
==6788==     in use at exit: 0 bytes in 0 blocks
==6788==   total heap usage: 283 allocs, 283 frees, 121,087 bytes allocated
==6788== 
==6788== All heap blocks were freed -- no leaks are possible
==6788== 
==6788== For lists of detected and suppressed errors, rerun with: -s
==6788== ERROR SUMMARY: 1 errors from 1 contexts (suppressed: 0 from 0)
<end of output>
Test time =   0.42 sec
----------------------------------------------------------
Test Passed.
"Schedule.SimpleNoSolNoAvail3" end time: Apr 17 06:00 UTC
"Schedule.SimpleNoSolNoAvail3" time elapsed: 00:00:00
----------------------------------------------------------

18/21 Testing: Schedule.Nominal1
18/21 Test: Schedule.Nominal1
Command: "/usr/bin/valgrind" "--tool=memcheck" "--leak-check=yes" "--trace-children=no" "/work/hw-alamgir/hw5/hw5_stu_tests/schedwork_tests/schedwork_tests" "--gtest_filter=Schedule.Nominal1"
Directory: /work/hw-alamgir/hw5/hw5_stu_tests/schedwork_tests
"Schedule.Nominal1" start time: Apr 17 06:00 UTC
Output:
----------------------------------------------------------
==6789== Memcheck, a memory error detector
==6789== Copyright (C) 2002-2017, and GNU GPL'd, by Julian Seward et al.
==6789== Using Valgrind-3.15.0 and LibVEX; rerun with -h for copyright info
==6789== Command: /work/hw-alamgir/hw5/hw5_stu_tests/schedwork_tests/schedwork_tests --gtest_filter=Schedule.Nominal1
==6789== 
Running main() from /build/googletest-K1TalW/googletest-1.10.0/googletest/src/gtest_main.cc
Note: Google Test filter = Schedule.Nominal1
[==========] Running 1 test from 1 test suite.
[----------] Global test environment set-up.
[----------] 1 test from Schedule
[ RUN      ] Schedule.Nominal1
the sched[0][0] is 4294967295
the row size of sched is 4
the column size of sched is 2
The thing at position [1][1] is 4294967295
The avail[0][0] is 1
/work/hw-alamgir/hw5/hw5_stu_tests/schedwork_tests/schedwork-tests.cpp:211: Failure
Value of: result
  Actual: false (For availability:
1 1 1 1 
1 0 1 0 
1 1 0 1 
1 0 0 1 

Error in schedule:
4294967295 4294967295 
4294967295 4294967295 
4294967295 4294967295 
4294967295 4294967295 

Mismatch with boolean return result (expected: 1 / actual: 0)
)
Expected: true
[  FAILED  ] Schedule.Nominal1 (26 ms)
[----------] 1 test from Schedule (28 ms total)

[----------] Global test environment tear-down
[==========] 1 test from 1 test suite ran. (35 ms total)
[  PASSED  ] 0 tests.
[  FAILED  ] 1 test, listed below:
[  FAILED  ] Schedule.Nominal1

 1 FAILED TEST
==6789== 
==6789== HEAP SUMMARY:
==6789==     in use at exit: 0 bytes in 0 blocks
==6789==   total heap usage: 331 allocs, 331 frees, 134,106 bytes allocated
==6789== 
==6789== All heap blocks were freed -- no leaks are possible
==6789== 
==6789== For lists of detected and suppressed errors, rerun with: -s
==6789== ERROR SUMMARY: 0 errors from 0 contexts (suppressed: 0 from 0)
<end of output>
Test time =   0.43 sec
----------------------------------------------------------
Test Failed.
"Schedule.Nominal1" end time: Apr 17 06:00 UTC
"Schedule.Nominal1" time elapsed: 00:00:00
----------------------------------------------------------

19/21 Testing: Schedule.Nominal1NoSol1
19/21 Test: Schedule.Nominal1NoSol1
Command: "/usr/bin/valgrind" "--tool=memcheck" "--leak-check=yes" "--trace-children=no" "/work/hw-alamgir/hw5/hw5_stu_tests/schedwork_tests/schedwork_tests" "--gtest_filter=Schedule.Nominal1NoSol1"
Directory: /work/hw-alamgir/hw5/hw5_stu_tests/schedwork_tests
"Schedule.Nominal1NoSol1" start time: Apr 17 06:00 UTC
Output:
----------------------------------------------------------
==6790== Memcheck, a memory error detector
==6790== Copyright (C) 2002-2017, and GNU GPL'd, by Julian Seward et al.
==6790== Using Valgrind-3.15.0 and LibVEX; rerun with -h for copyright info
==6790== Command: /work/hw-alamgir/hw5/hw5_stu_tests/schedwork_tests/schedwork_tests --gtest_filter=Schedule.Nominal1NoSol1
==6790== 
Running main() from /build/googletest-K1TalW/googletest-1.10.0/googletest/src/gtest_main.cc
Note: Google Test filter = Schedule.Nominal1NoSol1
[==========] Running 1 test from 1 test suite.
[----------] Global test environment set-up.
[----------] 1 test from Schedule
[ RUN      ] Schedule.Nominal1NoSol1
the sched[0][0] is 4294967295
the row size of sched is 4
the column size of sched is 3
The thing at position [1][1] is 4294967295
The avail[0][0] is 1
[       OK ] Schedule.Nominal1NoSol1 (18 ms)
[----------] 1 test from Schedule (20 ms total)

[----------] Global test environment tear-down
[==========] 1 test from 1 test suite ran. (27 ms total)
[  PASSED  ] 1 test.
==6790== 
==6790== HEAP SUMMARY:
==6790==     in use at exit: 0 bytes in 0 blocks
==6790==   total heap usage: 287 allocs, 287 frees, 121,236 bytes allocated
==6790== 
==6790== All heap blocks were freed -- no leaks are possible
==6790== 
==6790== For lists of detected and suppressed errors, rerun with: -s
==6790== ERROR SUMMARY: 0 errors from 0 contexts (suppressed: 0 from 0)
<end of output>
Test time =   0.42 sec
----------------------------------------------------------
Test Passed.
"Schedule.Nominal1NoSol1" end time: Apr 17 06:00 UTC
"Schedule.Nominal1NoSol1" time elapsed: 00:00:00
----------------------------------------------------------

20/21 Testing: Schedule.Nominal1NoSol2
20/21 Test: Schedule.Nominal1NoSol2
Command: "/usr/bin/valgrind" "--tool=memcheck" "--leak-check=yes" "--trace-children=no" "/work/hw-alamgir/hw5/hw5_stu_tests/schedwork_tests/schedwork_tests" "--gtest_filter=Schedule.Nominal1NoSol2"
Directory: /work/hw-alamgir/hw5/hw5_stu_tests/schedwork_tests
"Schedule.Nominal1NoSol2" start time: Apr 17 06:00 UTC
Output:
----------------------------------------------------------
==6791== Memcheck, a memory error detector
==6791== Copyright (C) 2002-2017, and GNU GPL'd, by Julian Seward et al.
==6791== Using Valgrind-3.15.0 and LibVEX; rerun with -h for copyright info
==6791== Command: /work/hw-alamgir/hw5/hw5_stu_tests/schedwork_tests/schedwork_tests --gtest_filter=Schedule.Nominal1NoSol2
==6791== 
Running main() from /build/googletest-K1TalW/googletest-1.10.0/googletest/src/gtest_main.cc
Note: Google Test filter = Schedule.Nominal1NoSol2
[==========] Running 1 test from 1 test suite.
[----------] Global test environment set-up.
[----------] 1 test from Schedule
[ RUN      ] Schedule.Nominal1NoSol2
the sched[0][0] is 4294967295
the row size of sched is 4
the column size of sched is 2
The thing at position [1][1] is 4294967295
The avail[0][0] is 1
[       OK ] Schedule.Nominal1NoSol2 (18 ms)
[----------] 1 test from Schedule (21 ms total)

[----------] Global test environment tear-down
[==========] 1 test from 1 test suite ran. (28 ms total)
[  PASSED  ] 1 test.
==6791== 
==6791== HEAP SUMMARY:
==6791==     in use at exit: 0 bytes in 0 blocks
==6791==   total heap usage: 287 allocs, 287 frees, 121,200 bytes allocated
==6791== 
==6791== All heap blocks were freed -- no leaks are possible
==6791== 
==6791== For lists of detected and suppressed errors, rerun with: -s
==6791== ERROR SUMMARY: 0 errors from 0 contexts (suppressed: 0 from 0)
<end of output>
Test time =   0.42 sec
----------------------------------------------------------
Test Passed.
"Schedule.Nominal1NoSol2" end time: Apr 17 06:00 UTC
"Schedule.Nominal1NoSol2" time elapsed: 00:00:00
----------------------------------------------------------

21/21 Testing: Schedule.Nominal2
21/21 Test: Schedule.Nominal2
Command: "/usr/bin/valgrind" "--tool=memcheck" "--leak-check=yes" "--trace-children=no" "/work/hw-alamgir/hw5/hw5_stu_tests/schedwork_tests/schedwork_tests" "--gtest_filter=Schedule.Nominal2"
Directory: /work/hw-alamgir/hw5/hw5_stu_tests/schedwork_tests
"Schedule.Nominal2" start time: Apr 17 06:00 UTC
Output:
----------------------------------------------------------
==6792== Memcheck, a memory error detector
==6792== Copyright (C) 2002-2017, and GNU GPL'd, by Julian Seward et al.
==6792== Using Valgrind-3.15.0 and LibVEX; rerun with -h for copyright info
==6792== Command: /work/hw-alamgir/hw5/hw5_stu_tests/schedwork_tests/schedwork_tests --gtest_filter=Schedule.Nominal2
==6792== 
Running main() from /build/googletest-K1TalW/googletest-1.10.0/googletest/src/gtest_main.cc
Note: Google Test filter = Schedule.Nominal2
[==========] Running 1 test from 1 test suite.
[----------] Global test environment set-up.
[----------] 1 test from Schedule
[ RUN      ] Schedule.Nominal2
the sched[0][0] is 4294967295
the row size of sched is 7
the column size of sched is 3
The thing at position [1][1] is 4294967295
The avail[0][0] is 0
/work/hw-alamgir/hw5/hw5_stu_tests/schedwork_tests/schedwork-tests.cpp:274: Failure
Value of: result
  Actual: false (For availability:
0 1 0 1 1 0 1 
0 1 1 0 1 0 0 
1 0 0 1 1 0 0 
1 1 0 0 0 0 1 
1 0 1 0 1 1 0 
1 1 1 0 1 1 1 
1 0 0 1 1 1 0 

Error in schedule:
4294967295 4294967295 4294967295 
4294967295 4294967295 4294967295 
4294967295 4294967295 4294967295 
4294967295 4294967295 4294967295 
4294967295 4294967295 4294967295 
4294967295 4294967295 4294967295 
4294967295 4294967295 4294967295 

Mismatch with boolean return result (expected: 1 / actual: 0)
)
Expected: true
[  FAILED  ] Schedule.Nominal2 (27 ms)
[----------] 1 test from Schedule (29 ms total)

[----------] Global test environment tear-down
[==========] 1 test from 1 test suite ran. (37 ms total)
[  PASSED  ] 0 tests.
[  FAILED  ] 1 test, listed below:
[  FAILED  ] Schedule.Nominal2

 1 FAILED TEST
==6792== 
==6792== HEAP SUMMARY:
==6792==     in use at exit: 0 bytes in 0 blocks
==6792==   total heap usage: 344 allocs, 344 frees, 140,711 bytes allocated
==6792== 
==6792== All heap blocks were freed -- no leaks are possible
==6792== 
==6792== For lists of detected and suppressed errors, rerun with: -s
==6792== ERROR SUMMARY: 0 errors from 0 contexts (suppressed: 0 from 0)
<end of output>
Test time =   0.43 sec
----------------------------------------------------------
Test Failed.
"Schedule.Nominal2" end time: Apr 17 06:00 UTC
"Schedule.Nominal2" time elapsed: 00:00:00
----------------------------------------------------------

End testing: Apr 17 06:00 UTC
