Start testing: Apr 17 06:51 UTC
----------------------------------------------------------
1/21 Testing: Wordle.Empty
1/21 Test: Wordle.Empty
Command: "/usr/bin/valgrind" "--tool=memcheck" "--leak-check=yes" "--trace-children=no" "/work/hw-alamgir/hw5/hw5_stu_tests/wordle_tests/wordle_tests" "--gtest_filter=Wordle.Empty"
Directory: /work/hw-alamgir/hw5/hw5_stu_tests/wordle_tests
"Wordle.Empty" start time: Apr 17 06:51 UTC
Output:
----------------------------------------------------------
==6860== Memcheck, a memory error detector
==6860== Copyright (C) 2002-2017, and GNU GPL'd, by Julian Seward et al.
==6860== Using Valgrind-3.15.0 and LibVEX; rerun with -h for copyright info
==6860== Command: /work/hw-alamgir/hw5/hw5_stu_tests/wordle_tests/wordle_tests --gtest_filter=Wordle.Empty
==6860== 
Read 63247 words into dictionary.
Running main() from /build/googletest-K1TalW/googletest-1.10.0/googletest/src/gtest_main.cc
Note: Google Test filter = Wordle.Empty
[==========] Running 1 test from 1 test suite.
[----------] Global test environment set-up.
[----------] 1 test from Wordle
[ RUN      ] Wordle.Empty
[       OK ] Wordle.Empty (4 ms)
[----------] 1 test from Wordle (5 ms total)

[----------] Global test environment tear-down
[==========] 1 test from 1 test suite ran. (11 ms total)
[  PASSED  ] 1 test.
==6860== 
==6860== HEAP SUMMARY:
==6860==     in use at exit: 0 bytes in 0 blocks
==6860==   total heap usage: 63,758 allocs, 63,758 frees, 4,182,333 bytes allocated
==6860== 
==6860== All heap blocks were freed -- no leaks are possible
==6860== 
==6860== For lists of detected and suppressed errors, rerun with: -s
==6860== ERROR SUMMARY: 0 errors from 0 contexts (suppressed: 0 from 0)
<end of output>
Test time =   2.84 sec
----------------------------------------------------------
Test Passed.
"Wordle.Empty" end time: Apr 17 06:51 UTC
"Wordle.Empty" time elapsed: 00:00:02
----------------------------------------------------------

2/21 Testing: Wordle.NoSolutions
2/21 Test: Wordle.NoSolutions
Command: "/usr/bin/valgrind" "--tool=memcheck" "--leak-check=yes" "--trace-children=no" "/work/hw-alamgir/hw5/hw5_stu_tests/wordle_tests/wordle_tests" "--gtest_filter=Wordle.NoSolutions"
Directory: /work/hw-alamgir/hw5/hw5_stu_tests/wordle_tests
"Wordle.NoSolutions" start time: Apr 17 06:51 UTC
Output:
----------------------------------------------------------
==6861== Memcheck, a memory error detector
==6861== Copyright (C) 2002-2017, and GNU GPL'd, by Julian Seward et al.
==6861== Using Valgrind-3.15.0 and LibVEX; rerun with -h for copyright info
==6861== Command: /work/hw-alamgir/hw5/hw5_stu_tests/wordle_tests/wordle_tests --gtest_filter=Wordle.NoSolutions
==6861== 
Read 63247 words into dictionary.
Running main() from /build/googletest-K1TalW/googletest-1.10.0/googletest/src/gtest_main.cc
Note: Google Test filter = Wordle.NoSolutions
[==========] Running 1 test from 1 test suite.
[----------] Global test environment set-up.
[----------] 1 test from Wordle
[ RUN      ] Wordle.NoSolutions
==6861== Conditional jump or move depends on uninitialised value(s)
==6861==    at 0x11ADB0: traversal(std::vector<char, std::allocator<char> >, std::set<std::__cxx11::basic_string<char, std::char_traits<char>, std::allocator<char> >, std::less<std::__cxx11::basic_string<char, std::char_traits<char>, std::allocator<char> > >, std::allocator<std::__cxx11::basic_string<char, std::char_traits<char>, std::allocator<char> > > > const&, std::set<std::__cxx11::basic_string<char, std::char_traits<char>, std::allocator<char> >, std::less<std::__cxx11::basic_string<char, std::char_traits<char>, std::allocator<char> > >, std::allocator<std::__cxx11::basic_string<char, std::char_traits<char>, std::allocator<char> > > >&, unsigned long, std::__cxx11::basic_string<char, std::char_traits<char>, std::allocator<char> >, std::__cxx11::basic_string<char, std::char_traits<char>, std::allocator<char> >&, unsigned long&) (wordle.cpp:76)
==6861==    by 0x11ADF7: traversal(std::vector<char, std::allocator<char> >, std::set<std::__cxx11::basic_string<char, std::char_traits<char>, std::allocator<char> >, std::less<std::__cxx11::basic_string<char, std::char_traits<char>, std::allocator<char> > >, std::allocator<std::__cxx11::basic_string<char, std::char_traits<char>, std::allocator<char> > > > const&, std::set<std::__cxx11::basic_string<char, std::char_traits<char>, std::allocator<char> >, std::less<std::__cxx11::basic_string<char, std::char_traits<char>, std::allocator<char> > >, std::allocator<std::__cxx11::basic_string<char, std::char_traits<char>, std::allocator<char> > > >&, unsigned long, std::__cxx11::basic_string<char, std::char_traits<char>, std::allocator<char> >, std::__cxx11::basic_string<char, std::char_traits<char>, std::allocator<char> >&, unsigned long&) (wordle.cpp:79)
==6861==    by 0x11AF4B: traversal(std::vector<char, std::allocator<char> >, std::set<std::__cxx11::basic_string<char, std::char_traits<char>, std::allocator<char> >, std::less<std::__cxx11::basic_string<char, std::char_traits<char>, std::allocator<char> > >, std::allocator<std::__cxx11::basic_string<char, std::char_traits<char>, std::allocator<char> > > > const&, std::set<std::__cxx11::basic_string<char, std::char_traits<char>, std::allocator<char> >, std::less<std::__cxx11::basic_string<char, std::char_traits<char>, std::allocator<char> > >, std::allocator<std::__cxx11::basic_string<char, std::char_traits<char>, std::allocator<char> > > >&, unsigned long, std::__cxx11::basic_string<char, std::char_traits<char>, std::allocator<char> >, std::__cxx11::basic_string<char, std::char_traits<char>, std::allocator<char> >&, unsigned long&) (wordle.cpp:105)
==6861==    by 0x11AF4B: traversal(std::vector<char, std::allocator<char> >, std::set<std::__cxx11::basic_string<char, std::char_traits<char>, std::allocator<char> >, std::less<std::__cxx11::basic_string<char, std::char_traits<char>, std::allocator<char> > >, std::allocator<std::__cxx11::basic_string<char, std::char_traits<char>, std::allocator<char> > > > const&, std::set<std::__cxx11::basic_string<char, std::char_traits<char>, std::allocator<char> >, std::less<std::__cxx11::basic_string<char, std::char_traits<char>, std::allocator<char> > >, std::allocator<std::__cxx11::basic_string<char, std::char_traits<char>, std::allocator<char> > > >&, unsigned long, std::__cxx11::basic_string<char, std::char_traits<char>, std::allocator<char> >, std::__cxx11::basic_string<char, std::char_traits<char>, std::allocator<char> >&, unsigned long&) (wordle.cpp:105)
==6861==    by 0x11ABF3: wordle(std::__cxx11::basic_string<char, std::char_traits<char>, std::allocator<char> > const&, std::__cxx11::basic_string<char, std::char_traits<char>, std::allocator<char> > const&, std::set<std::__cxx11::basic_string<char, std::char_traits<char>, std::allocator<char> >, std::less<std::__cxx11::basic_string<char, std::char_traits<char>, std::allocator<char> > >, std::allocator<std::__cxx11::basic_string<char, std::char_traits<char>, std::allocator<char> > > > const&) (wordle.cpp:50)
==6861==    by 0x112783: Wordle_NoSolutions_Test::TestBody() (wordle-tests.cpp:72)
==6861==    by 0x14CC3F: void testing::internal::HandleExceptionsInMethodIfSupported<testing::Test, void>(testing::Test*, void (testing::Test::*)(), char const*) (in /work/hw-alamgir/hw5/hw5_stu_tests/wordle_tests/wordle_tests)
==6861==    by 0x14119F: testing::Test::Run() (in /work/hw-alamgir/hw5/hw5_stu_tests/wordle_tests/wordle_tests)
==6861==    by 0x1412F3: testing::TestInfo::Run() (in /work/hw-alamgir/hw5/hw5_stu_tests/wordle_tests/wordle_tests)
==6861==    by 0x1413CF: testing::TestSuite::Run() (in /work/hw-alamgir/hw5/hw5_stu_tests/wordle_tests/wordle_tests)
==6861==    by 0x14191B: testing::internal::UnitTestImpl::RunAllTests() (in /work/hw-alamgir/hw5/hw5_stu_tests/wordle_tests/wordle_tests)
==6861==    by 0x14D1D7: bool testing::internal::HandleExceptionsInMethodIfSupported<testing::internal::UnitTestImpl, bool>(testing::internal::UnitTestImpl*, bool (testing::internal::UnitTestImpl::*)(), char const*) (in /work/hw-alamgir/hw5/hw5_stu_tests/wordle_tests/wordle_tests)
==6861== 
==6861== Conditional jump or move depends on uninitialised value(s)
==6861==    at 0x11ADB0: traversal(std::vector<char, std::allocator<char> >, std::set<std::__cxx11::basic_string<char, std::char_traits<char>, std::allocator<char> >, std::less<std::__cxx11::basic_string<char, std::char_traits<char>, std::allocator<char> > >, std::allocator<std::__cxx11::basic_string<char, std::char_traits<char>, std::allocator<char> > > > const&, std::set<std::__cxx11::basic_string<char, std::char_traits<char>, std::allocator<char> >, std::less<std::__cxx11::basic_string<char, std::char_traits<char>, std::allocator<char> > >, std::allocator<std::__cxx11::basic_string<char, std::char_traits<char>, std::allocator<char> > > >&, unsigned long, std::__cxx11::basic_string<char, std::char_traits<char>, std::allocator<char> >, std::__cxx11::basic_string<char, std::char_traits<char>, std::allocator<char> >&, unsigned long&) (wordle.cpp:76)
==6861==    by 0x11ADF7: traversal(std::vector<char, std::allocator<char> >, std::set<std::__cxx11::basic_string<char, std::char_traits<char>, std::allocator<char> >, std::less<std::__cxx11::basic_string<char, std::char_traits<char>, std::allocator<char> > >, std::allocator<std::__cxx11::basic_string<char, std::char_traits<char>, std::allocator<char> > > > const&, std::set<std::__cxx11::basic_string<char, std::char_traits<char>, std::allocator<char> >, std::less<std::__cxx11::basic_string<char, std::char_traits<char>, std::allocator<char> > >, std::allocator<std::__cxx11::basic_string<char, std::char_traits<char>, std::allocator<char> > > >&, unsigned long, std::__cxx11::basic_string<char, std::char_traits<char>, std::allocator<char> >, std::__cxx11::basic_string<char, std::char_traits<char>, std::allocator<char> >&, unsigned long&) (wordle.cpp:79)
==6861==    by 0x11ADF7: traversal(std::vector<char, std::allocator<char> >, std::set<std::__cxx11::basic_string<char, std::char_traits<char>, std::allocator<char> >, std::less<std::__cxx11::basic_string<char, std::char_traits<char>, std::allocator<char> > >, std::allocator<std::__cxx11::basic_string<char, std::char_traits<char>, std::allocator<char> > > > const&, std::set<std::__cxx11::basic_string<char, std::char_traits<char>, std::allocator<char> >, std::less<std::__cxx11::basic_string<char, std::char_traits<char>, std::allocator<char> > >, std::allocator<std::__cxx11::basic_string<char, std::char_traits<char>, std::allocator<char> > > >&, unsigned long, std::__cxx11::basic_string<char, std::char_traits<char>, std::allocator<char> >, std::__cxx11::basic_string<char, std::char_traits<char>, std::allocator<char> >&, unsigned long&) (wordle.cpp:79)
==6861==    by 0x11AF4B: traversal(std::vector<char, std::allocator<char> >, std::set<std::__cxx11::basic_string<char, std::char_traits<char>, std::allocator<char> >, std::less<std::__cxx11::basic_string<char, std::char_traits<char>, std::allocator<char> > >, std::allocator<std::__cxx11::basic_string<char, std::char_traits<char>, std::allocator<char> > > > const&, std::set<std::__cxx11::basic_string<char, std::char_traits<char>, std::allocator<char> >, std::less<std::__cxx11::basic_string<char, std::char_traits<char>, std::allocator<char> > >, std::allocator<std::__cxx11::basic_string<char, std::char_traits<char>, std::allocator<char> > > >&, unsigned long, std::__cxx11::basic_string<char, std::char_traits<char>, std::allocator<char> >, std::__cxx11::basic_string<char, std::char_traits<char>, std::allocator<char> >&, unsigned long&) (wordle.cpp:105)
==6861==    by 0x11AF4B: traversal(std::vector<char, std::allocator<char> >, std::set<std::__cxx11::basic_string<char, std::char_traits<char>, std::allocator<char> >, std::less<std::__cxx11::basic_string<char, std::char_traits<char>, std::allocator<char> > >, std::allocator<std::__cxx11::basic_string<char, std::char_traits<char>, std::allocator<char> > > > const&, std::set<std::__cxx11::basic_string<char, std::char_traits<char>, std::allocator<char> >, std::less<std::__cxx11::basic_string<char, std::char_traits<char>, std::allocator<char> > >, std::allocator<std::__cxx11::basic_string<char, std::char_traits<char>, std::allocator<char> > > >&, unsigned long, std::__cxx11::basic_string<char, std::char_traits<char>, std::allocator<char> >, std::__cxx11::basic_string<char, std::char_traits<char>, std::allocator<char> >&, unsigned long&) (wordle.cpp:105)
==6861==    by 0x11ABF3: wordle(std::__cxx11::basic_string<char, std::char_traits<char>, std::allocator<char> > const&, std::__cxx11::basic_string<char, std::char_traits<char>, std::allocator<char> > const&, std::set<std::__cxx11::basic_string<char, std::char_traits<char>, std::allocator<char> >, std::less<std::__cxx11::basic_string<char, std::char_traits<char>, std::allocator<char> > >, std::allocator<std::__cxx11::basic_string<char, std::char_traits<char>, std::allocator<char> > > > const&) (wordle.cpp:50)
==6861==    by 0x112783: Wordle_NoSolutions_Test::TestBody() (wordle-tests.cpp:72)
==6861==    by 0x14CC3F: void testing::internal::HandleExceptionsInMethodIfSupported<testing::Test, void>(testing::Test*, void (testing::Test::*)(), char const*) (in /work/hw-alamgir/hw5/hw5_stu_tests/wordle_tests/wordle_tests)
==6861==    by 0x14119F: testing::Test::Run() (in /work/hw-alamgir/hw5/hw5_stu_tests/wordle_tests/wordle_tests)
==6861==    by 0x1412F3: testing::TestInfo::Run() (in /work/hw-alamgir/hw5/hw5_stu_tests/wordle_tests/wordle_tests)
==6861==    by 0x1413CF: testing::TestSuite::Run() (in /work/hw-alamgir/hw5/hw5_stu_tests/wordle_tests/wordle_tests)
==6861==    by 0x14191B: testing::internal::UnitTestImpl::RunAllTests() (in /work/hw-alamgir/hw5/hw5_stu_tests/wordle_tests/wordle_tests)
==6861== 
==6861== Conditional jump or move depends on uninitialised value(s)
==6861==    at 0x11ADB0: traversal(std::vector<char, std::allocator<char> >, std::set<std::__cxx11::basic_string<char, std::char_traits<char>, std::allocator<char> >, std::less<std::__cxx11::basic_string<char, std::char_traits<char>, std::allocator<char> > >, std::allocator<std::__cxx11::basic_string<char, std::char_traits<char>, std::allocator<char> > > > const&, std::set<std::__cxx11::basic_string<char, std::char_traits<char>, std::allocator<char> >, std::less<std::__cxx11::basic_string<char, std::char_traits<char>, std::allocator<char> > >, std::allocator<std::__cxx11::basic_string<char, std::char_traits<char>, std::allocator<char> > > >&, unsigned long, std::__cxx11::basic_string<char, std::char_traits<char>, std::allocator<char> >, std::__cxx11::basic_string<char, std::char_traits<char>, std::allocator<char> >&, unsigned long&) (wordle.cpp:76)
==6861==    by 0x11ADF7: traversal(std::vector<char, std::allocator<char> >, std::set<std::__cxx11::basic_string<char, std::char_traits<char>, std::allocator<char> >, std::less<std::__cxx11::basic_string<char, std::char_traits<char>, std::allocator<char> > >, std::allocator<std::__cxx11::basic_string<char, std::char_traits<char>, std::allocator<char> > > > const&, std::set<std::__cxx11::basic_string<char, std::char_traits<char>, std::allocator<char> >, std::less<std::__cxx11::basic_string<char, std::char_traits<char>, std::allocator<char> > >, std::allocator<std::__cxx11::basic_string<char, std::char_traits<char>, std::allocator<char> > > >&, unsigned long, std::__cxx11::basic_string<char, std::char_traits<char>, std::allocator<char> >, std::__cxx11::basic_string<char, std::char_traits<char>, std::allocator<char> >&, unsigned long&) (wordle.cpp:79)
==6861==    by 0x11ADF7: traversal(std::vector<char, std::allocator<char> >, std::set<std::__cxx11::basic_string<char, std::char_traits<char>, std::allocator<char> >, std::less<std::__cxx11::basic_string<char, std::char_traits<char>, std::allocator<char> > >, std::allocator<std::__cxx11::basic_string<char, std::char_traits<char>, std::allocator<char> > > > const&, std::set<std::__cxx11::basic_string<char, std::char_traits<char>, std::allocator<char> >, std::less<std::__cxx11::basic_string<char, std::char_traits<char>, std::allocator<char> > >, std::allocator<std::__cxx11::basic_string<char, std::char_traits<char>, std::allocator<char> > > >&, unsigned long, std::__cxx11::basic_string<char, std::char_traits<char>, std::allocator<char> >, std::__cxx11::basic_string<char, std::char_traits<char>, std::allocator<char> >&, unsigned long&) (wordle.cpp:79)
==6861==    by 0x11ADF7: traversal(std::vector<char, std::allocator<char> >, std::set<std::__cxx11::basic_string<char, std::char_traits<char>, std::allocator<char> >, std::less<std::__cxx11::basic_string<char, std::char_traits<char>, std::allocator<char> > >, std::allocator<std::__cxx11::basic_string<char, std::char_traits<char>, std::allocator<char> > > > const&, std::set<std::__cxx11::basic_string<char, std::char_traits<char>, std::allocator<char> >, std::less<std::__cxx11::basic_string<char, std::char_traits<char>, std::allocator<char> > >, std::allocator<std::__cxx11::basic_string<char, std::char_traits<char>, std::allocator<char> > > >&, unsigned long, std::__cxx11::basic_string<char, std::char_traits<char>, std::allocator<char> >, std::__cxx11::basic_string<char, std::char_traits<char>, std::allocator<char> >&, unsigned long&) (wordle.cpp:79)
==6861==    by 0x11AF4B: traversal(std::vector<char, std::allocator<char> >, std::set<std::__cxx11::basic_string<char, std::char_traits<char>, std::allocator<char> >, std::less<std::__cxx11::basic_string<char, std::char_traits<char>, std::allocator<char> > >, std::allocator<std::__cxx11::basic_string<char, std::char_traits<char>, std::allocator<char> > > > const&, std::set<std::__cxx11::basic_string<char, std::char_traits<char>, std::allocator<char> >, std::less<std::__cxx11::basic_string<char, std::char_traits<char>, std::allocator<char> > >, std::allocator<std::__cxx11::basic_string<char, std::char_traits<char>, std::allocator<char> > > >&, unsigned long, std::__cxx11::basic_string<char, std::char_traits<char>, std::allocator<char> >, std::__cxx11::basic_string<char, std::char_traits<char>, std::allocator<char> >&, unsigned long&) (wordle.cpp:105)
==6861==    by 0x11AF4B: traversal(std::vector<char, std::allocator<char> >, std::set<std::__cxx11::basic_string<char, std::char_traits<char>, std::allocator<char> >, std::less<std::__cxx11::basic_string<char, std::char_traits<char>, std::allocator<char> > >, std::allocator<std::__cxx11::basic_string<char, std::char_traits<char>, std::allocator<char> > > > const&, std::set<std::__cxx11::basic_string<char, std::char_traits<char>, std::allocator<char> >, std::less<std::__cxx11::basic_string<char, std::char_traits<char>, std::allocator<char> > >, std::allocator<std::__cxx11::basic_string<char, std::char_traits<char>, std::allocator<char> > > >&, unsigned long, std::__cxx11::basic_string<char, std::char_traits<char>, std::allocator<char> >, std::__cxx11::basic_string<char, std::char_traits<char>, std::allocator<char> >&, unsigned long&) (wordle.cpp:105)
==6861==    by 0x11ABF3: wordle(std::__cxx11::basic_string<char, std::char_traits<char>, std::allocator<char> > const&, std::__cxx11::basic_string<char, std::char_traits<char>, std::allocator<char> > const&, std::set<std::__cxx11::basic_string<char, std::char_traits<char>, std::allocator<char> >, std::less<std::__cxx11::basic_string<char, std::char_traits<char>, std::allocator<char> > >, std::allocator<std::__cxx11::basic_string<char, std::char_traits<char>, std::allocator<char> > > > const&) (wordle.cpp:50)
==6861==    by 0x112783: Wordle_NoSolutions_Test::TestBody() (wordle-tests.cpp:72)
==6861==    by 0x14CC3F: void testing::internal::HandleExceptionsInMethodIfSupported<testing::Test, void>(testing::Test*, void (testing::Test::*)(), char const*) (in /work/hw-alamgir/hw5/hw5_stu_tests/wordle_tests/wordle_tests)
==6861==    by 0x14119F: testing::Test::Run() (in /work/hw-alamgir/hw5/hw5_stu_tests/wordle_tests/wordle_tests)
==6861==    by 0x1412F3: testing::TestInfo::Run() (in /work/hw-alamgir/hw5/hw5_stu_tests/wordle_tests/wordle_tests)
==6861==    by 0x1413CF: testing::TestSuite::Run() (in /work/hw-alamgir/hw5/hw5_stu_tests/wordle_tests/wordle_tests)
==6861== 
[       OK ] Wordle.NoSolutions (13 ms)
[----------] 1 test from Wordle (15 ms total)

[----------] Global test environment tear-down
[==========] 1 test from 1 test suite ran. (21 ms total)
[  PASSED  ] 1 test.
==6861== 
==6861== HEAP SUMMARY:
==6861==     in use at exit: 0 bytes in 0 blocks
==6861==   total heap usage: 63,777 allocs, 63,777 frees, 4,182,810 bytes allocated
==6861== 
==6861== All heap blocks were freed -- no leaks are possible
==6861== 
==6861== Use --track-origins=yes to see where uninitialised values come from
==6861== For lists of detected and suppressed errors, rerun with: -s
==6861== ERROR SUMMARY: 196 errors from 3 contexts (suppressed: 0 from 0)
<end of output>
Test time =   2.84 sec
----------------------------------------------------------
Test Passed.
"Wordle.NoSolutions" end time: Apr 17 06:52 UTC
"Wordle.NoSolutions" time elapsed: 00:00:02
----------------------------------------------------------

3/21 Testing: Wordle.OneLetterUnconstrained
3/21 Test: Wordle.OneLetterUnconstrained
Command: "/usr/bin/valgrind" "--tool=memcheck" "--leak-check=yes" "--trace-children=no" "/work/hw-alamgir/hw5/hw5_stu_tests/wordle_tests/wordle_tests" "--gtest_filter=Wordle.OneLetterUnconstrained"
Directory: /work/hw-alamgir/hw5/hw5_stu_tests/wordle_tests
"Wordle.OneLetterUnconstrained" start time: Apr 17 06:52 UTC
Output:
----------------------------------------------------------
==6862== Memcheck, a memory error detector
==6862== Copyright (C) 2002-2017, and GNU GPL'd, by Julian Seward et al.
==6862== Using Valgrind-3.15.0 and LibVEX; rerun with -h for copyright info
==6862== Command: /work/hw-alamgir/hw5/hw5_stu_tests/wordle_tests/wordle_tests --gtest_filter=Wordle.OneLetterUnconstrained
==6862== 
Read 63247 words into dictionary.
Running main() from /build/googletest-K1TalW/googletest-1.10.0/googletest/src/gtest_main.cc
Note: Google Test filter = Wordle.OneLetterUnconstrained
[==========] Running 1 test from 1 test suite.
[----------] Global test environment set-up.
[----------] 1 test from Wordle
[ RUN      ] Wordle.OneLetterUnconstrained
==6862== Conditional jump or move depends on uninitialised value(s)
==6862==    at 0x11ADB0: traversal(std::vector<char, std::allocator<char> >, std::set<std::__cxx11::basic_string<char, std::char_traits<char>, std::allocator<char> >, std::less<std::__cxx11::basic_string<char, std::char_traits<char>, std::allocator<char> > >, std::allocator<std::__cxx11::basic_string<char, std::char_traits<char>, std::allocator<char> > > > const&, std::set<std::__cxx11::basic_string<char, std::char_traits<char>, std::allocator<char> >, std::less<std::__cxx11::basic_string<char, std::char_traits<char>, std::allocator<char> > >, std::allocator<std::__cxx11::basic_string<char, std::char_traits<char>, std::allocator<char> > > >&, unsigned long, std::__cxx11::basic_string<char, std::char_traits<char>, std::allocator<char> >, std::__cxx11::basic_string<char, std::char_traits<char>, std::allocator<char> >&, unsigned long&) (wordle.cpp:76)
==6862==    by 0x11ADF7: traversal(std::vector<char, std::allocator<char> >, std::set<std::__cxx11::basic_string<char, std::char_traits<char>, std::allocator<char> >, std::less<std::__cxx11::basic_string<char, std::char_traits<char>, std::allocator<char> > >, std::allocator<std::__cxx11::basic_string<char, std::char_traits<char>, std::allocator<char> > > > const&, std::set<std::__cxx11::basic_string<char, std::char_traits<char>, std::allocator<char> >, std::less<std::__cxx11::basic_string<char, std::char_traits<char>, std::allocator<char> > >, std::allocator<std::__cxx11::basic_string<char, std::char_traits<char>, std::allocator<char> > > >&, unsigned long, std::__cxx11::basic_string<char, std::char_traits<char>, std::allocator<char> >, std::__cxx11::basic_string<char, std::char_traits<char>, std::allocator<char> >&, unsigned long&) (wordle.cpp:79)
==6862==    by 0x11B0DF: traversal(std::vector<char, std::allocator<char> >, std::set<std::__cxx11::basic_string<char, std::char_traits<char>, std::allocator<char> >, std::less<std::__cxx11::basic_string<char, std::char_traits<char>, std::allocator<char> > >, std::allocator<std::__cxx11::basic_string<char, std::char_traits<char>, std::allocator<char> > > > const&, std::set<std::__cxx11::basic_string<char, std::char_traits<char>, std::allocator<char> >, std::less<std::__cxx11::basic_string<char, std::char_traits<char>, std::allocator<char> > >, std::allocator<std::__cxx11::basic_string<char, std::char_traits<char>, std::allocator<char> > > >&, unsigned long, std::__cxx11::basic_string<char, std::char_traits<char>, std::allocator<char> >, std::__cxx11::basic_string<char, std::char_traits<char>, std::allocator<char> >&, unsigned long&) (wordle.cpp:146)
==6862==    by 0x11ABF3: wordle(std::__cxx11::basic_string<char, std::char_traits<char>, std::allocator<char> > const&, std::__cxx11::basic_string<char, std::char_traits<char>, std::allocator<char> > const&, std::set<std::__cxx11::basic_string<char, std::char_traits<char>, std::allocator<char> >, std::less<std::__cxx11::basic_string<char, std::char_traits<char>, std::allocator<char> > >, std::allocator<std::__cxx11::basic_string<char, std::char_traits<char>, std::allocator<char> > > > const&) (wordle.cpp:50)
==6862==    by 0x112A67: Wordle_OneLetterUnconstrained_Test::TestBody() (wordle-tests.cpp:89)
==6862==    by 0x14CC3F: void testing::internal::HandleExceptionsInMethodIfSupported<testing::Test, void>(testing::Test*, void (testing::Test::*)(), char const*) (in /work/hw-alamgir/hw5/hw5_stu_tests/wordle_tests/wordle_tests)
==6862==    by 0x14119F: testing::Test::Run() (in /work/hw-alamgir/hw5/hw5_stu_tests/wordle_tests/wordle_tests)
==6862==    by 0x1412F3: testing::TestInfo::Run() (in /work/hw-alamgir/hw5/hw5_stu_tests/wordle_tests/wordle_tests)
==6862==    by 0x1413CF: testing::TestSuite::Run() (in /work/hw-alamgir/hw5/hw5_stu_tests/wordle_tests/wordle_tests)
==6862==    by 0x14191B: testing::internal::UnitTestImpl::RunAllTests() (in /work/hw-alamgir/hw5/hw5_stu_tests/wordle_tests/wordle_tests)
==6862==    by 0x14D1D7: bool testing::internal::HandleExceptionsInMethodIfSupported<testing::internal::UnitTestImpl, bool>(testing::internal::UnitTestImpl*, bool (testing::internal::UnitTestImpl::*)(), char const*) (in /work/hw-alamgir/hw5/hw5_stu_tests/wordle_tests/wordle_tests)
==6862==    by 0x141B63: testing::UnitTest::Run() (in /work/hw-alamgir/hw5/hw5_stu_tests/wordle_tests/wordle_tests)
==6862== 
==6862== Conditional jump or move depends on uninitialised value(s)
==6862==    at 0x11ADB0: traversal(std::vector<char, std::allocator<char> >, std::set<std::__cxx11::basic_string<char, std::char_traits<char>, std::allocator<char> >, std::less<std::__cxx11::basic_string<char, std::char_traits<char>, std::allocator<char> > >, std::allocator<std::__cxx11::basic_string<char, std::char_traits<char>, std::allocator<char> > > > const&, std::set<std::__cxx11::basic_string<char, std::char_traits<char>, std::allocator<char> >, std::less<std::__cxx11::basic_string<char, std::char_traits<char>, std::allocator<char> > >, std::allocator<std::__cxx11::basic_string<char, std::char_traits<char>, std::allocator<char> > > >&, unsigned long, std::__cxx11::basic_string<char, std::char_traits<char>, std::allocator<char> >, std::__cxx11::basic_string<char, std::char_traits<char>, std::allocator<char> >&, unsigned long&) (wordle.cpp:76)
==6862==    by 0x11ADF7: traversal(std::vector<char, std::allocator<char> >, std::set<std::__cxx11::basic_string<char, std::char_traits<char>, std::allocator<char> >, std::less<std::__cxx11::basic_string<char, std::char_traits<char>, std::allocator<char> > >, std::allocator<std::__cxx11::basic_string<char, std::char_traits<char>, std::allocator<char> > > > const&, std::set<std::__cxx11::basic_string<char, std::char_traits<char>, std::allocator<char> >, std::less<std::__cxx11::basic_string<char, std::char_traits<char>, std::allocator<char> > >, std::allocator<std::__cxx11::basic_string<char, std::char_traits<char>, std::allocator<char> > > >&, unsigned long, std::__cxx11::basic_string<char, std::char_traits<char>, std::allocator<char> >, std::__cxx11::basic_string<char, std::char_traits<char>, std::allocator<char> >&, unsigned long&) (wordle.cpp:79)
==6862==    by 0x11ADF7: traversal(std::vector<char, std::allocator<char> >, std::set<std::__cxx11::basic_string<char, std::char_traits<char>, std::allocator<char> >, std::less<std::__cxx11::basic_string<char, std::char_traits<char>, std::allocator<char> > >, std::allocator<std::__cxx11::basic_string<char, std::char_traits<char>, std::allocator<char> > > > const&, std::set<std::__cxx11::basic_string<char, std::char_traits<char>, std::allocator<char> >, std::less<std::__cxx11::basic_string<char, std::char_traits<char>, std::allocator<char> > >, std::allocator<std::__cxx11::basic_string<char, std::char_traits<char>, std::allocator<char> > > >&, unsigned long, std::__cxx11::basic_string<char, std::char_traits<char>, std::allocator<char> >, std::__cxx11::basic_string<char, std::char_traits<char>, std::allocator<char> >&, unsigned long&) (wordle.cpp:79)
==6862==    by 0x11B0DF: traversal(std::vector<char, std::allocator<char> >, std::set<std::__cxx11::basic_string<char, std::char_traits<char>, std::allocator<char> >, std::less<std::__cxx11::basic_string<char, std::char_traits<char>, std::allocator<char> > >, std::allocator<std::__cxx11::basic_string<char, std::char_traits<char>, std::allocator<char> > > > const&, std::set<std::__cxx11::basic_string<char, std::char_traits<char>, std::allocator<char> >, std::less<std::__cxx11::basic_string<char, std::char_traits<char>, std::allocator<char> > >, std::allocator<std::__cxx11::basic_string<char, std::char_traits<char>, std::allocator<char> > > >&, unsigned long, std::__cxx11::basic_string<char, std::char_traits<char>, std::allocator<char> >, std::__cxx11::basic_string<char, std::char_traits<char>, std::allocator<char> >&, unsigned long&) (wordle.cpp:146)
==6862==    by 0x11ABF3: wordle(std::__cxx11::basic_string<char, std::char_traits<char>, std::allocator<char> > const&, std::__cxx11::basic_string<char, std::char_traits<char>, std::allocator<char> > const&, std::set<std::__cxx11::basic_string<char, std::char_traits<char>, std::allocator<char> >, std::less<std::__cxx11::basic_string<char, std::char_traits<char>, std::allocator<char> > >, std::allocator<std::__cxx11::basic_string<char, std::char_traits<char>, std::allocator<char> > > > const&) (wordle.cpp:50)
==6862==    by 0x112A67: Wordle_OneLetterUnconstrained_Test::TestBody() (wordle-tests.cpp:89)
==6862==    by 0x14CC3F: void testing::internal::HandleExceptionsInMethodIfSupported<testing::Test, void>(testing::Test*, void (testing::Test::*)(), char const*) (in /work/hw-alamgir/hw5/hw5_stu_tests/wordle_tests/wordle_tests)
==6862==    by 0x14119F: testing::Test::Run() (in /work/hw-alamgir/hw5/hw5_stu_tests/wordle_tests/wordle_tests)
==6862==    by 0x1412F3: testing::TestInfo::Run() (in /work/hw-alamgir/hw5/hw5_stu_tests/wordle_tests/wordle_tests)
==6862==    by 0x1413CF: testing::TestSuite::Run() (in /work/hw-alamgir/hw5/hw5_stu_tests/wordle_tests/wordle_tests)
==6862==    by 0x14191B: testing::internal::UnitTestImpl::RunAllTests() (in /work/hw-alamgir/hw5/hw5_stu_tests/wordle_tests/wordle_tests)
==6862==    by 0x14D1D7: bool testing::internal::HandleExceptionsInMethodIfSupported<testing::internal::UnitTestImpl, bool>(testing::internal::UnitTestImpl*, bool (testing::internal::UnitTestImpl::*)(), char const*) (in /work/hw-alamgir/hw5/hw5_stu_tests/wordle_tests/wordle_tests)
==6862== 
==6862== Conditional jump or move depends on uninitialised value(s)
==6862==    at 0x11ADB0: traversal(std::vector<char, std::allocator<char> >, std::set<std::__cxx11::basic_string<char, std::char_traits<char>, std::allocator<char> >, std::less<std::__cxx11::basic_string<char, std::char_traits<char>, std::allocator<char> > >, std::allocator<std::__cxx11::basic_string<char, std::char_traits<char>, std::allocator<char> > > > const&, std::set<std::__cxx11::basic_string<char, std::char_traits<char>, std::allocator<char> >, std::less<std::__cxx11::basic_string<char, std::char_traits<char>, std::allocator<char> > >, std::allocator<std::__cxx11::basic_string<char, std::char_traits<char>, std::allocator<char> > > >&, unsigned long, std::__cxx11::basic_string<char, std::char_traits<char>, std::allocator<char> >, std::__cxx11::basic_string<char, std::char_traits<char>, std::allocator<char> >&, unsigned long&) (wordle.cpp:76)
==6862==    by 0x11ADF7: traversal(std::vector<char, std::allocator<char> >, std::set<std::__cxx11::basic_string<char, std::char_traits<char>, std::allocator<char> >, std::less<std::__cxx11::basic_string<char, std::char_traits<char>, std::allocator<char> > >, std::allocator<std::__cxx11::basic_string<char, std::char_traits<char>, std::allocator<char> > > > const&, std::set<std::__cxx11::basic_string<char, std::char_traits<char>, std::allocator<char> >, std::less<std::__cxx11::basic_string<char, std::char_traits<char>, std::allocator<char> > >, std::allocator<std::__cxx11::basic_string<char, std::char_traits<char>, std::allocator<char> > > >&, unsigned long, std::__cxx11::basic_string<char, std::char_traits<char>, std::allocator<char> >, std::__cxx11::basic_string<char, std::char_traits<char>, std::allocator<char> >&, unsigned long&) (wordle.cpp:79)
==6862==    by 0x11ADF7: traversal(std::vector<char, std::allocator<char> >, std::set<std::__cxx11::basic_string<char, std::char_traits<char>, std::allocator<char> >, std::less<std::__cxx11::basic_string<char, std::char_traits<char>, std::allocator<char> > >, std::allocator<std::__cxx11::basic_string<char, std::char_traits<char>, std::allocator<char> > > > const&, std::set<std::__cxx11::basic_string<char, std::char_traits<char>, std::allocator<char> >, std::less<std::__cxx11::basic_string<char, std::char_traits<char>, std::allocator<char> > >, std::allocator<std::__cxx11::basic_string<char, std::char_traits<char>, std::allocator<char> > > >&, unsigned long, std::__cxx11::basic_string<char, std::char_traits<char>, std::allocator<char> >, std::__cxx11::basic_string<char, std::char_traits<char>, std::allocator<char> >&, unsigned long&) (wordle.cpp:79)
==6862==    by 0x11ADF7: traversal(std::vector<char, std::allocator<char> >, std::set<std::__cxx11::basic_string<char, std::char_traits<char>, std::allocator<char> >, std::less<std::__cxx11::basic_string<char, std::char_traits<char>, std::allocator<char> > >, std::allocator<std::__cxx11::basic_string<char, std::char_traits<char>, std::allocator<char> > > > const&, std::set<std::__cxx11::basic_string<char, std::char_traits<char>, std::allocator<char> >, std::less<std::__cxx11::basic_string<char, std::char_traits<char>, std::allocator<char> > >, std::allocator<std::__cxx11::basic_string<char, std::char_traits<char>, std::allocator<char> > > >&, unsigned long, std::__cxx11::basic_string<char, std::char_traits<char>, std::allocator<char> >, std::__cxx11::basic_string<char, std::char_traits<char>, std::allocator<char> >&, unsigned long&) (wordle.cpp:79)
==6862==    by 0x11B0DF: traversal(std::vector<char, std::allocator<char> >, std::set<std::__cxx11::basic_string<char, std::char_traits<char>, std::allocator<char> >, std::less<std::__cxx11::basic_string<char, std::char_traits<char>, std::allocator<char> > >, std::allocator<std::__cxx11::basic_string<char, std::char_traits<char>, std::allocator<char> > > > const&, std::set<std::__cxx11::basic_string<char, std::char_traits<char>, std::allocator<char> >, std::less<std::__cxx11::basic_string<char, std::char_traits<char>, std::allocator<char> > >, std::allocator<std::__cxx11::basic_string<char, std::char_traits<char>, std::allocator<char> > > >&, unsigned long, std::__cxx11::basic_string<char, std::char_traits<char>, std::allocator<char> >, std::__cxx11::basic_string<char, std::char_traits<char>, std::allocator<char> >&, unsigned long&) (wordle.cpp:146)
==6862==    by 0x11ABF3: wordle(std::__cxx11::basic_string<char, std::char_traits<char>, std::allocator<char> > const&, std::__cxx11::basic_string<char, std::char_traits<char>, std::allocator<char> > const&, std::set<std::__cxx11::basic_string<char, std::char_traits<char>, std::allocator<char> >, std::less<std::__cxx11::basic_string<char, std::char_traits<char>, std::allocator<char> > >, std::allocator<std::__cxx11::basic_string<char, std::char_traits<char>, std::allocator<char> > > > const&) (wordle.cpp:50)
==6862==    by 0x112A67: Wordle_OneLetterUnconstrained_Test::TestBody() (wordle-tests.cpp:89)
==6862==    by 0x14CC3F: void testing::internal::HandleExceptionsInMethodIfSupported<testing::Test, void>(testing::Test*, void (testing::Test::*)(), char const*) (in /work/hw-alamgir/hw5/hw5_stu_tests/wordle_tests/wordle_tests)
==6862==    by 0x14119F: testing::Test::Run() (in /work/hw-alamgir/hw5/hw5_stu_tests/wordle_tests/wordle_tests)
==6862==    by 0x1412F3: testing::TestInfo::Run() (in /work/hw-alamgir/hw5/hw5_stu_tests/wordle_tests/wordle_tests)
==6862==    by 0x1413CF: testing::TestSuite::Run() (in /work/hw-alamgir/hw5/hw5_stu_tests/wordle_tests/wordle_tests)
==6862==    by 0x14191B: testing::internal::UnitTestImpl::RunAllTests() (in /work/hw-alamgir/hw5/hw5_stu_tests/wordle_tests/wordle_tests)
==6862== 
[       OK ] Wordle.OneLetterUnconstrained (41 ms)
[----------] 1 test from Wordle (44 ms total)

[----------] Global test environment tear-down
[==========] 1 test from 1 test suite ran. (50 ms total)
[  PASSED  ] 1 test.
==6862== 
==6862== HEAP SUMMARY:
==6862==     in use at exit: 0 bytes in 0 blocks
==6862==   total heap usage: 63,850 allocs, 63,850 frees, 4,187,872 bytes allocated
==6862== 
==6862== All heap blocks were freed -- no leaks are possible
==6862== 
==6862== Use --track-origins=yes to see where uninitialised values come from
==6862== For lists of detected and suppressed errors, rerun with: -s
==6862== ERROR SUMMARY: 2600 errors from 3 contexts (suppressed: 0 from 0)
<end of output>
Test time =   2.87 sec
----------------------------------------------------------
Test Passed.
"Wordle.OneLetterUnconstrained" end time: Apr 17 06:52 UTC
"Wordle.OneLetterUnconstrained" time elapsed: 00:00:02
----------------------------------------------------------

4/21 Testing: Wordle.OneLetterConstrained
4/21 Test: Wordle.OneLetterConstrained
Command: "/usr/bin/valgrind" "--tool=memcheck" "--leak-check=yes" "--trace-children=no" "/work/hw-alamgir/hw5/hw5_stu_tests/wordle_tests/wordle_tests" "--gtest_filter=Wordle.OneLetterConstrained"
Directory: /work/hw-alamgir/hw5/hw5_stu_tests/wordle_tests
"Wordle.OneLetterConstrained" start time: Apr 17 06:52 UTC
Output:
----------------------------------------------------------
==6863== Memcheck, a memory error detector
==6863== Copyright (C) 2002-2017, and GNU GPL'd, by Julian Seward et al.
==6863== Using Valgrind-3.15.0 and LibVEX; rerun with -h for copyright info
==6863== Command: /work/hw-alamgir/hw5/hw5_stu_tests/wordle_tests/wordle_tests --gtest_filter=Wordle.OneLetterConstrained
==6863== 
Read 63247 words into dictionary.
Running main() from /build/googletest-K1TalW/googletest-1.10.0/googletest/src/gtest_main.cc
Note: Google Test filter = Wordle.OneLetterConstrained
[==========] Running 1 test from 1 test suite.
[----------] Global test environment set-up.
[----------] 1 test from Wordle
[ RUN      ] Wordle.OneLetterConstrained
==6863== Conditional jump or move depends on uninitialised value(s)
==6863==    at 0x11ADB0: traversal(std::vector<char, std::allocator<char> >, std::set<std::__cxx11::basic_string<char, std::char_traits<char>, std::allocator<char> >, std::less<std::__cxx11::basic_string<char, std::char_traits<char>, std::allocator<char> > >, std::allocator<std::__cxx11::basic_string<char, std::char_traits<char>, std::allocator<char> > > > const&, std::set<std::__cxx11::basic_string<char, std::char_traits<char>, std::allocator<char> >, std::less<std::__cxx11::basic_string<char, std::char_traits<char>, std::allocator<char> > >, std::allocator<std::__cxx11::basic_string<char, std::char_traits<char>, std::allocator<char> > > >&, unsigned long, std::__cxx11::basic_string<char, std::char_traits<char>, std::allocator<char> >, std::__cxx11::basic_string<char, std::char_traits<char>, std::allocator<char> >&, unsigned long&) (wordle.cpp:76)
==6863==    by 0x11ADF7: traversal(std::vector<char, std::allocator<char> >, std::set<std::__cxx11::basic_string<char, std::char_traits<char>, std::allocator<char> >, std::less<std::__cxx11::basic_string<char, std::char_traits<char>, std::allocator<char> > >, std::allocator<std::__cxx11::basic_string<char, std::char_traits<char>, std::allocator<char> > > > const&, std::set<std::__cxx11::basic_string<char, std::char_traits<char>, std::allocator<char> >, std::less<std::__cxx11::basic_string<char, std::char_traits<char>, std::allocator<char> > >, std::allocator<std::__cxx11::basic_string<char, std::char_traits<char>, std::allocator<char> > > >&, unsigned long, std::__cxx11::basic_string<char, std::char_traits<char>, std::allocator<char> >, std::__cxx11::basic_string<char, std::char_traits<char>, std::allocator<char> >&, unsigned long&) (wordle.cpp:79)
==6863==    by 0x11AF4B: traversal(std::vector<char, std::allocator<char> >, std::set<std::__cxx11::basic_string<char, std::char_traits<char>, std::allocator<char> >, std::less<std::__cxx11::basic_string<char, std::char_traits<char>, std::allocator<char> > >, std::allocator<std::__cxx11::basic_string<char, std::char_traits<char>, std::allocator<char> > > > const&, std::set<std::__cxx11::basic_string<char, std::char_traits<char>, std::allocator<char> >, std::less<std::__cxx11::basic_string<char, std::char_traits<char>, std::allocator<char> > >, std::allocator<std::__cxx11::basic_string<char, std::char_traits<char>, std::allocator<char> > > >&, unsigned long, std::__cxx11::basic_string<char, std::char_traits<char>, std::allocator<char> >, std::__cxx11::basic_string<char, std::char_traits<char>, std::allocator<char> >&, unsigned long&) (wordle.cpp:105)
==6863==    by 0x11ABF3: wordle(std::__cxx11::basic_string<char, std::char_traits<char>, std::allocator<char> > const&, std::__cxx11::basic_string<char, std::char_traits<char>, std::allocator<char> > const&, std::set<std::__cxx11::basic_string<char, std::char_traits<char>, std::allocator<char> >, std::less<std::__cxx11::basic_string<char, std::char_traits<char>, std::allocator<char> > >, std::allocator<std::__cxx11::basic_string<char, std::char_traits<char>, std::allocator<char> > > > const&) (wordle.cpp:50)
==6863==    by 0x112D83: Wordle_OneLetterConstrained_Test::TestBody() (wordle-tests.cpp:100)
==6863==    by 0x14CC3F: void testing::internal::HandleExceptionsInMethodIfSupported<testing::Test, void>(testing::Test*, void (testing::Test::*)(), char const*) (in /work/hw-alamgir/hw5/hw5_stu_tests/wordle_tests/wordle_tests)
==6863==    by 0x14119F: testing::Test::Run() (in /work/hw-alamgir/hw5/hw5_stu_tests/wordle_tests/wordle_tests)
==6863==    by 0x1412F3: testing::TestInfo::Run() (in /work/hw-alamgir/hw5/hw5_stu_tests/wordle_tests/wordle_tests)
==6863==    by 0x1413CF: testing::TestSuite::Run() (in /work/hw-alamgir/hw5/hw5_stu_tests/wordle_tests/wordle_tests)
==6863==    by 0x14191B: testing::internal::UnitTestImpl::RunAllTests() (in /work/hw-alamgir/hw5/hw5_stu_tests/wordle_tests/wordle_tests)
==6863==    by 0x14D1D7: bool testing::internal::HandleExceptionsInMethodIfSupported<testing::internal::UnitTestImpl, bool>(testing::internal::UnitTestImpl*, bool (testing::internal::UnitTestImpl::*)(), char const*) (in /work/hw-alamgir/hw5/hw5_stu_tests/wordle_tests/wordle_tests)
==6863==    by 0x141B63: testing::UnitTest::Run() (in /work/hw-alamgir/hw5/hw5_stu_tests/wordle_tests/wordle_tests)
==6863== 
==6863== Conditional jump or move depends on uninitialised value(s)
==6863==    at 0x11ADB0: traversal(std::vector<char, std::allocator<char> >, std::set<std::__cxx11::basic_string<char, std::char_traits<char>, std::allocator<char> >, std::less<std::__cxx11::basic_string<char, std::char_traits<char>, std::allocator<char> > >, std::allocator<std::__cxx11::basic_string<char, std::char_traits<char>, std::allocator<char> > > > const&, std::set<std::__cxx11::basic_string<char, std::char_traits<char>, std::allocator<char> >, std::less<std::__cxx11::basic_string<char, std::char_traits<char>, std::allocator<char> > >, std::allocator<std::__cxx11::basic_string<char, std::char_traits<char>, std::allocator<char> > > >&, unsigned long, std::__cxx11::basic_string<char, std::char_traits<char>, std::allocator<char> >, std::__cxx11::basic_string<char, std::char_traits<char>, std::allocator<char> >&, unsigned long&) (wordle.cpp:76)
==6863==    by 0x11ADF7: traversal(std::vector<char, std::allocator<char> >, std::set<std::__cxx11::basic_string<char, std::char_traits<char>, std::allocator<char> >, std::less<std::__cxx11::basic_string<char, std::char_traits<char>, std::allocator<char> > >, std::allocator<std::__cxx11::basic_string<char, std::char_traits<char>, std::allocator<char> > > > const&, std::set<std::__cxx11::basic_string<char, std::char_traits<char>, std::allocator<char> >, std::less<std::__cxx11::basic_string<char, std::char_traits<char>, std::allocator<char> > >, std::allocator<std::__cxx11::basic_string<char, std::char_traits<char>, std::allocator<char> > > >&, unsigned long, std::__cxx11::basic_string<char, std::char_traits<char>, std::allocator<char> >, std::__cxx11::basic_string<char, std::char_traits<char>, std::allocator<char> >&, unsigned long&) (wordle.cpp:79)
==6863==    by 0x11ADF7: traversal(std::vector<char, std::allocator<char> >, std::set<std::__cxx11::basic_string<char, std::char_traits<char>, std::allocator<char> >, std::less<std::__cxx11::basic_string<char, std::char_traits<char>, std::allocator<char> > >, std::allocator<std::__cxx11::basic_string<char, std::char_traits<char>, std::allocator<char> > > > const&, std::set<std::__cxx11::basic_string<char, std::char_traits<char>, std::allocator<char> >, std::less<std::__cxx11::basic_string<char, std::char_traits<char>, std::allocator<char> > >, std::allocator<std::__cxx11::basic_string<char, std::char_traits<char>, std::allocator<char> > > >&, unsigned long, std::__cxx11::basic_string<char, std::char_traits<char>, std::allocator<char> >, std::__cxx11::basic_string<char, std::char_traits<char>, std::allocator<char> >&, unsigned long&) (wordle.cpp:79)
==6863==    by 0x11AF4B: traversal(std::vector<char, std::allocator<char> >, std::set<std::__cxx11::basic_string<char, std::char_traits<char>, std::allocator<char> >, std::less<std::__cxx11::basic_string<char, std::char_traits<char>, std::allocator<char> > >, std::allocator<std::__cxx11::basic_string<char, std::char_traits<char>, std::allocator<char> > > > const&, std::set<std::__cxx11::basic_string<char, std::char_traits<char>, std::allocator<char> >, std::less<std::__cxx11::basic_string<char, std::char_traits<char>, std::allocator<char> > >, std::allocator<std::__cxx11::basic_string<char, std::char_traits<char>, std::allocator<char> > > >&, unsigned long, std::__cxx11::basic_string<char, std::char_traits<char>, std::allocator<char> >, std::__cxx11::basic_string<char, std::char_traits<char>, std::allocator<char> >&, unsigned long&) (wordle.cpp:105)
==6863==    by 0x11ABF3: wordle(std::__cxx11::basic_string<char, std::char_traits<char>, std::allocator<char> > const&, std::__cxx11::basic_string<char, std::char_traits<char>, std::allocator<char> > const&, std::set<std::__cxx11::basic_string<char, std::char_traits<char>, std::allocator<char> >, std::less<std::__cxx11::basic_string<char, std::char_traits<char>, std::allocator<char> > >, std::allocator<std::__cxx11::basic_string<char, std::char_traits<char>, std::allocator<char> > > > const&) (wordle.cpp:50)
==6863==    by 0x112D83: Wordle_OneLetterConstrained_Test::TestBody() (wordle-tests.cpp:100)
==6863==    by 0x14CC3F: void testing::internal::HandleExceptionsInMethodIfSupported<testing::Test, void>(testing::Test*, void (testing::Test::*)(), char const*) (in /work/hw-alamgir/hw5/hw5_stu_tests/wordle_tests/wordle_tests)
==6863==    by 0x14119F: testing::Test::Run() (in /work/hw-alamgir/hw5/hw5_stu_tests/wordle_tests/wordle_tests)
==6863==    by 0x1412F3: testing::TestInfo::Run() (in /work/hw-alamgir/hw5/hw5_stu_tests/wordle_tests/wordle_tests)
==6863==    by 0x1413CF: testing::TestSuite::Run() (in /work/hw-alamgir/hw5/hw5_stu_tests/wordle_tests/wordle_tests)
==6863==    by 0x14191B: testing::internal::UnitTestImpl::RunAllTests() (in /work/hw-alamgir/hw5/hw5_stu_tests/wordle_tests/wordle_tests)
==6863==    by 0x14D1D7: bool testing::internal::HandleExceptionsInMethodIfSupported<testing::internal::UnitTestImpl, bool>(testing::internal::UnitTestImpl*, bool (testing::internal::UnitTestImpl::*)(), char const*) (in /work/hw-alamgir/hw5/hw5_stu_tests/wordle_tests/wordle_tests)
==6863== 
==6863== Conditional jump or move depends on uninitialised value(s)
==6863==    at 0x11ADB0: traversal(std::vector<char, std::allocator<char> >, std::set<std::__cxx11::basic_string<char, std::char_traits<char>, std::allocator<char> >, std::less<std::__cxx11::basic_string<char, std::char_traits<char>, std::allocator<char> > >, std::allocator<std::__cxx11::basic_string<char, std::char_traits<char>, std::allocator<char> > > > const&, std::set<std::__cxx11::basic_string<char, std::char_traits<char>, std::allocator<char> >, std::less<std::__cxx11::basic_string<char, std::char_traits<char>, std::allocator<char> > >, std::allocator<std::__cxx11::basic_string<char, std::char_traits<char>, std::allocator<char> > > >&, unsigned long, std::__cxx11::basic_string<char, std::char_traits<char>, std::allocator<char> >, std::__cxx11::basic_string<char, std::char_traits<char>, std::allocator<char> >&, unsigned long&) (wordle.cpp:76)
==6863==    by 0x11ADF7: traversal(std::vector<char, std::allocator<char> >, std::set<std::__cxx11::basic_string<char, std::char_traits<char>, std::allocator<char> >, std::less<std::__cxx11::basic_string<char, std::char_traits<char>, std::allocator<char> > >, std::allocator<std::__cxx11::basic_string<char, std::char_traits<char>, std::allocator<char> > > > const&, std::set<std::__cxx11::basic_string<char, std::char_traits<char>, std::allocator<char> >, std::less<std::__cxx11::basic_string<char, std::char_traits<char>, std::allocator<char> > >, std::allocator<std::__cxx11::basic_string<char, std::char_traits<char>, std::allocator<char> > > >&, unsigned long, std::__cxx11::basic_string<char, std::char_traits<char>, std::allocator<char> >, std::__cxx11::basic_string<char, std::char_traits<char>, std::allocator<char> >&, unsigned long&) (wordle.cpp:79)
==6863==    by 0x11ADF7: traversal(std::vector<char, std::allocator<char> >, std::set<std::__cxx11::basic_string<char, std::char_traits<char>, std::allocator<char> >, std::less<std::__cxx11::basic_string<char, std::char_traits<char>, std::allocator<char> > >, std::allocator<std::__cxx11::basic_string<char, std::char_traits<char>, std::allocator<char> > > > const&, std::set<std::__cxx11::basic_string<char, std::char_traits<char>, std::allocator<char> >, std::less<std::__cxx11::basic_string<char, std::char_traits<char>, std::allocator<char> > >, std::allocator<std::__cxx11::basic_string<char, std::char_traits<char>, std::allocator<char> > > >&, unsigned long, std::__cxx11::basic_string<char, std::char_traits<char>, std::allocator<char> >, std::__cxx11::basic_string<char, std::char_traits<char>, std::allocator<char> >&, unsigned long&) (wordle.cpp:79)
==6863==    by 0x11ADF7: traversal(std::vector<char, std::allocator<char> >, std::set<std::__cxx11::basic_string<char, std::char_traits<char>, std::allocator<char> >, std::less<std::__cxx11::basic_string<char, std::char_traits<char>, std::allocator<char> > >, std::allocator<std::__cxx11::basic_string<char, std::char_traits<char>, std::allocator<char> > > > const&, std::set<std::__cxx11::basic_string<char, std::char_traits<char>, std::allocator<char> >, std::less<std::__cxx11::basic_string<char, std::char_traits<char>, std::allocator<char> > >, std::allocator<std::__cxx11::basic_string<char, std::char_traits<char>, std::allocator<char> > > >&, unsigned long, std::__cxx11::basic_string<char, std::char_traits<char>, std::allocator<char> >, std::__cxx11::basic_string<char, std::char_traits<char>, std::allocator<char> >&, unsigned long&) (wordle.cpp:79)
==6863==    by 0x11AF4B: traversal(std::vector<char, std::allocator<char> >, std::set<std::__cxx11::basic_string<char, std::char_traits<char>, std::allocator<char> >, std::less<std::__cxx11::basic_string<char, std::char_traits<char>, std::allocator<char> > >, std::allocator<std::__cxx11::basic_string<char, std::char_traits<char>, std::allocator<char> > > > const&, std::set<std::__cxx11::basic_string<char, std::char_traits<char>, std::allocator<char> >, std::less<std::__cxx11::basic_string<char, std::char_traits<char>, std::allocator<char> > >, std::allocator<std::__cxx11::basic_string<char, std::char_traits<char>, std::allocator<char> > > >&, unsigned long, std::__cxx11::basic_string<char, std::char_traits<char>, std::allocator<char> >, std::__cxx11::basic_string<char, std::char_traits<char>, std::allocator<char> >&, unsigned long&) (wordle.cpp:105)
==6863==    by 0x11ABF3: wordle(std::__cxx11::basic_string<char, std::char_traits<char>, std::allocator<char> > const&, std::__cxx11::basic_string<char, std::char_traits<char>, std::allocator<char> > const&, std::set<std::__cxx11::basic_string<char, std::char_traits<char>, std::allocator<char> >, std::less<std::__cxx11::basic_string<char, std::char_traits<char>, std::allocator<char> > >, std::allocator<std::__cxx11::basic_string<char, std::char_traits<char>, std::allocator<char> > > > const&) (wordle.cpp:50)
==6863==    by 0x112D83: Wordle_OneLetterConstrained_Test::TestBody() (wordle-tests.cpp:100)
==6863==    by 0x14CC3F: void testing::internal::HandleExceptionsInMethodIfSupported<testing::Test, void>(testing::Test*, void (testing::Test::*)(), char const*) (in /work/hw-alamgir/hw5/hw5_stu_tests/wordle_tests/wordle_tests)
==6863==    by 0x14119F: testing::Test::Run() (in /work/hw-alamgir/hw5/hw5_stu_tests/wordle_tests/wordle_tests)
==6863==    by 0x1412F3: testing::TestInfo::Run() (in /work/hw-alamgir/hw5/hw5_stu_tests/wordle_tests/wordle_tests)
==6863==    by 0x1413CF: testing::TestSuite::Run() (in /work/hw-alamgir/hw5/hw5_stu_tests/wordle_tests/wordle_tests)
==6863==    by 0x14191B: testing::internal::UnitTestImpl::RunAllTests() (in /work/hw-alamgir/hw5/hw5_stu_tests/wordle_tests/wordle_tests)
==6863== 
[       OK ] Wordle.OneLetterConstrained (14 ms)
[----------] 1 test from Wordle (16 ms total)

[----------] Global test environment tear-down
[==========] 1 test from 1 test suite ran. (22 ms total)
[  PASSED  ] 1 test.
==6863== 
==6863== HEAP SUMMARY:
==6863==     in use at exit: 0 bytes in 0 blocks
==6863==   total heap usage: 63,777 allocs, 63,777 frees, 4,183,060 bytes allocated
==6863== 
==6863== All heap blocks were freed -- no leaks are possible
==6863== 
==6863== Use --track-origins=yes to see where uninitialised values come from
==6863== For lists of detected and suppressed errors, rerun with: -s
==6863== ERROR SUMMARY: 100 errors from 3 contexts (suppressed: 0 from 0)
<end of output>
Test time =   2.82 sec
----------------------------------------------------------
Test Passed.
"Wordle.OneLetterConstrained" end time: Apr 17 06:52 UTC
"Wordle.OneLetterConstrained" time elapsed: 00:00:02
----------------------------------------------------------

5/21 Testing: Wordle.TwoLetterUnconstrained
5/21 Test: Wordle.TwoLetterUnconstrained
Command: "/usr/bin/valgrind" "--tool=memcheck" "--leak-check=yes" "--trace-children=no" "/work/hw-alamgir/hw5/hw5_stu_tests/wordle_tests/wordle_tests" "--gtest_filter=Wordle.TwoLetterUnconstrained"
Directory: /work/hw-alamgir/hw5/hw5_stu_tests/wordle_tests
"Wordle.TwoLetterUnconstrained" start time: Apr 17 06:52 UTC
Output:
----------------------------------------------------------
==6864== Memcheck, a memory error detector
==6864== Copyright (C) 2002-2017, and GNU GPL'd, by Julian Seward et al.
==6864== Using Valgrind-3.15.0 and LibVEX; rerun with -h for copyright info
==6864== Command: /work/hw-alamgir/hw5/hw5_stu_tests/wordle_tests/wordle_tests --gtest_filter=Wordle.TwoLetterUnconstrained
==6864== 
Read 63247 words into dictionary.
Running main() from /build/googletest-K1TalW/googletest-1.10.0/googletest/src/gtest_main.cc
Note: Google Test filter = Wordle.TwoLetterUnconstrained
[==========] Running 1 test from 1 test suite.
[----------] Global test environment set-up.
[----------] 1 test from Wordle
[ RUN      ] Wordle.TwoLetterUnconstrained
==6864== Conditional jump or move depends on uninitialised value(s)
==6864==    at 0x11ADB0: traversal(std::vector<char, std::allocator<char> >, std::set<std::__cxx11::basic_string<char, std::char_traits<char>, std::allocator<char> >, std::less<std::__cxx11::basic_string<char, std::char_traits<char>, std::allocator<char> > >, std::allocator<std::__cxx11::basic_string<char, std::char_traits<char>, std::allocator<char> > > > const&, std::set<std::__cxx11::basic_string<char, std::char_traits<char>, std::allocator<char> >, std::less<std::__cxx11::basic_string<char, std::char_traits<char>, std::allocator<char> > >, std::allocator<std::__cxx11::basic_string<char, std::char_traits<char>, std::allocator<char> > > >&, unsigned long, std::__cxx11::basic_string<char, std::char_traits<char>, std::allocator<char> >, std::__cxx11::basic_string<char, std::char_traits<char>, std::allocator<char> >&, unsigned long&) (wordle.cpp:76)
==6864==    by 0x11ADF7: traversal(std::vector<char, std::allocator<char> >, std::set<std::__cxx11::basic_string<char, std::char_traits<char>, std::allocator<char> >, std::less<std::__cxx11::basic_string<char, std::char_traits<char>, std::allocator<char> > >, std::allocator<std::__cxx11::basic_string<char, std::char_traits<char>, std::allocator<char> > > > const&, std::set<std::__cxx11::basic_string<char, std::char_traits<char>, std::allocator<char> >, std::less<std::__cxx11::basic_string<char, std::char_traits<char>, std::allocator<char> > >, std::allocator<std::__cxx11::basic_string<char, std::char_traits<char>, std::allocator<char> > > >&, unsigned long, std::__cxx11::basic_string<char, std::char_traits<char>, std::allocator<char> >, std::__cxx11::basic_string<char, std::char_traits<char>, std::allocator<char> >&, unsigned long&) (wordle.cpp:79)
==6864==    by 0x11B0DF: traversal(std::vector<char, std::allocator<char> >, std::set<std::__cxx11::basic_string<char, std::char_traits<char>, std::allocator<char> >, std::less<std::__cxx11::basic_string<char, std::char_traits<char>, std::allocator<char> > >, std::allocator<std::__cxx11::basic_string<char, std::char_traits<char>, std::allocator<char> > > > const&, std::set<std::__cxx11::basic_string<char, std::char_traits<char>, std::allocator<char> >, std::less<std::__cxx11::basic_string<char, std::char_traits<char>, std::allocator<char> > >, std::allocator<std::__cxx11::basic_string<char, std::char_traits<char>, std::allocator<char> > > >&, unsigned long, std::__cxx11::basic_string<char, std::char_traits<char>, std::allocator<char> >, std::__cxx11::basic_string<char, std::char_traits<char>, std::allocator<char> >&, unsigned long&) (wordle.cpp:146)
==6864==    by 0x11B0DF: traversal(std::vector<char, std::allocator<char> >, std::set<std::__cxx11::basic_string<char, std::char_traits<char>, std::allocator<char> >, std::less<std::__cxx11::basic_string<char, std::char_traits<char>, std::allocator<char> > >, std::allocator<std::__cxx11::basic_string<char, std::char_traits<char>, std::allocator<char> > > > const&, std::set<std::__cxx11::basic_string<char, std::char_traits<char>, std::allocator<char> >, std::less<std::__cxx11::basic_string<char, std::char_traits<char>, std::allocator<char> > >, std::allocator<std::__cxx11::basic_string<char, std::char_traits<char>, std::allocator<char> > > >&, unsigned long, std::__cxx11::basic_string<char, std::char_traits<char>, std::allocator<char> >, std::__cxx11::basic_string<char, std::char_traits<char>, std::allocator<char> >&, unsigned long&) (wordle.cpp:146)
==6864==    by 0x11ABF3: wordle(std::__cxx11::basic_string<char, std::char_traits<char>, std::allocator<char> > const&, std::__cxx11::basic_string<char, std::char_traits<char>, std::allocator<char> > const&, std::set<std::__cxx11::basic_string<char, std::char_traits<char>, std::allocator<char> >, std::less<std::__cxx11::basic_string<char, std::char_traits<char>, std::allocator<char> > >, std::allocator<std::__cxx11::basic_string<char, std::char_traits<char>, std::allocator<char> > > > const&) (wordle.cpp:50)
==6864==    by 0x11312F: Wordle_TwoLetterUnconstrained_Test::TestBody() (wordle-tests.cpp:123)
==6864==    by 0x14CC3F: void testing::internal::HandleExceptionsInMethodIfSupported<testing::Test, void>(testing::Test*, void (testing::Test::*)(), char const*) (in /work/hw-alamgir/hw5/hw5_stu_tests/wordle_tests/wordle_tests)
==6864==    by 0x14119F: testing::Test::Run() (in /work/hw-alamgir/hw5/hw5_stu_tests/wordle_tests/wordle_tests)
==6864==    by 0x1412F3: testing::TestInfo::Run() (in /work/hw-alamgir/hw5/hw5_stu_tests/wordle_tests/wordle_tests)
==6864==    by 0x1413CF: testing::TestSuite::Run() (in /work/hw-alamgir/hw5/hw5_stu_tests/wordle_tests/wordle_tests)
==6864==    by 0x14191B: testing::internal::UnitTestImpl::RunAllTests() (in /work/hw-alamgir/hw5/hw5_stu_tests/wordle_tests/wordle_tests)
==6864==    by 0x14D1D7: bool testing::internal::HandleExceptionsInMethodIfSupported<testing::internal::UnitTestImpl, bool>(testing::internal::UnitTestImpl*, bool (testing::internal::UnitTestImpl::*)(), char const*) (in /work/hw-alamgir/hw5/hw5_stu_tests/wordle_tests/wordle_tests)
==6864== 
==6864== Conditional jump or move depends on uninitialised value(s)
==6864==    at 0x11ADB0: traversal(std::vector<char, std::allocator<char> >, std::set<std::__cxx11::basic_string<char, std::char_traits<char>, std::allocator<char> >, std::less<std::__cxx11::basic_string<char, std::char_traits<char>, std::allocator<char> > >, std::allocator<std::__cxx11::basic_string<char, std::char_traits<char>, std::allocator<char> > > > const&, std::set<std::__cxx11::basic_string<char, std::char_traits<char>, std::allocator<char> >, std::less<std::__cxx11::basic_string<char, std::char_traits<char>, std::allocator<char> > >, std::allocator<std::__cxx11::basic_string<char, std::char_traits<char>, std::allocator<char> > > >&, unsigned long, std::__cxx11::basic_string<char, std::char_traits<char>, std::allocator<char> >, std::__cxx11::basic_string<char, std::char_traits<char>, std::allocator<char> >&, unsigned long&) (wordle.cpp:76)
==6864==    by 0x11ADF7: traversal(std::vector<char, std::allocator<char> >, std::set<std::__cxx11::basic_string<char, std::char_traits<char>, std::allocator<char> >, std::less<std::__cxx11::basic_string<char, std::char_traits<char>, std::allocator<char> > >, std::allocator<std::__cxx11::basic_string<char, std::char_traits<char>, std::allocator<char> > > > const&, std::set<std::__cxx11::basic_string<char, std::char_traits<char>, std::allocator<char> >, std::less<std::__cxx11::basic_string<char, std::char_traits<char>, std::allocator<char> > >, std::allocator<std::__cxx11::basic_string<char, std::char_traits<char>, std::allocator<char> > > >&, unsigned long, std::__cxx11::basic_string<char, std::char_traits<char>, std::allocator<char> >, std::__cxx11::basic_string<char, std::char_traits<char>, std::allocator<char> >&, unsigned long&) (wordle.cpp:79)
==6864==    by 0x11ADF7: traversal(std::vector<char, std::allocator<char> >, std::set<std::__cxx11::basic_string<char, std::char_traits<char>, std::allocator<char> >, std::less<std::__cxx11::basic_string<char, std::char_traits<char>, std::allocator<char> > >, std::allocator<std::__cxx11::basic_string<char, std::char_traits<char>, std::allocator<char> > > > const&, std::set<std::__cxx11::basic_string<char, std::char_traits<char>, std::allocator<char> >, std::less<std::__cxx11::basic_string<char, std::char_traits<char>, std::allocator<char> > >, std::allocator<std::__cxx11::basic_string<char, std::char_traits<char>, std::allocator<char> > > >&, unsigned long, std::__cxx11::basic_string<char, std::char_traits<char>, std::allocator<char> >, std::__cxx11::basic_string<char, std::char_traits<char>, std::allocator<char> >&, unsigned long&) (wordle.cpp:79)
==6864==    by 0x11B0DF: traversal(std::vector<char, std::allocator<char> >, std::set<std::__cxx11::basic_string<char, std::char_traits<char>, std::allocator<char> >, std::less<std::__cxx11::basic_string<char, std::char_traits<char>, std::allocator<char> > >, std::allocator<std::__cxx11::basic_string<char, std::char_traits<char>, std::allocator<char> > > > const&, std::set<std::__cxx11::basic_string<char, std::char_traits<char>, std::allocator<char> >, std::less<std::__cxx11::basic_string<char, std::char_traits<char>, std::allocator<char> > >, std::allocator<std::__cxx11::basic_string<char, std::char_traits<char>, std::allocator<char> > > >&, unsigned long, std::__cxx11::basic_string<char, std::char_traits<char>, std::allocator<char> >, std::__cxx11::basic_string<char, std::char_traits<char>, std::allocator<char> >&, unsigned long&) (wordle.cpp:146)
==6864==    by 0x11B0DF: traversal(std::vector<char, std::allocator<char> >, std::set<std::__cxx11::basic_string<char, std::char_traits<char>, std::allocator<char> >, std::less<std::__cxx11::basic_string<char, std::char_traits<char>, std::allocator<char> > >, std::allocator<std::__cxx11::basic_string<char, std::char_traits<char>, std::allocator<char> > > > const&, std::set<std::__cxx11::basic_string<char, std::char_traits<char>, std::allocator<char> >, std::less<std::__cxx11::basic_string<char, std::char_traits<char>, std::allocator<char> > >, std::allocator<std::__cxx11::basic_string<char, std::char_traits<char>, std::allocator<char> > > >&, unsigned long, std::__cxx11::basic_string<char, std::char_traits<char>, std::allocator<char> >, std::__cxx11::basic_string<char, std::char_traits<char>, std::allocator<char> >&, unsigned long&) (wordle.cpp:146)
==6864==    by 0x11ABF3: wordle(std::__cxx11::basic_string<char, std::char_traits<char>, std::allocator<char> > const&, std::__cxx11::basic_string<char, std::char_traits<char>, std::allocator<char> > const&, std::set<std::__cxx11::basic_string<char, std::char_traits<char>, std::allocator<char> >, std::less<std::__cxx11::basic_string<char, std::char_traits<char>, std::allocator<char> > >, std::allocator<std::__cxx11::basic_string<char, std::char_traits<char>, std::allocator<char> > > > const&) (wordle.cpp:50)
==6864==    by 0x11312F: Wordle_TwoLetterUnconstrained_Test::TestBody() (wordle-tests.cpp:123)
==6864==    by 0x14CC3F: void testing::internal::HandleExceptionsInMethodIfSupported<testing::Test, void>(testing::Test*, void (testing::Test::*)(), char const*) (in /work/hw-alamgir/hw5/hw5_stu_tests/wordle_tests/wordle_tests)
==6864==    by 0x14119F: testing::Test::Run() (in /work/hw-alamgir/hw5/hw5_stu_tests/wordle_tests/wordle_tests)
==6864==    by 0x1412F3: testing::TestInfo::Run() (in /work/hw-alamgir/hw5/hw5_stu_tests/wordle_tests/wordle_tests)
==6864==    by 0x1413CF: testing::TestSuite::Run() (in /work/hw-alamgir/hw5/hw5_stu_tests/wordle_tests/wordle_tests)
==6864==    by 0x14191B: testing::internal::UnitTestImpl::RunAllTests() (in /work/hw-alamgir/hw5/hw5_stu_tests/wordle_tests/wordle_tests)
==6864== 
==6864== Conditional jump or move depends on uninitialised value(s)
==6864==    at 0x11ADB0: traversal(std::vector<char, std::allocator<char> >, std::set<std::__cxx11::basic_string<char, std::char_traits<char>, std::allocator<char> >, std::less<std::__cxx11::basic_string<char, std::char_traits<char>, std::allocator<char> > >, std::allocator<std::__cxx11::basic_string<char, std::char_traits<char>, std::allocator<char> > > > const&, std::set<std::__cxx11::basic_string<char, std::char_traits<char>, std::allocator<char> >, std::less<std::__cxx11::basic_string<char, std::char_traits<char>, std::allocator<char> > >, std::allocator<std::__cxx11::basic_string<char, std::char_traits<char>, std::allocator<char> > > >&, unsigned long, std::__cxx11::basic_string<char, std::char_traits<char>, std::allocator<char> >, std::__cxx11::basic_string<char, std::char_traits<char>, std::allocator<char> >&, unsigned long&) (wordle.cpp:76)
==6864==    by 0x11ADF7: traversal(std::vector<char, std::allocator<char> >, std::set<std::__cxx11::basic_string<char, std::char_traits<char>, std::allocator<char> >, std::less<std::__cxx11::basic_string<char, std::char_traits<char>, std::allocator<char> > >, std::allocator<std::__cxx11::basic_string<char, std::char_traits<char>, std::allocator<char> > > > const&, std::set<std::__cxx11::basic_string<char, std::char_traits<char>, std::allocator<char> >, std::less<std::__cxx11::basic_string<char, std::char_traits<char>, std::allocator<char> > >, std::allocator<std::__cxx11::basic_string<char, std::char_traits<char>, std::allocator<char> > > >&, unsigned long, std::__cxx11::basic_string<char, std::char_traits<char>, std::allocator<char> >, std::__cxx11::basic_string<char, std::char_traits<char>, std::allocator<char> >&, unsigned long&) (wordle.cpp:79)
==6864==    by 0x11ADF7: traversal(std::vector<char, std::allocator<char> >, std::set<std::__cxx11::basic_string<char, std::char_traits<char>, std::allocator<char> >, std::less<std::__cxx11::basic_string<char, std::char_traits<char>, std::allocator<char> > >, std::allocator<std::__cxx11::basic_string<char, std::char_traits<char>, std::allocator<char> > > > const&, std::set<std::__cxx11::basic_string<char, std::char_traits<char>, std::allocator<char> >, std::less<std::__cxx11::basic_string<char, std::char_traits<char>, std::allocator<char> > >, std::allocator<std::__cxx11::basic_string<char, std::char_traits<char>, std::allocator<char> > > >&, unsigned long, std::__cxx11::basic_string<char, std::char_traits<char>, std::allocator<char> >, std::__cxx11::basic_string<char, std::char_traits<char>, std::allocator<char> >&, unsigned long&) (wordle.cpp:79)
==6864==    by 0x11ADF7: traversal(std::vector<char, std::allocator<char> >, std::set<std::__cxx11::basic_string<char, std::char_traits<char>, std::allocator<char> >, std::less<std::__cxx11::basic_string<char, std::char_traits<char>, std::allocator<char> > >, std::allocator<std::__cxx11::basic_string<char, std::char_traits<char>, std::allocator<char> > > > const&, std::set<std::__cxx11::basic_string<char, std::char_traits<char>, std::allocator<char> >, std::less<std::__cxx11::basic_string<char, std::char_traits<char>, std::allocator<char> > >, std::allocator<std::__cxx11::basic_string<char, std::char_traits<char>, std::allocator<char> > > >&, unsigned long, std::__cxx11::basic_string<char, std::char_traits<char>, std::allocator<char> >, std::__cxx11::basic_string<char, std::char_traits<char>, std::allocator<char> >&, unsigned long&) (wordle.cpp:79)
==6864==    by 0x11B0DF: traversal(std::vector<char, std::allocator<char> >, std::set<std::__cxx11::basic_string<char, std::char_traits<char>, std::allocator<char> >, std::less<std::__cxx11::basic_string<char, std::char_traits<char>, std::allocator<char> > >, std::allocator<std::__cxx11::basic_string<char, std::char_traits<char>, std::allocator<char> > > > const&, std::set<std::__cxx11::basic_string<char, std::char_traits<char>, std::allocator<char> >, std::less<std::__cxx11::basic_string<char, std::char_traits<char>, std::allocator<char> > >, std::allocator<std::__cxx11::basic_string<char, std::char_traits<char>, std::allocator<char> > > >&, unsigned long, std::__cxx11::basic_string<char, std::char_traits<char>, std::allocator<char> >, std::__cxx11::basic_string<char, std::char_traits<char>, std::allocator<char> >&, unsigned long&) (wordle.cpp:146)
==6864==    by 0x11B0DF: traversal(std::vector<char, std::allocator<char> >, std::set<std::__cxx11::basic_string<char, std::char_traits<char>, std::allocator<char> >, std::less<std::__cxx11::basic_string<char, std::char_traits<char>, std::allocator<char> > >, std::allocator<std::__cxx11::basic_string<char, std::char_traits<char>, std::allocator<char> > > > const&, std::set<std::__cxx11::basic_string<char, std::char_traits<char>, std::allocator<char> >, std::less<std::__cxx11::basic_string<char, std::char_traits<char>, std::allocator<char> > >, std::allocator<std::__cxx11::basic_string<char, std::char_traits<char>, std::allocator<char> > > >&, unsigned long, std::__cxx11::basic_string<char, std::char_traits<char>, std::allocator<char> >, std::__cxx11::basic_string<char, std::char_traits<char>, std::allocator<char> >&, unsigned long&) (wordle.cpp:146)
==6864==    by 0x11ABF3: wordle(std::__cxx11::basic_string<char, std::char_traits<char>, std::allocator<char> > const&, std::__cxx11::basic_string<char, std::char_traits<char>, std::allocator<char> > const&, std::set<std::__cxx11::basic_string<char, std::char_traits<char>, std::allocator<char> >, std::less<std::__cxx11::basic_string<char, std::char_traits<char>, std::allocator<char> > >, std::allocator<std::__cxx11::basic_string<char, std::char_traits<char>, std::allocator<char> > > > const&) (wordle.cpp:50)
==6864==    by 0x11312F: Wordle_TwoLetterUnconstrained_Test::TestBody() (wordle-tests.cpp:123)
==6864==    by 0x14CC3F: void testing::internal::HandleExceptionsInMethodIfSupported<testing::Test, void>(testing::Test*, void (testing::Test::*)(), char const*) (in /work/hw-alamgir/hw5/hw5_stu_tests/wordle_tests/wordle_tests)
==6864==    by 0x14119F: testing::Test::Run() (in /work/hw-alamgir/hw5/hw5_stu_tests/wordle_tests/wordle_tests)
==6864==    by 0x1412F3: testing::TestInfo::Run() (in /work/hw-alamgir/hw5/hw5_stu_tests/wordle_tests/wordle_tests)
==6864==    by 0x1413CF: testing::TestSuite::Run() (in /work/hw-alamgir/hw5/hw5_stu_tests/wordle_tests/wordle_tests)
==6864== 
[       OK ] Wordle.TwoLetterUnconstrained (777 ms)
[----------] 1 test from Wordle (779 ms total)

[----------] Global test environment tear-down
[==========] 1 test from 1 test suite ran. (785 ms total)
[  PASSED  ] 1 test.
==6864== 
==6864== HEAP SUMMARY:
==6864==     in use at exit: 0 bytes in 0 blocks
==6864==   total heap usage: 63,958 allocs, 63,958 frees, 4,194,784 bytes allocated
==6864== 
==6864== All heap blocks were freed -- no leaks are possible
==6864== 
==6864== Use --track-origins=yes to see where uninitialised values come from
==6864== For lists of detected and suppressed errors, rerun with: -s
==6864== ERROR SUMMARY: 66248 errors from 3 contexts (suppressed: 0 from 0)
<end of output>
Test time =   3.59 sec
----------------------------------------------------------
Test Passed.
"Wordle.TwoLetterUnconstrained" end time: Apr 17 06:52 UTC
"Wordle.TwoLetterUnconstrained" time elapsed: 00:00:03
----------------------------------------------------------

6/21 Testing: Wordle.TwoLetterConstrained
6/21 Test: Wordle.TwoLetterConstrained
Command: "/usr/bin/valgrind" "--tool=memcheck" "--leak-check=yes" "--trace-children=no" "/work/hw-alamgir/hw5/hw5_stu_tests/wordle_tests/wordle_tests" "--gtest_filter=Wordle.TwoLetterConstrained"
Directory: /work/hw-alamgir/hw5/hw5_stu_tests/wordle_tests
"Wordle.TwoLetterConstrained" start time: Apr 17 06:52 UTC
Output:
----------------------------------------------------------
==6865== Memcheck, a memory error detector
==6865== Copyright (C) 2002-2017, and GNU GPL'd, by Julian Seward et al.
==6865== Using Valgrind-3.15.0 and LibVEX; rerun with -h for copyright info
==6865== Command: /work/hw-alamgir/hw5/hw5_stu_tests/wordle_tests/wordle_tests --gtest_filter=Wordle.TwoLetterConstrained
==6865== 
Read 63247 words into dictionary.
Running main() from /build/googletest-K1TalW/googletest-1.10.0/googletest/src/gtest_main.cc
Note: Google Test filter = Wordle.TwoLetterConstrained
[==========] Running 1 test from 1 test suite.
[----------] Global test environment set-up.
[----------] 1 test from Wordle
[ RUN      ] Wordle.TwoLetterConstrained
==6865== Conditional jump or move depends on uninitialised value(s)
==6865==    at 0x11ADB0: traversal(std::vector<char, std::allocator<char> >, std::set<std::__cxx11::basic_string<char, std::char_traits<char>, std::allocator<char> >, std::less<std::__cxx11::basic_string<char, std::char_traits<char>, std::allocator<char> > >, std::allocator<std::__cxx11::basic_string<char, std::char_traits<char>, std::allocator<char> > > > const&, std::set<std::__cxx11::basic_string<char, std::char_traits<char>, std::allocator<char> >, std::less<std::__cxx11::basic_string<char, std::char_traits<char>, std::allocator<char> > >, std::allocator<std::__cxx11::basic_string<char, std::char_traits<char>, std::allocator<char> > > >&, unsigned long, std::__cxx11::basic_string<char, std::char_traits<char>, std::allocator<char> >, std::__cxx11::basic_string<char, std::char_traits<char>, std::allocator<char> >&, unsigned long&) (wordle.cpp:76)
==6865==    by 0x11ADF7: traversal(std::vector<char, std::allocator<char> >, std::set<std::__cxx11::basic_string<char, std::char_traits<char>, std::allocator<char> >, std::less<std::__cxx11::basic_string<char, std::char_traits<char>, std::allocator<char> > >, std::allocator<std::__cxx11::basic_string<char, std::char_traits<char>, std::allocator<char> > > > const&, std::set<std::__cxx11::basic_string<char, std::char_traits<char>, std::allocator<char> >, std::less<std::__cxx11::basic_string<char, std::char_traits<char>, std::allocator<char> > >, std::allocator<std::__cxx11::basic_string<char, std::char_traits<char>, std::allocator<char> > > >&, unsigned long, std::__cxx11::basic_string<char, std::char_traits<char>, std::allocator<char> >, std::__cxx11::basic_string<char, std::char_traits<char>, std::allocator<char> >&, unsigned long&) (wordle.cpp:79)
==6865==    by 0x11B0DF: traversal(std::vector<char, std::allocator<char> >, std::set<std::__cxx11::basic_string<char, std::char_traits<char>, std::allocator<char> >, std::less<std::__cxx11::basic_string<char, std::char_traits<char>, std::allocator<char> > >, std::allocator<std::__cxx11::basic_string<char, std::char_traits<char>, std::allocator<char> > > > const&, std::set<std::__cxx11::basic_string<char, std::char_traits<char>, std::allocator<char> >, std::less<std::__cxx11::basic_string<char, std::char_traits<char>, std::allocator<char> > >, std::allocator<std::__cxx11::basic_string<char, std::char_traits<char>, std::allocator<char> > > >&, unsigned long, std::__cxx11::basic_string<char, std::char_traits<char>, std::allocator<char> >, std::__cxx11::basic_string<char, std::char_traits<char>, std::allocator<char> >&, unsigned long&) (wordle.cpp:146)
==6865==    by 0x11B0DF: traversal(std::vector<char, std::allocator<char> >, std::set<std::__cxx11::basic_string<char, std::char_traits<char>, std::allocator<char> >, std::less<std::__cxx11::basic_string<char, std::char_traits<char>, std::allocator<char> > >, std::allocator<std::__cxx11::basic_string<char, std::char_traits<char>, std::allocator<char> > > > const&, std::set<std::__cxx11::basic_string<char, std::char_traits<char>, std::allocator<char> >, std::less<std::__cxx11::basic_string<char, std::char_traits<char>, std::allocator<char> > >, std::allocator<std::__cxx11::basic_string<char, std::char_traits<char>, std::allocator<char> > > >&, unsigned long, std::__cxx11::basic_string<char, std::char_traits<char>, std::allocator<char> >, std::__cxx11::basic_string<char, std::char_traits<char>, std::allocator<char> >&, unsigned long&) (wordle.cpp:146)
[...]
==6871==    by 0x11533B: Wordle_Long_Test::TestBody() (wordle-tests.cpp:241)
==6871== 
<end of output>
Test time = 100.05 sec
----------------------------------------------------------
Test Failed.
"Wordle.Long" end time: Apr 17 06:55 UTC
"Wordle.Long" time elapsed: 00:01:40
----------------------------------------------------------

13/21 Testing: Schedule.SimpleSol1
13/21 Test: Schedule.SimpleSol1
Command: "/usr/bin/valgrind" "--tool=memcheck" "--leak-check=yes" "--trace-children=no" "/work/hw-alamgir/hw5/hw5_stu_tests/schedwork_tests/schedwork_tests" "--gtest_filter=Schedule.SimpleSol1"
Directory: /work/hw-alamgir/hw5/hw5_stu_tests/schedwork_tests
"Schedule.SimpleSol1" start time: Apr 17 06:55 UTC
Output:
----------------------------------------------------------
==6872== Memcheck, a memory error detector
==6872== Copyright (C) 2002-2017, and GNU GPL'd, by Julian Seward et al.
==6872== Using Valgrind-3.15.0 and LibVEX; rerun with -h for copyright info
==6872== Command: /work/hw-alamgir/hw5/hw5_stu_tests/schedwork_tests/schedwork_tests --gtest_filter=Schedule.SimpleSol1
==6872== 
Running main() from /build/googletest-K1TalW/googletest-1.10.0/googletest/src/gtest_main.cc
Note: Google Test filter = Schedule.SimpleSol1
[==========] Running 1 test from 1 test suite.
[----------] Global test environment set-up.
[----------] 1 test from Schedule
[ RUN      ] Schedule.SimpleSol1
/work/hw-alamgir/hw5/hw5_stu_tests/schedwork_tests/schedwork-tests.cpp:130: Failure
Value of: result
  Actual: false (For availability:
1 
1 
1 

Error in schedule:
4294967295 
4294967295 
4294967295 

Mismatch with boolean return result (expected: 1 / actual: 0)
)
Expected: true
[  FAILED  ] Schedule.SimpleSol1 (26 ms)
[----------] 1 test from Schedule (29 ms total)

[----------] Global test environment tear-down
[==========] 1 test from 1 test suite ran. (36 ms total)
[  PASSED  ] 0 tests.
[  FAILED  ] 1 test, listed below:
[  FAILED  ] Schedule.SimpleSol1

 1 FAILED TEST
==6872== 
==6872== HEAP SUMMARY:
==6872==     in use at exit: 0 bytes in 0 blocks
==6872==   total heap usage: 327 allocs, 327 frees, 131,980 bytes allocated
==6872== 
==6872== All heap blocks were freed -- no leaks are possible
==6872== 
==6872== For lists of detected and suppressed errors, rerun with: -s
==6872== ERROR SUMMARY: 0 errors from 0 contexts (suppressed: 0 from 0)
<end of output>
Test time =   0.47 sec
----------------------------------------------------------
Test Failed.
"Schedule.SimpleSol1" end time: Apr 17 06:55 UTC
"Schedule.SimpleSol1" time elapsed: 00:00:00
----------------------------------------------------------

14/21 Testing: Schedule.SimpleNoSolMaxShifts
14/21 Test: Schedule.SimpleNoSolMaxShifts
Command: "/usr/bin/valgrind" "--tool=memcheck" "--leak-check=yes" "--trace-children=no" "/work/hw-alamgir/hw5/hw5_stu_tests/schedwork_tests/schedwork_tests" "--gtest_filter=Schedule.SimpleNoSolMaxShifts"
Directory: /work/hw-alamgir/hw5/hw5_stu_tests/schedwork_tests
"Schedule.SimpleNoSolMaxShifts" start time: Apr 17 06:55 UTC
Output:
----------------------------------------------------------
==6873== Memcheck, a memory error detector
==6873== Copyright (C) 2002-2017, and GNU GPL'd, by Julian Seward et al.
==6873== Using Valgrind-3.15.0 and LibVEX; rerun with -h for copyright info
==6873== Command: /work/hw-alamgir/hw5/hw5_stu_tests/schedwork_tests/schedwork_tests --gtest_filter=Schedule.SimpleNoSolMaxShifts
==6873== 
Running main() from /build/googletest-K1TalW/googletest-1.10.0/googletest/src/gtest_main.cc
Note: Google Test filter = Schedule.SimpleNoSolMaxShifts
[==========] Running 1 test from 1 test suite.
[----------] Global test environment set-up.
[----------] 1 test from Schedule
[ RUN      ] Schedule.SimpleNoSolMaxShifts
[       OK ] Schedule.SimpleNoSolMaxShifts (16 ms)
[----------] 1 test from Schedule (18 ms total)

[----------] Global test environment tear-down
[==========] 1 test from 1 test suite ran. (25 ms total)
[  PASSED  ] 1 test.
==6873== 
==6873== HEAP SUMMARY:
==6873==     in use at exit: 0 bytes in 0 blocks
==6873==   total heap usage: 283 allocs, 283 frees, 121,094 bytes allocated
==6873== 
==6873== All heap blocks were freed -- no leaks are possible
==6873== 
==6873== For lists of detected and suppressed errors, rerun with: -s
==6873== ERROR SUMMARY: 0 errors from 0 contexts (suppressed: 0 from 0)
<end of output>
Test time =   0.43 sec
----------------------------------------------------------
Test Passed.
"Schedule.SimpleNoSolMaxShifts" end time: Apr 17 06:55 UTC
"Schedule.SimpleNoSolMaxShifts" time elapsed: 00:00:00
----------------------------------------------------------

15/21 Testing: Schedule.SimpleNoSolNoAvail1
15/21 Test: Schedule.SimpleNoSolNoAvail1
Command: "/usr/bin/valgrind" "--tool=memcheck" "--leak-check=yes" "--trace-children=no" "/work/hw-alamgir/hw5/hw5_stu_tests/schedwork_tests/schedwork_tests" "--gtest_filter=Schedule.SimpleNoSolNoAvail1"
Directory: /work/hw-alamgir/hw5/hw5_stu_tests/schedwork_tests
"Schedule.SimpleNoSolNoAvail1" start time: Apr 17 06:55 UTC
Output:
----------------------------------------------------------
==6874== Memcheck, a memory error detector
==6874== Copyright (C) 2002-2017, and GNU GPL'd, by Julian Seward et al.
==6874== Using Valgrind-3.15.0 and LibVEX; rerun with -h for copyright info
==6874== Command: /work/hw-alamgir/hw5/hw5_stu_tests/schedwork_tests/schedwork_tests --gtest_filter=Schedule.SimpleNoSolNoAvail1
==6874== 
Running main() from /build/googletest-K1TalW/googletest-1.10.0/googletest/src/gtest_main.cc
Note: Google Test filter = Schedule.SimpleNoSolNoAvail1
[==========] Running 1 test from 1 test suite.
[----------] Global test environment set-up.
[----------] 1 test from Schedule
[ RUN      ] Schedule.SimpleNoSolNoAvail1
[       OK ] Schedule.SimpleNoSolNoAvail1 (16 ms)
[----------] 1 test from Schedule (18 ms total)

[----------] Global test environment tear-down
[==========] 1 test from 1 test suite ran. (25 ms total)
[  PASSED  ] 1 test.
==6874== 
==6874== HEAP SUMMARY:
==6874==     in use at exit: 0 bytes in 0 blocks
==6874==   total heap usage: 283 allocs, 283 frees, 121,087 bytes allocated
==6874== 
==6874== All heap blocks were freed -- no leaks are possible
==6874== 
==6874== For lists of detected and suppressed errors, rerun with: -s
==6874== ERROR SUMMARY: 0 errors from 0 contexts (suppressed: 0 from 0)
<end of output>
Test time =   0.42 sec
----------------------------------------------------------
Test Passed.
"Schedule.SimpleNoSolNoAvail1" end time: Apr 17 06:55 UTC
"Schedule.SimpleNoSolNoAvail1" time elapsed: 00:00:00
----------------------------------------------------------

16/21 Testing: Schedule.SimpleNoSolNoAvail2
16/21 Test: Schedule.SimpleNoSolNoAvail2
Command: "/usr/bin/valgrind" "--tool=memcheck" "--leak-check=yes" "--trace-children=no" "/work/hw-alamgir/hw5/hw5_stu_tests/schedwork_tests/schedwork_tests" "--gtest_filter=Schedule.SimpleNoSolNoAvail2"
Directory: /work/hw-alamgir/hw5/hw5_stu_tests/schedwork_tests
"Schedule.SimpleNoSolNoAvail2" start time: Apr 17 06:55 UTC
Output:
----------------------------------------------------------
==6875== Memcheck, a memory error detector
==6875== Copyright (C) 2002-2017, and GNU GPL'd, by Julian Seward et al.
==6875== Using Valgrind-3.15.0 and LibVEX; rerun with -h for copyright info
==6875== Command: /work/hw-alamgir/hw5/hw5_stu_tests/schedwork_tests/schedwork_tests --gtest_filter=Schedule.SimpleNoSolNoAvail2
==6875== 
Running main() from /build/googletest-K1TalW/googletest-1.10.0/googletest/src/gtest_main.cc
Note: Google Test filter = Schedule.SimpleNoSolNoAvail2
[==========] Running 1 test from 1 test suite.
[----------] Global test environment set-up.
[----------] 1 test from Schedule
[ RUN      ] Schedule.SimpleNoSolNoAvail2
[       OK ] Schedule.SimpleNoSolNoAvail2 (16 ms)
[----------] 1 test from Schedule (18 ms total)

[----------] Global test environment tear-down
[==========] 1 test from 1 test suite ran. (25 ms total)
[  PASSED  ] 1 test.
==6875== 
==6875== HEAP SUMMARY:
==6875==     in use at exit: 0 bytes in 0 blocks
==6875==   total heap usage: 283 allocs, 283 frees, 121,087 bytes allocated
==6875== 
==6875== All heap blocks were freed -- no leaks are possible
==6875== 
==6875== For lists of detected and suppressed errors, rerun with: -s
==6875== ERROR SUMMARY: 0 errors from 0 contexts (suppressed: 0 from 0)
<end of output>
Test time =   0.42 sec
----------------------------------------------------------
Test Passed.
"Schedule.SimpleNoSolNoAvail2" end time: Apr 17 06:55 UTC
"Schedule.SimpleNoSolNoAvail2" time elapsed: 00:00:00
----------------------------------------------------------

17/21 Testing: Schedule.SimpleNoSolNoAvail3
17/21 Test: Schedule.SimpleNoSolNoAvail3
Command: "/usr/bin/valgrind" "--tool=memcheck" "--leak-check=yes" "--trace-children=no" "/work/hw-alamgir/hw5/hw5_stu_tests/schedwork_tests/schedwork_tests" "--gtest_filter=Schedule.SimpleNoSolNoAvail3"
Directory: /work/hw-alamgir/hw5/hw5_stu_tests/schedwork_tests
"Schedule.SimpleNoSolNoAvail3" start time: Apr 17 06:55 UTC
Output:
----------------------------------------------------------
==6876== Memcheck, a memory error detector
==6876== Copyright (C) 2002-2017, and GNU GPL'd, by Julian Seward et al.
==6876== Using Valgrind-3.15.0 and LibVEX; rerun with -h for copyright info
==6876== Command: /work/hw-alamgir/hw5/hw5_stu_tests/schedwork_tests/schedwork_tests --gtest_filter=Schedule.SimpleNoSolNoAvail3
==6876== 
Running main() from /build/googletest-K1TalW/googletest-1.10.0/googletest/src/gtest_main.cc
Note: Google Test filter = Schedule.SimpleNoSolNoAvail3
[==========] Running 1 test from 1 test suite.
[----------] Global test environment set-up.
[----------] 1 test from Schedule
[ RUN      ] Schedule.SimpleNoSolNoAvail3
[       OK ] Schedule.SimpleNoSolNoAvail3 (16 ms)
[----------] 1 test from Schedule (18 ms total)

[----------] Global test environment tear-down
[==========] 1 test from 1 test suite ran. (25 ms total)
[  PASSED  ] 1 test.
==6876== 
==6876== HEAP SUMMARY:
==6876==     in use at exit: 0 bytes in 0 blocks
==6876==   total heap usage: 283 allocs, 283 frees, 121,087 bytes allocated
==6876== 
==6876== All heap blocks were freed -- no leaks are possible
==6876== 
==6876== For lists of detected and suppressed errors, rerun with: -s
==6876== ERROR SUMMARY: 0 errors from 0 contexts (suppressed: 0 from 0)
<end of output>
Test time =   0.41 sec
----------------------------------------------------------
Test Passed.
"Schedule.SimpleNoSolNoAvail3" end time: Apr 17 06:55 UTC
"Schedule.SimpleNoSolNoAvail3" time elapsed: 00:00:00
----------------------------------------------------------

18/21 Testing: Schedule.Nominal1
18/21 Test: Schedule.Nominal1
Command: "/usr/bin/valgrind" "--tool=memcheck" "--leak-check=yes" "--trace-children=no" "/work/hw-alamgir/hw5/hw5_stu_tests/schedwork_tests/schedwork_tests" "--gtest_filter=Schedule.Nominal1"
Directory: /work/hw-alamgir/hw5/hw5_stu_tests/schedwork_tests
"Schedule.Nominal1" start time: Apr 17 06:55 UTC
Output:
----------------------------------------------------------
==6877== Memcheck, a memory error detector
==6877== Copyright (C) 2002-2017, and GNU GPL'd, by Julian Seward et al.
==6877== Using Valgrind-3.15.0 and LibVEX; rerun with -h for copyright info
==6877== Command: /work/hw-alamgir/hw5/hw5_stu_tests/schedwork_tests/schedwork_tests --gtest_filter=Schedule.Nominal1
==6877== 
Running main() from /build/googletest-K1TalW/googletest-1.10.0/googletest/src/gtest_main.cc
Note: Google Test filter = Schedule.Nominal1
[==========] Running 1 test from 1 test suite.
[----------] Global test environment set-up.
[----------] 1 test from Schedule
[ RUN      ] Schedule.Nominal1
/work/hw-alamgir/hw5/hw5_stu_tests/schedwork_tests/schedwork-tests.cpp:211: Failure
Value of: result
  Actual: false (For availability:
1 1 1 1 
1 0 1 0 
1 1 0 1 
1 0 0 1 

Error in schedule:
4294967295 4294967295 
4294967295 4294967295 
4294967295 4294967295 
4294967295 4294967295 

Mismatch with boolean return result (expected: 1 / actual: 0)
)
Expected: true
[  FAILED  ] Schedule.Nominal1 (26 ms)
[----------] 1 test from Schedule (27 ms total)

[----------] Global test environment tear-down
[==========] 1 test from 1 test suite ran. (34 ms total)
[  PASSED  ] 0 tests.
[  FAILED  ] 1 test, listed below:
[  FAILED  ] Schedule.Nominal1

 1 FAILED TEST
==6877== 
==6877== HEAP SUMMARY:
==6877==     in use at exit: 0 bytes in 0 blocks
==6877==   total heap usage: 331 allocs, 331 frees, 134,106 bytes allocated
==6877== 
==6877== All heap blocks were freed -- no leaks are possible
==6877== 
==6877== For lists of detected and suppressed errors, rerun with: -s
==6877== ERROR SUMMARY: 0 errors from 0 contexts (suppressed: 0 from 0)
<end of output>
Test time =   0.43 sec
----------------------------------------------------------
Test Failed.
"Schedule.Nominal1" end time: Apr 17 06:55 UTC
"Schedule.Nominal1" time elapsed: 00:00:00
----------------------------------------------------------

19/21 Testing: Schedule.Nominal1NoSol1
19/21 Test: Schedule.Nominal1NoSol1
Command: "/usr/bin/valgrind" "--tool=memcheck" "--leak-check=yes" "--trace-children=no" "/work/hw-alamgir/hw5/hw5_stu_tests/schedwork_tests/schedwork_tests" "--gtest_filter=Schedule.Nominal1NoSol1"
Directory: /work/hw-alamgir/hw5/hw5_stu_tests/schedwork_tests
"Schedule.Nominal1NoSol1" start time: Apr 17 06:55 UTC
Output:
----------------------------------------------------------
==6878== Memcheck, a memory error detector
==6878== Copyright (C) 2002-2017, and GNU GPL'd, by Julian Seward et al.
==6878== Using Valgrind-3.15.0 and LibVEX; rerun with -h for copyright info
==6878== Command: /work/hw-alamgir/hw5/hw5_stu_tests/schedwork_tests/schedwork_tests --gtest_filter=Schedule.Nominal1NoSol1
==6878== 
Running main() from /build/googletest-K1TalW/googletest-1.10.0/googletest/src/gtest_main.cc
Note: Google Test filter = Schedule.Nominal1NoSol1
[==========] Running 1 test from 1 test suite.
[----------] Global test environment set-up.
[----------] 1 test from Schedule
[ RUN      ] Schedule.Nominal1NoSol1
[       OK ] Schedule.Nominal1NoSol1 (16 ms)
[----------] 1 test from Schedule (17 ms total)

[----------] Global test environment tear-down
[==========] 1 test from 1 test suite ran. (25 ms total)
[  PASSED  ] 1 test.
==6878== 
==6878== HEAP SUMMARY:
==6878==     in use at exit: 0 bytes in 0 blocks
==6878==   total heap usage: 287 allocs, 287 frees, 121,236 bytes allocated
==6878== 
==6878== All heap blocks were freed -- no leaks are possible
==6878== 
==6878== For lists of detected and suppressed errors, rerun with: -s
==6878== ERROR SUMMARY: 0 errors from 0 contexts (suppressed: 0 from 0)
<end of output>
Test time =   0.42 sec
----------------------------------------------------------
Test Passed.
"Schedule.Nominal1NoSol1" end time: Apr 17 06:55 UTC
"Schedule.Nominal1NoSol1" time elapsed: 00:00:00
----------------------------------------------------------

20/21 Testing: Schedule.Nominal1NoSol2
20/21 Test: Schedule.Nominal1NoSol2
Command: "/usr/bin/valgrind" "--tool=memcheck" "--leak-check=yes" "--trace-children=no" "/work/hw-alamgir/hw5/hw5_stu_tests/schedwork_tests/schedwork_tests" "--gtest_filter=Schedule.Nominal1NoSol2"
Directory: /work/hw-alamgir/hw5/hw5_stu_tests/schedwork_tests
"Schedule.Nominal1NoSol2" start time: Apr 17 06:55 UTC
Output:
----------------------------------------------------------
==6879== Memcheck, a memory error detector
==6879== Copyright (C) 2002-2017, and GNU GPL'd, by Julian Seward et al.
==6879== Using Valgrind-3.15.0 and LibVEX; rerun with -h for copyright info
==6879== Command: /work/hw-alamgir/hw5/hw5_stu_tests/schedwork_tests/schedwork_tests --gtest_filter=Schedule.Nominal1NoSol2
==6879== 
Running main() from /build/googletest-K1TalW/googletest-1.10.0/googletest/src/gtest_main.cc
Note: Google Test filter = Schedule.Nominal1NoSol2
[==========] Running 1 test from 1 test suite.
[----------] Global test environment set-up.
[----------] 1 test from Schedule
[ RUN      ] Schedule.Nominal1NoSol2
[       OK ] Schedule.Nominal1NoSol2 (16 ms)
[----------] 1 test from Schedule (18 ms total)

[----------] Global test environment tear-down
[==========] 1 test from 1 test suite ran. (25 ms total)
[  PASSED  ] 1 test.
==6879== 
==6879== HEAP SUMMARY:
==6879==     in use at exit: 0 bytes in 0 blocks
==6879==   total heap usage: 287 allocs, 287 frees, 121,200 bytes allocated
==6879== 
==6879== All heap blocks were freed -- no leaks are possible
==6879== 
==6879== For lists of detected and suppressed errors, rerun with: -s
==6879== ERROR SUMMARY: 0 errors from 0 contexts (suppressed: 0 from 0)
<end of output>
Test time =   0.42 sec
----------------------------------------------------------
Test Passed.
"Schedule.Nominal1NoSol2" end time: Apr 17 06:55 UTC
"Schedule.Nominal1NoSol2" time elapsed: 00:00:00
----------------------------------------------------------

21/21 Testing: Schedule.Nominal2
21/21 Test: Schedule.Nominal2
Command: "/usr/bin/valgrind" "--tool=memcheck" "--leak-check=yes" "--trace-children=no" "/work/hw-alamgir/hw5/hw5_stu_tests/schedwork_tests/schedwork_tests" "--gtest_filter=Schedule.Nominal2"
Directory: /work/hw-alamgir/hw5/hw5_stu_tests/schedwork_tests
"Schedule.Nominal2" start time: Apr 17 06:55 UTC
Output:
----------------------------------------------------------
==6880== Memcheck, a memory error detector
==6880== Copyright (C) 2002-2017, and GNU GPL'd, by Julian Seward et al.
==6880== Using Valgrind-3.15.0 and LibVEX; rerun with -h for copyright info
==6880== Command: /work/hw-alamgir/hw5/hw5_stu_tests/schedwork_tests/schedwork_tests --gtest_filter=Schedule.Nominal2
==6880== 
Running main() from /build/googletest-K1TalW/googletest-1.10.0/googletest/src/gtest_main.cc
Note: Google Test filter = Schedule.Nominal2
[==========] Running 1 test from 1 test suite.
[----------] Global test environment set-up.
[----------] 1 test from Schedule
[ RUN      ] Schedule.Nominal2
/work/hw-alamgir/hw5/hw5_stu_tests/schedwork_tests/schedwork-tests.cpp:274: Failure
Value of: result
  Actual: false (For availability:
0 1 0 1 1 0 1 
0 1 1 0 1 0 0 
1 0 0 1 1 0 0 
1 1 0 0 0 0 1 
1 0 1 0 1 1 0 
1 1 1 0 1 1 1 
1 0 0 1 1 1 0 

Error in schedule:
4294967295 4294967295 4294967295 
4294967295 4294967295 4294967295 
4294967295 4294967295 4294967295 
4294967295 4294967295 4294967295 
4294967295 4294967295 4294967295 
4294967295 4294967295 4294967295 
4294967295 4294967295 4294967295 

Mismatch with boolean return result (expected: 1 / actual: 0)
)
Expected: true
[  FAILED  ] Schedule.Nominal2 (26 ms)
[----------] 1 test from Schedule (28 ms total)

[----------] Global test environment tear-down
[==========] 1 test from 1 test suite ran. (35 ms total)
[  PASSED  ] 0 tests.
[  FAILED  ] 1 test, listed below:
[  FAILED  ] Schedule.Nominal2

 1 FAILED TEST
==6880== 
==6880== HEAP SUMMARY:
==6880==     in use at exit: 0 bytes in 0 blocks
==6880==   total heap usage: 344 allocs, 344 frees, 140,711 bytes allocated
==6880== 
==6880== All heap blocks were freed -- no leaks are possible
==6880== 
==6880== For lists of detected and suppressed errors, rerun with: -s
==6880== ERROR SUMMARY: 0 errors from 0 contexts (suppressed: 0 from 0)
<end of output>
Test time =   0.43 sec
----------------------------------------------------------
Test Failed.
"Schedule.Nominal2" end time: Apr 17 06:55 UTC
"Schedule.Nominal2" time elapsed: 00:00:00
----------------------------------------------------------

End testing: Apr 17 06:55 UTC
