Start testing: May 02 21:54 UTC
----------------------------------------------------------
1/21 Testing: Wordle.Empty
1/21 Test: Wordle.Empty
Command: "/usr/bin/valgrind" "--tool=memcheck" "--leak-check=yes" "--trace-children=no" "/work/hw-alamgir/hw5/hw5_stu_tests/wordle_tests/wordle_tests" "--gtest_filter=Wordle.Empty"
Directory: /work/hw-alamgir/hw5/hw5_stu_tests/wordle_tests
"Wordle.Empty" start time: May 02 21:54 UTC
Output:
----------------------------------------------------------
==82== Memcheck, a memory error detector
==82== Copyright (C) 2002-2017, and GNU GPL'd, by Julian Seward et al.
==82== Using Valgrind-3.15.0 and LibVEX; rerun with -h for copyright info
==82== Command: /work/hw-alamgir/hw5/hw5_stu_tests/wordle_tests/wordle_tests --gtest_filter=Wordle.Empty
==82== 
Read 63247 words into dictionary.
Running main() from /build/googletest-K1TalW/googletest-1.10.0/googletest/src/gtest_main.cc
Note: Google Test filter = Wordle.Empty
[==========] Running 1 test from 1 test suite.
[----------] Global test environment set-up.
[----------] 1 test from Wordle
[ RUN      ] Wordle.Empty
[       OK ] Wordle.Empty (4 ms)
[----------] 1 test from Wordle (5 ms total)

[----------] Global test environment tear-down
[==========] 1 test from 1 test suite ran. (11 ms total)
[  PASSED  ] 1 test.
==82== 
==82== HEAP SUMMARY:
==82==     in use at exit: 0 bytes in 0 blocks
==82==   total heap usage: 63,758 allocs, 63,758 frees, 4,182,333 bytes allocated
==82== 
==82== All heap blocks were freed -- no leaks are possible
==82== 
==82== For lists of detected and suppressed errors, rerun with: -s
==82== ERROR SUMMARY: 0 errors from 0 contexts (suppressed: 0 from 0)
<end of output>
Test time =   2.90 sec
----------------------------------------------------------
Test Passed.
"Wordle.Empty" end time: May 02 21:54 UTC
"Wordle.Empty" time elapsed: 00:00:02
----------------------------------------------------------

2/21 Testing: Wordle.NoSolutions
2/21 Test: Wordle.NoSolutions
Command: "/usr/bin/valgrind" "--tool=memcheck" "--leak-check=yes" "--trace-children=no" "/work/hw-alamgir/hw5/hw5_stu_tests/wordle_tests/wordle_tests" "--gtest_filter=Wordle.NoSolutions"
Directory: /work/hw-alamgir/hw5/hw5_stu_tests/wordle_tests
"Wordle.NoSolutions" start time: May 02 21:54 UTC
Output:
----------------------------------------------------------
==83== Memcheck, a memory error detector
==83== Copyright (C) 2002-2017, and GNU GPL'd, by Julian Seward et al.
==83== Using Valgrind-3.15.0 and LibVEX; rerun with -h for copyright info
==83== Command: /work/hw-alamgir/hw5/hw5_stu_tests/wordle_tests/wordle_tests --gtest_filter=Wordle.NoSolutions
==83== 
Read 63247 words into dictionary.
Running main() from /build/googletest-K1TalW/googletest-1.10.0/googletest/src/gtest_main.cc
Note: Google Test filter = Wordle.NoSolutions
[==========] Running 1 test from 1 test suite.
[----------] Global test environment set-up.
[----------] 1 test from Wordle
[ RUN      ] Wordle.NoSolutions
==83== Conditional jump or move depends on uninitialised value(s)
==83==    at 0x11ADB0: traversal(std::vector<char, std::allocator<char> >, std::set<std::__cxx11::basic_string<char, std::char_traits<char>, std::allocator<char> >, std::less<std::__cxx11::basic_string<char, std::char_traits<char>, std::allocator<char> > >, std::allocator<std::__cxx11::basic_string<char, std::char_traits<char>, std::allocator<char> > > > const&, std::set<std::__cxx11::basic_string<char, std::char_traits<char>, std::allocator<char> >, std::less<std::__cxx11::basic_string<char, std::char_traits<char>, std::allocator<char> > >, std::allocator<std::__cxx11::basic_string<char, std::char_traits<char>, std::allocator<char> > > >&, unsigned long, std::__cxx11::basic_string<char, std::char_traits<char>, std::allocator<char> >, std::__cxx11::basic_string<char, std::char_traits<char>, std::allocator<char> >&, unsigned long&) (wordle.cpp:68)
==83==    by 0x11ADF7: traversal(std::vector<char, std::allocator<char> >, std::set<std::__cxx11::basic_string<char, std::char_traits<char>, std::allocator<char> >, std::less<std::__cxx11::basic_string<char, std::char_traits<char>, std::allocator<char> > >, std::allocator<std::__cxx11::basic_string<char, std::char_traits<char>, std::allocator<char> > > > const&, std::set<std::__cxx11::basic_string<char, std::char_traits<char>, std::allocator<char> >, std::less<std::__cxx11::basic_string<char, std::char_traits<char>, std::allocator<char> > >, std::allocator<std::__cxx11::basic_string<char, std::char_traits<char>, std::allocator<char> > > >&, unsigned long, std::__cxx11::basic_string<char, std::char_traits<char>, std::allocator<char> >, std::__cxx11::basic_string<char, std::char_traits<char>, std::allocator<char> >&, unsigned long&) (wordle.cpp:71)
==83==    by 0x11AF4B: traversal(std::vector<char, std::allocator<char> >, std::set<std::__cxx11::basic_string<char, std::char_traits<char>, std::allocator<char> >, std::less<std::__cxx11::basic_string<char, std::char_traits<char>, std::allocator<char> > >, std::allocator<std::__cxx11::basic_string<char, std::char_traits<char>, std::allocator<char> > > > const&, std::set<std::__cxx11::basic_string<char, std::char_traits<char>, std::allocator<char> >, std::less<std::__cxx11::basic_string<char, std::char_traits<char>, std::allocator<char> > >, std::allocator<std::__cxx11::basic_string<char, std::char_traits<char>, std::allocator<char> > > >&, unsigned long, std::__cxx11::basic_string<char, std::char_traits<char>, std::allocator<char> >, std::__cxx11::basic_string<char, std::char_traits<char>, std::allocator<char> >&, unsigned long&) (wordle.cpp:97)
==83==    by 0x11AF4B: traversal(std::vector<char, std::allocator<char> >, std::set<std::__cxx11::basic_string<char, std::char_traits<char>, std::allocator<char> >, std::less<std::__cxx11::basic_string<char, std::char_traits<char>, std::allocator<char> > >, std::allocator<std::__cxx11::basic_string<char, std::char_traits<char>, std::allocator<char> > > > const&, std::set<std::__cxx11::basic_string<char, std::char_traits<char>, std::allocator<char> >, std::less<std::__cxx11::basic_string<char, std::char_traits<char>, std::allocator<char> > >, std::allocator<std::__cxx11::basic_string<char, std::char_traits<char>, std::allocator<char> > > >&, unsigned long, std::__cxx11::basic_string<char, std::char_traits<char>, std::allocator<char> >, std::__cxx11::basic_string<char, std::char_traits<char>, std::allocator<char> >&, unsigned long&) (wordle.cpp:97)
==83==    by 0x11ABF3: wordle(std::__cxx11::basic_string<char, std::char_traits<char>, std::allocator<char> > const&, std::__cxx11::basic_string<char, std::char_traits<char>, std::allocator<char> > const&, std::set<std::__cxx11::basic_string<char, std::char_traits<char>, std::allocator<char> >, std::less<std::__cxx11::basic_string<char, std::char_traits<char>, std::allocator<char> > >, std::allocator<std::__cxx11::basic_string<char, std::char_traits<char>, std::allocator<char> > > > const&) (wordle.cpp:42)
==83==    by 0x112783: Wordle_NoSolutions_Test::TestBody() (wordle-tests.cpp:72)
==83==    by 0x14CC3F: void testing::internal::HandleExceptionsInMethodIfSupported<testing::Test, void>(testing::Test*, void (testing::Test::*)(), char const*) (in /work/hw-alamgir/hw5/hw5_stu_tests/wordle_tests/wordle_tests)
==83==    by 0x14119F: testing::Test::Run() (in /work/hw-alamgir/hw5/hw5_stu_tests/wordle_tests/wordle_tests)
==83==    by 0x1412F3: testing::TestInfo::Run() (in /work/hw-alamgir/hw5/hw5_stu_tests/wordle_tests/wordle_tests)
==83==    by 0x1413CF: testing::TestSuite::Run() (in /work/hw-alamgir/hw5/hw5_stu_tests/wordle_tests/wordle_tests)
==83==    by 0x14191B: testing::internal::UnitTestImpl::RunAllTests() (in /work/hw-alamgir/hw5/hw5_stu_tests/wordle_tests/wordle_tests)
==83==    by 0x14D1D7: bool testing::internal::HandleExceptionsInMethodIfSupported<testing::internal::UnitTestImpl, bool>(testing::internal::UnitTestImpl*, bool (testing::internal::UnitTestImpl::*)(), char const*) (in /work/hw-alamgir/hw5/hw5_stu_tests/wordle_tests/wordle_tests)
==83== 
==83== Conditional jump or move depends on uninitialised value(s)
==83==    at 0x11ADB0: traversal(std::vector<char, std::allocator<char> >, std::set<std::__cxx11::basic_string<char, std::char_traits<char>, std::allocator<char> >, std::less<std::__cxx11::basic_string<char, std::char_traits<char>, std::allocator<char> > >, std::allocator<std::__cxx11::basic_string<char, std::char_traits<char>, std::allocator<char> > > > const&, std::set<std::__cxx11::basic_string<char, std::char_traits<char>, std::allocator<char> >, std::less<std::__cxx11::basic_string<char, std::char_traits<char>, std::allocator<char> > >, std::allocator<std::__cxx11::basic_string<char, std::char_traits<char>, std::allocator<char> > > >&, unsigned long, std::__cxx11::basic_string<char, std::char_traits<char>, std::allocator<char> >, std::__cxx11::basic_string<char, std::char_traits<char>, std::allocator<char> >&, unsigned long&) (wordle.cpp:68)
==83==    by 0x11ADF7: traversal(std::vector<char, std::allocator<char> >, std::set<std::__cxx11::basic_string<char, std::char_traits<char>, std::allocator<char> >, std::less<std::__cxx11::basic_string<char, std::char_traits<char>, std::allocator<char> > >, std::allocator<std::__cxx11::basic_string<char, std::char_traits<char>, std::allocator<char> > > > const&, std::set<std::__cxx11::basic_string<char, std::char_traits<char>, std::allocator<char> >, std::less<std::__cxx11::basic_string<char, std::char_traits<char>, std::allocator<char> > >, std::allocator<std::__cxx11::basic_string<char, std::char_traits<char>, std::allocator<char> > > >&, unsigned long, std::__cxx11::basic_string<char, std::char_traits<char>, std::allocator<char> >, std::__cxx11::basic_string<char, std::char_traits<char>, std::allocator<char> >&, unsigned long&) (wordle.cpp:71)
==83==    by 0x11ADF7: traversal(std::vector<char, std::allocator<char> >, std::set<std::__cxx11::basic_string<char, std::char_traits<char>, std::allocator<char> >, std::less<std::__cxx11::basic_string<char, std::char_traits<char>, std::allocator<char> > >, std::allocator<std::__cxx11::basic_string<char, std::char_traits<char>, std::allocator<char> > > > const&, std::set<std::__cxx11::basic_string<char, std::char_traits<char>, std::allocator<char> >, std::less<std::__cxx11::basic_string<char, std::char_traits<char>, std::allocator<char> > >, std::allocator<std::__cxx11::basic_string<char, std::char_traits<char>, std::allocator<char> > > >&, unsigned long, std::__cxx11::basic_string<char, std::char_traits<char>, std::allocator<char> >, std::__cxx11::basic_string<char, std::char_traits<char>, std::allocator<char> >&, unsigned long&) (wordle.cpp:71)
==83==    by 0x11AF4B: traversal(std::vector<char, std::allocator<char> >, std::set<std::__cxx11::basic_string<char, std::char_traits<char>, std::allocator<char> >, std::less<std::__cxx11::basic_string<char, std::char_traits<char>, std::allocator<char> > >, std::allocator<std::__cxx11::basic_string<char, std::char_traits<char>, std::allocator<char> > > > const&, std::set<std::__cxx11::basic_string<char, std::char_traits<char>, std::allocator<char> >, std::less<std::__cxx11::basic_string<char, std::char_traits<char>, std::allocator<char> > >, std::allocator<std::__cxx11::basic_string<char, std::char_traits<char>, std::allocator<char> > > >&, unsigned long, std::__cxx11::basic_string<char, std::char_traits<char>, std::allocator<char> >, std::__cxx11::basic_string<char, std::char_traits<char>, std::allocator<char> >&, unsigned long&) (wordle.cpp:97)
==83==    by 0x11AF4B: traversal(std::vector<char, std::allocator<char> >, std::set<std::__cxx11::basic_string<char, std::char_traits<char>, std::allocator<char> >, std::less<std::__cxx11::basic_string<char, std::char_traits<char>, std::allocator<char> > >, std::allocator<std::__cxx11::basic_string<char, std::char_traits<char>, std::allocator<char> > > > const&, std::set<std::__cxx11::basic_string<char, std::char_traits<char>, std::allocator<char> >, std::less<std::__cxx11::basic_string<char, std::char_traits<char>, std::allocator<char> > >, std::allocator<std::__cxx11::basic_string<char, std::char_traits<char>, std::allocator<char> > > >&, unsigned long, std::__cxx11::basic_string<char, std::char_traits<char>, std::allocator<char> >, std::__cxx11::basic_string<char, std::char_traits<char>, std::allocator<char> >&, unsigned long&) (wordle.cpp:97)
==83==    by 0x11ABF3: wordle(std::__cxx11::basic_string<char, std::char_traits<char>, std::allocator<char> > const&, std::__cxx11::basic_string<char, std::char_traits<char>, std::allocator<char> > const&, std::set<std::__cxx11::basic_string<char, std::char_traits<char>, std::allocator<char> >, std::less<std::__cxx11::basic_string<char, std::char_traits<char>, std::allocator<char> > >, std::allocator<std::__cxx11::basic_string<char, std::char_traits<char>, std::allocator<char> > > > const&) (wordle.cpp:42)
==83==    by 0x112783: Wordle_NoSolutions_Test::TestBody() (wordle-tests.cpp:72)
==83==    by 0x14CC3F: void testing::internal::HandleExceptionsInMethodIfSupported<testing::Test, void>(testing::Test*, void (testing::Test::*)(), char const*) (in /work/hw-alamgir/hw5/hw5_stu_tests/wordle_tests/wordle_tests)
==83==    by 0x14119F: testing::Test::Run() (in /work/hw-alamgir/hw5/hw5_stu_tests/wordle_tests/wordle_tests)
==83==    by 0x1412F3: testing::TestInfo::Run() (in /work/hw-alamgir/hw5/hw5_stu_tests/wordle_tests/wordle_tests)
==83==    by 0x1413CF: testing::TestSuite::Run() (in /work/hw-alamgir/hw5/hw5_stu_tests/wordle_tests/wordle_tests)
==83==    by 0x14191B: testing::internal::UnitTestImpl::RunAllTests() (in /work/hw-alamgir/hw5/hw5_stu_tests/wordle_tests/wordle_tests)
==83== 
==83== Conditional jump or move depends on uninitialised value(s)
==83==    at 0x11ADB0: traversal(std::vector<char, std::allocator<char> >, std::set<std::__cxx11::basic_string<char, std::char_traits<char>, std::allocator<char> >, std::less<std::__cxx11::basic_string<char, std::char_traits<char>, std::allocator<char> > >, std::allocator<std::__cxx11::basic_string<char, std::char_traits<char>, std::allocator<char> > > > const&, std::set<std::__cxx11::basic_string<char, std::char_traits<char>, std::allocator<char> >, std::less<std::__cxx11::basic_string<char, std::char_traits<char>, std::allocator<char> > >, std::allocator<std::__cxx11::basic_string<char, std::char_traits<char>, std::allocator<char> > > >&, unsigned long, std::__cxx11::basic_string<char, std::char_traits<char>, std::allocator<char> >, std::__cxx11::basic_string<char, std::char_traits<char>, std::allocator<char> >&, unsigned long&) (wordle.cpp:68)
==83==    by 0x11ADF7: traversal(std::vector<char, std::allocator<char> >, std::set<std::__cxx11::basic_string<char, std::char_traits<char>, std::allocator<char> >, std::less<std::__cxx11::basic_string<char, std::char_traits<char>, std::allocator<char> > >, std::allocator<std::__cxx11::basic_string<char, std::char_traits<char>, std::allocator<char> > > > const&, std::set<std::__cxx11::basic_string<char, std::char_traits<char>, std::allocator<char> >, std::less<std::__cxx11::basic_string<char, std::char_traits<char>, std::allocator<char> > >, std::allocator<std::__cxx11::basic_string<char, std::char_traits<char>, std::allocator<char> > > >&, unsigned long, std::__cxx11::basic_string<char, std::char_traits<char>, std::allocator<char> >, std::__cxx11::basic_string<char, std::char_traits<char>, std::allocator<char> >&, unsigned long&) (wordle.cpp:71)
==83==    by 0x11ADF7: traversal(std::vector<char, std::allocator<char> >, std::set<std::__cxx11::basic_string<char, std::char_traits<char>, std::allocator<char> >, std::less<std::__cxx11::basic_string<char, std::char_traits<char>, std::allocator<char> > >, std::allocator<std::__cxx11::basic_string<char, std::char_traits<char>, std::allocator<char> > > > const&, std::set<std::__cxx11::basic_string<char, std::char_traits<char>, std::allocator<char> >, std::less<std::__cxx11::basic_string<char, std::char_traits<char>, std::allocator<char> > >, std::allocator<std::__cxx11::basic_string<char, std::char_traits<char>, std::allocator<char> > > >&, unsigned long, std::__cxx11::basic_string<char, std::char_traits<char>, std::allocator<char> >, std::__cxx11::basic_string<char, std::char_traits<char>, std::allocator<char> >&, unsigned long&) (wordle.cpp:71)
==83==    by 0x11ADF7: traversal(std::vector<char, std::allocator<char> >, std::set<std::__cxx11::basic_string<char, std::char_traits<char>, std::allocator<char> >, std::less<std::__cxx11::basic_string<char, std::char_traits<char>, std::allocator<char> > >, std::allocator<std::__cxx11::basic_string<char, std::char_traits<char>, std::allocator<char> > > > const&, std::set<std::__cxx11::basic_string<char, std::char_traits<char>, std::allocator<char> >, std::less<std::__cxx11::basic_string<char, std::char_traits<char>, std::allocator<char> > >, std::allocator<std::__cxx11::basic_string<char, std::char_traits<char>, std::allocator<char> > > >&, unsigned long, std::__cxx11::basic_string<char, std::char_traits<char>, std::allocator<char> >, std::__cxx11::basic_string<char, std::char_traits<char>, std::allocator<char> >&, unsigned long&) (wordle.cpp:71)
==83==    by 0x11AF4B: traversal(std::vector<char, std::allocator<char> >, std::set<std::__cxx11::basic_string<char, std::char_traits<char>, std::allocator<char> >, std::less<std::__cxx11::basic_string<char, std::char_traits<char>, std::allocator<char> > >, std::allocator<std::__cxx11::basic_string<char, std::char_traits<char>, std::allocator<char> > > > const&, std::set<std::__cxx11::basic_string<char, std::char_traits<char>, std::allocator<char> >, std::less<std::__cxx11::basic_string<char, std::char_traits<char>, std::allocator<char> > >, std::allocator<std::__cxx11::basic_string<char, std::char_traits<char>, std::allocator<char> > > >&, unsigned long, std::__cxx11::basic_string<char, std::char_traits<char>, std::allocator<char> >, std::__cxx11::basic_string<char, std::char_traits<char>, std::allocator<char> >&, unsigned long&) (wordle.cpp:97)
==83==    by 0x11AF4B: traversal(std::vector<char, std::allocator<char> >, std::set<std::__cxx11::basic_string<char, std::char_traits<char>, std::allocator<char> >, std::less<std::__cxx11::basic_string<char, std::char_traits<char>, std::allocator<char> > >, std::allocator<std::__cxx11::basic_string<char, std::char_traits<char>, std::allocator<char> > > > const&, std::set<std::__cxx11::basic_string<char, std::char_traits<char>, std::allocator<char> >, std::less<std::__cxx11::basic_string<char, std::char_traits<char>, std::allocator<char> > >, std::allocator<std::__cxx11::basic_string<char, std::char_traits<char>, std::allocator<char> > > >&, unsigned long, std::__cxx11::basic_string<char, std::char_traits<char>, std::allocator<char> >, std::__cxx11::basic_string<char, std::char_traits<char>, std::allocator<char> >&, unsigned long&) (wordle.cpp:97)
==83==    by 0x11ABF3: wordle(std::__cxx11::basic_string<char, std::char_traits<char>, std::allocator<char> > const&, std::__cxx11::basic_string<char, std::char_traits<char>, std::allocator<char> > const&, std::set<std::__cxx11::basic_string<char, std::char_traits<char>, std::allocator<char> >, std::less<std::__cxx11::basic_string<char, std::char_traits<char>, std::allocator<char> > >, std::allocator<std::__cxx11::basic_string<char, std::char_traits<char>, std::allocator<char> > > > const&) (wordle.cpp:42)
==83==    by 0x112783: Wordle_NoSolutions_Test::TestBody() (wordle-tests.cpp:72)
==83==    by 0x14CC3F: void testing::internal::HandleExceptionsInMethodIfSupported<testing::Test, void>(testing::Test*, void (testing::Test::*)(), char const*) (in /work/hw-alamgir/hw5/hw5_stu_tests/wordle_tests/wordle_tests)
==83==    by 0x14119F: testing::Test::Run() (in /work/hw-alamgir/hw5/hw5_stu_tests/wordle_tests/wordle_tests)
==83==    by 0x1412F3: testing::TestInfo::Run() (in /work/hw-alamgir/hw5/hw5_stu_tests/wordle_tests/wordle_tests)
==83==    by 0x1413CF: testing::TestSuite::Run() (in /work/hw-alamgir/hw5/hw5_stu_tests/wordle_tests/wordle_tests)
==83== 
[       OK ] Wordle.NoSolutions (13 ms)
[----------] 1 test from Wordle (15 ms total)

[----------] Global test environment tear-down
[==========] 1 test from 1 test suite ran. (20 ms total)
[  PASSED  ] 1 test.
==83== 
==83== HEAP SUMMARY:
==83==     in use at exit: 0 bytes in 0 blocks
==83==   total heap usage: 63,777 allocs, 63,777 frees, 4,182,810 bytes allocated
==83== 
==83== All heap blocks were freed -- no leaks are possible
==83== 
==83== Use --track-origins=yes to see where uninitialised values come from
==83== For lists of detected and suppressed errors, rerun with: -s
==83== ERROR SUMMARY: 196 errors from 3 contexts (suppressed: 0 from 0)
<end of output>
Test time =   2.81 sec
----------------------------------------------------------
Test Passed.
"Wordle.NoSolutions" end time: May 02 21:54 UTC
"Wordle.NoSolutions" time elapsed: 00:00:02
----------------------------------------------------------

3/21 Testing: Wordle.OneLetterUnconstrained
3/21 Test: Wordle.OneLetterUnconstrained
Command: "/usr/bin/valgrind" "--tool=memcheck" "--leak-check=yes" "--trace-children=no" "/work/hw-alamgir/hw5/hw5_stu_tests/wordle_tests/wordle_tests" "--gtest_filter=Wordle.OneLetterUnconstrained"
Directory: /work/hw-alamgir/hw5/hw5_stu_tests/wordle_tests
"Wordle.OneLetterUnconstrained" start time: May 02 21:54 UTC
Output:
----------------------------------------------------------
==84== Memcheck, a memory error detector
==84== Copyright (C) 2002-2017, and GNU GPL'd, by Julian Seward et al.
==84== Using Valgrind-3.15.0 and LibVEX; rerun with -h for copyright info
==84== Command: /work/hw-alamgir/hw5/hw5_stu_tests/wordle_tests/wordle_tests --gtest_filter=Wordle.OneLetterUnconstrained
==84== 
Read 63247 words into dictionary.
Running main() from /build/googletest-K1TalW/googletest-1.10.0/googletest/src/gtest_main.cc
Note: Google Test filter = Wordle.OneLetterUnconstrained
[==========] Running 1 test from 1 test suite.
[----------] Global test environment set-up.
[----------] 1 test from Wordle
[ RUN      ] Wordle.OneLetterUnconstrained
==84== Conditional jump or move depends on uninitialised value(s)
==84==    at 0x11ADB0: traversal(std::vector<char, std::allocator<char> >, std::set<std::__cxx11::basic_string<char, std::char_traits<char>, std::allocator<char> >, std::less<std::__cxx11::basic_string<char, std::char_traits<char>, std::allocator<char> > >, std::allocator<std::__cxx11::basic_string<char, std::char_traits<char>, std::allocator<char> > > > const&, std::set<std::__cxx11::basic_string<char, std::char_traits<char>, std::allocator<char> >, std::less<std::__cxx11::basic_string<char, std::char_traits<char>, std::allocator<char> > >, std::allocator<std::__cxx11::basic_string<char, std::char_traits<char>, std::allocator<char> > > >&, unsigned long, std::__cxx11::basic_string<char, std::char_traits<char>, std::allocator<char> >, std::__cxx11::basic_string<char, std::char_traits<char>, std::allocator<char> >&, unsigned long&) (wordle.cpp:68)
==84==    by 0x11ADF7: traversal(std::vector<char, std::allocator<char> >, std::set<std::__cxx11::basic_string<char, std::char_traits<char>, std::allocator<char> >, std::less<std::__cxx11::basic_string<char, std::char_traits<char>, std::allocator<char> > >, std::allocator<std::__cxx11::basic_string<char, std::char_traits<char>, std::allocator<char> > > > const&, std::set<std::__cxx11::basic_string<char, std::char_traits<char>, std::allocator<char> >, std::less<std::__cxx11::basic_string<char, std::char_traits<char>, std::allocator<char> > >, std::allocator<std::__cxx11::basic_string<char, std::char_traits<char>, std::allocator<char> > > >&, unsigned long, std::__cxx11::basic_string<char, std::char_traits<char>, std::allocator<char> >, std::__cxx11::basic_string<char, std::char_traits<char>, std::allocator<char> >&, unsigned long&) (wordle.cpp:71)
==84==    by 0x11B0DF: traversal(std::vector<char, std::allocator<char> >, std::set<std::__cxx11::basic_string<char, std::char_traits<char>, std::allocator<char> >, std::less<std::__cxx11::basic_string<char, std::char_traits<char>, std::allocator<char> > >, std::allocator<std::__cxx11::basic_string<char, std::char_traits<char>, std::allocator<char> > > > const&, std::set<std::__cxx11::basic_string<char, std::char_traits<char>, std::allocator<char> >, std::less<std::__cxx11::basic_string<char, std::char_traits<char>, std::allocator<char> > >, std::allocator<std::__cxx11::basic_string<char, std::char_traits<char>, std::allocator<char> > > >&, unsigned long, std::__cxx11::basic_string<char, std::char_traits<char>, std::allocator<char> >, std::__cxx11::basic_string<char, std::char_traits<char>, std::allocator<char> >&, unsigned long&) (wordle.cpp:121)
==84==    by 0x11ABF3: wordle(std::__cxx11::basic_string<char, std::char_traits<char>, std::allocator<char> > const&, std::__cxx11::basic_string<char, std::char_traits<char>, std::allocator<char> > const&, std::set<std::__cxx11::basic_string<char, std::char_traits<char>, std::allocator<char> >, std::less<std::__cxx11::basic_string<char, std::char_traits<char>, std::allocator<char> > >, std::allocator<std::__cxx11::basic_string<char, std::char_traits<char>, std::allocator<char> > > > const&) (wordle.cpp:42)
==84==    by 0x112A67: Wordle_OneLetterUnconstrained_Test::TestBody() (wordle-tests.cpp:89)
==84==    by 0x14CC3F: void testing::internal::HandleExceptionsInMethodIfSupported<testing::Test, void>(testing::Test*, void (testing::Test::*)(), char const*) (in /work/hw-alamgir/hw5/hw5_stu_tests/wordle_tests/wordle_tests)
==84==    by 0x14119F: testing::Test::Run() (in /work/hw-alamgir/hw5/hw5_stu_tests/wordle_tests/wordle_tests)
==84==    by 0x1412F3: testing::TestInfo::Run() (in /work/hw-alamgir/hw5/hw5_stu_tests/wordle_tests/wordle_tests)
==84==    by 0x1413CF: testing::TestSuite::Run() (in /work/hw-alamgir/hw5/hw5_stu_tests/wordle_tests/wordle_tests)
==84==    by 0x14191B: testing::internal::UnitTestImpl::RunAllTests() (in /work/hw-alamgir/hw5/hw5_stu_tests/wordle_tests/wordle_tests)
==84==    by 0x14D1D7: bool testing::internal::HandleExceptionsInMethodIfSupported<testing::internal::UnitTestImpl, bool>(testing::internal::UnitTestImpl*, bool (testing::internal::UnitTestImpl::*)(), char const*) (in /work/hw-alamgir/hw5/hw5_stu_tests/wordle_tests/wordle_tests)
==84==    by 0x141B63: testing::UnitTest::Run() (in /work/hw-alamgir/hw5/hw5_stu_tests/wordle_tests/wordle_tests)
==84== 
==84== Conditional jump or move depends on uninitialised value(s)
==84==    at 0x11ADB0: traversal(std::vector<char, std::allocator<char> >, std::set<std::__cxx11::basic_string<char, std::char_traits<char>, std::allocator<char> >, std::less<std::__cxx11::basic_string<char, std::char_traits<char>, std::allocator<char> > >, std::allocator<std::__cxx11::basic_string<char, std::char_traits<char>, std::allocator<char> > > > const&, std::set<std::__cxx11::basic_string<char, std::char_traits<char>, std::allocator<char> >, std::less<std::__cxx11::basic_string<char, std::char_traits<char>, std::allocator<char> > >, std::allocator<std::__cxx11::basic_string<char, std::char_traits<char>, std::allocator<char> > > >&, unsigned long, std::__cxx11::basic_string<char, std::char_traits<char>, std::allocator<char> >, std::__cxx11::basic_string<char, std::char_traits<char>, std::allocator<char> >&, unsigned long&) (wordle.cpp:68)
==84==    by 0x11ADF7: traversal(std::vector<char, std::allocator<char> >, std::set<std::__cxx11::basic_string<char, std::char_traits<char>, std::allocator<char> >, std::less<std::__cxx11::basic_string<char, std::char_traits<char>, std::allocator<char> > >, std::allocator<std::__cxx11::basic_string<char, std::char_traits<char>, std::allocator<char> > > > const&, std::set<std::__cxx11::basic_string<char, std::char_traits<char>, std::allocator<char> >, std::less<std::__cxx11::basic_string<char, std::char_traits<char>, std::allocator<char> > >, std::allocator<std::__cxx11::basic_string<char, std::char_traits<char>, std::allocator<char> > > >&, unsigned long, std::__cxx11::basic_string<char, std::char_traits<char>, std::allocator<char> >, std::__cxx11::basic_string<char, std::char_traits<char>, std::allocator<char> >&, unsigned long&) (wordle.cpp:71)
==84==    by 0x11ADF7: traversal(std::vector<char, std::allocator<char> >, std::set<std::__cxx11::basic_string<char, std::char_traits<char>, std::allocator<char> >, std::less<std::__cxx11::basic_string<char, std::char_traits<char>, std::allocator<char> > >, std::allocator<std::__cxx11::basic_string<char, std::char_traits<char>, std::allocator<char> > > > const&, std::set<std::__cxx11::basic_string<char, std::char_traits<char>, std::allocator<char> >, std::less<std::__cxx11::basic_string<char, std::char_traits<char>, std::allocator<char> > >, std::allocator<std::__cxx11::basic_string<char, std::char_traits<char>, std::allocator<char> > > >&, unsigned long, std::__cxx11::basic_string<char, std::char_traits<char>, std::allocator<char> >, std::__cxx11::basic_string<char, std::char_traits<char>, std::allocator<char> >&, unsigned long&) (wordle.cpp:71)
==84==    by 0x11B0DF: traversal(std::vector<char, std::allocator<char> >, std::set<std::__cxx11::basic_string<char, std::char_traits<char>, std::allocator<char> >, std::less<std::__cxx11::basic_string<char, std::char_traits<char>, std::allocator<char> > >, std::allocator<std::__cxx11::basic_string<char, std::char_traits<char>, std::allocator<char> > > > const&, std::set<std::__cxx11::basic_string<char, std::char_traits<char>, std::allocator<char> >, std::less<std::__cxx11::basic_string<char, std::char_traits<char>, std::allocator<char> > >, std::allocator<std::__cxx11::basic_string<char, std::char_traits<char>, std::allocator<char> > > >&, unsigned long, std::__cxx11::basic_string<char, std::char_traits<char>, std::allocator<char> >, std::__cxx11::basic_string<char, std::char_traits<char>, std::allocator<char> >&, unsigned long&) (wordle.cpp:121)
==84==    by 0x11ABF3: wordle(std::__cxx11::basic_string<char, std::char_traits<char>, std::allocator<char> > const&, std::__cxx11::basic_string<char, std::char_traits<char>, std::allocator<char> > const&, std::set<std::__cxx11::basic_string<char, std::char_traits<char>, std::allocator<char> >, std::less<std::__cxx11::basic_string<char, std::char_traits<char>, std::allocator<char> > >, std::allocator<std::__cxx11::basic_string<char, std::char_traits<char>, std::allocator<char> > > > const&) (wordle.cpp:42)
==84==    by 0x112A67: Wordle_OneLetterUnconstrained_Test::TestBody() (wordle-tests.cpp:89)
==84==    by 0x14CC3F: void testing::internal::HandleExceptionsInMethodIfSupported<testing::Test, void>(testing::Test*, void (testing::Test::*)(), char const*) (in /work/hw-alamgir/hw5/hw5_stu_tests/wordle_tests/wordle_tests)
==84==    by 0x14119F: testing::Test::Run() (in /work/hw-alamgir/hw5/hw5_stu_tests/wordle_tests/wordle_tests)
==84==    by 0x1412F3: testing::TestInfo::Run() (in /work/hw-alamgir/hw5/hw5_stu_tests/wordle_tests/wordle_tests)
==84==    by 0x1413CF: testing::TestSuite::Run() (in /work/hw-alamgir/hw5/hw5_stu_tests/wordle_tests/wordle_tests)
==84==    by 0x14191B: testing::internal::UnitTestImpl::RunAllTests() (in /work/hw-alamgir/hw5/hw5_stu_tests/wordle_tests/wordle_tests)
==84==    by 0x14D1D7: bool testing::internal::HandleExceptionsInMethodIfSupported<testing::internal::UnitTestImpl, bool>(testing::internal::UnitTestImpl*, bool (testing::internal::UnitTestImpl::*)(), char const*) (in /work/hw-alamgir/hw5/hw5_stu_tests/wordle_tests/wordle_tests)
==84== 
==84== Conditional jump or move depends on uninitialised value(s)
==84==    at 0x11ADB0: traversal(std::vector<char, std::allocator<char> >, std::set<std::__cxx11::basic_string<char, std::char_traits<char>, std::allocator<char> >, std::less<std::__cxx11::basic_string<char, std::char_traits<char>, std::allocator<char> > >, std::allocator<std::__cxx11::basic_string<char, std::char_traits<char>, std::allocator<char> > > > const&, std::set<std::__cxx11::basic_string<char, std::char_traits<char>, std::allocator<char> >, std::less<std::__cxx11::basic_string<char, std::char_traits<char>, std::allocator<char> > >, std::allocator<std::__cxx11::basic_string<char, std::char_traits<char>, std::allocator<char> > > >&, unsigned long, std::__cxx11::basic_string<char, std::char_traits<char>, std::allocator<char> >, std::__cxx11::basic_string<char, std::char_traits<char>, std::allocator<char> >&, unsigned long&) (wordle.cpp:68)
==84==    by 0x11ADF7: traversal(std::vector<char, std::allocator<char> >, std::set<std::__cxx11::basic_string<char, std::char_traits<char>, std::allocator<char> >, std::less<std::__cxx11::basic_string<char, std::char_traits<char>, std::allocator<char> > >, std::allocator<std::__cxx11::basic_string<char, std::char_traits<char>, std::allocator<char> > > > const&, std::set<std::__cxx11::basic_string<char, std::char_traits<char>, std::allocator<char> >, std::less<std::__cxx11::basic_string<char, std::char_traits<char>, std::allocator<char> > >, std::allocator<std::__cxx11::basic_string<char, std::char_traits<char>, std::allocator<char> > > >&, unsigned long, std::__cxx11::basic_string<char, std::char_traits<char>, std::allocator<char> >, std::__cxx11::basic_string<char, std::char_traits<char>, std::allocator<char> >&, unsigned long&) (wordle.cpp:71)
==84==    by 0x11ADF7: traversal(std::vector<char, std::allocator<char> >, std::set<std::__cxx11::basic_string<char, std::char_traits<char>, std::allocator<char> >, std::less<std::__cxx11::basic_string<char, std::char_traits<char>, std::allocator<char> > >, std::allocator<std::__cxx11::basic_string<char, std::char_traits<char>, std::allocator<char> > > > const&, std::set<std::__cxx11::basic_string<char, std::char_traits<char>, std::allocator<char> >, std::less<std::__cxx11::basic_string<char, std::char_traits<char>, std::allocator<char> > >, std::allocator<std::__cxx11::basic_string<char, std::char_traits<char>, std::allocator<char> > > >&, unsigned long, std::__cxx11::basic_string<char, std::char_traits<char>, std::allocator<char> >, std::__cxx11::basic_string<char, std::char_traits<char>, std::allocator<char> >&, unsigned long&) (wordle.cpp:71)
==84==    by 0x11ADF7: traversal(std::vector<char, std::allocator<char> >, std::set<std::__cxx11::basic_string<char, std::char_traits<char>, std::allocator<char> >, std::less<std::__cxx11::basic_string<char, std::char_traits<char>, std::allocator<char> > >, std::allocator<std::__cxx11::basic_string<char, std::char_traits<char>, std::allocator<char> > > > const&, std::set<std::__cxx11::basic_string<char, std::char_traits<char>, std::allocator<char> >, std::less<std::__cxx11::basic_string<char, std::char_traits<char>, std::allocator<char> > >, std::allocator<std::__cxx11::basic_string<char, std::char_traits<char>, std::allocator<char> > > >&, unsigned long, std::__cxx11::basic_string<char, std::char_traits<char>, std::allocator<char> >, std::__cxx11::basic_string<char, std::char_traits<char>, std::allocator<char> >&, unsigned long&) (wordle.cpp:71)
==84==    by 0x11B0DF: traversal(std::vector<char, std::allocator<char> >, std::set<std::__cxx11::basic_string<char, std::char_traits<char>, std::allocator<char> >, std::less<std::__cxx11::basic_string<char, std::char_traits<char>, std::allocator<char> > >, std::allocator<std::__cxx11::basic_string<char, std::char_traits<char>, std::allocator<char> > > > const&, std::set<std::__cxx11::basic_string<char, std::char_traits<char>, std::allocator<char> >, std::less<std::__cxx11::basic_string<char, std::char_traits<char>, std::allocator<char> > >, std::allocator<std::__cxx11::basic_string<char, std::char_traits<char>, std::allocator<char> > > >&, unsigned long, std::__cxx11::basic_string<char, std::char_traits<char>, std::allocator<char> >, std::__cxx11::basic_string<char, std::char_traits<char>, std::allocator<char> >&, unsigned long&) (wordle.cpp:121)
==84==    by 0x11ABF3: wordle(std::__cxx11::basic_string<char, std::char_traits<char>, std::allocator<char> > const&, std::__cxx11::basic_string<char, std::char_traits<char>, std::allocator<char> > const&, std::set<std::__cxx11::basic_string<char, std::char_traits<char>, std::allocator<char> >, std::less<std::__cxx11::basic_string<char, std::char_traits<char>, std::allocator<char> > >, std::allocator<std::__cxx11::basic_string<char, std::char_traits<char>, std::allocator<char> > > > const&) (wordle.cpp:42)
==84==    by 0x112A67: Wordle_OneLetterUnconstrained_Test::TestBody() (wordle-tests.cpp:89)
==84==    by 0x14CC3F: void testing::internal::HandleExceptionsInMethodIfSupported<testing::Test, void>(testing::Test*, void (testing::Test::*)(), char const*) (in /work/hw-alamgir/hw5/hw5_stu_tests/wordle_tests/wordle_tests)
==84==    by 0x14119F: testing::Test::Run() (in /work/hw-alamgir/hw5/hw5_stu_tests/wordle_tests/wordle_tests)
==84==    by 0x1412F3: testing::TestInfo::Run() (in /work/hw-alamgir/hw5/hw5_stu_tests/wordle_tests/wordle_tests)
==84==    by 0x1413CF: testing::TestSuite::Run() (in /work/hw-alamgir/hw5/hw5_stu_tests/wordle_tests/wordle_tests)
==84==    by 0x14191B: testing::internal::UnitTestImpl::RunAllTests() (in /work/hw-alamgir/hw5/hw5_stu_tests/wordle_tests/wordle_tests)
==84== 
[       OK ] Wordle.OneLetterUnconstrained (41 ms)
[----------] 1 test from Wordle (44 ms total)

[----------] Global test environment tear-down
[==========] 1 test from 1 test suite ran. (50 ms total)
[  PASSED  ] 1 test.
==84== 
==84== HEAP SUMMARY:
==84==     in use at exit: 0 bytes in 0 blocks
==84==   total heap usage: 63,850 allocs, 63,850 frees, 4,187,872 bytes allocated
==84== 
==84== All heap blocks were freed -- no leaks are possible
==84== 
==84== Use --track-origins=yes to see where uninitialised values come from
==84== For lists of detected and suppressed errors, rerun with: -s
==84== ERROR SUMMARY: 2600 errors from 3 contexts (suppressed: 0 from 0)
<end of output>
Test time =   2.85 sec
----------------------------------------------------------
Test Passed.
"Wordle.OneLetterUnconstrained" end time: May 02 21:54 UTC
"Wordle.OneLetterUnconstrained" time elapsed: 00:00:02
----------------------------------------------------------

4/21 Testing: Wordle.OneLetterConstrained
4/21 Test: Wordle.OneLetterConstrained
Command: "/usr/bin/valgrind" "--tool=memcheck" "--leak-check=yes" "--trace-children=no" "/work/hw-alamgir/hw5/hw5_stu_tests/wordle_tests/wordle_tests" "--gtest_filter=Wordle.OneLetterConstrained"
Directory: /work/hw-alamgir/hw5/hw5_stu_tests/wordle_tests
"Wordle.OneLetterConstrained" start time: May 02 21:54 UTC
Output:
----------------------------------------------------------
==85== Memcheck, a memory error detector
==85== Copyright (C) 2002-2017, and GNU GPL'd, by Julian Seward et al.
==85== Using Valgrind-3.15.0 and LibVEX; rerun with -h for copyright info
==85== Command: /work/hw-alamgir/hw5/hw5_stu_tests/wordle_tests/wordle_tests --gtest_filter=Wordle.OneLetterConstrained
==85== 
Read 63247 words into dictionary.
Running main() from /build/googletest-K1TalW/googletest-1.10.0/googletest/src/gtest_main.cc
Note: Google Test filter = Wordle.OneLetterConstrained
[==========] Running 1 test from 1 test suite.
[----------] Global test environment set-up.
[----------] 1 test from Wordle
[ RUN      ] Wordle.OneLetterConstrained
==85== Conditional jump or move depends on uninitialised value(s)
==85==    at 0x11ADB0: traversal(std::vector<char, std::allocator<char> >, std::set<std::__cxx11::basic_string<char, std::char_traits<char>, std::allocator<char> >, std::less<std::__cxx11::basic_string<char, std::char_traits<char>, std::allocator<char> > >, std::allocator<std::__cxx11::basic_string<char, std::char_traits<char>, std::allocator<char> > > > const&, std::set<std::__cxx11::basic_string<char, std::char_traits<char>, std::allocator<char> >, std::less<std::__cxx11::basic_string<char, std::char_traits<char>, std::allocator<char> > >, std::allocator<std::__cxx11::basic_string<char, std::char_traits<char>, std::allocator<char> > > >&, unsigned long, std::__cxx11::basic_string<char, std::char_traits<char>, std::allocator<char> >, std::__cxx11::basic_string<char, std::char_traits<char>, std::allocator<char> >&, unsigned long&) (wordle.cpp:68)
==85==    by 0x11ADF7: traversal(std::vector<char, std::allocator<char> >, std::set<std::__cxx11::basic_string<char, std::char_traits<char>, std::allocator<char> >, std::less<std::__cxx11::basic_string<char, std::char_traits<char>, std::allocator<char> > >, std::allocator<std::__cxx11::basic_string<char, std::char_traits<char>, std::allocator<char> > > > const&, std::set<std::__cxx11::basic_string<char, std::char_traits<char>, std::allocator<char> >, std::less<std::__cxx11::basic_string<char, std::char_traits<char>, std::allocator<char> > >, std::allocator<std::__cxx11::basic_string<char, std::char_traits<char>, std::allocator<char> > > >&, unsigned long, std::__cxx11::basic_string<char, std::char_traits<char>, std::allocator<char> >, std::__cxx11::basic_string<char, std::char_traits<char>, std::allocator<char> >&, unsigned long&) (wordle.cpp:71)
==85==    by 0x11AF4B: traversal(std::vector<char, std::allocator<char> >, std::set<std::__cxx11::basic_string<char, std::char_traits<char>, std::allocator<char> >, std::less<std::__cxx11::basic_string<char, std::char_traits<char>, std::allocator<char> > >, std::allocator<std::__cxx11::basic_string<char, std::char_traits<char>, std::allocator<char> > > > const&, std::set<std::__cxx11::basic_string<char, std::char_traits<char>, std::allocator<char> >, std::less<std::__cxx11::basic_string<char, std::char_traits<char>, std::allocator<char> > >, std::allocator<std::__cxx11::basic_string<char, std::char_traits<char>, std::allocator<char> > > >&, unsigned long, std::__cxx11::basic_string<char, std::char_traits<char>, std::allocator<char> >, std::__cxx11::basic_string<char, std::char_traits<char>, std::allocator<char> >&, unsigned long&) (wordle.cpp:97)
==85==    by 0x11ABF3: wordle(std::__cxx11::basic_string<char, std::char_traits<char>, std::allocator<char> > const&, std::__cxx11::basic_string<char, std::char_traits<char>, std::allocator<char> > const&, std::set<std::__cxx11::basic_string<char, std::char_traits<char>, std::allocator<char> >, std::less<std::__cxx11::basic_string<char, std::char_traits<char>, std::allocator<char> > >, std::allocator<std::__cxx11::basic_string<char, std::char_traits<char>, std::allocator<char> > > > const&) (wordle.cpp:42)
==85==    by 0x112D83: Wordle_OneLetterConstrained_Test::TestBody() (wordle-tests.cpp:100)
==85==    by 0x14CC3F: void testing::internal::HandleExceptionsInMethodIfSupported<testing::Test, void>(testing::Test*, void (testing::Test::*)(), char const*) (in /work/hw-alamgir/hw5/hw5_stu_tests/wordle_tests/wordle_tests)
==85==    by 0x14119F: testing::Test::Run() (in /work/hw-alamgir/hw5/hw5_stu_tests/wordle_tests/wordle_tests)
==85==    by 0x1412F3: testing::TestInfo::Run() (in /work/hw-alamgir/hw5/hw5_stu_tests/wordle_tests/wordle_tests)
==85==    by 0x1413CF: testing::TestSuite::Run() (in /work/hw-alamgir/hw5/hw5_stu_tests/wordle_tests/wordle_tests)
==85==    by 0x14191B: testing::internal::UnitTestImpl::RunAllTests() (in /work/hw-alamgir/hw5/hw5_stu_tests/wordle_tests/wordle_tests)
==85==    by 0x14D1D7: bool testing::internal::HandleExceptionsInMethodIfSupported<testing::internal::UnitTestImpl, bool>(testing::internal::UnitTestImpl*, bool (testing::internal::UnitTestImpl::*)(), char const*) (in /work/hw-alamgir/hw5/hw5_stu_tests/wordle_tests/wordle_tests)
==85==    by 0x141B63: testing::UnitTest::Run() (in /work/hw-alamgir/hw5/hw5_stu_tests/wordle_tests/wordle_tests)
==85== 
==85== Conditional jump or move depends on uninitialised value(s)
==85==    at 0x11ADB0: traversal(std::vector<char, std::allocator<char> >, std::set<std::__cxx11::basic_string<char, std::char_traits<char>, std::allocator<char> >, std::less<std::__cxx11::basic_string<char, std::char_traits<char>, std::allocator<char> > >, std::allocator<std::__cxx11::basic_string<char, std::char_traits<char>, std::allocator<char> > > > const&, std::set<std::__cxx11::basic_string<char, std::char_traits<char>, std::allocator<char> >, std::less<std::__cxx11::basic_string<char, std::char_traits<char>, std::allocator<char> > >, std::allocator<std::__cxx11::basic_string<char, std::char_traits<char>, std::allocator<char> > > >&, unsigned long, std::__cxx11::basic_string<char, std::char_traits<char>, std::allocator<char> >, std::__cxx11::basic_string<char, std::char_traits<char>, std::allocator<char> >&, unsigned long&) (wordle.cpp:68)
==85==    by 0x11ADF7: traversal(std::vector<char, std::allocator<char> >, std::set<std::__cxx11::basic_string<char, std::char_traits<char>, std::allocator<char> >, std::less<std::__cxx11::basic_string<char, std::char_traits<char>, std::allocator<char> > >, std::allocator<std::__cxx11::basic_string<char, std::char_traits<char>, std::allocator<char> > > > const&, std::set<std::__cxx11::basic_string<char, std::char_traits<char>, std::allocator<char> >, std::less<std::__cxx11::basic_string<char, std::char_traits<char>, std::allocator<char> > >, std::allocator<std::__cxx11::basic_string<char, std::char_traits<char>, std::allocator<char> > > >&, unsigned long, std::__cxx11::basic_string<char, std::char_traits<char>, std::allocator<char> >, std::__cxx11::basic_string<char, std::char_traits<char>, std::allocator<char> >&, unsigned long&) (wordle.cpp:71)
==85==    by 0x11ADF7: traversal(std::vector<char, std::allocator<char> >, std::set<std::__cxx11::basic_string<char, std::char_traits<char>, std::allocator<char> >, std::less<std::__cxx11::basic_string<char, std::char_traits<char>, std::allocator<char> > >, std::allocator<std::__cxx11::basic_string<char, std::char_traits<char>, std::allocator<char> > > > const&, std::set<std::__cxx11::basic_string<char, std::char_traits<char>, std::allocator<char> >, std::less<std::__cxx11::basic_string<char, std::char_traits<char>, std::allocator<char> > >, std::allocator<std::__cxx11::basic_string<char, std::char_traits<char>, std::allocator<char> > > >&, unsigned long, std::__cxx11::basic_string<char, std::char_traits<char>, std::allocator<char> >, std::__cxx11::basic_string<char, std::char_traits<char>, std::allocator<char> >&, unsigned long&) (wordle.cpp:71)
==85==    by 0x11AF4B: traversal(std::vector<char, std::allocator<char> >, std::set<std::__cxx11::basic_string<char, std::char_traits<char>, std::allocator<char> >, std::less<std::__cxx11::basic_string<char, std::char_traits<char>, std::allocator<char> > >, std::allocator<std::__cxx11::basic_string<char, std::char_traits<char>, std::allocator<char> > > > const&, std::set<std::__cxx11::basic_string<char, std::char_traits<char>, std::allocator<char> >, std::less<std::__cxx11::basic_string<char, std::char_traits<char>, std::allocator<char> > >, std::allocator<std::__cxx11::basic_string<char, std::char_traits<char>, std::allocator<char> > > >&, unsigned long, std::__cxx11::basic_string<char, std::char_traits<char>, std::allocator<char> >, std::__cxx11::basic_string<char, std::char_traits<char>, std::allocator<char> >&, unsigned long&) (wordle.cpp:97)
==85==    by 0x11ABF3: wordle(std::__cxx11::basic_string<char, std::char_traits<char>, std::allocator<char> > const&, std::__cxx11::basic_string<char, std::char_traits<char>, std::allocator<char> > const&, std::set<std::__cxx11::basic_string<char, std::char_traits<char>, std::allocator<char> >, std::less<std::__cxx11::basic_string<char, std::char_traits<char>, std::allocator<char> > >, std::allocator<std::__cxx11::basic_string<char, std::char_traits<char>, std::allocator<char> > > > const&) (wordle.cpp:42)
==85==    by 0x112D83: Wordle_OneLetterConstrained_Test::TestBody() (wordle-tests.cpp:100)
==85==    by 0x14CC3F: void testing::internal::HandleExceptionsInMethodIfSupported<testing::Test, void>(testing::Test*, void (testing::Test::*)(), char const*) (in /work/hw-alamgir/hw5/hw5_stu_tests/wordle_tests/wordle_tests)
==85==    by 0x14119F: testing::Test::Run() (in /work/hw-alamgir/hw5/hw5_stu_tests/wordle_tests/wordle_tests)
==85==    by 0x1412F3: testing::TestInfo::Run() (in /work/hw-alamgir/hw5/hw5_stu_tests/wordle_tests/wordle_tests)
==85==    by 0x1413CF: testing::TestSuite::Run() (in /work/hw-alamgir/hw5/hw5_stu_tests/wordle_tests/wordle_tests)
==85==    by 0x14191B: testing::internal::UnitTestImpl::RunAllTests() (in /work/hw-alamgir/hw5/hw5_stu_tests/wordle_tests/wordle_tests)
==85==    by 0x14D1D7: bool testing::internal::HandleExceptionsInMethodIfSupported<testing::internal::UnitTestImpl, bool>(testing::internal::UnitTestImpl*, bool (testing::internal::UnitTestImpl::*)(), char const*) (in /work/hw-alamgir/hw5/hw5_stu_tests/wordle_tests/wordle_tests)
==85== 
==85== Conditional jump or move depends on uninitialised value(s)
==85==    at 0x11ADB0: traversal(std::vector<char, std::allocator<char> >, std::set<std::__cxx11::basic_string<char, std::char_traits<char>, std::allocator<char> >, std::less<std::__cxx11::basic_string<char, std::char_traits<char>, std::allocator<char> > >, std::allocator<std::__cxx11::basic_string<char, std::char_traits<char>, std::allocator<char> > > > const&, std::set<std::__cxx11::basic_string<char, std::char_traits<char>, std::allocator<char> >, std::less<std::__cxx11::basic_string<char, std::char_traits<char>, std::allocator<char> > >, std::allocator<std::__cxx11::basic_string<char, std::char_traits<char>, std::allocator<char> > > >&, unsigned long, std::__cxx11::basic_string<char, std::char_traits<char>, std::allocator<char> >, std::__cxx11::basic_string<char, std::char_traits<char>, std::allocator<char> >&, unsigned long&) (wordle.cpp:68)
==85==    by 0x11ADF7: traversal(std::vector<char, std::allocator<char> >, std::set<std::__cxx11::basic_string<char, std::char_traits<char>, std::allocator<char> >, std::less<std::__cxx11::basic_string<char, std::char_traits<char>, std::allocator<char> > >, std::allocator<std::__cxx11::basic_string<char, std::char_traits<char>, std::allocator<char> > > > const&, std::set<std::__cxx11::basic_string<char, std::char_traits<char>, std::allocator<char> >, std::less<std::__cxx11::basic_string<char, std::char_traits<char>, std::allocator<char> > >, std::allocator<std::__cxx11::basic_string<char, std::char_traits<char>, std::allocator<char> > > >&, unsigned long, std::__cxx11::basic_string<char, std::char_traits<char>, std::allocator<char> >, std::__cxx11::basic_string<char, std::char_traits<char>, std::allocator<char> >&, unsigned long&) (wordle.cpp:71)
==85==    by 0x11ADF7: traversal(std::vector<char, std::allocator<char> >, std::set<std::__cxx11::basic_string<char, std::char_traits<char>, std::allocator<char> >, std::less<std::__cxx11::basic_string<char, std::char_traits<char>, std::allocator<char> > >, std::allocator<std::__cxx11::basic_string<char, std::char_traits<char>, std::allocator<char> > > > const&, std::set<std::__cxx11::basic_string<char, std::char_traits<char>, std::allocator<char> >, std::less<std::__cxx11::basic_string<char, std::char_traits<char>, std::allocator<char> > >, std::allocator<std::__cxx11::basic_string<char, std::char_traits<char>, std::allocator<char> > > >&, unsigned long, std::__cxx11::basic_string<char, std::char_traits<char>, std::allocator<char> >, std::__cxx11::basic_string<char, std::char_traits<char>, std::allocator<char> >&, unsigned long&) (wordle.cpp:71)
==85==    by 0x11ADF7: traversal(std::vector<char, std::allocator<char> >, std::set<std::__cxx11::basic_string<char, std::char_traits<char>, std::allocator<char> >, std::less<std::__cxx11::basic_string<char, std::char_traits<char>, std::allocator<char> > >, std::allocator<std::__cxx11::basic_string<char, std::char_traits<char>, std::allocator<char> > > > const&, std::set<std::__cxx11::basic_string<char, std::char_traits<char>, std::allocator<char> >, std::less<std::__cxx11::basic_string<char, std::char_traits<char>, std::allocator<char> > >, std::allocator<std::__cxx11::basic_string<char, std::char_traits<char>, std::allocator<char> > > >&, unsigned long, std::__cxx11::basic_string<char, std::char_traits<char>, std::allocator<char> >, std::__cxx11::basic_string<char, std::char_traits<char>, std::allocator<char> >&, unsigned long&) (wordle.cpp:71)
==85==    by 0x11AF4B: traversal(std::vector<char, std::allocator<char> >, std::set<std::__cxx11::basic_string<char, std::char_traits<char>, std::allocator<char> >, std::less<std::__cxx11::basic_string<char, std::char_traits<char>, std::allocator<char> > >, std::allocator<std::__cxx11::basic_string<char, std::char_traits<char>, std::allocator<char> > > > const&, std::set<std::__cxx11::basic_string<char, std::char_traits<char>, std::allocator<char> >, std::less<std::__cxx11::basic_string<char, std::char_traits<char>, std::allocator<char> > >, std::allocator<std::__cxx11::basic_string<char, std::char_traits<char>, std::allocator<char> > > >&, unsigned long, std::__cxx11::basic_string<char, std::char_traits<char>, std::allocator<char> >, std::__cxx11::basic_string<char, std::char_traits<char>, std::allocator<char> >&, unsigned long&) (wordle.cpp:97)
==85==    by 0x11ABF3: wordle(std::__cxx11::basic_string<char, std::char_traits<char>, std::allocator<char> > const&, std::__cxx11::basic_string<char, std::char_traits<char>, std::allocator<char> > const&, std::set<std::__cxx11::basic_string<char, std::char_traits<char>, std::allocator<char> >, std::less<std::__cxx11::basic_string<char, std::char_traits<char>, std::allocator<char> > >, std::allocator<std::__cxx11::basic_string<char, std::char_traits<char>, std::allocator<char> > > > const&) (wordle.cpp:42)
==85==    by 0x112D83: Wordle_OneLetterConstrained_Test::TestBody() (wordle-tests.cpp:100)
==85==    by 0x14CC3F: void testing::internal::HandleExceptionsInMethodIfSupported<testing::Test, void>(testing::Test*, void (testing::Test::*)(), char const*) (in /work/hw-alamgir/hw5/hw5_stu_tests/wordle_tests/wordle_tests)
==85==    by 0x14119F: testing::Test::Run() (in /work/hw-alamgir/hw5/hw5_stu_tests/wordle_tests/wordle_tests)
==85==    by 0x1412F3: testing::TestInfo::Run() (in /work/hw-alamgir/hw5/hw5_stu_tests/wordle_tests/wordle_tests)
==85==    by 0x1413CF: testing::TestSuite::Run() (in /work/hw-alamgir/hw5/hw5_stu_tests/wordle_tests/wordle_tests)
==85==    by 0x14191B: testing::internal::UnitTestImpl::RunAllTests() (in /work/hw-alamgir/hw5/hw5_stu_tests/wordle_tests/wordle_tests)
==85== 
[       OK ] Wordle.OneLetterConstrained (14 ms)
[----------] 1 test from Wordle (16 ms total)

[----------] Global test environment tear-down
[==========] 1 test from 1 test suite ran. (22 ms total)
[  PASSED  ] 1 test.
==85== 
==85== HEAP SUMMARY:
==85==     in use at exit: 0 bytes in 0 blocks
==85==   total heap usage: 63,777 allocs, 63,777 frees, 4,183,060 bytes allocated
==85== 
==85== All heap blocks were freed -- no leaks are possible
==85== 
==85== Use --track-origins=yes to see where uninitialised values come from
==85== For lists of detected and suppressed errors, rerun with: -s
==85== ERROR SUMMARY: 100 errors from 3 contexts (suppressed: 0 from 0)
<end of output>
Test time =   2.80 sec
----------------------------------------------------------
Test Passed.
"Wordle.OneLetterConstrained" end time: May 02 21:54 UTC
"Wordle.OneLetterConstrained" time elapsed: 00:00:02
----------------------------------------------------------

5/21 Testing: Wordle.TwoLetterUnconstrained
5/21 Test: Wordle.TwoLetterUnconstrained
Command: "/usr/bin/valgrind" "--tool=memcheck" "--leak-check=yes" "--trace-children=no" "/work/hw-alamgir/hw5/hw5_stu_tests/wordle_tests/wordle_tests" "--gtest_filter=Wordle.TwoLetterUnconstrained"
Directory: /work/hw-alamgir/hw5/hw5_stu_tests/wordle_tests
"Wordle.TwoLetterUnconstrained" start time: May 02 21:54 UTC
Output:
----------------------------------------------------------
==86== Memcheck, a memory error detector
==86== Copyright (C) 2002-2017, and GNU GPL'd, by Julian Seward et al.
==86== Using Valgrind-3.15.0 and LibVEX; rerun with -h for copyright info
==86== Command: /work/hw-alamgir/hw5/hw5_stu_tests/wordle_tests/wordle_tests --gtest_filter=Wordle.TwoLetterUnconstrained
==86== 
Read 63247 words into dictionary.
Running main() from /build/googletest-K1TalW/googletest-1.10.0/googletest/src/gtest_main.cc
Note: Google Test filter = Wordle.TwoLetterUnconstrained
[==========] Running 1 test from 1 test suite.
[----------] Global test environment set-up.
[----------] 1 test from Wordle
[ RUN      ] Wordle.TwoLetterUnconstrained
==86== Conditional jump or move depends on uninitialised value(s)
==86==    at 0x11ADB0: traversal(std::vector<char, std::allocator<char> >, std::set<std::__cxx11::basic_string<char, std::char_traits<char>, std::allocator<char> >, std::less<std::__cxx11::basic_string<char, std::char_traits<char>, std::allocator<char> > >, std::allocator<std::__cxx11::basic_string<char, std::char_traits<char>, std::allocator<char> > > > const&, std::set<std::__cxx11::basic_string<char, std::char_traits<char>, std::allocator<char> >, std::less<std::__cxx11::basic_string<char, std::char_traits<char>, std::allocator<char> > >, std::allocator<std::__cxx11::basic_string<char, std::char_traits<char>, std::allocator<char> > > >&, unsigned long, std::__cxx11::basic_string<char, std::char_traits<char>, std::allocator<char> >, std::__cxx11::basic_string<char, std::char_traits<char>, std::allocator<char> >&, unsigned long&) (wordle.cpp:68)
==86==    by 0x11ADF7: traversal(std::vector<char, std::allocator<char> >, std::set<std::__cxx11::basic_string<char, std::char_traits<char>, std::allocator<char> >, std::less<std::__cxx11::basic_string<char, std::char_traits<char>, std::allocator<char> > >, std::allocator<std::__cxx11::basic_string<char, std::char_traits<char>, std::allocator<char> > > > const&, std::set<std::__cxx11::basic_string<char, std::char_traits<char>, std::allocator<char> >, std::less<std::__cxx11::basic_string<char, std::char_traits<char>, std::allocator<char> > >, std::allocator<std::__cxx11::basic_string<char, std::char_traits<char>, std::allocator<char> > > >&, unsigned long, std::__cxx11::basic_string<char, std::char_traits<char>, std::allocator<char> >, std::__cxx11::basic_string<char, std::char_traits<char>, std::allocator<char> >&, unsigned long&) (wordle.cpp:71)
==86==    by 0x11B0DF: traversal(std::vector<char, std::allocator<char> >, std::set<std::__cxx11::basic_string<char, std::char_traits<char>, std::allocator<char> >, std::less<std::__cxx11::basic_string<char, std::char_traits<char>, std::allocator<char> > >, std::allocator<std::__cxx11::basic_string<char, std::char_traits<char>, std::allocator<char> > > > const&, std::set<std::__cxx11::basic_string<char, std::char_traits<char>, std::allocator<char> >, std::less<std::__cxx11::basic_string<char, std::char_traits<char>, std::allocator<char> > >, std::allocator<std::__cxx11::basic_string<char, std::char_traits<char>, std::allocator<char> > > >&, unsigned long, std::__cxx11::basic_string<char, std::char_traits<char>, std::allocator<char> >, std::__cxx11::basic_string<char, std::char_traits<char>, std::allocator<char> >&, unsigned long&) (wordle.cpp:121)
==86==    by 0x11B0DF: traversal(std::vector<char, std::allocator<char> >, std::set<std::__cxx11::basic_string<char, std::char_traits<char>, std::allocator<char> >, std::less<std::__cxx11::basic_string<char, std::char_traits<char>, std::allocator<char> > >, std::allocator<std::__cxx11::basic_string<char, std::char_traits<char>, std::allocator<char> > > > const&, std::set<std::__cxx11::basic_string<char, std::char_traits<char>, std::allocator<char> >, std::less<std::__cxx11::basic_string<char, std::char_traits<char>, std::allocator<char> > >, std::allocator<std::__cxx11::basic_string<char, std::char_traits<char>, std::allocator<char> > > >&, unsigned long, std::__cxx11::basic_string<char, std::char_traits<char>, std::allocator<char> >, std::__cxx11::basic_string<char, std::char_traits<char>, std::allocator<char> >&, unsigned long&) (wordle.cpp:121)
==86==    by 0x11ABF3: wordle(std::__cxx11::basic_string<char, std::char_traits<char>, std::allocator<char> > const&, std::__cxx11::basic_string<char, std::char_traits<char>, std::allocator<char> > const&, std::set<std::__cxx11::basic_string<char, std::char_traits<char>, std::allocator<char> >, std::less<std::__cxx11::basic_string<char, std::char_traits<char>, std::allocator<char> > >, std::allocator<std::__cxx11::basic_string<char, std::char_traits<char>, std::allocator<char> > > > const&) (wordle.cpp:42)
==86==    by 0x11312F: Wordle_TwoLetterUnconstrained_Test::TestBody() (wordle-tests.cpp:123)
==86==    by 0x14CC3F: void testing::internal::HandleExceptionsInMethodIfSupported<testing::Test, void>(testing::Test*, void (testing::Test::*)(), char const*) (in /work/hw-alamgir/hw5/hw5_stu_tests/wordle_tests/wordle_tests)
==86==    by 0x14119F: testing::Test::Run() (in /work/hw-alamgir/hw5/hw5_stu_tests/wordle_tests/wordle_tests)
==86==    by 0x1412F3: testing::TestInfo::Run() (in /work/hw-alamgir/hw5/hw5_stu_tests/wordle_tests/wordle_tests)
==86==    by 0x1413CF: testing::TestSuite::Run() (in /work/hw-alamgir/hw5/hw5_stu_tests/wordle_tests/wordle_tests)
==86==    by 0x14191B: testing::internal::UnitTestImpl::RunAllTests() (in /work/hw-alamgir/hw5/hw5_stu_tests/wordle_tests/wordle_tests)
==86==    by 0x14D1D7: bool testing::internal::HandleExceptionsInMethodIfSupported<testing::internal::UnitTestImpl, bool>(testing::internal::UnitTestImpl*, bool (testing::internal::UnitTestImpl::*)(), char const*) (in /work/hw-alamgir/hw5/hw5_stu_tests/wordle_tests/wordle_tests)
==86== 
==86== Conditional jump or move depends on uninitialised value(s)
==86==    at 0x11ADB0: traversal(std::vector<char, std::allocator<char> >, std::set<std::__cxx11::basic_string<char, std::char_traits<char>, std::allocator<char> >, std::less<std::__cxx11::basic_string<char, std::char_traits<char>, std::allocator<char> > >, std::allocator<std::__cxx11::basic_string<char, std::char_traits<char>, std::allocator<char> > > > const&, std::set<std::__cxx11::basic_string<char, std::char_traits<char>, std::allocator<char> >, std::less<std::__cxx11::basic_string<char, std::char_traits<char>, std::allocator<char> > >, std::allocator<std::__cxx11::basic_string<char, std::char_traits<char>, std::allocator<char> > > >&, unsigned long, std::__cxx11::basic_string<char, std::char_traits<char>, std::allocator<char> >, std::__cxx11::basic_string<char, std::char_traits<char>, std::allocator<char> >&, unsigned long&) (wordle.cpp:68)
==86==    by 0x11ADF7: traversal(std::vector<char, std::allocator<char> >, std::set<std::__cxx11::basic_string<char, std::char_traits<char>, std::allocator<char> >, std::less<std::__cxx11::basic_string<char, std::char_traits<char>, std::allocator<char> > >, std::allocator<std::__cxx11::basic_string<char, std::char_traits<char>, std::allocator<char> > > > const&, std::set<std::__cxx11::basic_string<char, std::char_traits<char>, std::allocator<char> >, std::less<std::__cxx11::basic_string<char, std::char_traits<char>, std::allocator<char> > >, std::allocator<std::__cxx11::basic_string<char, std::char_traits<char>, std::allocator<char> > > >&, unsigned long, std::__cxx11::basic_string<char, std::char_traits<char>, std::allocator<char> >, std::__cxx11::basic_string<char, std::char_traits<char>, std::allocator<char> >&, unsigned long&) (wordle.cpp:71)
==86==    by 0x11ADF7: traversal(std::vector<char, std::allocator<char> >, std::set<std::__cxx11::basic_string<char, std::char_traits<char>, std::allocator<char> >, std::less<std::__cxx11::basic_string<char, std::char_traits<char>, std::allocator<char> > >, std::allocator<std::__cxx11::basic_string<char, std::char_traits<char>, std::allocator<char> > > > const&, std::set<std::__cxx11::basic_string<char, std::char_traits<char>, std::allocator<char> >, std::less<std::__cxx11::basic_string<char, std::char_traits<char>, std::allocator<char> > >, std::allocator<std::__cxx11::basic_string<char, std::char_traits<char>, std::allocator<char> > > >&, unsigned long, std::__cxx11::basic_string<char, std::char_traits<char>, std::allocator<char> >, std::__cxx11::basic_string<char, std::char_traits<char>, std::allocator<char> >&, unsigned long&) (wordle.cpp:71)
==86==    by 0x11B0DF: traversal(std::vector<char, std::allocator<char> >, std::set<std::__cxx11::basic_string<char, std::char_traits<char>, std::allocator<char> >, std::less<std::__cxx11::basic_string<char, std::char_traits<char>, std::allocator<char> > >, std::allocator<std::__cxx11::basic_string<char, std::char_traits<char>, std::allocator<char> > > > const&, std::set<std::__cxx11::basic_string<char, std::char_traits<char>, std::allocator<char> >, std::less<std::__cxx11::basic_string<char, std::char_traits<char>, std::allocator<char> > >, std::allocator<std::__cxx11::basic_string<char, std::char_traits<char>, std::allocator<char> > > >&, unsigned long, std::__cxx11::basic_string<char, std::char_traits<char>, std::allocator<char> >, std::__cxx11::basic_string<char, std::char_traits<char>, std::allocator<char> >&, unsigned long&) (wordle.cpp:121)
==86==    by 0x11B0DF: traversal(std::vector<char, std::allocator<char> >, std::set<std::__cxx11::basic_string<char, std::char_traits<char>, std::allocator<char> >, std::less<std::__cxx11::basic_string<char, std::char_traits<char>, std::allocator<char> > >, std::allocator<std::__cxx11::basic_string<char, std::char_traits<char>, std::allocator<char> > > > const&, std::set<std::__cxx11::basic_string<char, std::char_traits<char>, std::allocator<char> >, std::less<std::__cxx11::basic_string<char, std::char_traits<char>, std::allocator<char> > >, std::allocator<std::__cxx11::basic_string<char, std::char_traits<char>, std::allocator<char> > > >&, unsigned long, std::__cxx11::basic_string<char, std::char_traits<char>, std::allocator<char> >, std::__cxx11::basic_string<char, std::char_traits<char>, std::allocator<char> >&, unsigned long&) (wordle.cpp:121)
==86==    by 0x11ABF3: wordle(std::__cxx11::basic_string<char, std::char_traits<char>, std::allocator<char> > const&, std::__cxx11::basic_string<char, std::char_traits<char>, std::allocator<char> > const&, std::set<std::__cxx11::basic_string<char, std::char_traits<char>, std::allocator<char> >, std::less<std::__cxx11::basic_string<char, std::char_traits<char>, std::allocator<char> > >, std::allocator<std::__cxx11::basic_string<char, std::char_traits<char>, std::allocator<char> > > > const&) (wordle.cpp:42)
==86==    by 0x11312F: Wordle_TwoLetterUnconstrained_Test::TestBody() (wordle-tests.cpp:123)
==86==    by 0x14CC3F: void testing::internal::HandleExceptionsInMethodIfSupported<testing::Test, void>(testing::Test*, void (testing::Test::*)(), char const*) (in /work/hw-alamgir/hw5/hw5_stu_tests/wordle_tests/wordle_tests)
==86==    by 0x14119F: testing::Test::Run() (in /work/hw-alamgir/hw5/hw5_stu_tests/wordle_tests/wordle_tests)
==86==    by 0x1412F3: testing::TestInfo::Run() (in /work/hw-alamgir/hw5/hw5_stu_tests/wordle_tests/wordle_tests)
==86==    by 0x1413CF: testing::TestSuite::Run() (in /work/hw-alamgir/hw5/hw5_stu_tests/wordle_tests/wordle_tests)
==86==    by 0x14191B: testing::internal::UnitTestImpl::RunAllTests() (in /work/hw-alamgir/hw5/hw5_stu_tests/wordle_tests/wordle_tests)
==86== 
==86== Conditional jump or move depends on uninitialised value(s)
==86==    at 0x11ADB0: traversal(std::vector<char, std::allocator<char> >, std::set<std::__cxx11::basic_string<char, std::char_traits<char>, std::allocator<char> >, std::less<std::__cxx11::basic_string<char, std::char_traits<char>, std::allocator<char> > >, std::allocator<std::__cxx11::basic_string<char, std::char_traits<char>, std::allocator<char> > > > const&, std::set<std::__cxx11::basic_string<char, std::char_traits<char>, std::allocator<char> >, std::less<std::__cxx11::basic_string<char, std::char_traits<char>, std::allocator<char> > >, std::allocator<std::__cxx11::basic_string<char, std::char_traits<char>, std::allocator<char> > > >&, unsigned long, std::__cxx11::basic_string<char, std::char_traits<char>, std::allocator<char> >, std::__cxx11::basic_string<char, std::char_traits<char>, std::allocator<char> >&, unsigned long&) (wordle.cpp:68)
==86==    by 0x11ADF7: traversal(std::vector<char, std::allocator<char> >, std::set<std::__cxx11::basic_string<char, std::char_traits<char>, std::allocator<char> >, std::less<std::__cxx11::basic_string<char, std::char_traits<char>, std::allocator<char> > >, std::allocator<std::__cxx11::basic_string<char, std::char_traits<char>, std::allocator<char> > > > const&, std::set<std::__cxx11::basic_string<char, std::char_traits<char>, std::allocator<char> >, std::less<std::__cxx11::basic_string<char, std::char_traits<char>, std::allocator<char> > >, std::allocator<std::__cxx11::basic_string<char, std::char_traits<char>, std::allocator<char> > > >&, unsigned long, std::__cxx11::basic_string<char, std::char_traits<char>, std::allocator<char> >, std::__cxx11::basic_string<char, std::char_traits<char>, std::allocator<char> >&, unsigned long&) (wordle.cpp:71)
==86==    by 0x11ADF7: traversal(std::vector<char, std::allocator<char> >, std::set<std::__cxx11::basic_string<char, std::char_traits<char>, std::allocator<char> >, std::less<std::__cxx11::basic_string<char, std::char_traits<char>, std::allocator<char> > >, std::allocator<std::__cxx11::basic_string<char, std::char_traits<char>, std::allocator<char> > > > const&, std::set<std::__cxx11::basic_string<char, std::char_traits<char>, std::allocator<char> >, std::less<std::__cxx11::basic_string<char, std::char_traits<char>, std::allocator<char> > >, std::allocator<std::__cxx11::basic_string<char, std::char_traits<char>, std::allocator<char> > > >&, unsigned long, std::__cxx11::basic_string<char, std::char_traits<char>, std::allocator<char> >, std::__cxx11::basic_string<char, std::char_traits<char>, std::allocator<char> >&, unsigned long&) (wordle.cpp:71)
==86==    by 0x11ADF7: traversal(std::vector<char, std::allocator<char> >, std::set<std::__cxx11::basic_string<char, std::char_traits<char>, std::allocator<char> >, std::less<std::__cxx11::basic_string<char, std::char_traits<char>, std::allocator<char> > >, std::allocator<std::__cxx11::basic_string<char, std::char_traits<char>, std::allocator<char> > > > const&, std::set<std::__cxx11::basic_string<char, std::char_traits<char>, std::allocator<char> >, std::less<std::__cxx11::basic_string<char, std::char_traits<char>, std::allocator<char> > >, std::allocator<std::__cxx11::basic_string<char, std::char_traits<char>, std::allocator<char> > > >&, unsigned long, std::__cxx11::basic_string<char, std::char_traits<char>, std::allocator<char> >, std::__cxx11::basic_string<char, std::char_traits<char>, std::allocator<char> >&, unsigned long&) (wordle.cpp:71)
==86==    by 0x11B0DF: traversal(std::vector<char, std::allocator<char> >, std::set<std::__cxx11::basic_string<char, std::char_traits<char>, std::allocator<char> >, std::less<std::__cxx11::basic_string<char, std::char_traits<char>, std::allocator<char> > >, std::allocator<std::__cxx11::basic_string<char, std::char_traits<char>, std::allocator<char> > > > const&, std::set<std::__cxx11::basic_string<char, std::char_traits<char>, std::allocator<char> >, std::less<std::__cxx11::basic_string<char, std::char_traits<char>, std::allocator<char> > >, std::allocator<std::__cxx11::basic_string<char, std::char_traits<char>, std::allocator<char> > > >&, unsigned long, std::__cxx11::basic_string<char, std::char_traits<char>, std::allocator<char> >, std::__cxx11::basic_string<char, std::char_traits<char>, std::allocator<char> >&, unsigned long&) (wordle.cpp:121)
==86==    by 0x11B0DF: traversal(std::vector<char, std::allocator<char> >, std::set<std::__cxx11::basic_string<char, std::char_traits<char>, std::allocator<char> >, std::less<std::__cxx11::basic_string<char, std::char_traits<char>, std::allocator<char> > >, std::allocator<std::__cxx11::basic_string<char, std::char_traits<char>, std::allocator<char> > > > const&, std::set<std::__cxx11::basic_string<char, std::char_traits<char>, std::allocator<char> >, std::less<std::__cxx11::basic_string<char, std::char_traits<char>, std::allocator<char> > >, std::allocator<std::__cxx11::basic_string<char, std::char_traits<char>, std::allocator<char> > > >&, unsigned long, std::__cxx11::basic_string<char, std::char_traits<char>, std::allocator<char> >, std::__cxx11::basic_string<char, std::char_traits<char>, std::allocator<char> >&, unsigned long&) (wordle.cpp:121)
==86==    by 0x11ABF3: wordle(std::__cxx11::basic_string<char, std::char_traits<char>, std::allocator<char> > const&, std::__cxx11::basic_string<char, std::char_traits<char>, std::allocator<char> > const&, std::set<std::__cxx11::basic_string<char, std::char_traits<char>, std::allocator<char> >, std::less<std::__cxx11::basic_string<char, std::char_traits<char>, std::allocator<char> > >, std::allocator<std::__cxx11::basic_string<char, std::char_traits<char>, std::allocator<char> > > > const&) (wordle.cpp:42)
==86==    by 0x11312F: Wordle_TwoLetterUnconstrained_Test::TestBody() (wordle-tests.cpp:123)
==86==    by 0x14CC3F: void testing::internal::HandleExceptionsInMethodIfSupported<testing::Test, void>(testing::Test*, void (testing::Test::*)(), char const*) (in /work/hw-alamgir/hw5/hw5_stu_tests/wordle_tests/wordle_tests)
==86==    by 0x14119F: testing::Test::Run() (in /work/hw-alamgir/hw5/hw5_stu_tests/wordle_tests/wordle_tests)
==86==    by 0x1412F3: testing::TestInfo::Run() (in /work/hw-alamgir/hw5/hw5_stu_tests/wordle_tests/wordle_tests)
==86==    by 0x1413CF: testing::TestSuite::Run() (in /work/hw-alamgir/hw5/hw5_stu_tests/wordle_tests/wordle_tests)
==86== 
[       OK ] Wordle.TwoLetterUnconstrained (769 ms)
[----------] 1 test from Wordle (770 ms total)

[----------] Global test environment tear-down
[==========] 1 test from 1 test suite ran. (776 ms total)
[  PASSED  ] 1 test.
==86== 
==86== HEAP SUMMARY:
==86==     in use at exit: 0 bytes in 0 blocks
==86==   total heap usage: 63,958 allocs, 63,958 frees, 4,194,784 bytes allocated
==86== 
==86== All heap blocks were freed -- no leaks are possible
==86== 
==86== Use --track-origins=yes to see where uninitialised values come from
==86== For lists of detected and suppressed errors, rerun with: -s
==86== ERROR SUMMARY: 66248 errors from 3 contexts (suppressed: 0 from 0)
<end of output>
Test time =   3.55 sec
----------------------------------------------------------
Test Passed.
"Wordle.TwoLetterUnconstrained" end time: May 02 21:54 UTC
"Wordle.TwoLetterUnconstrained" time elapsed: 00:00:03
----------------------------------------------------------

6/21 Testing: Wordle.TwoLetterConstrained
6/21 Test: Wordle.TwoLetterConstrained
Command: "/usr/bin/valgrind" "--tool=memcheck" "--leak-check=yes" "--trace-children=no" "/work/hw-alamgir/hw5/hw5_stu_tests/wordle_tests/wordle_tests" "--gtest_filter=Wordle.TwoLetterConstrained"
Directory: /work/hw-alamgir/hw5/hw5_stu_tests/wordle_tests
"Wordle.TwoLetterConstrained" start time: May 02 21:54 UTC
Output:
----------------------------------------------------------
==87== Memcheck, a memory error detector
==87== Copyright (C) 2002-2017, and GNU GPL'd, by Julian Seward et al.
==87== Using Valgrind-3.15.0 and LibVEX; rerun with -h for copyright info
==87== Command: /work/hw-alamgir/hw5/hw5_stu_tests/wordle_tests/wordle_tests --gtest_filter=Wordle.TwoLetterConstrained
==87== 
Read 63247 words into dictionary.
Running main() from /build/googletest-K1TalW/googletest-1.10.0/googletest/src/gtest_main.cc
Note: Google Test filter = Wordle.TwoLetterConstrained
[==========] Running 1 test from 1 test suite.
[----------] Global test environment set-up.
[----------] 1 test from Wordle
[ RUN      ] Wordle.TwoLetterConstrained
==87== Conditional jump or move depends on uninitialised value(s)
==87==    at 0x11ADB0: traversal(std::vector<char, std::allocator<char> >, std::set<std::__cxx11::basic_string<char, std::char_traits<char>, std::allocator<char> >, std::less<std::__cxx11::basic_string<char, std::char_traits<char>, std::allocator<char> > >, std::allocator<std::__cxx11::basic_string<char, std::char_traits<char>, std::allocator<char> > > > const&, std::set<std::__cxx11::basic_string<char, std::char_traits<char>, std::allocator<char> >, std::less<std::__cxx11::basic_string<char, std::char_traits<char>, std::allocator<char> > >, std::allocator<std::__cxx11::basic_string<char, std::char_traits<char>, std::allocator<char> > > >&, unsigned long, std::__cxx11::basic_string<char, std::char_traits<char>, std::allocator<char> >, std::__cxx11::basic_string<char, std::char_traits<char>, std::allocator<char> >&, unsigned long&) (wordle.cpp:68)
==87==    by 0x11ADF7: traversal(std::vector<char, std::allocator<char> >, std::set<std::__cxx11::basic_string<char, std::char_traits<char>, std::allocator<char> >, std::less<std::__cxx11::basic_string<char, std::char_traits<char>, std::allocator<char> > >, std::allocator<std::__cxx11::basic_string<char, std::char_traits<char>, std::allocator<char> > > > const&, std::set<std::__cxx11::basic_string<char, std::char_traits<char>, std::allocator<char> >, std::less<std::__cxx11::basic_string<char, std::char_traits<char>, std::allocator<char> > >, std::allocator<std::__cxx11::basic_string<char, std::char_traits<char>, std::allocator<char> > > >&, unsigned long, std::__cxx11::basic_string<char, std::char_traits<char>, std::allocator<char> >, std::__cxx11::basic_string<char, std::char_traits<char>, std::allocator<char> >&, unsigned long&) (wordle.cpp:71)
==87==    by 0x11B0DF: traversal(std::vector<char, std::allocator<char> >, std::set<std::__cxx11::basic_string<char, std::char_traits<char>, std::allocator<char> >, std::less<std::__cxx11::basic_string<char, std::char_traits<char>, std::allocator<char> > >, std::allocator<std::__cxx11::basic_string<char, std::char_traits<char>, std::allocator<char> > > > const&, std::set<std::__cxx11::basic_string<char, std::char_traits<char>, std::allocator<char> >, std::less<std::__cxx11::basic_string<char, std::char_traits<char>, std::allocator<char> > >, std::allocator<std::__cxx11::basic_string<char, std::char_traits<char>, std::allocator<char> > > >&, unsigned long, std::__cxx11::basic_string<char, std::char_traits<char>, std::allocator<char> >, std::__cxx11::basic_string<char, std::char_traits<char>, std::allocator<char> >&, unsigned long&) (wordle.cpp:121)
==87==    by 0x11B0DF: traversal(std::vector<char, std::allocator<char> >, std::set<std::__cxx11::basic_string<char, std::char_traits<char>, std::allocator<char> >, std::less<std::__cxx11::basic_string<char, std::char_traits<char>, std::allocator<char> > >, std::allocator<std::__cxx11::basic_string<char, std::char_traits<char>, std::allocator<char> > > > const&, std::set<std::__cxx11::basic_string<char, std::char_traits<char>, std::allocator<char> >, std::less<std::__cxx11::basic_string<char, std::char_traits<char>, std::allocator<char> > >, std::allocator<std::__cxx11::basic_string<char, std::char_traits<char>, std::allocator<char> > > >&, unsigned long, std::__cxx11::basic_string<char, std::char_traits<char>, std::allocator<char> >, std::__cxx11::basic_string<char, std::char_traits<char>, std::allocator<char> >&, unsigned long&) (wordle.cpp:121)
==87==    by 0x11ABF3: wordle(std::__cxx11::basic_string<char, std::char_traits<char>, std::allocator<char> > const&, std::__cxx11::basic_string<char, std::char_traits<char>, std::allocator<char> > const&, std::set<std::__cxx11::basic_string<char, std::char_traits<char>, std::allocator<char> >, std::less<std::__cxx11::basic_string<char, std::char_traits<char>, std::allocator<char> > >, std::allocator<std::__cxx11::basic_string<char, std::char_traits<char>, std::allocator<char> > > > const&) (wordle.cpp:42)
==87==    by 0x11368F: Wordle_TwoLetterConstrained_Test::TestBody() (wordle-tests.cpp:146)
[...]
==93==    by 0x11ABF3: wordle(std::__cxx11::basic_string<char, std::char_traits<char>, std::allocator<char> > const&, std::__cxx11::basic_string<char, std::char_traits<char>, std::allocator<char> > const&, std::set<std::__cxx11::basic_string<char, std::char_traits<char>, std::allocator<char> >, std::less<std::__cxx11::basic_string<char, std::char_traits<char>, std::allocator<char> > >, std::allocator<std::__cxx11::basic_string<char, std::char_traits<char>, std::allocator<char> > > > const&) (wordle.cpp:42)
==93==    by 0x11533B: Wordle_Long_Test::TestBody() (wordle-tests.cpp:241)
==93== 
<end of output>
Test time = 100.09 sec
----------------------------------------------------------
Test Failed.
"Wordle.Long" end time: May 02 21:56 UTC
"Wordle.Long" time elapsed: 00:01:40
----------------------------------------------------------

13/21 Testing: Schedule.SimpleSol1
13/21 Test: Schedule.SimpleSol1
Command: "/usr/bin/valgrind" "--tool=memcheck" "--leak-check=yes" "--trace-children=no" "/work/hw-alamgir/hw5/hw5_stu_tests/schedwork_tests/schedwork_tests" "--gtest_filter=Schedule.SimpleSol1"
Directory: /work/hw-alamgir/hw5/hw5_stu_tests/schedwork_tests
"Schedule.SimpleSol1" start time: May 02 21:56 UTC
Output:
----------------------------------------------------------
==94== Memcheck, a memory error detector
==94== Copyright (C) 2002-2017, and GNU GPL'd, by Julian Seward et al.
==94== Using Valgrind-3.15.0 and LibVEX; rerun with -h for copyright info
==94== Command: /work/hw-alamgir/hw5/hw5_stu_tests/schedwork_tests/schedwork_tests --gtest_filter=Schedule.SimpleSol1
==94== 
Running main() from /build/googletest-K1TalW/googletest-1.10.0/googletest/src/gtest_main.cc
Note: Google Test filter = Schedule.SimpleSol1
[==========] Running 1 test from 1 test suite.
[----------] Global test environment set-up.
[----------] 1 test from Schedule
[ RUN      ] Schedule.SimpleSol1
/work/hw-alamgir/hw5/hw5_stu_tests/schedwork_tests/schedwork-tests.cpp:130: Failure
Value of: result
  Actual: false (For availability:
1 
1 
1 

Error in schedule:
4294967295 
4294967295 
4294967295 

Mismatch with boolean return result (expected: 1 / actual: 0)
)
Expected: true
[  FAILED  ] Schedule.SimpleSol1 (27 ms)
[----------] 1 test from Schedule (29 ms total)

[----------] Global test environment tear-down
[==========] 1 test from 1 test suite ran. (36 ms total)
[  PASSED  ] 0 tests.
[  FAILED  ] 1 test, listed below:
[  FAILED  ] Schedule.SimpleSol1

 1 FAILED TEST
==94== 
==94== HEAP SUMMARY:
==94==     in use at exit: 0 bytes in 0 blocks
==94==   total heap usage: 327 allocs, 327 frees, 131,980 bytes allocated
==94== 
==94== All heap blocks were freed -- no leaks are possible
==94== 
==94== For lists of detected and suppressed errors, rerun with: -s
==94== ERROR SUMMARY: 0 errors from 0 contexts (suppressed: 0 from 0)
<end of output>
Test time =   0.47 sec
----------------------------------------------------------
Test Failed.
"Schedule.SimpleSol1" end time: May 02 21:56 UTC
"Schedule.SimpleSol1" time elapsed: 00:00:00
----------------------------------------------------------

14/21 Testing: Schedule.SimpleNoSolMaxShifts
14/21 Test: Schedule.SimpleNoSolMaxShifts
Command: "/usr/bin/valgrind" "--tool=memcheck" "--leak-check=yes" "--trace-children=no" "/work/hw-alamgir/hw5/hw5_stu_tests/schedwork_tests/schedwork_tests" "--gtest_filter=Schedule.SimpleNoSolMaxShifts"
Directory: /work/hw-alamgir/hw5/hw5_stu_tests/schedwork_tests
"Schedule.SimpleNoSolMaxShifts" start time: May 02 21:56 UTC
Output:
----------------------------------------------------------
==95== Memcheck, a memory error detector
==95== Copyright (C) 2002-2017, and GNU GPL'd, by Julian Seward et al.
==95== Using Valgrind-3.15.0 and LibVEX; rerun with -h for copyright info
==95== Command: /work/hw-alamgir/hw5/hw5_stu_tests/schedwork_tests/schedwork_tests --gtest_filter=Schedule.SimpleNoSolMaxShifts
==95== 
Running main() from /build/googletest-K1TalW/googletest-1.10.0/googletest/src/gtest_main.cc
Note: Google Test filter = Schedule.SimpleNoSolMaxShifts
[==========] Running 1 test from 1 test suite.
[----------] Global test environment set-up.
[----------] 1 test from Schedule
[ RUN      ] Schedule.SimpleNoSolMaxShifts
[       OK ] Schedule.SimpleNoSolMaxShifts (16 ms)
[----------] 1 test from Schedule (18 ms total)

[----------] Global test environment tear-down
[==========] 1 test from 1 test suite ran. (25 ms total)
[  PASSED  ] 1 test.
==95== 
==95== HEAP SUMMARY:
==95==     in use at exit: 0 bytes in 0 blocks
==95==   total heap usage: 283 allocs, 283 frees, 121,094 bytes allocated
==95== 
==95== All heap blocks were freed -- no leaks are possible
==95== 
==95== For lists of detected and suppressed errors, rerun with: -s
==95== ERROR SUMMARY: 0 errors from 0 contexts (suppressed: 0 from 0)
<end of output>
Test time =   0.42 sec
----------------------------------------------------------
Test Passed.
"Schedule.SimpleNoSolMaxShifts" end time: May 02 21:56 UTC
"Schedule.SimpleNoSolMaxShifts" time elapsed: 00:00:00
----------------------------------------------------------

15/21 Testing: Schedule.SimpleNoSolNoAvail1
15/21 Test: Schedule.SimpleNoSolNoAvail1
Command: "/usr/bin/valgrind" "--tool=memcheck" "--leak-check=yes" "--trace-children=no" "/work/hw-alamgir/hw5/hw5_stu_tests/schedwork_tests/schedwork_tests" "--gtest_filter=Schedule.SimpleNoSolNoAvail1"
Directory: /work/hw-alamgir/hw5/hw5_stu_tests/schedwork_tests
"Schedule.SimpleNoSolNoAvail1" start time: May 02 21:56 UTC
Output:
----------------------------------------------------------
==96== Memcheck, a memory error detector
==96== Copyright (C) 2002-2017, and GNU GPL'd, by Julian Seward et al.
==96== Using Valgrind-3.15.0 and LibVEX; rerun with -h for copyright info
==96== Command: /work/hw-alamgir/hw5/hw5_stu_tests/schedwork_tests/schedwork_tests --gtest_filter=Schedule.SimpleNoSolNoAvail1
==96== 
Running main() from /build/googletest-K1TalW/googletest-1.10.0/googletest/src/gtest_main.cc
Note: Google Test filter = Schedule.SimpleNoSolNoAvail1
[==========] Running 1 test from 1 test suite.
[----------] Global test environment set-up.
[----------] 1 test from Schedule
[ RUN      ] Schedule.SimpleNoSolNoAvail1
[       OK ] Schedule.SimpleNoSolNoAvail1 (16 ms)
[----------] 1 test from Schedule (19 ms total)

[----------] Global test environment tear-down
[==========] 1 test from 1 test suite ran. (26 ms total)
[  PASSED  ] 1 test.
==96== 
==96== HEAP SUMMARY:
==96==     in use at exit: 0 bytes in 0 blocks
==96==   total heap usage: 283 allocs, 283 frees, 121,087 bytes allocated
==96== 
==96== All heap blocks were freed -- no leaks are possible
==96== 
==96== For lists of detected and suppressed errors, rerun with: -s
==96== ERROR SUMMARY: 0 errors from 0 contexts (suppressed: 0 from 0)
<end of output>
Test time =   0.43 sec
----------------------------------------------------------
Test Passed.
"Schedule.SimpleNoSolNoAvail1" end time: May 02 21:56 UTC
"Schedule.SimpleNoSolNoAvail1" time elapsed: 00:00:00
----------------------------------------------------------

16/21 Testing: Schedule.SimpleNoSolNoAvail2
16/21 Test: Schedule.SimpleNoSolNoAvail2
Command: "/usr/bin/valgrind" "--tool=memcheck" "--leak-check=yes" "--trace-children=no" "/work/hw-alamgir/hw5/hw5_stu_tests/schedwork_tests/schedwork_tests" "--gtest_filter=Schedule.SimpleNoSolNoAvail2"
Directory: /work/hw-alamgir/hw5/hw5_stu_tests/schedwork_tests
"Schedule.SimpleNoSolNoAvail2" start time: May 02 21:56 UTC
Output:
----------------------------------------------------------
==97== Memcheck, a memory error detector
==97== Copyright (C) 2002-2017, and GNU GPL'd, by Julian Seward et al.
==97== Using Valgrind-3.15.0 and LibVEX; rerun with -h for copyright info
==97== Command: /work/hw-alamgir/hw5/hw5_stu_tests/schedwork_tests/schedwork_tests --gtest_filter=Schedule.SimpleNoSolNoAvail2
==97== 
Running main() from /build/googletest-K1TalW/googletest-1.10.0/googletest/src/gtest_main.cc
Note: Google Test filter = Schedule.SimpleNoSolNoAvail2
[==========] Running 1 test from 1 test suite.
[----------] Global test environment set-up.
[----------] 1 test from Schedule
[ RUN      ] Schedule.SimpleNoSolNoAvail2
[       OK ] Schedule.SimpleNoSolNoAvail2 (16 ms)
[----------] 1 test from Schedule (19 ms total)

[----------] Global test environment tear-down
[==========] 1 test from 1 test suite ran. (26 ms total)
[  PASSED  ] 1 test.
==97== 
==97== HEAP SUMMARY:
==97==     in use at exit: 0 bytes in 0 blocks
==97==   total heap usage: 283 allocs, 283 frees, 121,087 bytes allocated
==97== 
==97== All heap blocks were freed -- no leaks are possible
==97== 
==97== For lists of detected and suppressed errors, rerun with: -s
==97== ERROR SUMMARY: 0 errors from 0 contexts (suppressed: 0 from 0)
<end of output>
Test time =   0.43 sec
----------------------------------------------------------
Test Passed.
"Schedule.SimpleNoSolNoAvail2" end time: May 02 21:56 UTC
"Schedule.SimpleNoSolNoAvail2" time elapsed: 00:00:00
----------------------------------------------------------

17/21 Testing: Schedule.SimpleNoSolNoAvail3
17/21 Test: Schedule.SimpleNoSolNoAvail3
Command: "/usr/bin/valgrind" "--tool=memcheck" "--leak-check=yes" "--trace-children=no" "/work/hw-alamgir/hw5/hw5_stu_tests/schedwork_tests/schedwork_tests" "--gtest_filter=Schedule.SimpleNoSolNoAvail3"
Directory: /work/hw-alamgir/hw5/hw5_stu_tests/schedwork_tests
"Schedule.SimpleNoSolNoAvail3" start time: May 02 21:56 UTC
Output:
----------------------------------------------------------
==98== Memcheck, a memory error detector
==98== Copyright (C) 2002-2017, and GNU GPL'd, by Julian Seward et al.
==98== Using Valgrind-3.15.0 and LibVEX; rerun with -h for copyright info
==98== Command: /work/hw-alamgir/hw5/hw5_stu_tests/schedwork_tests/schedwork_tests --gtest_filter=Schedule.SimpleNoSolNoAvail3
==98== 
Running main() from /build/googletest-K1TalW/googletest-1.10.0/googletest/src/gtest_main.cc
Note: Google Test filter = Schedule.SimpleNoSolNoAvail3
[==========] Running 1 test from 1 test suite.
[----------] Global test environment set-up.
[----------] 1 test from Schedule
[ RUN      ] Schedule.SimpleNoSolNoAvail3
[       OK ] Schedule.SimpleNoSolNoAvail3 (16 ms)
[----------] 1 test from Schedule (18 ms total)

[----------] Global test environment tear-down
[==========] 1 test from 1 test suite ran. (26 ms total)
[  PASSED  ] 1 test.
==98== 
==98== HEAP SUMMARY:
==98==     in use at exit: 0 bytes in 0 blocks
==98==   total heap usage: 283 allocs, 283 frees, 121,087 bytes allocated
==98== 
==98== All heap blocks were freed -- no leaks are possible
==98== 
==98== For lists of detected and suppressed errors, rerun with: -s
==98== ERROR SUMMARY: 0 errors from 0 contexts (suppressed: 0 from 0)
<end of output>
Test time =   0.43 sec
----------------------------------------------------------
Test Passed.
"Schedule.SimpleNoSolNoAvail3" end time: May 02 21:56 UTC
"Schedule.SimpleNoSolNoAvail3" time elapsed: 00:00:00
----------------------------------------------------------

18/21 Testing: Schedule.Nominal1
18/21 Test: Schedule.Nominal1
Command: "/usr/bin/valgrind" "--tool=memcheck" "--leak-check=yes" "--trace-children=no" "/work/hw-alamgir/hw5/hw5_stu_tests/schedwork_tests/schedwork_tests" "--gtest_filter=Schedule.Nominal1"
Directory: /work/hw-alamgir/hw5/hw5_stu_tests/schedwork_tests
"Schedule.Nominal1" start time: May 02 21:56 UTC
Output:
----------------------------------------------------------
==99== Memcheck, a memory error detector
==99== Copyright (C) 2002-2017, and GNU GPL'd, by Julian Seward et al.
==99== Using Valgrind-3.15.0 and LibVEX; rerun with -h for copyright info
==99== Command: /work/hw-alamgir/hw5/hw5_stu_tests/schedwork_tests/schedwork_tests --gtest_filter=Schedule.Nominal1
==99== 
Running main() from /build/googletest-K1TalW/googletest-1.10.0/googletest/src/gtest_main.cc
Note: Google Test filter = Schedule.Nominal1
[==========] Running 1 test from 1 test suite.
[----------] Global test environment set-up.
[----------] 1 test from Schedule
[ RUN      ] Schedule.Nominal1
/work/hw-alamgir/hw5/hw5_stu_tests/schedwork_tests/schedwork-tests.cpp:211: Failure
Value of: result
  Actual: false (For availability:
1 1 1 1 
1 0 1 0 
1 1 0 1 
1 0 0 1 

Error in schedule:
4294967295 4294967295 
4294967295 4294967295 
4294967295 4294967295 
4294967295 4294967295 

Mismatch with boolean return result (expected: 1 / actual: 0)
)
Expected: true
[  FAILED  ] Schedule.Nominal1 (25 ms)
[----------] 1 test from Schedule (28 ms total)

[----------] Global test environment tear-down
[==========] 1 test from 1 test suite ran. (35 ms total)
[  PASSED  ] 0 tests.
[  FAILED  ] 1 test, listed below:
[  FAILED  ] Schedule.Nominal1

 1 FAILED TEST
==99== 
==99== HEAP SUMMARY:
==99==     in use at exit: 0 bytes in 0 blocks
==99==   total heap usage: 331 allocs, 331 frees, 134,106 bytes allocated
==99== 
==99== All heap blocks were freed -- no leaks are possible
==99== 
==99== For lists of detected and suppressed errors, rerun with: -s
==99== ERROR SUMMARY: 0 errors from 0 contexts (suppressed: 0 from 0)
<end of output>
Test time =   0.43 sec
----------------------------------------------------------
Test Failed.
"Schedule.Nominal1" end time: May 02 21:56 UTC
"Schedule.Nominal1" time elapsed: 00:00:00
----------------------------------------------------------

19/21 Testing: Schedule.Nominal1NoSol1
19/21 Test: Schedule.Nominal1NoSol1
Command: "/usr/bin/valgrind" "--tool=memcheck" "--leak-check=yes" "--trace-children=no" "/work/hw-alamgir/hw5/hw5_stu_tests/schedwork_tests/schedwork_tests" "--gtest_filter=Schedule.Nominal1NoSol1"
Directory: /work/hw-alamgir/hw5/hw5_stu_tests/schedwork_tests
"Schedule.Nominal1NoSol1" start time: May 02 21:56 UTC
Output:
----------------------------------------------------------
==100== Memcheck, a memory error detector
==100== Copyright (C) 2002-2017, and GNU GPL'd, by Julian Seward et al.
==100== Using Valgrind-3.15.0 and LibVEX; rerun with -h for copyright info
==100== Command: /work/hw-alamgir/hw5/hw5_stu_tests/schedwork_tests/schedwork_tests --gtest_filter=Schedule.Nominal1NoSol1
==100== 
Running main() from /build/googletest-K1TalW/googletest-1.10.0/googletest/src/gtest_main.cc
Note: Google Test filter = Schedule.Nominal1NoSol1
[==========] Running 1 test from 1 test suite.
[----------] Global test environment set-up.
[----------] 1 test from Schedule
[ RUN      ] Schedule.Nominal1NoSol1
[       OK ] Schedule.Nominal1NoSol1 (16 ms)
[----------] 1 test from Schedule (18 ms total)

[----------] Global test environment tear-down
[==========] 1 test from 1 test suite ran. (25 ms total)
[  PASSED  ] 1 test.
==100== 
==100== HEAP SUMMARY:
==100==     in use at exit: 0 bytes in 0 blocks
==100==   total heap usage: 287 allocs, 287 frees, 121,236 bytes allocated
==100== 
==100== All heap blocks were freed -- no leaks are possible
==100== 
==100== For lists of detected and suppressed errors, rerun with: -s
==100== ERROR SUMMARY: 0 errors from 0 contexts (suppressed: 0 from 0)
<end of output>
Test time =   0.42 sec
----------------------------------------------------------
Test Passed.
"Schedule.Nominal1NoSol1" end time: May 02 21:56 UTC
"Schedule.Nominal1NoSol1" time elapsed: 00:00:00
----------------------------------------------------------

20/21 Testing: Schedule.Nominal1NoSol2
20/21 Test: Schedule.Nominal1NoSol2
Command: "/usr/bin/valgrind" "--tool=memcheck" "--leak-check=yes" "--trace-children=no" "/work/hw-alamgir/hw5/hw5_stu_tests/schedwork_tests/schedwork_tests" "--gtest_filter=Schedule.Nominal1NoSol2"
Directory: /work/hw-alamgir/hw5/hw5_stu_tests/schedwork_tests
"Schedule.Nominal1NoSol2" start time: May 02 21:56 UTC
Output:
----------------------------------------------------------
==101== Memcheck, a memory error detector
==101== Copyright (C) 2002-2017, and GNU GPL'd, by Julian Seward et al.
==101== Using Valgrind-3.15.0 and LibVEX; rerun with -h for copyright info
==101== Command: /work/hw-alamgir/hw5/hw5_stu_tests/schedwork_tests/schedwork_tests --gtest_filter=Schedule.Nominal1NoSol2
==101== 
Running main() from /build/googletest-K1TalW/googletest-1.10.0/googletest/src/gtest_main.cc
Note: Google Test filter = Schedule.Nominal1NoSol2
[==========] Running 1 test from 1 test suite.
[----------] Global test environment set-up.
[----------] 1 test from Schedule
[ RUN      ] Schedule.Nominal1NoSol2
[       OK ] Schedule.Nominal1NoSol2 (17 ms)
[----------] 1 test from Schedule (18 ms total)

[----------] Global test environment tear-down
[==========] 1 test from 1 test suite ran. (25 ms total)
[  PASSED  ] 1 test.
==101== 
==101== HEAP SUMMARY:
==101==     in use at exit: 0 bytes in 0 blocks
==101==   total heap usage: 287 allocs, 287 frees, 121,200 bytes allocated
==101== 
==101== All heap blocks were freed -- no leaks are possible
==101== 
==101== For lists of detected and suppressed errors, rerun with: -s
==101== ERROR SUMMARY: 0 errors from 0 contexts (suppressed: 0 from 0)
<end of output>
Test time =   0.42 sec
----------------------------------------------------------
Test Passed.
"Schedule.Nominal1NoSol2" end time: May 02 21:56 UTC
"Schedule.Nominal1NoSol2" time elapsed: 00:00:00
----------------------------------------------------------

21/21 Testing: Schedule.Nominal2
21/21 Test: Schedule.Nominal2
Command: "/usr/bin/valgrind" "--tool=memcheck" "--leak-check=yes" "--trace-children=no" "/work/hw-alamgir/hw5/hw5_stu_tests/schedwork_tests/schedwork_tests" "--gtest_filter=Schedule.Nominal2"
Directory: /work/hw-alamgir/hw5/hw5_stu_tests/schedwork_tests
"Schedule.Nominal2" start time: May 02 21:56 UTC
Output:
----------------------------------------------------------
==102== Memcheck, a memory error detector
==102== Copyright (C) 2002-2017, and GNU GPL'd, by Julian Seward et al.
==102== Using Valgrind-3.15.0 and LibVEX; rerun with -h for copyright info
==102== Command: /work/hw-alamgir/hw5/hw5_stu_tests/schedwork_tests/schedwork_tests --gtest_filter=Schedule.Nominal2
==102== 
Running main() from /build/googletest-K1TalW/googletest-1.10.0/googletest/src/gtest_main.cc
Note: Google Test filter = Schedule.Nominal2
[==========] Running 1 test from 1 test suite.
[----------] Global test environment set-up.
[----------] 1 test from Schedule
[ RUN      ] Schedule.Nominal2
/work/hw-alamgir/hw5/hw5_stu_tests/schedwork_tests/schedwork-tests.cpp:274: Failure
Value of: result
  Actual: false (For availability:
0 1 0 1 1 0 1 
0 1 1 0 1 0 0 
1 0 0 1 1 0 0 
1 1 0 0 0 0 1 
1 0 1 0 1 1 0 
1 1 1 0 1 1 1 
1 0 0 1 1 1 0 

Error in schedule:
4294967295 4294967295 4294967295 
4294967295 4294967295 4294967295 
4294967295 4294967295 4294967295 
4294967295 4294967295 4294967295 
4294967295 4294967295 4294967295 
4294967295 4294967295 4294967295 
4294967295 4294967295 4294967295 

Mismatch with boolean return result (expected: 1 / actual: 0)
)
Expected: true
[  FAILED  ] Schedule.Nominal2 (28 ms)
[----------] 1 test from Schedule (30 ms total)

[----------] Global test environment tear-down
[==========] 1 test from 1 test suite ran. (38 ms total)
[  PASSED  ] 0 tests.
[  FAILED  ] 1 test, listed below:
[  FAILED  ] Schedule.Nominal2

 1 FAILED TEST
==102== 
==102== HEAP SUMMARY:
==102==     in use at exit: 0 bytes in 0 blocks
==102==   total heap usage: 344 allocs, 344 frees, 140,711 bytes allocated
==102== 
==102== All heap blocks were freed -- no leaks are possible
==102== 
==102== For lists of detected and suppressed errors, rerun with: -s
==102== ERROR SUMMARY: 0 errors from 0 contexts (suppressed: 0 from 0)
<end of output>
Test time =   0.45 sec
----------------------------------------------------------
Test Failed.
"Schedule.Nominal2" end time: May 02 21:56 UTC
"Schedule.Nominal2" time elapsed: 00:00:00
----------------------------------------------------------

End testing: May 02 21:56 UTC
