Start testing: Apr 15 19:06 UTC
----------------------------------------------------------
1/12 Testing: Wordle.Empty
1/12 Test: Wordle.Empty
Command: "/usr/bin/valgrind" "--tool=memcheck" "--leak-check=yes" "--trace-children=no" "/work/hw-alamgir/hw5/hw5_stu_tests/wordle_tests/wordle_tests" "--gtest_filter=Wordle.Empty"
Directory: /work/hw-alamgir/hw5/hw5_stu_tests/wordle_tests
"Wordle.Empty" start time: Apr 15 19:06 UTC
Output:
----------------------------------------------------------
==2364== Memcheck, a memory error detector
==2364== Copyright (C) 2002-2017, and GNU GPL'd, by Julian Seward et al.
==2364== Using Valgrind-3.15.0 and LibVEX; rerun with -h for copyright info
==2364== Command: /work/hw-alamgir/hw5/hw5_stu_tests/wordle_tests/wordle_tests --gtest_filter=Wordle.Empty
==2364== 
Read 63247 words into dictionary.
Running main() from /build/googletest-K1TalW/googletest-1.10.0/googletest/src/gtest_main.cc
Note: Google Test filter = Wordle.Empty
[==========] Running 1 test from 1 test suite.
[----------] Global test environment set-up.
[----------] 1 test from Wordle
[ RUN      ] Wordle.Empty
[       OK ] Wordle.Empty (4 ms)
[----------] 1 test from Wordle (6 ms total)

[----------] Global test environment tear-down
[==========] 1 test from 1 test suite ran. (12 ms total)
[  PASSED  ] 1 test.
==2364== 
==2364== HEAP SUMMARY:
==2364==     in use at exit: 0 bytes in 0 blocks
==2364==   total heap usage: 63,758 allocs, 63,758 frees, 4,182,333 bytes allocated
==2364== 
==2364== All heap blocks were freed -- no leaks are possible
==2364== 
==2364== For lists of detected and suppressed errors, rerun with: -s
==2364== ERROR SUMMARY: 0 errors from 0 contexts (suppressed: 0 from 0)
<end of output>
Test time =   2.88 sec
----------------------------------------------------------
Test Passed.
"Wordle.Empty" end time: Apr 15 19:06 UTC
"Wordle.Empty" time elapsed: 00:00:02
----------------------------------------------------------

2/12 Testing: Wordle.NoSolutions
2/12 Test: Wordle.NoSolutions
Command: "/usr/bin/valgrind" "--tool=memcheck" "--leak-check=yes" "--trace-children=no" "/work/hw-alamgir/hw5/hw5_stu_tests/wordle_tests/wordle_tests" "--gtest_filter=Wordle.NoSolutions"
Directory: /work/hw-alamgir/hw5/hw5_stu_tests/wordle_tests
"Wordle.NoSolutions" start time: Apr 15 19:06 UTC
Output:
----------------------------------------------------------
==2365== Memcheck, a memory error detector
==2365== Copyright (C) 2002-2017, and GNU GPL'd, by Julian Seward et al.
==2365== Using Valgrind-3.15.0 and LibVEX; rerun with -h for copyright info
==2365== Command: /work/hw-alamgir/hw5/hw5_stu_tests/wordle_tests/wordle_tests --gtest_filter=Wordle.NoSolutions
==2365== 
Read 63247 words into dictionary.
Running main() from /build/googletest-K1TalW/googletest-1.10.0/googletest/src/gtest_main.cc
Note: Google Test filter = Wordle.NoSolutions
[==========] Running 1 test from 1 test suite.
[----------] Global test environment set-up.
[----------] 1 test from Wordle
[ RUN      ] Wordle.NoSolutions
==2365== Conditional jump or move depends on uninitialised value(s)
==2365==    at 0x11AD90: traversal(std::vector<char, std::allocator<char> >, std::set<std::__cxx11::basic_string<char, std::char_traits<char>, std::allocator<char> >, std::less<std::__cxx11::basic_string<char, std::char_traits<char>, std::allocator<char> > >, std::allocator<std::__cxx11::basic_string<char, std::char_traits<char>, std::allocator<char> > > > const&, std::set<std::__cxx11::basic_string<char, std::char_traits<char>, std::allocator<char> >, std::less<std::__cxx11::basic_string<char, std::char_traits<char>, std::allocator<char> > >, std::allocator<std::__cxx11::basic_string<char, std::char_traits<char>, std::allocator<char> > > >&, unsigned long, std::__cxx11::basic_string<char, std::char_traits<char>, std::allocator<char> >, std::__cxx11::basic_string<char, std::char_traits<char>, std::allocator<char> >&) (wordle.cpp:67)
==2365==    by 0x11ADD7: traversal(std::vector<char, std::allocator<char> >, std::set<std::__cxx11::basic_string<char, std::char_traits<char>, std::allocator<char> >, std::less<std::__cxx11::basic_string<char, std::char_traits<char>, std::allocator<char> > >, std::allocator<std::__cxx11::basic_string<char, std::char_traits<char>, std::allocator<char> > > > const&, std::set<std::__cxx11::basic_string<char, std::char_traits<char>, std::allocator<char> >, std::less<std::__cxx11::basic_string<char, std::char_traits<char>, std::allocator<char> > >, std::allocator<std::__cxx11::basic_string<char, std::char_traits<char>, std::allocator<char> > > >&, unsigned long, std::__cxx11::basic_string<char, std::char_traits<char>, std::allocator<char> >, std::__cxx11::basic_string<char, std::char_traits<char>, std::allocator<char> >&) (wordle.cpp:70)
==2365==    by 0x11AF6B: traversal(std::vector<char, std::allocator<char> >, std::set<std::__cxx11::basic_string<char, std::char_traits<char>, std::allocator<char> >, std::less<std::__cxx11::basic_string<char, std::char_traits<char>, std::allocator<char> > >, std::allocator<std::__cxx11::basic_string<char, std::char_traits<char>, std::allocator<char> > > > const&, std::set<std::__cxx11::basic_string<char, std::char_traits<char>, std::allocator<char> >, std::less<std::__cxx11::basic_string<char, std::char_traits<char>, std::allocator<char> > >, std::allocator<std::__cxx11::basic_string<char, std::char_traits<char>, std::allocator<char> > > >&, unsigned long, std::__cxx11::basic_string<char, std::char_traits<char>, std::allocator<char> >, std::__cxx11::basic_string<char, std::char_traits<char>, std::allocator<char> >&) (wordle.cpp:102)
==2365==    by 0x11AF6B: traversal(std::vector<char, std::allocator<char> >, std::set<std::__cxx11::basic_string<char, std::char_traits<char>, std::allocator<char> >, std::less<std::__cxx11::basic_string<char, std::char_traits<char>, std::allocator<char> > >, std::allocator<std::__cxx11::basic_string<char, std::char_traits<char>, std::allocator<char> > > > const&, std::set<std::__cxx11::basic_string<char, std::char_traits<char>, std::allocator<char> >, std::less<std::__cxx11::basic_string<char, std::char_traits<char>, std::allocator<char> > >, std::allocator<std::__cxx11::basic_string<char, std::char_traits<char>, std::allocator<char> > > >&, unsigned long, std::__cxx11::basic_string<char, std::char_traits<char>, std::allocator<char> >, std::__cxx11::basic_string<char, std::char_traits<char>, std::allocator<char> >&) (wordle.cpp:102)
==2365==    by 0x11ABDF: wordle(std::__cxx11::basic_string<char, std::char_traits<char>, std::allocator<char> > const&, std::__cxx11::basic_string<char, std::char_traits<char>, std::allocator<char> > const&, std::set<std::__cxx11::basic_string<char, std::char_traits<char>, std::allocator<char> >, std::less<std::__cxx11::basic_string<char, std::char_traits<char>, std::allocator<char> > >, std::allocator<std::__cxx11::basic_string<char, std::char_traits<char>, std::allocator<char> > > > const&) (wordle.cpp:41)
==2365==    by 0x112783: Wordle_NoSolutions_Test::TestBody() (wordle-tests.cpp:72)
==2365==    by 0x14C3D7: void testing::internal::HandleExceptionsInMethodIfSupported<testing::Test, void>(testing::Test*, void (testing::Test::*)(), char const*) (in /work/hw-alamgir/hw5/hw5_stu_tests/wordle_tests/wordle_tests)
==2365==    by 0x140937: testing::Test::Run() (in /work/hw-alamgir/hw5/hw5_stu_tests/wordle_tests/wordle_tests)
==2365==    by 0x140A8B: testing::TestInfo::Run() (in /work/hw-alamgir/hw5/hw5_stu_tests/wordle_tests/wordle_tests)
==2365==    by 0x140B67: testing::TestSuite::Run() (in /work/hw-alamgir/hw5/hw5_stu_tests/wordle_tests/wordle_tests)
==2365==    by 0x1410B3: testing::internal::UnitTestImpl::RunAllTests() (in /work/hw-alamgir/hw5/hw5_stu_tests/wordle_tests/wordle_tests)
==2365==    by 0x14C96F: bool testing::internal::HandleExceptionsInMethodIfSupported<testing::internal::UnitTestImpl, bool>(testing::internal::UnitTestImpl*, bool (testing::internal::UnitTestImpl::*)(), char const*) (in /work/hw-alamgir/hw5/hw5_stu_tests/wordle_tests/wordle_tests)
==2365== 
==2365== Conditional jump or move depends on uninitialised value(s)
==2365==    at 0x11AD90: traversal(std::vector<char, std::allocator<char> >, std::set<std::__cxx11::basic_string<char, std::char_traits<char>, std::allocator<char> >, std::less<std::__cxx11::basic_string<char, std::char_traits<char>, std::allocator<char> > >, std::allocator<std::__cxx11::basic_string<char, std::char_traits<char>, std::allocator<char> > > > const&, std::set<std::__cxx11::basic_string<char, std::char_traits<char>, std::allocator<char> >, std::less<std::__cxx11::basic_string<char, std::char_traits<char>, std::allocator<char> > >, std::allocator<std::__cxx11::basic_string<char, std::char_traits<char>, std::allocator<char> > > >&, unsigned long, std::__cxx11::basic_string<char, std::char_traits<char>, std::allocator<char> >, std::__cxx11::basic_string<char, std::char_traits<char>, std::allocator<char> >&) (wordle.cpp:67)
==2365==    by 0x11ADD7: traversal(std::vector<char, std::allocator<char> >, std::set<std::__cxx11::basic_string<char, std::char_traits<char>, std::allocator<char> >, std::less<std::__cxx11::basic_string<char, std::char_traits<char>, std::allocator<char> > >, std::allocator<std::__cxx11::basic_string<char, std::char_traits<char>, std::allocator<char> > > > const&, std::set<std::__cxx11::basic_string<char, std::char_traits<char>, std::allocator<char> >, std::less<std::__cxx11::basic_string<char, std::char_traits<char>, std::allocator<char> > >, std::allocator<std::__cxx11::basic_string<char, std::char_traits<char>, std::allocator<char> > > >&, unsigned long, std::__cxx11::basic_string<char, std::char_traits<char>, std::allocator<char> >, std::__cxx11::basic_string<char, std::char_traits<char>, std::allocator<char> >&) (wordle.cpp:70)
==2365==    by 0x11ADD7: traversal(std::vector<char, std::allocator<char> >, std::set<std::__cxx11::basic_string<char, std::char_traits<char>, std::allocator<char> >, std::less<std::__cxx11::basic_string<char, std::char_traits<char>, std::allocator<char> > >, std::allocator<std::__cxx11::basic_string<char, std::char_traits<char>, std::allocator<char> > > > const&, std::set<std::__cxx11::basic_string<char, std::char_traits<char>, std::allocator<char> >, std::less<std::__cxx11::basic_string<char, std::char_traits<char>, std::allocator<char> > >, std::allocator<std::__cxx11::basic_string<char, std::char_traits<char>, std::allocator<char> > > >&, unsigned long, std::__cxx11::basic_string<char, std::char_traits<char>, std::allocator<char> >, std::__cxx11::basic_string<char, std::char_traits<char>, std::allocator<char> >&) (wordle.cpp:70)
==2365==    by 0x11AF6B: traversal(std::vector<char, std::allocator<char> >, std::set<std::__cxx11::basic_string<char, std::char_traits<char>, std::allocator<char> >, std::less<std::__cxx11::basic_string<char, std::char_traits<char>, std::allocator<char> > >, std::allocator<std::__cxx11::basic_string<char, std::char_traits<char>, std::allocator<char> > > > const&, std::set<std::__cxx11::basic_string<char, std::char_traits<char>, std::allocator<char> >, std::less<std::__cxx11::basic_string<char, std::char_traits<char>, std::allocator<char> > >, std::allocator<std::__cxx11::basic_string<char, std::char_traits<char>, std::allocator<char> > > >&, unsigned long, std::__cxx11::basic_string<char, std::char_traits<char>, std::allocator<char> >, std::__cxx11::basic_string<char, std::char_traits<char>, std::allocator<char> >&) (wordle.cpp:102)
==2365==    by 0x11AF6B: traversal(std::vector<char, std::allocator<char> >, std::set<std::__cxx11::basic_string<char, std::char_traits<char>, std::allocator<char> >, std::less<std::__cxx11::basic_string<char, std::char_traits<char>, std::allocator<char> > >, std::allocator<std::__cxx11::basic_string<char, std::char_traits<char>, std::allocator<char> > > > const&, std::set<std::__cxx11::basic_string<char, std::char_traits<char>, std::allocator<char> >, std::less<std::__cxx11::basic_string<char, std::char_traits<char>, std::allocator<char> > >, std::allocator<std::__cxx11::basic_string<char, std::char_traits<char>, std::allocator<char> > > >&, unsigned long, std::__cxx11::basic_string<char, std::char_traits<char>, std::allocator<char> >, std::__cxx11::basic_string<char, std::char_traits<char>, std::allocator<char> >&) (wordle.cpp:102)
==2365==    by 0x11ABDF: wordle(std::__cxx11::basic_string<char, std::char_traits<char>, std::allocator<char> > const&, std::__cxx11::basic_string<char, std::char_traits<char>, std::allocator<char> > const&, std::set<std::__cxx11::basic_string<char, std::char_traits<char>, std::allocator<char> >, std::less<std::__cxx11::basic_string<char, std::char_traits<char>, std::allocator<char> > >, std::allocator<std::__cxx11::basic_string<char, std::char_traits<char>, std::allocator<char> > > > const&) (wordle.cpp:41)
==2365==    by 0x112783: Wordle_NoSolutions_Test::TestBody() (wordle-tests.cpp:72)
==2365==    by 0x14C3D7: void testing::internal::HandleExceptionsInMethodIfSupported<testing::Test, void>(testing::Test*, void (testing::Test::*)(), char const*) (in /work/hw-alamgir/hw5/hw5_stu_tests/wordle_tests/wordle_tests)
==2365==    by 0x140937: testing::Test::Run() (in /work/hw-alamgir/hw5/hw5_stu_tests/wordle_tests/wordle_tests)
==2365==    by 0x140A8B: testing::TestInfo::Run() (in /work/hw-alamgir/hw5/hw5_stu_tests/wordle_tests/wordle_tests)
==2365==    by 0x140B67: testing::TestSuite::Run() (in /work/hw-alamgir/hw5/hw5_stu_tests/wordle_tests/wordle_tests)
==2365==    by 0x1410B3: testing::internal::UnitTestImpl::RunAllTests() (in /work/hw-alamgir/hw5/hw5_stu_tests/wordle_tests/wordle_tests)
==2365== 
==2365== Conditional jump or move depends on uninitialised value(s)
==2365==    at 0x11AD90: traversal(std::vector<char, std::allocator<char> >, std::set<std::__cxx11::basic_string<char, std::char_traits<char>, std::allocator<char> >, std::less<std::__cxx11::basic_string<char, std::char_traits<char>, std::allocator<char> > >, std::allocator<std::__cxx11::basic_string<char, std::char_traits<char>, std::allocator<char> > > > const&, std::set<std::__cxx11::basic_string<char, std::char_traits<char>, std::allocator<char> >, std::less<std::__cxx11::basic_string<char, std::char_traits<char>, std::allocator<char> > >, std::allocator<std::__cxx11::basic_string<char, std::char_traits<char>, std::allocator<char> > > >&, unsigned long, std::__cxx11::basic_string<char, std::char_traits<char>, std::allocator<char> >, std::__cxx11::basic_string<char, std::char_traits<char>, std::allocator<char> >&) (wordle.cpp:67)
==2365==    by 0x11ADD7: traversal(std::vector<char, std::allocator<char> >, std::set<std::__cxx11::basic_string<char, std::char_traits<char>, std::allocator<char> >, std::less<std::__cxx11::basic_string<char, std::char_traits<char>, std::allocator<char> > >, std::allocator<std::__cxx11::basic_string<char, std::char_traits<char>, std::allocator<char> > > > const&, std::set<std::__cxx11::basic_string<char, std::char_traits<char>, std::allocator<char> >, std::less<std::__cxx11::basic_string<char, std::char_traits<char>, std::allocator<char> > >, std::allocator<std::__cxx11::basic_string<char, std::char_traits<char>, std::allocator<char> > > >&, unsigned long, std::__cxx11::basic_string<char, std::char_traits<char>, std::allocator<char> >, std::__cxx11::basic_string<char, std::char_traits<char>, std::allocator<char> >&) (wordle.cpp:70)
==2365==    by 0x11ADD7: traversal(std::vector<char, std::allocator<char> >, std::set<std::__cxx11::basic_string<char, std::char_traits<char>, std::allocator<char> >, std::less<std::__cxx11::basic_string<char, std::char_traits<char>, std::allocator<char> > >, std::allocator<std::__cxx11::basic_string<char, std::char_traits<char>, std::allocator<char> > > > const&, std::set<std::__cxx11::basic_string<char, std::char_traits<char>, std::allocator<char> >, std::less<std::__cxx11::basic_string<char, std::char_traits<char>, std::allocator<char> > >, std::allocator<std::__cxx11::basic_string<char, std::char_traits<char>, std::allocator<char> > > >&, unsigned long, std::__cxx11::basic_string<char, std::char_traits<char>, std::allocator<char> >, std::__cxx11::basic_string<char, std::char_traits<char>, std::allocator<char> >&) (wordle.cpp:70)
==2365==    by 0x11ADD7: traversal(std::vector<char, std::allocator<char> >, std::set<std::__cxx11::basic_string<char, std::char_traits<char>, std::allocator<char> >, std::less<std::__cxx11::basic_string<char, std::char_traits<char>, std::allocator<char> > >, std::allocator<std::__cxx11::basic_string<char, std::char_traits<char>, std::allocator<char> > > > const&, std::set<std::__cxx11::basic_string<char, std::char_traits<char>, std::allocator<char> >, std::less<std::__cxx11::basic_string<char, std::char_traits<char>, std::allocator<char> > >, std::allocator<std::__cxx11::basic_string<char, std::char_traits<char>, std::allocator<char> > > >&, unsigned long, std::__cxx11::basic_string<char, std::char_traits<char>, std::allocator<char> >, std::__cxx11::basic_string<char, std::char_traits<char>, std::allocator<char> >&) (wordle.cpp:70)
==2365==    by 0x11AF6B: traversal(std::vector<char, std::allocator<char> >, std::set<std::__cxx11::basic_string<char, std::char_traits<char>, std::allocator<char> >, std::less<std::__cxx11::basic_string<char, std::char_traits<char>, std::allocator<char> > >, std::allocator<std::__cxx11::basic_string<char, std::char_traits<char>, std::allocator<char> > > > const&, std::set<std::__cxx11::basic_string<char, std::char_traits<char>, std::allocator<char> >, std::less<std::__cxx11::basic_string<char, std::char_traits<char>, std::allocator<char> > >, std::allocator<std::__cxx11::basic_string<char, std::char_traits<char>, std::allocator<char> > > >&, unsigned long, std::__cxx11::basic_string<char, std::char_traits<char>, std::allocator<char> >, std::__cxx11::basic_string<char, std::char_traits<char>, std::allocator<char> >&) (wordle.cpp:102)
==2365==    by 0x11AF6B: traversal(std::vector<char, std::allocator<char> >, std::set<std::__cxx11::basic_string<char, std::char_traits<char>, std::allocator<char> >, std::less<std::__cxx11::basic_string<char, std::char_traits<char>, std::allocator<char> > >, std::allocator<std::__cxx11::basic_string<char, std::char_traits<char>, std::allocator<char> > > > const&, std::set<std::__cxx11::basic_string<char, std::char_traits<char>, std::allocator<char> >, std::less<std::__cxx11::basic_string<char, std::char_traits<char>, std::allocator<char> > >, std::allocator<std::__cxx11::basic_string<char, std::char_traits<char>, std::allocator<char> > > >&, unsigned long, std::__cxx11::basic_string<char, std::char_traits<char>, std::allocator<char> >, std::__cxx11::basic_string<char, std::char_traits<char>, std::allocator<char> >&) (wordle.cpp:102)
==2365==    by 0x11ABDF: wordle(std::__cxx11::basic_string<char, std::char_traits<char>, std::allocator<char> > const&, std::__cxx11::basic_string<char, std::char_traits<char>, std::allocator<char> > const&, std::set<std::__cxx11::basic_string<char, std::char_traits<char>, std::allocator<char> >, std::less<std::__cxx11::basic_string<char, std::char_traits<char>, std::allocator<char> > >, std::allocator<std::__cxx11::basic_string<char, std::char_traits<char>, std::allocator<char> > > > const&) (wordle.cpp:41)
==2365==    by 0x112783: Wordle_NoSolutions_Test::TestBody() (wordle-tests.cpp:72)
==2365==    by 0x14C3D7: void testing::internal::HandleExceptionsInMethodIfSupported<testing::Test, void>(testing::Test*, void (testing::Test::*)(), char const*) (in /work/hw-alamgir/hw5/hw5_stu_tests/wordle_tests/wordle_tests)
==2365==    by 0x140937: testing::Test::Run() (in /work/hw-alamgir/hw5/hw5_stu_tests/wordle_tests/wordle_tests)
==2365==    by 0x140A8B: testing::TestInfo::Run() (in /work/hw-alamgir/hw5/hw5_stu_tests/wordle_tests/wordle_tests)
==2365==    by 0x140B67: testing::TestSuite::Run() (in /work/hw-alamgir/hw5/hw5_stu_tests/wordle_tests/wordle_tests)
==2365== 
[       OK ] Wordle.NoSolutions (54 ms)
[----------] 1 test from Wordle (56 ms total)

[----------] Global test environment tear-down
[==========] 1 test from 1 test suite ran. (62 ms total)
[  PASSED  ] 1 test.
==2365== 
==2365== HEAP SUMMARY:
==2365==     in use at exit: 0 bytes in 0 blocks
==2365==   total heap usage: 63,781 allocs, 63,781 frees, 4,182,816 bytes allocated
==2365== 
==2365== All heap blocks were freed -- no leaks are possible
==2365== 
==2365== Use --track-origins=yes to see where uninitialised values come from
==2365== For lists of detected and suppressed errors, rerun with: -s
==2365== ERROR SUMMARY: 3722 errors from 3 contexts (suppressed: 0 from 0)
<end of output>
Test time =   2.85 sec
----------------------------------------------------------
Test Passed.
"Wordle.NoSolutions" end time: Apr 15 19:06 UTC
"Wordle.NoSolutions" time elapsed: 00:00:02
----------------------------------------------------------

3/12 Testing: Wordle.OneLetterUnconstrained
3/12 Test: Wordle.OneLetterUnconstrained
Command: "/usr/bin/valgrind" "--tool=memcheck" "--leak-check=yes" "--trace-children=no" "/work/hw-alamgir/hw5/hw5_stu_tests/wordle_tests/wordle_tests" "--gtest_filter=Wordle.OneLetterUnconstrained"
Directory: /work/hw-alamgir/hw5/hw5_stu_tests/wordle_tests
"Wordle.OneLetterUnconstrained" start time: Apr 15 19:06 UTC
Output:
----------------------------------------------------------
==2366== Memcheck, a memory error detector
==2366== Copyright (C) 2002-2017, and GNU GPL'd, by Julian Seward et al.
==2366== Using Valgrind-3.15.0 and LibVEX; rerun with -h for copyright info
==2366== Command: /work/hw-alamgir/hw5/hw5_stu_tests/wordle_tests/wordle_tests --gtest_filter=Wordle.OneLetterUnconstrained
==2366== 
Read 63247 words into dictionary.
Running main() from /build/googletest-K1TalW/googletest-1.10.0/googletest/src/gtest_main.cc
Note: Google Test filter = Wordle.OneLetterUnconstrained
[==========] Running 1 test from 1 test suite.
[----------] Global test environment set-up.
[----------] 1 test from Wordle
[ RUN      ] Wordle.OneLetterUnconstrained
==2366== Conditional jump or move depends on uninitialised value(s)
==2366==    at 0x11AD90: traversal(std::vector<char, std::allocator<char> >, std::set<std::__cxx11::basic_string<char, std::char_traits<char>, std::allocator<char> >, std::less<std::__cxx11::basic_string<char, std::char_traits<char>, std::allocator<char> > >, std::allocator<std::__cxx11::basic_string<char, std::char_traits<char>, std::allocator<char> > > > const&, std::set<std::__cxx11::basic_string<char, std::char_traits<char>, std::allocator<char> >, std::less<std::__cxx11::basic_string<char, std::char_traits<char>, std::allocator<char> > >, std::allocator<std::__cxx11::basic_string<char, std::char_traits<char>, std::allocator<char> > > >&, unsigned long, std::__cxx11::basic_string<char, std::char_traits<char>, std::allocator<char> >, std::__cxx11::basic_string<char, std::char_traits<char>, std::allocator<char> >&) (wordle.cpp:67)
==2366==    by 0x11ADD7: traversal(std::vector<char, std::allocator<char> >, std::set<std::__cxx11::basic_string<char, std::char_traits<char>, std::allocator<char> >, std::less<std::__cxx11::basic_string<char, std::char_traits<char>, std::allocator<char> > >, std::allocator<std::__cxx11::basic_string<char, std::char_traits<char>, std::allocator<char> > > > const&, std::set<std::__cxx11::basic_string<char, std::char_traits<char>, std::allocator<char> >, std::less<std::__cxx11::basic_string<char, std::char_traits<char>, std::allocator<char> > >, std::allocator<std::__cxx11::basic_string<char, std::char_traits<char>, std::allocator<char> > > >&, unsigned long, std::__cxx11::basic_string<char, std::char_traits<char>, std::allocator<char> >, std::__cxx11::basic_string<char, std::char_traits<char>, std::allocator<char> >&) (wordle.cpp:70)
==2366==    by 0x11B17B: traversal(std::vector<char, std::allocator<char> >, std::set<std::__cxx11::basic_string<char, std::char_traits<char>, std::allocator<char> >, std::less<std::__cxx11::basic_string<char, std::char_traits<char>, std::allocator<char> > >, std::allocator<std::__cxx11::basic_string<char, std::char_traits<char>, std::allocator<char> > > > const&, std::set<std::__cxx11::basic_string<char, std::char_traits<char>, std::allocator<char> >, std::less<std::__cxx11::basic_string<char, std::char_traits<char>, std::allocator<char> > >, std::allocator<std::__cxx11::basic_string<char, std::char_traits<char>, std::allocator<char> > > >&, unsigned long, std::__cxx11::basic_string<char, std::char_traits<char>, std::allocator<char> >, std::__cxx11::basic_string<char, std::char_traits<char>, std::allocator<char> >&) (wordle.cpp:162)
==2366==    by 0x11ABDF: wordle(std::__cxx11::basic_string<char, std::char_traits<char>, std::allocator<char> > const&, std::__cxx11::basic_string<char, std::char_traits<char>, std::allocator<char> > const&, std::set<std::__cxx11::basic_string<char, std::char_traits<char>, std::allocator<char> >, std::less<std::__cxx11::basic_string<char, std::char_traits<char>, std::allocator<char> > >, std::allocator<std::__cxx11::basic_string<char, std::char_traits<char>, std::allocator<char> > > > const&) (wordle.cpp:41)
==2366==    by 0x112A67: Wordle_OneLetterUnconstrained_Test::TestBody() (wordle-tests.cpp:89)
==2366==    by 0x14C3D7: void testing::internal::HandleExceptionsInMethodIfSupported<testing::Test, void>(testing::Test*, void (testing::Test::*)(), char const*) (in /work/hw-alamgir/hw5/hw5_stu_tests/wordle_tests/wordle_tests)
==2366==    by 0x140937: testing::Test::Run() (in /work/hw-alamgir/hw5/hw5_stu_tests/wordle_tests/wordle_tests)
==2366==    by 0x140A8B: testing::TestInfo::Run() (in /work/hw-alamgir/hw5/hw5_stu_tests/wordle_tests/wordle_tests)
==2366==    by 0x140B67: testing::TestSuite::Run() (in /work/hw-alamgir/hw5/hw5_stu_tests/wordle_tests/wordle_tests)
==2366==    by 0x1410B3: testing::internal::UnitTestImpl::RunAllTests() (in /work/hw-alamgir/hw5/hw5_stu_tests/wordle_tests/wordle_tests)
==2366==    by 0x14C96F: bool testing::internal::HandleExceptionsInMethodIfSupported<testing::internal::UnitTestImpl, bool>(testing::internal::UnitTestImpl*, bool (testing::internal::UnitTestImpl::*)(), char const*) (in /work/hw-alamgir/hw5/hw5_stu_tests/wordle_tests/wordle_tests)
==2366==    by 0x1412FB: testing::UnitTest::Run() (in /work/hw-alamgir/hw5/hw5_stu_tests/wordle_tests/wordle_tests)
==2366== 
==2366== Conditional jump or move depends on uninitialised value(s)
==2366==    at 0x11AD90: traversal(std::vector<char, std::allocator<char> >, std::set<std::__cxx11::basic_string<char, std::char_traits<char>, std::allocator<char> >, std::less<std::__cxx11::basic_string<char, std::char_traits<char>, std::allocator<char> > >, std::allocator<std::__cxx11::basic_string<char, std::char_traits<char>, std::allocator<char> > > > const&, std::set<std::__cxx11::basic_string<char, std::char_traits<char>, std::allocator<char> >, std::less<std::__cxx11::basic_string<char, std::char_traits<char>, std::allocator<char> > >, std::allocator<std::__cxx11::basic_string<char, std::char_traits<char>, std::allocator<char> > > >&, unsigned long, std::__cxx11::basic_string<char, std::char_traits<char>, std::allocator<char> >, std::__cxx11::basic_string<char, std::char_traits<char>, std::allocator<char> >&) (wordle.cpp:67)
==2366==    by 0x11ADD7: traversal(std::vector<char, std::allocator<char> >, std::set<std::__cxx11::basic_string<char, std::char_traits<char>, std::allocator<char> >, std::less<std::__cxx11::basic_string<char, std::char_traits<char>, std::allocator<char> > >, std::allocator<std::__cxx11::basic_string<char, std::char_traits<char>, std::allocator<char> > > > const&, std::set<std::__cxx11::basic_string<char, std::char_traits<char>, std::allocator<char> >, std::less<std::__cxx11::basic_string<char, std::char_traits<char>, std::allocator<char> > >, std::allocator<std::__cxx11::basic_string<char, std::char_traits<char>, std::allocator<char> > > >&, unsigned long, std::__cxx11::basic_string<char, std::char_traits<char>, std::allocator<char> >, std::__cxx11::basic_string<char, std::char_traits<char>, std::allocator<char> >&) (wordle.cpp:70)
==2366==    by 0x11ADD7: traversal(std::vector<char, std::allocator<char> >, std::set<std::__cxx11::basic_string<char, std::char_traits<char>, std::allocator<char> >, std::less<std::__cxx11::basic_string<char, std::char_traits<char>, std::allocator<char> > >, std::allocator<std::__cxx11::basic_string<char, std::char_traits<char>, std::allocator<char> > > > const&, std::set<std::__cxx11::basic_string<char, std::char_traits<char>, std::allocator<char> >, std::less<std::__cxx11::basic_string<char, std::char_traits<char>, std::allocator<char> > >, std::allocator<std::__cxx11::basic_string<char, std::char_traits<char>, std::allocator<char> > > >&, unsigned long, std::__cxx11::basic_string<char, std::char_traits<char>, std::allocator<char> >, std::__cxx11::basic_string<char, std::char_traits<char>, std::allocator<char> >&) (wordle.cpp:70)
==2366==    by 0x11B17B: traversal(std::vector<char, std::allocator<char> >, std::set<std::__cxx11::basic_string<char, std::char_traits<char>, std::allocator<char> >, std::less<std::__cxx11::basic_string<char, std::char_traits<char>, std::allocator<char> > >, std::allocator<std::__cxx11::basic_string<char, std::char_traits<char>, std::allocator<char> > > > const&, std::set<std::__cxx11::basic_string<char, std::char_traits<char>, std::allocator<char> >, std::less<std::__cxx11::basic_string<char, std::char_traits<char>, std::allocator<char> > >, std::allocator<std::__cxx11::basic_string<char, std::char_traits<char>, std::allocator<char> > > >&, unsigned long, std::__cxx11::basic_string<char, std::char_traits<char>, std::allocator<char> >, std::__cxx11::basic_string<char, std::char_traits<char>, std::allocator<char> >&) (wordle.cpp:162)
==2366==    by 0x11ABDF: wordle(std::__cxx11::basic_string<char, std::char_traits<char>, std::allocator<char> > const&, std::__cxx11::basic_string<char, std::char_traits<char>, std::allocator<char> > const&, std::set<std::__cxx11::basic_string<char, std::char_traits<char>, std::allocator<char> >, std::less<std::__cxx11::basic_string<char, std::char_traits<char>, std::allocator<char> > >, std::allocator<std::__cxx11::basic_string<char, std::char_traits<char>, std::allocator<char> > > > const&) (wordle.cpp:41)
==2366==    by 0x112A67: Wordle_OneLetterUnconstrained_Test::TestBody() (wordle-tests.cpp:89)
==2366==    by 0x14C3D7: void testing::internal::HandleExceptionsInMethodIfSupported<testing::Test, void>(testing::Test*, void (testing::Test::*)(), char const*) (in /work/hw-alamgir/hw5/hw5_stu_tests/wordle_tests/wordle_tests)
==2366==    by 0x140937: testing::Test::Run() (in /work/hw-alamgir/hw5/hw5_stu_tests/wordle_tests/wordle_tests)
==2366==    by 0x140A8B: testing::TestInfo::Run() (in /work/hw-alamgir/hw5/hw5_stu_tests/wordle_tests/wordle_tests)
==2366==    by 0x140B67: testing::TestSuite::Run() (in /work/hw-alamgir/hw5/hw5_stu_tests/wordle_tests/wordle_tests)
==2366==    by 0x1410B3: testing::internal::UnitTestImpl::RunAllTests() (in /work/hw-alamgir/hw5/hw5_stu_tests/wordle_tests/wordle_tests)
==2366==    by 0x14C96F: bool testing::internal::HandleExceptionsInMethodIfSupported<testing::internal::UnitTestImpl, bool>(testing::internal::UnitTestImpl*, bool (testing::internal::UnitTestImpl::*)(), char const*) (in /work/hw-alamgir/hw5/hw5_stu_tests/wordle_tests/wordle_tests)
==2366== 
==2366== Conditional jump or move depends on uninitialised value(s)
==2366==    at 0x11AD90: traversal(std::vector<char, std::allocator<char> >, std::set<std::__cxx11::basic_string<char, std::char_traits<char>, std::allocator<char> >, std::less<std::__cxx11::basic_string<char, std::char_traits<char>, std::allocator<char> > >, std::allocator<std::__cxx11::basic_string<char, std::char_traits<char>, std::allocator<char> > > > const&, std::set<std::__cxx11::basic_string<char, std::char_traits<char>, std::allocator<char> >, std::less<std::__cxx11::basic_string<char, std::char_traits<char>, std::allocator<char> > >, std::allocator<std::__cxx11::basic_string<char, std::char_traits<char>, std::allocator<char> > > >&, unsigned long, std::__cxx11::basic_string<char, std::char_traits<char>, std::allocator<char> >, std::__cxx11::basic_string<char, std::char_traits<char>, std::allocator<char> >&) (wordle.cpp:67)
==2366==    by 0x11ADD7: traversal(std::vector<char, std::allocator<char> >, std::set<std::__cxx11::basic_string<char, std::char_traits<char>, std::allocator<char> >, std::less<std::__cxx11::basic_string<char, std::char_traits<char>, std::allocator<char> > >, std::allocator<std::__cxx11::basic_string<char, std::char_traits<char>, std::allocator<char> > > > const&, std::set<std::__cxx11::basic_string<char, std::char_traits<char>, std::allocator<char> >, std::less<std::__cxx11::basic_string<char, std::char_traits<char>, std::allocator<char> > >, std::allocator<std::__cxx11::basic_string<char, std::char_traits<char>, std::allocator<char> > > >&, unsigned long, std::__cxx11::basic_string<char, std::char_traits<char>, std::allocator<char> >, std::__cxx11::basic_string<char, std::char_traits<char>, std::allocator<char> >&) (wordle.cpp:70)
==2366==    by 0x11ADD7: traversal(std::vector<char, std::allocator<char> >, std::set<std::__cxx11::basic_string<char, std::char_traits<char>, std::allocator<char> >, std::less<std::__cxx11::basic_string<char, std::char_traits<char>, std::allocator<char> > >, std::allocator<std::__cxx11::basic_string<char, std::char_traits<char>, std::allocator<char> > > > const&, std::set<std::__cxx11::basic_string<char, std::char_traits<char>, std::allocator<char> >, std::less<std::__cxx11::basic_string<char, std::char_traits<char>, std::allocator<char> > >, std::allocator<std::__cxx11::basic_string<char, std::char_traits<char>, std::allocator<char> > > >&, unsigned long, std::__cxx11::basic_string<char, std::char_traits<char>, std::allocator<char> >, std::__cxx11::basic_string<char, std::char_traits<char>, std::allocator<char> >&) (wordle.cpp:70)
==2366==    by 0x11ADD7: traversal(std::vector<char, std::allocator<char> >, std::set<std::__cxx11::basic_string<char, std::char_traits<char>, std::allocator<char> >, std::less<std::__cxx11::basic_string<char, std::char_traits<char>, std::allocator<char> > >, std::allocator<std::__cxx11::basic_string<char, std::char_traits<char>, std::allocator<char> > > > const&, std::set<std::__cxx11::basic_string<char, std::char_traits<char>, std::allocator<char> >, std::less<std::__cxx11::basic_string<char, std::char_traits<char>, std::allocator<char> > >, std::allocator<std::__cxx11::basic_string<char, std::char_traits<char>, std::allocator<char> > > >&, unsigned long, std::__cxx11::basic_string<char, std::char_traits<char>, std::allocator<char> >, std::__cxx11::basic_string<char, std::char_traits<char>, std::allocator<char> >&) (wordle.cpp:70)
==2366==    by 0x11B17B: traversal(std::vector<char, std::allocator<char> >, std::set<std::__cxx11::basic_string<char, std::char_traits<char>, std::allocator<char> >, std::less<std::__cxx11::basic_string<char, std::char_traits<char>, std::allocator<char> > >, std::allocator<std::__cxx11::basic_string<char, std::char_traits<char>, std::allocator<char> > > > const&, std::set<std::__cxx11::basic_string<char, std::char_traits<char>, std::allocator<char> >, std::less<std::__cxx11::basic_string<char, std::char_traits<char>, std::allocator<char> > >, std::allocator<std::__cxx11::basic_string<char, std::char_traits<char>, std::allocator<char> > > >&, unsigned long, std::__cxx11::basic_string<char, std::char_traits<char>, std::allocator<char> >, std::__cxx11::basic_string<char, std::char_traits<char>, std::allocator<char> >&) (wordle.cpp:162)
==2366==    by 0x11ABDF: wordle(std::__cxx11::basic_string<char, std::char_traits<char>, std::allocator<char> > const&, std::__cxx11::basic_string<char, std::char_traits<char>, std::allocator<char> > const&, std::set<std::__cxx11::basic_string<char, std::char_traits<char>, std::allocator<char> >, std::less<std::__cxx11::basic_string<char, std::char_traits<char>, std::allocator<char> > >, std::allocator<std::__cxx11::basic_string<char, std::char_traits<char>, std::allocator<char> > > > const&) (wordle.cpp:41)
==2366==    by 0x112A67: Wordle_OneLetterUnconstrained_Test::TestBody() (wordle-tests.cpp:89)
==2366==    by 0x14C3D7: void testing::internal::HandleExceptionsInMethodIfSupported<testing::Test, void>(testing::Test*, void (testing::Test::*)(), char const*) (in /work/hw-alamgir/hw5/hw5_stu_tests/wordle_tests/wordle_tests)
==2366==    by 0x140937: testing::Test::Run() (in /work/hw-alamgir/hw5/hw5_stu_tests/wordle_tests/wordle_tests)
==2366==    by 0x140A8B: testing::TestInfo::Run() (in /work/hw-alamgir/hw5/hw5_stu_tests/wordle_tests/wordle_tests)
==2366==    by 0x140B67: testing::TestSuite::Run() (in /work/hw-alamgir/hw5/hw5_stu_tests/wordle_tests/wordle_tests)
==2366==    by 0x1410B3: testing::internal::UnitTestImpl::RunAllTests() (in /work/hw-alamgir/hw5/hw5_stu_tests/wordle_tests/wordle_tests)
==2366== 
[       OK ] Wordle.OneLetterUnconstrained (554 ms)
[----------] 1 test from Wordle (555 ms total)

[----------] Global test environment tear-down
[==========] 1 test from 1 test suite ran. (561 ms total)
[  PASSED  ] 1 test.
==2366== 
==2366== HEAP SUMMARY:
==2366==     in use at exit: 0 bytes in 0 blocks
==2366==   total heap usage: 63,850 allocs, 63,850 frees, 4,187,872 bytes allocated
==2366== 
==2366== All heap blocks were freed -- no leaks are possible
==2366== 
==2366== Use --track-origins=yes to see where uninitialised values come from
==2366== For lists of detected and suppressed errors, rerun with: -s
==2366== ERROR SUMMARY: 49036 errors from 3 contexts (suppressed: 0 from 0)
<end of output>
Test time =   3.39 sec
----------------------------------------------------------
Test Passed.
"Wordle.OneLetterUnconstrained" end time: Apr 15 19:06 UTC
"Wordle.OneLetterUnconstrained" time elapsed: 00:00:03
----------------------------------------------------------

4/12 Testing: Wordle.OneLetterConstrained
4/12 Test: Wordle.OneLetterConstrained
Command: "/usr/bin/valgrind" "--tool=memcheck" "--leak-check=yes" "--trace-children=no" "/work/hw-alamgir/hw5/hw5_stu_tests/wordle_tests/wordle_tests" "--gtest_filter=Wordle.OneLetterConstrained"
Directory: /work/hw-alamgir/hw5/hw5_stu_tests/wordle_tests
"Wordle.OneLetterConstrained" start time: Apr 15 19:06 UTC
Output:
----------------------------------------------------------
==2367== Memcheck, a memory error detector
==2367== Copyright (C) 2002-2017, and GNU GPL'd, by Julian Seward et al.
==2367== Using Valgrind-3.15.0 and LibVEX; rerun with -h for copyright info
==2367== Command: /work/hw-alamgir/hw5/hw5_stu_tests/wordle_tests/wordle_tests --gtest_filter=Wordle.OneLetterConstrained
==2367== 
Read 63247 words into dictionary.
Running main() from /build/googletest-K1TalW/googletest-1.10.0/googletest/src/gtest_main.cc
Note: Google Test filter = Wordle.OneLetterConstrained
[==========] Running 1 test from 1 test suite.
[----------] Global test environment set-up.
[----------] 1 test from Wordle
[ RUN      ] Wordle.OneLetterConstrained
==2367== Conditional jump or move depends on uninitialised value(s)
==2367==    at 0x11AD90: traversal(std::vector<char, std::allocator<char> >, std::set<std::__cxx11::basic_string<char, std::char_traits<char>, std::allocator<char> >, std::less<std::__cxx11::basic_string<char, std::char_traits<char>, std::allocator<char> > >, std::allocator<std::__cxx11::basic_string<char, std::char_traits<char>, std::allocator<char> > > > const&, std::set<std::__cxx11::basic_string<char, std::char_traits<char>, std::allocator<char> >, std::less<std::__cxx11::basic_string<char, std::char_traits<char>, std::allocator<char> > >, std::allocator<std::__cxx11::basic_string<char, std::char_traits<char>, std::allocator<char> > > >&, unsigned long, std::__cxx11::basic_string<char, std::char_traits<char>, std::allocator<char> >, std::__cxx11::basic_string<char, std::char_traits<char>, std::allocator<char> >&) (wordle.cpp:67)
==2367==    by 0x11ADD7: traversal(std::vector<char, std::allocator<char> >, std::set<std::__cxx11::basic_string<char, std::char_traits<char>, std::allocator<char> >, std::less<std::__cxx11::basic_string<char, std::char_traits<char>, std::allocator<char> > >, std::allocator<std::__cxx11::basic_string<char, std::char_traits<char>, std::allocator<char> > > > const&, std::set<std::__cxx11::basic_string<char, std::char_traits<char>, std::allocator<char> >, std::less<std::__cxx11::basic_string<char, std::char_traits<char>, std::allocator<char> > >, std::allocator<std::__cxx11::basic_string<char, std::char_traits<char>, std::allocator<char> > > >&, unsigned long, std::__cxx11::basic_string<char, std::char_traits<char>, std::allocator<char> >, std::__cxx11::basic_string<char, std::char_traits<char>, std::allocator<char> >&) (wordle.cpp:70)
==2367==    by 0x11AF6B: traversal(std::vector<char, std::allocator<char> >, std::set<std::__cxx11::basic_string<char, std::char_traits<char>, std::allocator<char> >, std::less<std::__cxx11::basic_string<char, std::char_traits<char>, std::allocator<char> > >, std::allocator<std::__cxx11::basic_string<char, std::char_traits<char>, std::allocator<char> > > > const&, std::set<std::__cxx11::basic_string<char, std::char_traits<char>, std::allocator<char> >, std::less<std::__cxx11::basic_string<char, std::char_traits<char>, std::allocator<char> > >, std::allocator<std::__cxx11::basic_string<char, std::char_traits<char>, std::allocator<char> > > >&, unsigned long, std::__cxx11::basic_string<char, std::char_traits<char>, std::allocator<char> >, std::__cxx11::basic_string<char, std::char_traits<char>, std::allocator<char> >&) (wordle.cpp:102)
==2367==    by 0x11ABDF: wordle(std::__cxx11::basic_string<char, std::char_traits<char>, std::allocator<char> > const&, std::__cxx11::basic_string<char, std::char_traits<char>, std::allocator<char> > const&, std::set<std::__cxx11::basic_string<char, std::char_traits<char>, std::allocator<char> >, std::less<std::__cxx11::basic_string<char, std::char_traits<char>, std::allocator<char> > >, std::allocator<std::__cxx11::basic_string<char, std::char_traits<char>, std::allocator<char> > > > const&) (wordle.cpp:41)
==2367==    by 0x112D83: Wordle_OneLetterConstrained_Test::TestBody() (wordle-tests.cpp:100)
==2367==    by 0x14C3D7: void testing::internal::HandleExceptionsInMethodIfSupported<testing::Test, void>(testing::Test*, void (testing::Test::*)(), char const*) (in /work/hw-alamgir/hw5/hw5_stu_tests/wordle_tests/wordle_tests)
==2367==    by 0x140937: testing::Test::Run() (in /work/hw-alamgir/hw5/hw5_stu_tests/wordle_tests/wordle_tests)
==2367==    by 0x140A8B: testing::TestInfo::Run() (in /work/hw-alamgir/hw5/hw5_stu_tests/wordle_tests/wordle_tests)
==2367==    by 0x140B67: testing::TestSuite::Run() (in /work/hw-alamgir/hw5/hw5_stu_tests/wordle_tests/wordle_tests)
==2367==    by 0x1410B3: testing::internal::UnitTestImpl::RunAllTests() (in /work/hw-alamgir/hw5/hw5_stu_tests/wordle_tests/wordle_tests)
==2367==    by 0x14C96F: bool testing::internal::HandleExceptionsInMethodIfSupported<testing::internal::UnitTestImpl, bool>(testing::internal::UnitTestImpl*, bool (testing::internal::UnitTestImpl::*)(), char const*) (in /work/hw-alamgir/hw5/hw5_stu_tests/wordle_tests/wordle_tests)
==2367==    by 0x1412FB: testing::UnitTest::Run() (in /work/hw-alamgir/hw5/hw5_stu_tests/wordle_tests/wordle_tests)
==2367== 
==2367== Conditional jump or move depends on uninitialised value(s)
==2367==    at 0x11AD90: traversal(std::vector<char, std::allocator<char> >, std::set<std::__cxx11::basic_string<char, std::char_traits<char>, std::allocator<char> >, std::less<std::__cxx11::basic_string<char, std::char_traits<char>, std::allocator<char> > >, std::allocator<std::__cxx11::basic_string<char, std::char_traits<char>, std::allocator<char> > > > const&, std::set<std::__cxx11::basic_string<char, std::char_traits<char>, std::allocator<char> >, std::less<std::__cxx11::basic_string<char, std::char_traits<char>, std::allocator<char> > >, std::allocator<std::__cxx11::basic_string<char, std::char_traits<char>, std::allocator<char> > > >&, unsigned long, std::__cxx11::basic_string<char, std::char_traits<char>, std::allocator<char> >, std::__cxx11::basic_string<char, std::char_traits<char>, std::allocator<char> >&) (wordle.cpp:67)
==2367==    by 0x11ADD7: traversal(std::vector<char, std::allocator<char> >, std::set<std::__cxx11::basic_string<char, std::char_traits<char>, std::allocator<char> >, std::less<std::__cxx11::basic_string<char, std::char_traits<char>, std::allocator<char> > >, std::allocator<std::__cxx11::basic_string<char, std::char_traits<char>, std::allocator<char> > > > const&, std::set<std::__cxx11::basic_string<char, std::char_traits<char>, std::allocator<char> >, std::less<std::__cxx11::basic_string<char, std::char_traits<char>, std::allocator<char> > >, std::allocator<std::__cxx11::basic_string<char, std::char_traits<char>, std::allocator<char> > > >&, unsigned long, std::__cxx11::basic_string<char, std::char_traits<char>, std::allocator<char> >, std::__cxx11::basic_string<char, std::char_traits<char>, std::allocator<char> >&) (wordle.cpp:70)
==2367==    by 0x11ADD7: traversal(std::vector<char, std::allocator<char> >, std::set<std::__cxx11::basic_string<char, std::char_traits<char>, std::allocator<char> >, std::less<std::__cxx11::basic_string<char, std::char_traits<char>, std::allocator<char> > >, std::allocator<std::__cxx11::basic_string<char, std::char_traits<char>, std::allocator<char> > > > const&, std::set<std::__cxx11::basic_string<char, std::char_traits<char>, std::allocator<char> >, std::less<std::__cxx11::basic_string<char, std::char_traits<char>, std::allocator<char> > >, std::allocator<std::__cxx11::basic_string<char, std::char_traits<char>, std::allocator<char> > > >&, unsigned long, std::__cxx11::basic_string<char, std::char_traits<char>, std::allocator<char> >, std::__cxx11::basic_string<char, std::char_traits<char>, std::allocator<char> >&) (wordle.cpp:70)
==2367==    by 0x11AF6B: traversal(std::vector<char, std::allocator<char> >, std::set<std::__cxx11::basic_string<char, std::char_traits<char>, std::allocator<char> >, std::less<std::__cxx11::basic_string<char, std::char_traits<char>, std::allocator<char> > >, std::allocator<std::__cxx11::basic_string<char, std::char_traits<char>, std::allocator<char> > > > const&, std::set<std::__cxx11::basic_string<char, std::char_traits<char>, std::allocator<char> >, std::less<std::__cxx11::basic_string<char, std::char_traits<char>, std::allocator<char> > >, std::allocator<std::__cxx11::basic_string<char, std::char_traits<char>, std::allocator<char> > > >&, unsigned long, std::__cxx11::basic_string<char, std::char_traits<char>, std::allocator<char> >, std::__cxx11::basic_string<char, std::char_traits<char>, std::allocator<char> >&) (wordle.cpp:102)
==2367==    by 0x11ABDF: wordle(std::__cxx11::basic_string<char, std::char_traits<char>, std::allocator<char> > const&, std::__cxx11::basic_string<char, std::char_traits<char>, std::allocator<char> > const&, std::set<std::__cxx11::basic_string<char, std::char_traits<char>, std::allocator<char> >, std::less<std::__cxx11::basic_string<char, std::char_traits<char>, std::allocator<char> > >, std::allocator<std::__cxx11::basic_string<char, std::char_traits<char>, std::allocator<char> > > > const&) (wordle.cpp:41)
==2367==    by 0x112D83: Wordle_OneLetterConstrained_Test::TestBody() (wordle-tests.cpp:100)
==2367==    by 0x14C3D7: void testing::internal::HandleExceptionsInMethodIfSupported<testing::Test, void>(testing::Test*, void (testing::Test::*)(), char const*) (in /work/hw-alamgir/hw5/hw5_stu_tests/wordle_tests/wordle_tests)
==2367==    by 0x140937: testing::Test::Run() (in /work/hw-alamgir/hw5/hw5_stu_tests/wordle_tests/wordle_tests)
==2367==    by 0x140A8B: testing::TestInfo::Run() (in /work/hw-alamgir/hw5/hw5_stu_tests/wordle_tests/wordle_tests)
==2367==    by 0x140B67: testing::TestSuite::Run() (in /work/hw-alamgir/hw5/hw5_stu_tests/wordle_tests/wordle_tests)
==2367==    by 0x1410B3: testing::internal::UnitTestImpl::RunAllTests() (in /work/hw-alamgir/hw5/hw5_stu_tests/wordle_tests/wordle_tests)
==2367==    by 0x14C96F: bool testing::internal::HandleExceptionsInMethodIfSupported<testing::internal::UnitTestImpl, bool>(testing::internal::UnitTestImpl*, bool (testing::internal::UnitTestImpl::*)(), char const*) (in /work/hw-alamgir/hw5/hw5_stu_tests/wordle_tests/wordle_tests)
==2367== 
==2367== Conditional jump or move depends on uninitialised value(s)
==2367==    at 0x11AD90: traversal(std::vector<char, std::allocator<char> >, std::set<std::__cxx11::basic_string<char, std::char_traits<char>, std::allocator<char> >, std::less<std::__cxx11::basic_string<char, std::char_traits<char>, std::allocator<char> > >, std::allocator<std::__cxx11::basic_string<char, std::char_traits<char>, std::allocator<char> > > > const&, std::set<std::__cxx11::basic_string<char, std::char_traits<char>, std::allocator<char> >, std::less<std::__cxx11::basic_string<char, std::char_traits<char>, std::allocator<char> > >, std::allocator<std::__cxx11::basic_string<char, std::char_traits<char>, std::allocator<char> > > >&, unsigned long, std::__cxx11::basic_string<char, std::char_traits<char>, std::allocator<char> >, std::__cxx11::basic_string<char, std::char_traits<char>, std::allocator<char> >&) (wordle.cpp:67)
==2367==    by 0x11ADD7: traversal(std::vector<char, std::allocator<char> >, std::set<std::__cxx11::basic_string<char, std::char_traits<char>, std::allocator<char> >, std::less<std::__cxx11::basic_string<char, std::char_traits<char>, std::allocator<char> > >, std::allocator<std::__cxx11::basic_string<char, std::char_traits<char>, std::allocator<char> > > > const&, std::set<std::__cxx11::basic_string<char, std::char_traits<char>, std::allocator<char> >, std::less<std::__cxx11::basic_string<char, std::char_traits<char>, std::allocator<char> > >, std::allocator<std::__cxx11::basic_string<char, std::char_traits<char>, std::allocator<char> > > >&, unsigned long, std::__cxx11::basic_string<char, std::char_traits<char>, std::allocator<char> >, std::__cxx11::basic_string<char, std::char_traits<char>, std::allocator<char> >&) (wordle.cpp:70)
==2367==    by 0x11ADD7: traversal(std::vector<char, std::allocator<char> >, std::set<std::__cxx11::basic_string<char, std::char_traits<char>, std::allocator<char> >, std::less<std::__cxx11::basic_string<char, std::char_traits<char>, std::allocator<char> > >, std::allocator<std::__cxx11::basic_string<char, std::char_traits<char>, std::allocator<char> > > > const&, std::set<std::__cxx11::basic_string<char, std::char_traits<char>, std::allocator<char> >, std::less<std::__cxx11::basic_string<char, std::char_traits<char>, std::allocator<char> > >, std::allocator<std::__cxx11::basic_string<char, std::char_traits<char>, std::allocator<char> > > >&, unsigned long, std::__cxx11::basic_string<char, std::char_traits<char>, std::allocator<char> >, std::__cxx11::basic_string<char, std::char_traits<char>, std::allocator<char> >&) (wordle.cpp:70)
==2367==    by 0x11ADD7: traversal(std::vector<char, std::allocator<char> >, std::set<std::__cxx11::basic_string<char, std::char_traits<char>, std::allocator<char> >, std::less<std::__cxx11::basic_string<char, std::char_traits<char>, std::allocator<char> > >, std::allocator<std::__cxx11::basic_string<char, std::char_traits<char>, std::allocator<char> > > > const&, std::set<std::__cxx11::basic_string<char, std::char_traits<char>, std::allocator<char> >, std::less<std::__cxx11::basic_string<char, std::char_traits<char>, std::allocator<char> > >, std::allocator<std::__cxx11::basic_string<char, std::char_traits<char>, std::allocator<char> > > >&, unsigned long, std::__cxx11::basic_string<char, std::char_traits<char>, std::allocator<char> >, std::__cxx11::basic_string<char, std::char_traits<char>, std::allocator<char> >&) (wordle.cpp:70)
==2367==    by 0x11AF6B: traversal(std::vector<char, std::allocator<char> >, std::set<std::__cxx11::basic_string<char, std::char_traits<char>, std::allocator<char> >, std::less<std::__cxx11::basic_string<char, std::char_traits<char>, std::allocator<char> > >, std::allocator<std::__cxx11::basic_string<char, std::char_traits<char>, std::allocator<char> > > > const&, std::set<std::__cxx11::basic_string<char, std::char_traits<char>, std::allocator<char> >, std::less<std::__cxx11::basic_string<char, std::char_traits<char>, std::allocator<char> > >, std::allocator<std::__cxx11::basic_string<char, std::char_traits<char>, std::allocator<char> > > >&, unsigned long, std::__cxx11::basic_string<char, std::char_traits<char>, std::allocator<char> >, std::__cxx11::basic_string<char, std::char_traits<char>, std::allocator<char> >&) (wordle.cpp:102)
==2367==    by 0x11ABDF: wordle(std::__cxx11::basic_string<char, std::char_traits<char>, std::allocator<char> > const&, std::__cxx11::basic_string<char, std::char_traits<char>, std::allocator<char> > const&, std::set<std::__cxx11::basic_string<char, std::char_traits<char>, std::allocator<char> >, std::less<std::__cxx11::basic_string<char, std::char_traits<char>, std::allocator<char> > >, std::allocator<std::__cxx11::basic_string<char, std::char_traits<char>, std::allocator<char> > > > const&) (wordle.cpp:41)
==2367==    by 0x112D83: Wordle_OneLetterConstrained_Test::TestBody() (wordle-tests.cpp:100)
==2367==    by 0x14C3D7: void testing::internal::HandleExceptionsInMethodIfSupported<testing::Test, void>(testing::Test*, void (testing::Test::*)(), char const*) (in /work/hw-alamgir/hw5/hw5_stu_tests/wordle_tests/wordle_tests)
==2367==    by 0x140937: testing::Test::Run() (in /work/hw-alamgir/hw5/hw5_stu_tests/wordle_tests/wordle_tests)
==2367==    by 0x140A8B: testing::TestInfo::Run() (in /work/hw-alamgir/hw5/hw5_stu_tests/wordle_tests/wordle_tests)
==2367==    by 0x140B67: testing::TestSuite::Run() (in /work/hw-alamgir/hw5/hw5_stu_tests/wordle_tests/wordle_tests)
==2367==    by 0x1410B3: testing::internal::UnitTestImpl::RunAllTests() (in /work/hw-alamgir/hw5/hw5_stu_tests/wordle_tests/wordle_tests)
==2367== 
[       OK ] Wordle.OneLetterConstrained (25 ms)
[----------] 1 test from Wordle (26 ms total)

[----------] Global test environment tear-down
[==========] 1 test from 1 test suite ran. (32 ms total)
[  PASSED  ] 1 test.
==2367== 
==2367== HEAP SUMMARY:
==2367==     in use at exit: 0 bytes in 0 blocks
==2367==   total heap usage: 63,778 allocs, 63,778 frees, 4,183,061 bytes allocated
==2367== 
==2367== All heap blocks were freed -- no leaks are possible
==2367== 
==2367== Use --track-origins=yes to see where uninitialised values come from
==2367== For lists of detected and suppressed errors, rerun with: -s
==2367== ERROR SUMMARY: 1036 errors from 3 contexts (suppressed: 0 from 0)
<end of output>
Test time =   2.84 sec
----------------------------------------------------------
Test Passed.
"Wordle.OneLetterConstrained" end time: Apr 15 19:06 UTC
"Wordle.OneLetterConstrained" time elapsed: 00:00:02
----------------------------------------------------------

5/12 Testing: Wordle.TwoLetterUnconstrained
5/12 Test: Wordle.TwoLetterUnconstrained
Command: "/usr/bin/valgrind" "--tool=memcheck" "--leak-check=yes" "--trace-children=no" "/work/hw-alamgir/hw5/hw5_stu_tests/wordle_tests/wordle_tests" "--gtest_filter=Wordle.TwoLetterUnconstrained"
Directory: /work/hw-alamgir/hw5/hw5_stu_tests/wordle_tests
"Wordle.TwoLetterUnconstrained" start time: Apr 15 19:06 UTC
Output:
----------------------------------------------------------
==2368== Memcheck, a memory error detector
==2368== Copyright (C) 2002-2017, and GNU GPL'd, by Julian Seward et al.
==2368== Using Valgrind-3.15.0 and LibVEX; rerun with -h for copyright info
==2368== Command: /work/hw-alamgir/hw5/hw5_stu_tests/wordle_tests/wordle_tests --gtest_filter=Wordle.TwoLetterUnconstrained
==2368== 
Read 63247 words into dictionary.
Running main() from /build/googletest-K1TalW/googletest-1.10.0/googletest/src/gtest_main.cc
Note: Google Test filter = Wordle.TwoLetterUnconstrained
[==========] Running 1 test from 1 test suite.
[----------] Global test environment set-up.
[----------] 1 test from Wordle
[ RUN      ] Wordle.TwoLetterUnconstrained
==2368== Conditional jump or move depends on uninitialised value(s)
==2368==    at 0x11AD90: traversal(std::vector<char, std::allocator<char> >, std::set<std::__cxx11::basic_string<char, std::char_traits<char>, std::allocator<char> >, std::less<std::__cxx11::basic_string<char, std::char_traits<char>, std::allocator<char> > >, std::allocator<std::__cxx11::basic_string<char, std::char_traits<char>, std::allocator<char> > > > const&, std::set<std::__cxx11::basic_string<char, std::char_traits<char>, std::allocator<char> >, std::less<std::__cxx11::basic_string<char, std::char_traits<char>, std::allocator<char> > >, std::allocator<std::__cxx11::basic_string<char, std::char_traits<char>, std::allocator<char> > > >&, unsigned long, std::__cxx11::basic_string<char, std::char_traits<char>, std::allocator<char> >, std::__cxx11::basic_string<char, std::char_traits<char>, std::allocator<char> >&) (wordle.cpp:67)
==2368==    by 0x11ADD7: traversal(std::vector<char, std::allocator<char> >, std::set<std::__cxx11::basic_string<char, std::char_traits<char>, std::allocator<char> >, std::less<std::__cxx11::basic_string<char, std::char_traits<char>, std::allocator<char> > >, std::allocator<std::__cxx11::basic_string<char, std::char_traits<char>, std::allocator<char> > > > const&, std::set<std::__cxx11::basic_string<char, std::char_traits<char>, std::allocator<char> >, std::less<std::__cxx11::basic_string<char, std::char_traits<char>, std::allocator<char> > >, std::allocator<std::__cxx11::basic_string<char, std::char_traits<char>, std::allocator<char> > > >&, unsigned long, std::__cxx11::basic_string<char, std::char_traits<char>, std::allocator<char> >, std::__cxx11::basic_string<char, std::char_traits<char>, std::allocator<char> >&) (wordle.cpp:70)
==2368==    by 0x11B17B: traversal(std::vector<char, std::allocator<char> >, std::set<std::__cxx11::basic_string<char, std::char_traits<char>, std::allocator<char> >, std::less<std::__cxx11::basic_string<char, std::char_traits<char>, std::allocator<char> > >, std::allocator<std::__cxx11::basic_string<char, std::char_traits<char>, std::allocator<char> > > > const&, std::set<std::__cxx11::basic_string<char, std::char_traits<char>, std::allocator<char> >, std::less<std::__cxx11::basic_string<char, std::char_traits<char>, std::allocator<char> > >, std::allocator<std::__cxx11::basic_string<char, std::char_traits<char>, std::allocator<char> > > >&, unsigned long, std::__cxx11::basic_string<char, std::char_traits<char>, std::allocator<char> >, std::__cxx11::basic_string<char, std::char_traits<char>, std::allocator<char> >&) (wordle.cpp:162)
==2368==    by 0x11B17B: traversal(std::vector<char, std::allocator<char> >, std::set<std::__cxx11::basic_string<char, std::char_traits<char>, std::allocator<char> >, std::less<std::__cxx11::basic_string<char, std::char_traits<char>, std::allocator<char> > >, std::allocator<std::__cxx11::basic_string<char, std::char_traits<char>, std::allocator<char> > > > const&, std::set<std::__cxx11::basic_string<char, std::char_traits<char>, std::allocator<char> >, std::less<std::__cxx11::basic_string<char, std::char_traits<char>, std::allocator<char> > >, std::allocator<std::__cxx11::basic_string<char, std::char_traits<char>, std::allocator<char> > > >&, unsigned long, std::__cxx11::basic_string<char, std::char_traits<char>, std::allocator<char> >, std::__cxx11::basic_string<char, std::char_traits<char>, std::allocator<char> >&) (wordle.cpp:162)
==2368==    by 0x11ABDF: wordle(std::__cxx11::basic_string<char, std::char_traits<char>, std::allocator<char> > const&, std::__cxx11::basic_string<char, std::char_traits<char>, std::allocator<char> > const&, std::set<std::__cxx11::basic_string<char, std::char_traits<char>, std::allocator<char> >, std::less<std::__cxx11::basic_string<char, std::char_traits<char>, std::allocator<char> > >, std::allocator<std::__cxx11::basic_string<char, std::char_traits<char>, std::allocator<char> > > > const&) (wordle.cpp:41)
==2368==    by 0x11312F: Wordle_TwoLetterUnconstrained_Test::TestBody() (wordle-tests.cpp:123)
==2368==    by 0x14C3D7: void testing::internal::HandleExceptionsInMethodIfSupported<testing::Test, void>(testing::Test*, void (testing::Test::*)(), char const*) (in /work/hw-alamgir/hw5/hw5_stu_tests/wordle_tests/wordle_tests)
==2368==    by 0x140937: testing::Test::Run() (in /work/hw-alamgir/hw5/hw5_stu_tests/wordle_tests/wordle_tests)
==2368==    by 0x140A8B: testing::TestInfo::Run() (in /work/hw-alamgir/hw5/hw5_stu_tests/wordle_tests/wordle_tests)
==2368==    by 0x140B67: testing::TestSuite::Run() (in /work/hw-alamgir/hw5/hw5_stu_tests/wordle_tests/wordle_tests)
==2368==    by 0x1410B3: testing::internal::UnitTestImpl::RunAllTests() (in /work/hw-alamgir/hw5/hw5_stu_tests/wordle_tests/wordle_tests)
==2368==    by 0x14C96F: bool testing::internal::HandleExceptionsInMethodIfSupported<testing::internal::UnitTestImpl, bool>(testing::internal::UnitTestImpl*, bool (testing::internal::UnitTestImpl::*)(), char const*) (in /work/hw-alamgir/hw5/hw5_stu_tests/wordle_tests/wordle_tests)
==2368== 
==2368== Conditional jump or move depends on uninitialised value(s)
==2368==    at 0x11AD90: traversal(std::vector<char, std::allocator<char> >, std::set<std::__cxx11::basic_string<char, std::char_traits<char>, std::allocator<char> >, std::less<std::__cxx11::basic_string<char, std::char_traits<char>, std::allocator<char> > >, std::allocator<std::__cxx11::basic_string<char, std::char_traits<char>, std::allocator<char> > > > const&, std::set<std::__cxx11::basic_string<char, std::char_traits<char>, std::allocator<char> >, std::less<std::__cxx11::basic_string<char, std::char_traits<char>, std::allocator<char> > >, std::allocator<std::__cxx11::basic_string<char, std::char_traits<char>, std::allocator<char> > > >&, unsigned long, std::__cxx11::basic_string<char, std::char_traits<char>, std::allocator<char> >, std::__cxx11::basic_string<char, std::char_traits<char>, std::allocator<char> >&) (wordle.cpp:67)
==2368==    by 0x11ADD7: traversal(std::vector<char, std::allocator<char> >, std::set<std::__cxx11::basic_string<char, std::char_traits<char>, std::allocator<char> >, std::less<std::__cxx11::basic_string<char, std::char_traits<char>, std::allocator<char> > >, std::allocator<std::__cxx11::basic_string<char, std::char_traits<char>, std::allocator<char> > > > const&, std::set<std::__cxx11::basic_string<char, std::char_traits<char>, std::allocator<char> >, std::less<std::__cxx11::basic_string<char, std::char_traits<char>, std::allocator<char> > >, std::allocator<std::__cxx11::basic_string<char, std::char_traits<char>, std::allocator<char> > > >&, unsigned long, std::__cxx11::basic_string<char, std::char_traits<char>, std::allocator<char> >, std::__cxx11::basic_string<char, std::char_traits<char>, std::allocator<char> >&) (wordle.cpp:70)
==2368==    by 0x11ADD7: traversal(std::vector<char, std::allocator<char> >, std::set<std::__cxx11::basic_string<char, std::char_traits<char>, std::allocator<char> >, std::less<std::__cxx11::basic_string<char, std::char_traits<char>, std::allocator<char> > >, std::allocator<std::__cxx11::basic_string<char, std::char_traits<char>, std::allocator<char> > > > const&, std::set<std::__cxx11::basic_string<char, std::char_traits<char>, std::allocator<char> >, std::less<std::__cxx11::basic_string<char, std::char_traits<char>, std::allocator<char> > >, std::allocator<std::__cxx11::basic_string<char, std::char_traits<char>, std::allocator<char> > > >&, unsigned long, std::__cxx11::basic_string<char, std::char_traits<char>, std::allocator<char> >, std::__cxx11::basic_string<char, std::char_traits<char>, std::allocator<char> >&) (wordle.cpp:70)
==2368==    by 0x11B17B: traversal(std::vector<char, std::allocator<char> >, std::set<std::__cxx11::basic_string<char, std::char_traits<char>, std::allocator<char> >, std::less<std::__cxx11::basic_string<char, std::char_traits<char>, std::allocator<char> > >, std::allocator<std::__cxx11::basic_string<char, std::char_traits<char>, std::allocator<char> > > > const&, std::set<std::__cxx11::basic_string<char, std::char_traits<char>, std::allocator<char> >, std::less<std::__cxx11::basic_string<char, std::char_traits<char>, std::allocator<char> > >, std::allocator<std::__cxx11::basic_string<char, std::char_traits<char>, std::allocator<char> > > >&, unsigned long, std::__cxx11::basic_string<char, std::char_traits<char>, std::allocator<char> >, std::__cxx11::basic_string<char, std::char_traits<char>, std::allocator<char> >&) (wordle.cpp:162)
==2368==    by 0x11B17B: traversal(std::vector<char, std::allocator<char> >, std::set<std::__cxx11::basic_string<char, std::char_traits<char>, std::allocator<char> >, std::less<std::__cxx11::basic_string<char, std::char_traits<char>, std::allocator<char> > >, std::allocator<std::__cxx11::basic_string<char, std::char_traits<char>, std::allocator<char> > > > const&, std::set<std::__cxx11::basic_string<char, std::char_traits<char>, std::allocator<char> >, std::less<std::__cxx11::basic_string<char, std::char_traits<char>, std::allocator<char> > >, std::allocator<std::__cxx11::basic_string<char, std::char_traits<char>, std::allocator<char> > > >&, unsigned long, std::__cxx11::basic_string<char, std::char_traits<char>, std::allocator<char> >, std::__cxx11::basic_string<char, std::char_traits<char>, std::allocator<char> >&) (wordle.cpp:162)
==2368==    by 0x11ABDF: wordle(std::__cxx11::basic_string<char, std::char_traits<char>, std::allocator<char> > const&, std::__cxx11::basic_string<char, std::char_traits<char>, std::allocator<char> > const&, std::set<std::__cxx11::basic_string<char, std::char_traits<char>, std::allocator<char> >, std::less<std::__cxx11::basic_string<char, std::char_traits<char>, std::allocator<char> > >, std::allocator<std::__cxx11::basic_string<char, std::char_traits<char>, std::allocator<char> > > > const&) (wordle.cpp:41)
==2368==    by 0x11312F: Wordle_TwoLetterUnconstrained_Test::TestBody() (wordle-tests.cpp:123)
==2368==    by 0x14C3D7: void testing::internal::HandleExceptionsInMethodIfSupported<testing::Test, void>(testing::Test*, void (testing::Test::*)(), char const*) (in /work/hw-alamgir/hw5/hw5_stu_tests/wordle_tests/wordle_tests)
==2368==    by 0x140937: testing::Test::Run() (in /work/hw-alamgir/hw5/hw5_stu_tests/wordle_tests/wordle_tests)
==2368==    by 0x140A8B: testing::TestInfo::Run() (in /work/hw-alamgir/hw5/hw5_stu_tests/wordle_tests/wordle_tests)
==2368==    by 0x140B67: testing::TestSuite::Run() (in /work/hw-alamgir/hw5/hw5_stu_tests/wordle_tests/wordle_tests)
==2368==    by 0x1410B3: testing::internal::UnitTestImpl::RunAllTests() (in /work/hw-alamgir/hw5/hw5_stu_tests/wordle_tests/wordle_tests)
==2368== 
==2368== Conditional jump or move depends on uninitialised value(s)
==2368==    at 0x11AD90: traversal(std::vector<char, std::allocator<char> >, std::set<std::__cxx11::basic_string<char, std::char_traits<char>, std::allocator<char> >, std::less<std::__cxx11::basic_string<char, std::char_traits<char>, std::allocator<char> > >, std::allocator<std::__cxx11::basic_string<char, std::char_traits<char>, std::allocator<char> > > > const&, std::set<std::__cxx11::basic_string<char, std::char_traits<char>, std::allocator<char> >, std::less<std::__cxx11::basic_string<char, std::char_traits<char>, std::allocator<char> > >, std::allocator<std::__cxx11::basic_string<char, std::char_traits<char>, std::allocator<char> > > >&, unsigned long, std::__cxx11::basic_string<char, std::char_traits<char>, std::allocator<char> >, std::__cxx11::basic_string<char, std::char_traits<char>, std::allocator<char> >&) (wordle.cpp:67)
==2368==    by 0x11ADD7: traversal(std::vector<char, std::allocator<char> >, std::set<std::__cxx11::basic_string<char, std::char_traits<char>, std::allocator<char> >, std::less<std::__cxx11::basic_string<char, std::char_traits<char>, std::allocator<char> > >, std::allocator<std::__cxx11::basic_string<char, std::char_traits<char>, std::allocator<char> > > > const&, std::set<std::__cxx11::basic_string<char, std::char_traits<char>, std::allocator<char> >, std::less<std::__cxx11::basic_string<char, std::char_traits<char>, std::allocator<char> > >, std::allocator<std::__cxx11::basic_string<char, std::char_traits<char>, std::allocator<char> > > >&, unsigned long, std::__cxx11::basic_string<char, std::char_traits<char>, std::allocator<char> >, std::__cxx11::basic_string<char, std::char_traits<char>, std::allocator<char> >&) (wordle.cpp:70)
==2368==    by 0x11ADD7: traversal(std::vector<char, std::allocator<char> >, std::set<std::__cxx11::basic_string<char, std::char_traits<char>, std::allocator<char> >, std::less<std::__cxx11::basic_string<char, std::char_traits<char>, std::allocator<char> > >, std::allocator<std::__cxx11::basic_string<char, std::char_traits<char>, std::allocator<char> > > > const&, std::set<std::__cxx11::basic_string<char, std::char_traits<char>, std::allocator<char> >, std::less<std::__cxx11::basic_string<char, std::char_traits<char>, std::allocator<char> > >, std::allocator<std::__cxx11::basic_string<char, std::char_traits<char>, std::allocator<char> > > >&, unsigned long, std::__cxx11::basic_string<char, std::char_traits<char>, std::allocator<char> >, std::__cxx11::basic_string<char, std::char_traits<char>, std::allocator<char> >&) (wordle.cpp:70)
==2368==    by 0x11ADD7: traversal(std::vector<char, std::allocator<char> >, std::set<std::__cxx11::basic_string<char, std::char_traits<char>, std::allocator<char> >, std::less<std::__cxx11::basic_string<char, std::char_traits<char>, std::allocator<char> > >, std::allocator<std::__cxx11::basic_string<char, std::char_traits<char>, std::allocator<char> > > > const&, std::set<std::__cxx11::basic_string<char, std::char_traits<char>, std::allocator<char> >, std::less<std::__cxx11::basic_string<char, std::char_traits<char>, std::allocator<char> > >, std::allocator<std::__cxx11::basic_string<char, std::char_traits<char>, std::allocator<char> > > >&, unsigned long, std::__cxx11::basic_string<char, std::char_traits<char>, std::allocator<char> >, std::__cxx11::basic_string<char, std::char_traits<char>, std::allocator<char> >&) (wordle.cpp:70)
==2368==    by 0x11B17B: traversal(std::vector<char, std::allocator<char> >, std::set<std::__cxx11::basic_string<char, std::char_traits<char>, std::allocator<char> >, std::less<std::__cxx11::basic_string<char, std::char_traits<char>, std::allocator<char> > >, std::allocator<std::__cxx11::basic_string<char, std::char_traits<char>, std::allocator<char> > > > const&, std::set<std::__cxx11::basic_string<char, std::char_traits<char>, std::allocator<char> >, std::less<std::__cxx11::basic_string<char, std::char_traits<char>, std::allocator<char> > >, std::allocator<std::__cxx11::basic_string<char, std::char_traits<char>, std::allocator<char> > > >&, unsigned long, std::__cxx11::basic_string<char, std::char_traits<char>, std::allocator<char> >, std::__cxx11::basic_string<char, std::char_traits<char>, std::allocator<char> >&) (wordle.cpp:162)
==2368==    by 0x11B17B: traversal(std::vector<char, std::allocator<char> >, std::set<std::__cxx11::basic_string<char, std::char_traits<char>, std::allocator<char> >, std::less<std::__cxx11::basic_string<char, std::char_traits<char>, std::allocator<char> > >, std::allocator<std::__cxx11::basic_string<char, std::char_traits<char>, std::allocator<char> > > > const&, std::set<std::__cxx11::basic_string<char, std::char_traits<char>, std::allocator<char> >, std::less<std::__cxx11::basic_string<char, std::char_traits<char>, std::allocator<char> > >, std::allocator<std::__cxx11::basic_string<char, std::char_traits<char>, std::allocator<char> > > >&, unsigned long, std::__cxx11::basic_string<char, std::char_traits<char>, std::allocator<char> >, std::__cxx11::basic_string<char, std::char_traits<char>, std::allocator<char> >&) (wordle.cpp:162)
==2368==    by 0x11ABDF: wordle(std::__cxx11::basic_string<char, std::char_traits<char>, std::allocator<char> > const&, std::__cxx11::basic_string<char, std::char_traits<char>, std::allocator<char> > const&, std::set<std::__cxx11::basic_string<char, std::char_traits<char>, std::allocator<char> >, std::less<std::__cxx11::basic_string<char, std::char_traits<char>, std::allocator<char> > >, std::allocator<std::__cxx11::basic_string<char, std::char_traits<char>, std::allocator<char> > > > const&) (wordle.cpp:41)
==2368==    by 0x11312F: Wordle_TwoLetterUnconstrained_Test::TestBody() (wordle-tests.cpp:123)
==2368==    by 0x14C3D7: void testing::internal::HandleExceptionsInMethodIfSupported<testing::Test, void>(testing::Test*, void (testing::Test::*)(), char const*) (in /work/hw-alamgir/hw5/hw5_stu_tests/wordle_tests/wordle_tests)
==2368==    by 0x140937: testing::Test::Run() (in /work/hw-alamgir/hw5/hw5_stu_tests/wordle_tests/wordle_tests)
==2368==    by 0x140A8B: testing::TestInfo::Run() (in /work/hw-alamgir/hw5/hw5_stu_tests/wordle_tests/wordle_tests)
==2368==    by 0x140B67: testing::TestSuite::Run() (in /work/hw-alamgir/hw5/hw5_stu_tests/wordle_tests/wordle_tests)
==2368== 
[       OK ] Wordle.TwoLetterUnconstrained (14677 ms)
[----------] 1 test from Wordle (14678 ms total)

[----------] Global test environment tear-down
[==========] 1 test from 1 test suite ran. (14684 ms total)
[  PASSED  ] 1 test.
==2368== 
==2368== HEAP SUMMARY:
==2368==     in use at exit: 0 bytes in 0 blocks
==2368==   total heap usage: 63,958 allocs, 63,958 frees, 4,194,784 bytes allocated
==2368== 
==2368== All heap blocks were freed -- no leaks are possible
==2368== 
==2368== Use --track-origins=yes to see where uninitialised values come from
==2368== For lists of detected and suppressed errors, rerun with: -s
==2368== ERROR SUMMARY: 1258036 errors from 3 contexts (suppressed: 0 from 0)
<end of output>
Test time =  17.44 sec
----------------------------------------------------------
Test Passed.
"Wordle.TwoLetterUnconstrained" end time: Apr 15 19:06 UTC
"Wordle.TwoLetterUnconstrained" time elapsed: 00:00:17
----------------------------------------------------------

6/12 Testing: Wordle.TwoLetterConstrained
6/12 Test: Wordle.TwoLetterConstrained
Command: "/usr/bin/valgrind" "--tool=memcheck" "--leak-check=yes" "--trace-children=no" "/work/hw-alamgir/hw5/hw5_stu_tests/wordle_tests/wordle_tests" "--gtest_filter=Wordle.TwoLetterConstrained"
Directory: /work/hw-alamgir/hw5/hw5_stu_tests/wordle_tests
"Wordle.TwoLetterConstrained" start time: Apr 15 19:06 UTC
Output:
----------------------------------------------------------
==2369== Memcheck, a memory error detector
==2369== Copyright (C) 2002-2017, and GNU GPL'd, by Julian Seward et al.
==2369== Using Valgrind-3.15.0 and LibVEX; rerun with -h for copyright info
==2369== Command: /work/hw-alamgir/hw5/hw5_stu_tests/wordle_tests/wordle_tests --gtest_filter=Wordle.TwoLetterConstrained
==2369== 
Read 63247 words into dictionary.
Running main() from /build/googletest-K1TalW/googletest-1.10.0/googletest/src/gtest_main.cc
Note: Google Test filter = Wordle.TwoLetterConstrained
[==========] Running 1 test from 1 test suite.
[----------] Global test environment set-up.
[----------] 1 test from Wordle
[ RUN      ] Wordle.TwoLetterConstrained
==2369== Conditional jump or move depends on uninitialised value(s)
==2369==    at 0x11AD90: traversal(std::vector<char, std::allocator<char> >, std::set<std::__cxx11::basic_string<char, std::char_traits<char>, std::allocator<char> >, std::less<std::__cxx11::basic_string<char, std::char_traits<char>, std::allocator<char> > >, std::allocator<std::__cxx11::basic_string<char, std::char_traits<char>, std::allocator<char> > > > const&, std::set<std::__cxx11::basic_string<char, std::char_traits<char>, std::allocator<char> >, std::less<std::__cxx11::basic_string<char, std::char_traits<char>, std::allocator<char> > >, std::allocator<std::__cxx11::basic_string<char, std::char_traits<char>, std::allocator<char> > > >&, unsigned long, std::__cxx11::basic_string<char, std::char_traits<char>, std::allocator<char> >, std::__cxx11::basic_string<char, std::char_traits<char>, std::allocator<char> >&) (wordle.cpp:67)
==2369==    by 0x11ADD7: traversal(std::vector<char, std::allocator<char> >, std::set<std::__cxx11::basic_string<char, std::char_traits<char>, std::allocator<char> >, std::less<std::__cxx11::basic_string<char, std::char_traits<char>, std::allocator<char> > >, std::allocator<std::__cxx11::basic_string<char, std::char_traits<char>, std::allocator<char> > > > const&, std::set<std::__cxx11::basic_string<char, std::char_traits<char>, std::allocator<char> >, std::less<std::__cxx11::basic_string<char, std::char_traits<char>, std::allocator<char> > >, std::allocator<std::__cxx11::basic_string<char, std::char_traits<char>, std::allocator<char> > > >&, unsigned long, std::__cxx11::basic_string<char, std::char_traits<char>, std::allocator<char> >, std::__cxx11::basic_string<char, std::char_traits<char>, std::allocator<char> >&) (wordle.cpp:70)
==2369==    by 0x11B17B: traversal(std::vector<char, std::allocator<char> >, std::set<std::__cxx11::basic_string<char, std::char_traits<char>, std::allocator<char> >, std::less<std::__cxx11::basic_string<char, std::char_traits<char>, std::allocator<char> > >, std::allocator<std::__cxx11::basic_string<char, std::char_traits<char>, std::allocator<char> > > > const&, std::set<std::__cxx11::basic_string<char, std::char_traits<char>, std::allocator<char> >, std::less<std::__cxx11::basic_string<char, std::char_traits<char>, std::allocator<char> > >, std::allocator<std::__cxx11::basic_string<char, std::char_traits<char>, std::allocator<char> > > >&, unsigned long, std::__cxx11::basic_string<char, std::char_traits<char>, std::allocator<char> >, std::__cxx11::basic_string<char, std::char_traits<char>, std::allocator<char> >&) (wordle.cpp:162)
==2369==    by 0x11B0DF: traversal(std::vector<char, std::allocator<char> >, std::set<std::__cxx11::basic_string<char, std::char_traits<char>, std::allocator<char> >, std::less<std::__cxx11::basic_string<char, std::char_traits<char>, std::allocator<char> > >, std::allocator<std::__cxx11::basic_string<char, std::char_traits<char>, std::allocator<char> > > > const&, std::set<std::__cxx11::basic_string<char, std::char_traits<char>, std::allocator<char> >, std::less<std::__cxx11::basic_string<char, std::char_traits<char>, std::allocator<char> > >, std::allocator<std::__cxx11::basic_string<char, std::char_traits<char>, std::allocator<char> > > >&, unsigned long, std::__cxx11::basic_string<char, std::char_traits<char>, std::allocator<char> >, std::__cxx11::basic_string<char, std::char_traits<char>, std::allocator<char> >&) (wordle.cpp:144)
==2369==    by 0x11ABDF: wordle(std::__cxx11::basic_string<char, std::char_traits<char>, std::allocator<char> > const&, std::__cxx11::basic_string<char, std::char_traits<char>, std::allocator<char> > const&, std::set<std::__cxx11::basic_string<char, std::char_traits<char>, std::allocator<char> >, std::less<std::__cxx11::basic_string<char, std::char_traits<char>, std::allocator<char> > >, std::allocator<std::__cxx11::basic_string<char, std::char_traits<char>, std::allocator<char> > > > const&) (wordle.cpp:41)
==2369==    by 0x11368F: Wordle_TwoLetterConstrained_Test::TestBody() (wordle-tests.cpp:146)
==2369==    by 0x14C3D7: void testing::internal::HandleExceptionsInMethodIfSupported<testing::Test, void>(testing::Test*, void (testing::Test::*)(), char const*) (in /work/hw-alamgir/hw5/hw5_stu_tests/wordle_tests/wordle_tests)
==2369==    by 0x140937: testing::Test::Run() (in /work/hw-alamgir/hw5/hw5_stu_tests/wordle_tests/wordle_tests)
[...]
Output:
----------------------------------------------------------
==2375== Memcheck, a memory error detector
==2375== Copyright (C) 2002-2017, and GNU GPL'd, by Julian Seward et al.
==2375== Using Valgrind-3.15.0 and LibVEX; rerun with -h for copyright info
==2375== Command: /work/hw-alamgir/hw5/hw5_stu_tests/wordle_tests/wordle_tests --gtest_filter=Wordle.Long
==2375== 
Read 63247 words into dictionary.
Running main() from /build/googletest-K1TalW/googletest-1.10.0/googletest/src/gtest_main.cc
Note: Google Test filter = Wordle.Long
[==========] Running 1 test from 1 test suite.
[----------] Global test environment set-up.
[----------] 1 test from Wordle
[ RUN      ] Wordle.Long
==2375== Conditional jump or move depends on uninitialised value(s)
==2375==    at 0x11AD90: traversal(std::vector<char, std::allocator<char> >, std::set<std::__cxx11::basic_string<char, std::char_traits<char>, std::allocator<char> >, std::less<std::__cxx11::basic_string<char, std::char_traits<char>, std::allocator<char> > >, std::allocator<std::__cxx11::basic_string<char, std::char_traits<char>, std::allocator<char> > > > const&, std::set<std::__cxx11::basic_string<char, std::char_traits<char>, std::allocator<char> >, std::less<std::__cxx11::basic_string<char, std::char_traits<char>, std::allocator<char> > >, std::allocator<std::__cxx11::basic_string<char, std::char_traits<char>, std::allocator<char> > > >&, unsigned long, std::__cxx11::basic_string<char, std::char_traits<char>, std::allocator<char> >, std::__cxx11::basic_string<char, std::char_traits<char>, std::allocator<char> >&) (wordle.cpp:67)
==2375==    by 0x11ADD7: traversal(std::vector<char, std::allocator<char> >, std::set<std::__cxx11::basic_string<char, std::char_traits<char>, std::allocator<char> >, std::less<std::__cxx11::basic_string<char, std::char_traits<char>, std::allocator<char> > >, std::allocator<std::__cxx11::basic_string<char, std::char_traits<char>, std::allocator<char> > > > const&, std::set<std::__cxx11::basic_string<char, std::char_traits<char>, std::allocator<char> >, std::less<std::__cxx11::basic_string<char, std::char_traits<char>, std::allocator<char> > >, std::allocator<std::__cxx11::basic_string<char, std::char_traits<char>, std::allocator<char> > > >&, unsigned long, std::__cxx11::basic_string<char, std::char_traits<char>, std::allocator<char> >, std::__cxx11::basic_string<char, std::char_traits<char>, std::allocator<char> >&) (wordle.cpp:70)
==2375==    by 0x11ADD7: traversal(std::vector<char, std::allocator<char> >, std::set<std::__cxx11::basic_string<char, std::char_traits<char>, std::allocator<char> >, std::less<std::__cxx11::basic_string<char, std::char_traits<char>, std::allocator<char> > >, std::allocator<std::__cxx11::basic_string<char, std::char_traits<char>, std::allocator<char> > > > const&, std::set<std::__cxx11::basic_string<char, std::char_traits<char>, std::allocator<char> >, std::less<std::__cxx11::basic_string<char, std::char_traits<char>, std::allocator<char> > >, std::allocator<std::__cxx11::basic_string<char, std::char_traits<char>, std::allocator<char> > > >&, unsigned long, std::__cxx11::basic_string<char, std::char_traits<char>, std::allocator<char> >, std::__cxx11::basic_string<char, std::char_traits<char>, std::allocator<char> >&) (wordle.cpp:70)
==2375==    by 0x11B17B: traversal(std::vector<char, std::allocator<char> >, std::set<std::__cxx11::basic_string<char, std::char_traits<char>, std::allocator<char> >, std::less<std::__cxx11::basic_string<char, std::char_traits<char>, std::allocator<char> > >, std::allocator<std::__cxx11::basic_string<char, std::char_traits<char>, std::allocator<char> > > > const&, std::set<std::__cxx11::basic_string<char, std::char_traits<char>, std::allocator<char> >, std::less<std::__cxx11::basic_string<char, std::char_traits<char>, std::allocator<char> > >, std::allocator<std::__cxx11::basic_string<char, std::char_traits<char>, std::allocator<char> > > >&, unsigned long, std::__cxx11::basic_string<char, std::char_traits<char>, std::allocator<char> >, std::__cxx11::basic_string<char, std::char_traits<char>, std::allocator<char> >&) (wordle.cpp:162)
==2375==    by 0x11B17B: traversal(std::vector<char, std::allocator<char> >, std::set<std::__cxx11::basic_string<char, std::char_traits<char>, std::allocator<char> >, std::less<std::__cxx11::basic_string<char, std::char_traits<char>, std::allocator<char> > >, std::allocator<std::__cxx11::basic_string<char, std::char_traits<char>, std::allocator<char> > > > const&, std::set<std::__cxx11::basic_string<char, std::char_traits<char>, std::allocator<char> >, std::less<std::__cxx11::basic_string<char, std::char_traits<char>, std::allocator<char> > >, std::allocator<std::__cxx11::basic_string<char, std::char_traits<char>, std::allocator<char> > > >&, unsigned long, std::__cxx11::basic_string<char, std::char_traits<char>, std::allocator<char> >, std::__cxx11::basic_string<char, std::char_traits<char>, std::allocator<char> >&) (wordle.cpp:162)
==2375==    by 0x11B0DF: traversal(std::vector<char, std::allocator<char> >, std::set<std::__cxx11::basic_string<char, std::char_traits<char>, std::allocator<char> >, std::less<std::__cxx11::basic_string<char, std::char_traits<char>, std::allocator<char> > >, std::allocator<std::__cxx11::basic_string<char, std::char_traits<char>, std::allocator<char> > > > const&, std::set<std::__cxx11::basic_string<char, std::char_traits<char>, std::allocator<char> >, std::less<std::__cxx11::basic_string<char, std::char_traits<char>, std::allocator<char> > >, std::allocator<std::__cxx11::basic_string<char, std::char_traits<char>, std::allocator<char> > > >&, unsigned long, std::__cxx11::basic_string<char, std::char_traits<char>, std::allocator<char> >, std::__cxx11::basic_string<char, std::char_traits<char>, std::allocator<char> >&) (wordle.cpp:144)
==2375==    by 0x11B0DF: traversal(std::vector<char, std::allocator<char> >, std::set<std::__cxx11::basic_string<char, std::char_traits<char>, std::allocator<char> >, std::less<std::__cxx11::basic_string<char, std::char_traits<char>, std::allocator<char> > >, std::allocator<std::__cxx11::basic_string<char, std::char_traits<char>, std::allocator<char> > > > const&, std::set<std::__cxx11::basic_string<char, std::char_traits<char>, std::allocator<char> >, std::less<std::__cxx11::basic_string<char, std::char_traits<char>, std::allocator<char> > >, std::allocator<std::__cxx11::basic_string<char, std::char_traits<char>, std::allocator<char> > > >&, unsigned long, std::__cxx11::basic_string<char, std::char_traits<char>, std::allocator<char> >, std::__cxx11::basic_string<char, std::char_traits<char>, std::allocator<char> >&) (wordle.cpp:144)
==2375==    by 0x11B0DF: traversal(std::vector<char, std::allocator<char> >, std::set<std::__cxx11::basic_string<char, std::char_traits<char>, std::allocator<char> >, std::less<std::__cxx11::basic_string<char, std::char_traits<char>, std::allocator<char> > >, std::allocator<std::__cxx11::basic_string<char, std::char_traits<char>, std::allocator<char> > > > const&, std::set<std::__cxx11::basic_string<char, std::char_traits<char>, std::allocator<char> >, std::less<std::__cxx11::basic_string<char, std::char_traits<char>, std::allocator<char> > >, std::allocator<std::__cxx11::basic_string<char, std::char_traits<char>, std::allocator<char> > > >&, unsigned long, std::__cxx11::basic_string<char, std::char_traits<char>, std::allocator<char> >, std::__cxx11::basic_string<char, std::char_traits<char>, std::allocator<char> >&) (wordle.cpp:144)
==2375==    by 0x11ADD7: traversal(std::vector<char, std::allocator<char> >, std::set<std::__cxx11::basic_string<char, std::char_traits<char>, std::allocator<char> >, std::less<std::__cxx11::basic_string<char, std::char_traits<char>, std::allocator<char> > >, std::allocator<std::__cxx11::basic_string<char, std::char_traits<char>, std::allocator<char> > > > const&, std::set<std::__cxx11::basic_string<char, std::char_traits<char>, std::allocator<char> >, std::less<std::__cxx11::basic_string<char, std::char_traits<char>, std::allocator<char> > >, std::allocator<std::__cxx11::basic_string<char, std::char_traits<char>, std::allocator<char> > > >&, unsigned long, std::__cxx11::basic_string<char, std::char_traits<char>, std::allocator<char> >, std::__cxx11::basic_string<char, std::char_traits<char>, std::allocator<char> >&) (wordle.cpp:70)
==2375==    by 0x11B0DF: traversal(std::vector<char, std::allocator<char> >, std::set<std::__cxx11::basic_string<char, std::char_traits<char>, std::allocator<char> >, std::less<std::__cxx11::basic_string<char, std::char_traits<char>, std::allocator<char> > >, std::allocator<std::__cxx11::basic_string<char, std::char_traits<char>, std::allocator<char> > > > const&, std::set<std::__cxx11::basic_string<char, std::char_traits<char>, std::allocator<char> >, std::less<std::__cxx11::basic_string<char, std::char_traits<char>, std::allocator<char> > >, std::allocator<std::__cxx11::basic_string<char, std::char_traits<char>, std::allocator<char> > > >&, unsigned long, std::__cxx11::basic_string<char, std::char_traits<char>, std::allocator<char> >, std::__cxx11::basic_string<char, std::char_traits<char>, std::allocator<char> >&) (wordle.cpp:144)
==2375==    by 0x11ABDF: wordle(std::__cxx11::basic_string<char, std::char_traits<char>, std::allocator<char> > const&, std::__cxx11::basic_string<char, std::char_traits<char>, std::allocator<char> > const&, std::set<std::__cxx11::basic_string<char, std::char_traits<char>, std::allocator<char> >, std::less<std::__cxx11::basic_string<char, std::char_traits<char>, std::allocator<char> > >, std::allocator<std::__cxx11::basic_string<char, std::char_traits<char>, std::allocator<char> > > > const&) (wordle.cpp:41)
==2375==    by 0x11533B: Wordle_Long_Test::TestBody() (wordle-tests.cpp:241)
==2375== 
==2375== Conditional jump or move depends on uninitialised value(s)
==2375==    at 0x11AD90: traversal(std::vector<char, std::allocator<char> >, std::set<std::__cxx11::basic_string<char, std::char_traits<char>, std::allocator<char> >, std::less<std::__cxx11::basic_string<char, std::char_traits<char>, std::allocator<char> > >, std::allocator<std::__cxx11::basic_string<char, std::char_traits<char>, std::allocator<char> > > > const&, std::set<std::__cxx11::basic_string<char, std::char_traits<char>, std::allocator<char> >, std::less<std::__cxx11::basic_string<char, std::char_traits<char>, std::allocator<char> > >, std::allocator<std::__cxx11::basic_string<char, std::char_traits<char>, std::allocator<char> > > >&, unsigned long, std::__cxx11::basic_string<char, std::char_traits<char>, std::allocator<char> >, std::__cxx11::basic_string<char, std::char_traits<char>, std::allocator<char> >&) (wordle.cpp:67)
==2375==    by 0x11ADD7: traversal(std::vector<char, std::allocator<char> >, std::set<std::__cxx11::basic_string<char, std::char_traits<char>, std::allocator<char> >, std::less<std::__cxx11::basic_string<char, std::char_traits<char>, std::allocator<char> > >, std::allocator<std::__cxx11::basic_string<char, std::char_traits<char>, std::allocator<char> > > > const&, std::set<std::__cxx11::basic_string<char, std::char_traits<char>, std::allocator<char> >, std::less<std::__cxx11::basic_string<char, std::char_traits<char>, std::allocator<char> > >, std::allocator<std::__cxx11::basic_string<char, std::char_traits<char>, std::allocator<char> > > >&, unsigned long, std::__cxx11::basic_string<char, std::char_traits<char>, std::allocator<char> >, std::__cxx11::basic_string<char, std::char_traits<char>, std::allocator<char> >&) (wordle.cpp:70)
==2375==    by 0x11ADD7: traversal(std::vector<char, std::allocator<char> >, std::set<std::__cxx11::basic_string<char, std::char_traits<char>, std::allocator<char> >, std::less<std::__cxx11::basic_string<char, std::char_traits<char>, std::allocator<char> > >, std::allocator<std::__cxx11::basic_string<char, std::char_traits<char>, std::allocator<char> > > > const&, std::set<std::__cxx11::basic_string<char, std::char_traits<char>, std::allocator<char> >, std::less<std::__cxx11::basic_string<char, std::char_traits<char>, std::allocator<char> > >, std::allocator<std::__cxx11::basic_string<char, std::char_traits<char>, std::allocator<char> > > >&, unsigned long, std::__cxx11::basic_string<char, std::char_traits<char>, std::allocator<char> >, std::__cxx11::basic_string<char, std::char_traits<char>, std::allocator<char> >&) (wordle.cpp:70)
==2375==    by 0x11ADD7: traversal(std::vector<char, std::allocator<char> >, std::set<std::__cxx11::basic_string<char, std::char_traits<char>, std::allocator<char> >, std::less<std::__cxx11::basic_string<char, std::char_traits<char>, std::allocator<char> > >, std::allocator<std::__cxx11::basic_string<char, std::char_traits<char>, std::allocator<char> > > > const&, std::set<std::__cxx11::basic_string<char, std::char_traits<char>, std::allocator<char> >, std::less<std::__cxx11::basic_string<char, std::char_traits<char>, std::allocator<char> > >, std::allocator<std::__cxx11::basic_string<char, std::char_traits<char>, std::allocator<char> > > >&, unsigned long, std::__cxx11::basic_string<char, std::char_traits<char>, std::allocator<char> >, std::__cxx11::basic_string<char, std::char_traits<char>, std::allocator<char> >&) (wordle.cpp:70)
==2375==    by 0x11B17B: traversal(std::vector<char, std::allocator<char> >, std::set<std::__cxx11::basic_string<char, std::char_traits<char>, std::allocator<char> >, std::less<std::__cxx11::basic_string<char, std::char_traits<char>, std::allocator<char> > >, std::allocator<std::__cxx11::basic_string<char, std::char_traits<char>, std::allocator<char> > > > const&, std::set<std::__cxx11::basic_string<char, std::char_traits<char>, std::allocator<char> >, std::less<std::__cxx11::basic_string<char, std::char_traits<char>, std::allocator<char> > >, std::allocator<std::__cxx11::basic_string<char, std::char_traits<char>, std::allocator<char> > > >&, unsigned long, std::__cxx11::basic_string<char, std::char_traits<char>, std::allocator<char> >, std::__cxx11::basic_string<char, std::char_traits<char>, std::allocator<char> >&) (wordle.cpp:162)
==2375==    by 0x11B17B: traversal(std::vector<char, std::allocator<char> >, std::set<std::__cxx11::basic_string<char, std::char_traits<char>, std::allocator<char> >, std::less<std::__cxx11::basic_string<char, std::char_traits<char>, std::allocator<char> > >, std::allocator<std::__cxx11::basic_string<char, std::char_traits<char>, std::allocator<char> > > > const&, std::set<std::__cxx11::basic_string<char, std::char_traits<char>, std::allocator<char> >, std::less<std::__cxx11::basic_string<char, std::char_traits<char>, std::allocator<char> > >, std::allocator<std::__cxx11::basic_string<char, std::char_traits<char>, std::allocator<char> > > >&, unsigned long, std::__cxx11::basic_string<char, std::char_traits<char>, std::allocator<char> >, std::__cxx11::basic_string<char, std::char_traits<char>, std::allocator<char> >&) (wordle.cpp:162)
==2375==    by 0x11B0DF: traversal(std::vector<char, std::allocator<char> >, std::set<std::__cxx11::basic_string<char, std::char_traits<char>, std::allocator<char> >, std::less<std::__cxx11::basic_string<char, std::char_traits<char>, std::allocator<char> > >, std::allocator<std::__cxx11::basic_string<char, std::char_traits<char>, std::allocator<char> > > > const&, std::set<std::__cxx11::basic_string<char, std::char_traits<char>, std::allocator<char> >, std::less<std::__cxx11::basic_string<char, std::char_traits<char>, std::allocator<char> > >, std::allocator<std::__cxx11::basic_string<char, std::char_traits<char>, std::allocator<char> > > >&, unsigned long, std::__cxx11::basic_string<char, std::char_traits<char>, std::allocator<char> >, std::__cxx11::basic_string<char, std::char_traits<char>, std::allocator<char> >&) (wordle.cpp:144)
==2375==    by 0x11B0DF: traversal(std::vector<char, std::allocator<char> >, std::set<std::__cxx11::basic_string<char, std::char_traits<char>, std::allocator<char> >, std::less<std::__cxx11::basic_string<char, std::char_traits<char>, std::allocator<char> > >, std::allocator<std::__cxx11::basic_string<char, std::char_traits<char>, std::allocator<char> > > > const&, std::set<std::__cxx11::basic_string<char, std::char_traits<char>, std::allocator<char> >, std::less<std::__cxx11::basic_string<char, std::char_traits<char>, std::allocator<char> > >, std::allocator<std::__cxx11::basic_string<char, std::char_traits<char>, std::allocator<char> > > >&, unsigned long, std::__cxx11::basic_string<char, std::char_traits<char>, std::allocator<char> >, std::__cxx11::basic_string<char, std::char_traits<char>, std::allocator<char> >&) (wordle.cpp:144)
==2375==    by 0x11B0DF: traversal(std::vector<char, std::allocator<char> >, std::set<std::__cxx11::basic_string<char, std::char_traits<char>, std::allocator<char> >, std::less<std::__cxx11::basic_string<char, std::char_traits<char>, std::allocator<char> > >, std::allocator<std::__cxx11::basic_string<char, std::char_traits<char>, std::allocator<char> > > > const&, std::set<std::__cxx11::basic_string<char, std::char_traits<char>, std::allocator<char> >, std::less<std::__cxx11::basic_string<char, std::char_traits<char>, std::allocator<char> > >, std::allocator<std::__cxx11::basic_string<char, std::char_traits<char>, std::allocator<char> > > >&, unsigned long, std::__cxx11::basic_string<char, std::char_traits<char>, std::allocator<char> >, std::__cxx11::basic_string<char, std::char_traits<char>, std::allocator<char> >&) (wordle.cpp:144)
==2375==    by 0x11ADD7: traversal(std::vector<char, std::allocator<char> >, std::set<std::__cxx11::basic_string<char, std::char_traits<char>, std::allocator<char> >, std::less<std::__cxx11::basic_string<char, std::char_traits<char>, std::allocator<char> > >, std::allocator<std::__cxx11::basic_string<char, std::char_traits<char>, std::allocator<char> > > > const&, std::set<std::__cxx11::basic_string<char, std::char_traits<char>, std::allocator<char> >, std::less<std::__cxx11::basic_string<char, std::char_traits<char>, std::allocator<char> > >, std::allocator<std::__cxx11::basic_string<char, std::char_traits<char>, std::allocator<char> > > >&, unsigned long, std::__cxx11::basic_string<char, std::char_traits<char>, std::allocator<char> >, std::__cxx11::basic_string<char, std::char_traits<char>, std::allocator<char> >&) (wordle.cpp:70)
==2375==    by 0x11B0DF: traversal(std::vector<char, std::allocator<char> >, std::set<std::__cxx11::basic_string<char, std::char_traits<char>, std::allocator<char> >, std::less<std::__cxx11::basic_string<char, std::char_traits<char>, std::allocator<char> > >, std::allocator<std::__cxx11::basic_string<char, std::char_traits<char>, std::allocator<char> > > > const&, std::set<std::__cxx11::basic_string<char, std::char_traits<char>, std::allocator<char> >, std::less<std::__cxx11::basic_string<char, std::char_traits<char>, std::allocator<char> > >, std::allocator<std::__cxx11::basic_string<char, std::char_traits<char>, std::allocator<char> > > >&, unsigned long, std::__cxx11::basic_string<char, std::char_traits<char>, std::allocator<char> >, std::__cxx11::basic_string<char, std::char_traits<char>, std::allocator<char> >&) (wordle.cpp:144)
==2375==    by 0x11ABDF: wordle(std::__cxx11::basic_string<char, std::char_traits<char>, std::allocator<char> > const&, std::__cxx11::basic_string<char, std::char_traits<char>, std::allocator<char> > const&, std::set<std::__cxx11::basic_string<char, std::char_traits<char>, std::allocator<char> >, std::less<std::__cxx11::basic_string<char, std::char_traits<char>, std::allocator<char> > >, std::allocator<std::__cxx11::basic_string<char, std::char_traits<char>, std::allocator<char> > > > const&) (wordle.cpp:41)
==2375== 
<end of output>
Test time = 100.07 sec
----------------------------------------------------------
Test Failed.
"Wordle.Long" end time: Apr 15 19:09 UTC
"Wordle.Long" time elapsed: 00:01:40
----------------------------------------------------------

End testing: Apr 15 19:09 UTC
