Start testing: Apr 26 20:05 UTC
----------------------------------------------------------
1/11 Testing: HashFunc.ExampleOne
1/11 Test: HashFunc.ExampleOne
Command: "/usr/bin/valgrind" "--tool=memcheck" "--leak-check=yes" "--trace-children=no" "/work/hw-alamgir/hw6/hw6_stu_tests/hashfunc_tests/hashfunc_tests" "--gtest_filter=HashFunc.ExampleOne"
Directory: /work/hw-alamgir/hw6/hw6_stu_tests/hashfunc_tests
"HashFunc.ExampleOne" start time: Apr 26 20:05 UTC
Output:
----------------------------------------------------------
==169== Memcheck, a memory error detector
==169== Copyright (C) 2002-2017, and GNU GPL'd, by Julian Seward et al.
==169== Using Valgrind-3.15.0 and LibVEX; rerun with -h for copyright info
==169== Command: /work/hw-alamgir/hw6/hw6_stu_tests/hashfunc_tests/hashfunc_tests --gtest_filter=HashFunc.ExampleOne
==169== 
Running main() from /build/googletest-K1TalW/googletest-1.10.0/googletest/src/gtest_main.cc
Note: Google Test filter = HashFunc.ExampleOne
[==========] Running 1 test from 1 test suite.
[----------] Global test environment set-up.
[----------] 1 test from HashFunc
[ RUN      ] HashFunc.ExampleOne
[       OK ] HashFunc.ExampleOne (3 ms)
[----------] 1 test from HashFunc (5 ms total)

[----------] Global test environment tear-down
[==========] 1 test from 1 test suite ran. (12 ms total)
[  PASSED  ] 1 test.
==169== 
==169== HEAP SUMMARY:
==169==     in use at exit: 0 bytes in 0 blocks
==169==   total heap usage: 274 allocs, 274 frees, 121,666 bytes allocated
==169== 
==169== All heap blocks were freed -- no leaks are possible
==169== 
==169== For lists of detected and suppressed errors, rerun with: -s
==169== ERROR SUMMARY: 0 errors from 0 contexts (suppressed: 0 from 0)
<end of output>
Test time =   0.50 sec
----------------------------------------------------------
Test Passed.
"HashFunc.ExampleOne" end time: Apr 26 20:05 UTC
"HashFunc.ExampleOne" time elapsed: 00:00:00
----------------------------------------------------------

2/11 Testing: HashFunc.ExampleTwo
2/11 Test: HashFunc.ExampleTwo
Command: "/usr/bin/valgrind" "--tool=memcheck" "--leak-check=yes" "--trace-children=no" "/work/hw-alamgir/hw6/hw6_stu_tests/hashfunc_tests/hashfunc_tests" "--gtest_filter=HashFunc.ExampleTwo"
Directory: /work/hw-alamgir/hw6/hw6_stu_tests/hashfunc_tests
"HashFunc.ExampleTwo" start time: Apr 26 20:05 UTC
Output:
----------------------------------------------------------
==170== Memcheck, a memory error detector
==170== Copyright (C) 2002-2017, and GNU GPL'd, by Julian Seward et al.
==170== Using Valgrind-3.15.0 and LibVEX; rerun with -h for copyright info
==170== Command: /work/hw-alamgir/hw6/hw6_stu_tests/hashfunc_tests/hashfunc_tests --gtest_filter=HashFunc.ExampleTwo
==170== 
Running main() from /build/googletest-K1TalW/googletest-1.10.0/googletest/src/gtest_main.cc
Note: Google Test filter = HashFunc.ExampleTwo
[==========] Running 1 test from 1 test suite.
[----------] Global test environment set-up.
[----------] 1 test from HashFunc
[ RUN      ] HashFunc.ExampleTwo
[       OK ] HashFunc.ExampleTwo (3 ms)
[----------] 1 test from HashFunc (5 ms total)

[----------] Global test environment tear-down
[==========] 1 test from 1 test suite ran. (12 ms total)
[  PASSED  ] 1 test.
==170== 
==170== HEAP SUMMARY:
==170==     in use at exit: 0 bytes in 0 blocks
==170==   total heap usage: 274 allocs, 274 frees, 121,666 bytes allocated
==170== 
==170== All heap blocks were freed -- no leaks are possible
==170== 
==170== For lists of detected and suppressed errors, rerun with: -s
==170== ERROR SUMMARY: 0 errors from 0 contexts (suppressed: 0 from 0)
<end of output>
Test time =   0.41 sec
----------------------------------------------------------
Test Passed.
"HashFunc.ExampleTwo" end time: Apr 26 20:05 UTC
"HashFunc.ExampleTwo" time elapsed: 00:00:00
----------------------------------------------------------

3/11 Testing: HashFunc.ExampleThree
3/11 Test: HashFunc.ExampleThree
Command: "/usr/bin/valgrind" "--tool=memcheck" "--leak-check=yes" "--trace-children=no" "/work/hw-alamgir/hw6/hw6_stu_tests/hashfunc_tests/hashfunc_tests" "--gtest_filter=HashFunc.ExampleThree"
Directory: /work/hw-alamgir/hw6/hw6_stu_tests/hashfunc_tests
"HashFunc.ExampleThree" start time: Apr 26 20:05 UTC
Output:
----------------------------------------------------------
==171== Memcheck, a memory error detector
==171== Copyright (C) 2002-2017, and GNU GPL'd, by Julian Seward et al.
==171== Using Valgrind-3.15.0 and LibVEX; rerun with -h for copyright info
==171== Command: /work/hw-alamgir/hw6/hw6_stu_tests/hashfunc_tests/hashfunc_tests --gtest_filter=HashFunc.ExampleThree
==171== 
Running main() from /build/googletest-K1TalW/googletest-1.10.0/googletest/src/gtest_main.cc
Note: Google Test filter = HashFunc.ExampleThree
[==========] Running 1 test from 1 test suite.
[----------] Global test environment set-up.
[----------] 1 test from HashFunc
[ RUN      ] HashFunc.ExampleThree
[       OK ] HashFunc.ExampleThree (4 ms)
[----------] 1 test from HashFunc (5 ms total)

[----------] Global test environment tear-down
[==========] 1 test from 1 test suite ran. (12 ms total)
[  PASSED  ] 1 test.
==171== 
==171== HEAP SUMMARY:
==171==     in use at exit: 0 bytes in 0 blocks
==171==   total heap usage: 275 allocs, 275 frees, 121,709 bytes allocated
==171== 
==171== All heap blocks were freed -- no leaks are possible
==171== 
==171== For lists of detected and suppressed errors, rerun with: -s
==171== ERROR SUMMARY: 0 errors from 0 contexts (suppressed: 0 from 0)
<end of output>
Test time =   0.41 sec
----------------------------------------------------------
Test Passed.
"HashFunc.ExampleThree" end time: Apr 26 20:05 UTC
"HashFunc.ExampleThree" time elapsed: 00:00:00
----------------------------------------------------------

4/11 Testing: HashFunc.LargestInputString
4/11 Test: HashFunc.LargestInputString
Command: "/usr/bin/valgrind" "--tool=memcheck" "--leak-check=yes" "--trace-children=no" "/work/hw-alamgir/hw6/hw6_stu_tests/hashfunc_tests/hashfunc_tests" "--gtest_filter=HashFunc.LargestInputString"
Directory: /work/hw-alamgir/hw6/hw6_stu_tests/hashfunc_tests
"HashFunc.LargestInputString" start time: Apr 26 20:05 UTC
Output:
----------------------------------------------------------
==172== Memcheck, a memory error detector
==172== Copyright (C) 2002-2017, and GNU GPL'd, by Julian Seward et al.
==172== Using Valgrind-3.15.0 and LibVEX; rerun with -h for copyright info
==172== Command: /work/hw-alamgir/hw6/hw6_stu_tests/hashfunc_tests/hashfunc_tests --gtest_filter=HashFunc.LargestInputString
==172== 
Running main() from /build/googletest-K1TalW/googletest-1.10.0/googletest/src/gtest_main.cc
Note: Google Test filter = HashFunc.LargestInputString
[==========] Running 1 test from 1 test suite.
[----------] Global test environment set-up.
[----------] 1 test from HashFunc
[ RUN      ] HashFunc.LargestInputString
[       OK ] HashFunc.LargestInputString (3 ms)
[----------] 1 test from HashFunc (5 ms total)

[----------] Global test environment tear-down
[==========] 1 test from 1 test suite ran. (13 ms total)
[  PASSED  ] 1 test.
==172== 
==172== HEAP SUMMARY:
==172==     in use at exit: 0 bytes in 0 blocks
==172==   total heap usage: 275 allocs, 275 frees, 121,751 bytes allocated
==172== 
==172== All heap blocks were freed -- no leaks are possible
==172== 
==172== For lists of detected and suppressed errors, rerun with: -s
==172== ERROR SUMMARY: 0 errors from 0 contexts (suppressed: 0 from 0)
<end of output>
Test time =   0.40 sec
----------------------------------------------------------
Test Passed.
"HashFunc.LargestInputString" end time: Apr 26 20:05 UTC
"HashFunc.LargestInputString" time elapsed: 00:00:00
----------------------------------------------------------

5/11 Testing: HashFunc.StringEmpty
5/11 Test: HashFunc.StringEmpty
Command: "/usr/bin/valgrind" "--tool=memcheck" "--leak-check=yes" "--trace-children=no" "/work/hw-alamgir/hw6/hw6_stu_tests/hashfunc_tests/hashfunc_tests" "--gtest_filter=HashFunc.StringEmpty"
Directory: /work/hw-alamgir/hw6/hw6_stu_tests/hashfunc_tests
"HashFunc.StringEmpty" start time: Apr 26 20:05 UTC
Output:
----------------------------------------------------------
==173== Memcheck, a memory error detector
==173== Copyright (C) 2002-2017, and GNU GPL'd, by Julian Seward et al.
==173== Using Valgrind-3.15.0 and LibVEX; rerun with -h for copyright info
==173== Command: /work/hw-alamgir/hw6/hw6_stu_tests/hashfunc_tests/hashfunc_tests --gtest_filter=HashFunc.StringEmpty
==173== 
Running main() from /build/googletest-K1TalW/googletest-1.10.0/googletest/src/gtest_main.cc
Note: Google Test filter = HashFunc.StringEmpty
[==========] Running 1 test from 1 test suite.
[----------] Global test environment set-up.
[----------] 1 test from HashFunc
[ RUN      ] HashFunc.StringEmpty
[       OK ] HashFunc.StringEmpty (2 ms)
[----------] 1 test from HashFunc (5 ms total)

[----------] Global test environment tear-down
[==========] 1 test from 1 test suite ran. (11 ms total)
[  PASSED  ] 1 test.
==173== 
==173== HEAP SUMMARY:
==173==     in use at exit: 0 bytes in 0 blocks
==173==   total heap usage: 274 allocs, 274 frees, 121,673 bytes allocated
==173== 
==173== All heap blocks were freed -- no leaks are possible
==173== 
==173== For lists of detected and suppressed errors, rerun with: -s
==173== ERROR SUMMARY: 0 errors from 0 contexts (suppressed: 0 from 0)
<end of output>
Test time =   0.40 sec
----------------------------------------------------------
Test Passed.
"HashFunc.StringEmpty" end time: Apr 26 20:05 UTC
"HashFunc.StringEmpty" time elapsed: 00:00:00
----------------------------------------------------------

6/11 Testing: HashFunc.String1
6/11 Test: HashFunc.String1
Command: "/usr/bin/valgrind" "--tool=memcheck" "--leak-check=yes" "--trace-children=no" "/work/hw-alamgir/hw6/hw6_stu_tests/hashfunc_tests/hashfunc_tests" "--gtest_filter=HashFunc.String1"
Directory: /work/hw-alamgir/hw6/hw6_stu_tests/hashfunc_tests
"HashFunc.String1" start time: Apr 26 20:05 UTC
Output:
----------------------------------------------------------
==174== Memcheck, a memory error detector
==174== Copyright (C) 2002-2017, and GNU GPL'd, by Julian Seward et al.
==174== Using Valgrind-3.15.0 and LibVEX; rerun with -h for copyright info
==174== Command: /work/hw-alamgir/hw6/hw6_stu_tests/hashfunc_tests/hashfunc_tests --gtest_filter=HashFunc.String1
==174== 
Running main() from /build/googletest-K1TalW/googletest-1.10.0/googletest/src/gtest_main.cc
Note: Google Test filter = HashFunc.String1
[==========] Running 1 test from 1 test suite.
[----------] Global test environment set-up.
[----------] 1 test from HashFunc
[ RUN      ] HashFunc.String1
[       OK ] HashFunc.String1 (3 ms)
[----------] 1 test from HashFunc (5 ms total)

[----------] Global test environment tear-down
[==========] 1 test from 1 test suite ran. (12 ms total)
[  PASSED  ] 1 test.
==174== 
==174== HEAP SUMMARY:
==174==     in use at exit: 0 bytes in 0 blocks
==174==   total heap usage: 274 allocs, 274 frees, 121,645 bytes allocated
==174== 
==174== All heap blocks were freed -- no leaks are possible
==174== 
==174== For lists of detected and suppressed errors, rerun with: -s
==174== ERROR SUMMARY: 0 errors from 0 contexts (suppressed: 0 from 0)
<end of output>
Test time =   0.40 sec
----------------------------------------------------------
Test Passed.
"HashFunc.String1" end time: Apr 26 20:05 UTC
"HashFunc.String1" time elapsed: 00:00:00
----------------------------------------------------------

7/11 Testing: HashFunc.String7
7/11 Test: HashFunc.String7
Command: "/usr/bin/valgrind" "--tool=memcheck" "--leak-check=yes" "--trace-children=no" "/work/hw-alamgir/hw6/hw6_stu_tests/hashfunc_tests/hashfunc_tests" "--gtest_filter=HashFunc.String7"
Directory: /work/hw-alamgir/hw6/hw6_stu_tests/hashfunc_tests
"HashFunc.String7" start time: Apr 26 20:05 UTC
Output:
----------------------------------------------------------
==175== Memcheck, a memory error detector
==175== Copyright (C) 2002-2017, and GNU GPL'd, by Julian Seward et al.
==175== Using Valgrind-3.15.0 and LibVEX; rerun with -h for copyright info
==175== Command: /work/hw-alamgir/hw6/hw6_stu_tests/hashfunc_tests/hashfunc_tests --gtest_filter=HashFunc.String7
==175== 
Running main() from /build/googletest-K1TalW/googletest-1.10.0/googletest/src/gtest_main.cc
Note: Google Test filter = HashFunc.String7
[==========] Running 1 test from 1 test suite.
[----------] Global test environment set-up.
[----------] 1 test from HashFunc
[ RUN      ] HashFunc.String7
[       OK ] HashFunc.String7 (3 ms)
[----------] 1 test from HashFunc (5 ms total)

[----------] Global test environment tear-down
[==========] 1 test from 1 test suite ran. (12 ms total)
[  PASSED  ] 1 test.
==175== 
==175== HEAP SUMMARY:
==175==     in use at exit: 0 bytes in 0 blocks
==175==   total heap usage: 274 allocs, 274 frees, 121,645 bytes allocated
==175== 
==175== All heap blocks were freed -- no leaks are possible
==175== 
==175== For lists of detected and suppressed errors, rerun with: -s
==175== ERROR SUMMARY: 0 errors from 0 contexts (suppressed: 0 from 0)
<end of output>
Test time =   0.42 sec
----------------------------------------------------------
Test Passed.
"HashFunc.String7" end time: Apr 26 20:05 UTC
"HashFunc.String7" time elapsed: 00:00:00
----------------------------------------------------------

8/11 Testing: HashFunc.String12
8/11 Test: HashFunc.String12
Command: "/usr/bin/valgrind" "--tool=memcheck" "--leak-check=yes" "--trace-children=no" "/work/hw-alamgir/hw6/hw6_stu_tests/hashfunc_tests/hashfunc_tests" "--gtest_filter=HashFunc.String12"
Directory: /work/hw-alamgir/hw6/hw6_stu_tests/hashfunc_tests
"HashFunc.String12" start time: Apr 26 20:05 UTC
Output:
----------------------------------------------------------
==176== Memcheck, a memory error detector
==176== Copyright (C) 2002-2017, and GNU GPL'd, by Julian Seward et al.
==176== Using Valgrind-3.15.0 and LibVEX; rerun with -h for copyright info
==176== Command: /work/hw-alamgir/hw6/hw6_stu_tests/hashfunc_tests/hashfunc_tests --gtest_filter=HashFunc.String12
==176== 
Running main() from /build/googletest-K1TalW/googletest-1.10.0/googletest/src/gtest_main.cc
Note: Google Test filter = HashFunc.String12
[==========] Running 1 test from 1 test suite.
[----------] Global test environment set-up.
[----------] 1 test from HashFunc
[ RUN      ] HashFunc.String12
[       OK ] HashFunc.String12 (3 ms)
[----------] 1 test from HashFunc (5 ms total)

[----------] Global test environment tear-down
[==========] 1 test from 1 test suite ran. (12 ms total)
[  PASSED  ] 1 test.
==176== 
==176== HEAP SUMMARY:
==176==     in use at exit: 0 bytes in 0 blocks
==176==   total heap usage: 274 allocs, 274 frees, 121,652 bytes allocated
==176== 
==176== All heap blocks were freed -- no leaks are possible
==176== 
==176== For lists of detected and suppressed errors, rerun with: -s
==176== ERROR SUMMARY: 0 errors from 0 contexts (suppressed: 0 from 0)
<end of output>
Test time =   0.40 sec
----------------------------------------------------------
Test Passed.
"HashFunc.String12" end time: Apr 26 20:05 UTC
"HashFunc.String12" time elapsed: 00:00:00
----------------------------------------------------------

9/11 Testing: HashFunc.String13
9/11 Test: HashFunc.String13
Command: "/usr/bin/valgrind" "--tool=memcheck" "--leak-check=yes" "--trace-children=no" "/work/hw-alamgir/hw6/hw6_stu_tests/hashfunc_tests/hashfunc_tests" "--gtest_filter=HashFunc.String13"
Directory: /work/hw-alamgir/hw6/hw6_stu_tests/hashfunc_tests
"HashFunc.String13" start time: Apr 26 20:05 UTC
Output:
----------------------------------------------------------
==177== Memcheck, a memory error detector
==177== Copyright (C) 2002-2017, and GNU GPL'd, by Julian Seward et al.
==177== Using Valgrind-3.15.0 and LibVEX; rerun with -h for copyright info
==177== Command: /work/hw-alamgir/hw6/hw6_stu_tests/hashfunc_tests/hashfunc_tests --gtest_filter=HashFunc.String13
==177== 
Running main() from /build/googletest-K1TalW/googletest-1.10.0/googletest/src/gtest_main.cc
Note: Google Test filter = HashFunc.String13
[==========] Running 1 test from 1 test suite.
[----------] Global test environment set-up.
[----------] 1 test from HashFunc
[ RUN      ] HashFunc.String13
[       OK ] HashFunc.String13 (4 ms)
[----------] 1 test from HashFunc (5 ms total)

[----------] Global test environment tear-down
[==========] 1 test from 1 test suite ran. (12 ms total)
[  PASSED  ] 1 test.
==177== 
==177== HEAP SUMMARY:
==177==     in use at exit: 0 bytes in 0 blocks
==177==   total heap usage: 274 allocs, 274 frees, 121,652 bytes allocated
==177== 
==177== All heap blocks were freed -- no leaks are possible
==177== 
==177== For lists of detected and suppressed errors, rerun with: -s
==177== ERROR SUMMARY: 0 errors from 0 contexts (suppressed: 0 from 0)
<end of output>
Test time =   0.42 sec
----------------------------------------------------------
Test Passed.
"HashFunc.String13" end time: Apr 26 20:05 UTC
"HashFunc.String13" time elapsed: 00:00:00
----------------------------------------------------------

10/11 Testing: HashFunc.StringCase
10/11 Test: HashFunc.StringCase
Command: "/usr/bin/valgrind" "--tool=memcheck" "--leak-check=yes" "--trace-children=no" "/work/hw-alamgir/hw6/hw6_stu_tests/hashfunc_tests/hashfunc_tests" "--gtest_filter=HashFunc.StringCase"
Directory: /work/hw-alamgir/hw6/hw6_stu_tests/hashfunc_tests
"HashFunc.StringCase" start time: Apr 26 20:05 UTC
Output:
----------------------------------------------------------
==178== Memcheck, a memory error detector
==178== Copyright (C) 2002-2017, and GNU GPL'd, by Julian Seward et al.
==178== Using Valgrind-3.15.0 and LibVEX; rerun with -h for copyright info
==178== Command: /work/hw-alamgir/hw6/hw6_stu_tests/hashfunc_tests/hashfunc_tests --gtest_filter=HashFunc.StringCase
==178== 
Running main() from /build/googletest-K1TalW/googletest-1.10.0/googletest/src/gtest_main.cc
Note: Google Test filter = HashFunc.StringCase
[==========] Running 1 test from 1 test suite.
[----------] Global test environment set-up.
[----------] 1 test from HashFunc
[ RUN      ] HashFunc.StringCase
[       OK ] HashFunc.StringCase (3 ms)
[----------] 1 test from HashFunc (5 ms total)

[----------] Global test environment tear-down
[==========] 1 test from 1 test suite ran. (12 ms total)
[  PASSED  ] 1 test.
==178== 
==178== HEAP SUMMARY:
==178==     in use at exit: 0 bytes in 0 blocks
==178==   total heap usage: 276 allocs, 276 frees, 121,704 bytes allocated
==178== 
==178== All heap blocks were freed -- no leaks are possible
==178== 
==178== For lists of detected and suppressed errors, rerun with: -s
==178== ERROR SUMMARY: 0 errors from 0 contexts (suppressed: 0 from 0)
<end of output>
Test time =   0.43 sec
----------------------------------------------------------
Test Passed.
"HashFunc.StringCase" end time: Apr 26 20:05 UTC
"HashFunc.StringCase" time elapsed: 00:00:00
----------------------------------------------------------

11/11 Testing: HashFunc.TestRandomize
11/11 Test: HashFunc.TestRandomize
Command: "/usr/bin/valgrind" "--tool=memcheck" "--leak-check=yes" "--trace-children=no" "/work/hw-alamgir/hw6/hw6_stu_tests/hashfunc_tests/hashfunc_tests" "--gtest_filter=HashFunc.TestRandomize"
Directory: /work/hw-alamgir/hw6/hw6_stu_tests/hashfunc_tests
"HashFunc.TestRandomize" start time: Apr 26 20:05 UTC
Output:
----------------------------------------------------------
==179== Memcheck, a memory error detector
==179== Copyright (C) 2002-2017, and GNU GPL'd, by Julian Seward et al.
==179== Using Valgrind-3.15.0 and LibVEX; rerun with -h for copyright info
==179== Command: /work/hw-alamgir/hw6/hw6_stu_tests/hashfunc_tests/hashfunc_tests --gtest_filter=HashFunc.TestRandomize
==179== 
Running main() from /build/googletest-K1TalW/googletest-1.10.0/googletest/src/gtest_main.cc
Note: Google Test filter = HashFunc.TestRandomize
[==========] Running 1 test from 1 test suite.
[----------] Global test environment set-up.
[----------] 1 test from HashFunc
[ RUN      ] HashFunc.TestRandomize
[       OK ] HashFunc.TestRandomize (5041 ms)
[----------] 1 test from HashFunc (5047 ms total)

[----------] Global test environment tear-down
[==========] 1 test from 1 test suite ran. (5057 ms total)
[  PASSED  ] 1 test.
==179== 
==179== HEAP SUMMARY:
==179==     in use at exit: 0 bytes in 0 blocks
==179==   total heap usage: 285 allocs, 285 frees, 122,076 bytes allocated
==179== 
==179== All heap blocks were freed -- no leaks are possible
==179== 
==179== For lists of detected and suppressed errors, rerun with: -s
==179== ERROR SUMMARY: 0 errors from 0 contexts (suppressed: 0 from 0)
<end of output>
Test time =   5.48 sec
----------------------------------------------------------
Test Passed.
"HashFunc.TestRandomize" end time: Apr 26 20:05 UTC
"HashFunc.TestRandomize" time elapsed: 00:00:05
----------------------------------------------------------

End testing: Apr 26 20:05 UTC
